7
 energy: -20.783087038596 gnorm: 0.037937056837 xtb: 6.7.1 (edcfbbe)
C           -5.76981487754450       -2.77739059738511        2.58933914411868
Cl          -4.34492673634904       -1.77608550062909        2.51840144142334
Cl          -6.21188022984113       -3.76377694817391        1.22102875279404
Cl          -6.78928927119157       -2.74433800834161        4.00340271251805
O           -4.60316476766974       -5.22093447575326        3.75598925399343
H           -4.98239356059497       -4.42664132169624        3.37676046106820
H           -5.27686475948228       -5.54563921964797        4.35360548474257
7
 energy: -20.788697224883 gnorm: 0.022635144529 xtb: 6.7.1 (edcfbbe)
C           -5.76090954315959       -2.81391834081536        2.60302074897650
Cl          -4.41539659508365       -1.74466527898851        2.49217626321213
Cl          -6.26779770756746       -3.68537069902311        1.20081417518592
Cl          -6.84727464798101       -2.66164697190218        3.94056093146314
O           -4.55072406695106       -5.28767888231062        3.80336036727203
H           -4.88060873319266       -4.48035598246381        3.39343763646936
H           -5.25562290873780       -5.58116991612358        4.38515712807929
7
 energy: -20.789401331562 gnorm: 0.033074647110 xtb: 6.7.1 (edcfbbe)
C           -5.67544955905901       -2.96370269288874        2.66808243246618
Cl          -4.56588101507951       -1.65035157125253        2.42138631818733
Cl          -6.35691192069659       -3.54478547427108        1.17042455180596
Cl          -6.92549222299547       -2.53765525093305        3.82733295624527
O           -4.48380897096836       -5.37469481981779        3.87503928970760
H           -4.74523198019019       -4.55242932002229        3.41996393441249
H           -5.22555853368407       -5.63118694244167        4.43629776783363
7
 energy: -20.792766986826 gnorm: 0.005494992459 xtb: 6.7.1 (edcfbbe)
C           -5.73439340403908       -2.86625167699680        2.61958004021365
Cl          -4.51009685721242       -1.68828024042038        2.44426005899322
Cl          -6.32188770823938       -3.59051201996159        1.18235767288200
Cl          -6.88748972379420       -2.59334034550402        3.86180976788201
O           -4.50772209826192       -5.35719727458866        3.85974671807698
H           -4.78130962517319       -4.53774127824169        3.42371470199257
H           -5.23543478595300       -5.62148323591402        4.42705829061800
7
 energy: -20.793001824684 gnorm: 0.003760702972 xtb: 6.7.1 (edcfbbe)
C           -5.73801526242661       -2.86541370149229        2.61545244684399
Cl          -4.52203434140077       -1.67631842066436        2.43437898459462
Cl          -6.33530525905334       -3.57237361325831        1.17052121866640
Cl          -6.89993828050849       -2.57811281873978        3.84892142763234
O           -4.49597812493193       -5.37483735531368        3.87382216464233
H           -4.75928142732852       -4.55392867043072        3.43742908571256
H           -5.22778150702354       -5.63382149172802        4.43800192256619
7
 energy: -20.793233230209 gnorm: 0.002957530299 xtb: 6.7.1 (edcfbbe)
C           -5.75233101057598       -2.85356063837383        2.60239850269364
Cl          -4.54430428842214       -1.65264419914867        2.41539146617186
Cl          -6.35950748038210       -3.53927489679195        1.14950292712557
Cl          -6.92141574465277       -2.55097371281222        3.82552007524101
O           -4.47368518473374       -5.41299576429872        3.90242448279678
H           -4.71089239324616       -4.58761943125978        3.46409188727778
H           -5.21619810066030       -5.65773742894198        4.45919790935182
7
 energy: -20.793317769239 gnorm: 0.001994704211 xtb: 6.7.1 (edcfbbe)
C           -5.76742150027414       -2.83812274981168        2.59038292716822
Cl          -4.55443262156961       -1.64122539598282        2.40624676521323
Cl          -6.37332451060690       -3.52157480272550        1.13730240771762
Cl          -6.93482274004436       -2.53474799416025        3.81287784365041
O           -4.46010092747134       -5.43816890733922        3.91894714103100
H           -4.67906696703691       -4.60901772123492        3.48131497032861
H           -5.20916493566992       -5.67194850037275        4.47145519554937
7
 energy: -20.793368909862 gnorm: 0.001521960982 xtb: 6.7.1 (edcfbbe)
C           -5.79420020580486       -2.81147640967322        2.57090475989843
Cl          -4.56670242060517       -1.62888951087158        2.39638450330241
Cl          -6.39334669188829       -3.49803212413222        1.12023192846722
Cl          -6.95606820243844       -2.51158969449186        3.79590510900435
O           -4.44088466452531       -5.47760872485721        3.94015315769854
H           -4.62688930677356       -4.63879439914221        3.50670240512379
H           -5.20024271063755       -5.68841520845886        4.48824538716374
7
 energy: -20.793370231571 gnorm: 0.001183556157 xtb: 6.7.1 (edcfbbe)
C           -5.79600027345647       -2.81116620583111        2.56987316746619
Cl          -4.56615740000624       -1.63160793295021        2.39782313302310
Cl          -6.39528284839890       -3.49564077304605        1.11817026999145
Cl          -6.95988959658685       -2.50840195571410        3.79336042903513
O           -4.43966206422422       -5.47939901497110        3.93900670010761
H           -4.62543105444879       -4.64004550298726        3.51061400232587
H           -5.19591096555170       -5.68854468612731        4.48967954870913
7
 energy: -20.793375396920 gnorm: 0.000964785160 xtb: 6.7.1 (edcfbbe)
C           -5.79805607125201       -2.81255318633526        2.56982539782696
Cl          -4.56713818337482       -1.63403123444249        2.39947586066583
Cl          -6.39763617297906       -3.49421751968631        1.11670999753438
Cl          -6.96329014891718       -2.50809184283532        3.79218971827494
O           -4.43975247431942       -5.48406561038013        3.93674113561747
H           -4.61534286575760       -4.63870649441375        3.51302120062388
H           -5.19711828607307       -5.68314018353388        4.49056394011503
7
 energy: -20.793380853448 gnorm: 0.002827162922 xtb: 6.7.1 (edcfbbe)
C           -5.80187496777620       -2.81584859124793        2.56978380908751
Cl          -4.56789980424808       -1.63987068147729        2.40325026891090
Cl          -6.40119591479764       -3.49252625856476        1.11458586235798
Cl          -6.96801893688576       -2.50985789403597        3.79064439144263
O           -4.44164890150652       -5.49058411680169        3.93127584729576
H           -4.59745809605318       -4.63483532755944        3.51762213979585
H           -5.20023758140578       -5.67128320194006        4.49136493176784
7
 energy: -20.793385704733 gnorm: 0.003070989577 xtb: 6.7.1 (edcfbbe)
C           -5.80304983361055       -2.81898304128909        2.57058638152639
Cl          -4.56677089369360       -1.64478323239075        2.40600042195784
Cl          -6.40262758272780       -3.49289346761317        1.11433498579589
Cl          -6.96906248655634       -2.51233176100572        3.79114961353297
O           -4.44348265461997       -5.49038572691648        3.92855046506697
H           -4.59009214392889       -4.63122341585160        3.51828421457706
H           -5.20324860753602       -5.66420542656032        4.48962116820137
7
 energy: -20.793405703356 gnorm: 0.005714114414 xtb: 6.7.1 (edcfbbe)
C           -5.81032597433129       -2.84293672638974        2.57748668690459
Cl          -4.55632536660785       -1.68258742583186        2.42619057059593
Cl          -6.41272097540743       -3.49703219819075        1.11426516662589
Cl          -6.97457390751080       -2.53057739985057        3.79667256315388
O           -4.45656865299983       -5.48265517714668        3.91147389087362
H           -4.54119991364480       -4.60436223519026        3.52000798270508
H           -5.22661941217117       -5.61465490902726        4.47243038979949
7
 energy: -20.793418788222 gnorm: 0.002025746251 xtb: 6.7.1 (edcfbbe)
C           -5.80840810185301       -2.84628341933859        2.57956312401120
Cl          -4.55273247943516       -1.68737530241426        2.42803233822264
Cl          -6.41208001335837       -3.49912325946757        1.11635771581111
Cl          -6.97115754587791       -2.53356712182721        3.79967526647083
O           -4.45716750448850       -5.47308364131761        3.91355276533475
H           -4.54693377206585       -4.60236238626364        3.51457134327079
H           -5.22985478559437       -5.61301094099825        4.46677469753716
7
 energy: -20.793429195017 gnorm: 0.001535024961 xtb: 6.7.1 (edcfbbe)
C           -5.81387998599882       -2.85169563822432        2.57982213922643
Cl          -4.54999409818902       -1.70008196465397        2.43396445663708
Cl          -6.41851294082894       -3.49682906540716        1.11411460949456
Cl          -6.97700133712404       -2.53438851635344        3.79882956060831
O           -4.45812767354505       -5.47378268771103        3.91117068236050
H           -4.52652739481315       -4.59806228034915        3.51883943318206
H           -5.23429077217415       -5.59996591892806        4.46178636914955
7
 energy: -20.793374383747 gnorm: 0.012809306673 xtb: 6.7.1 (edcfbbe)
C           -5.84836619848592       -2.87434181682125        2.57687204156740
Cl          -4.54174701922419       -1.76162504711270        2.46293728252440
Cl          -6.45658029791745       -3.47626167113302        1.09687302036228
Cl          -7.01342688056303       -2.53345391687940        3.78882785171984
O           -4.45795474545071       -5.48968906632296        3.90281105657249
H           -4.40674032257711       -4.58805508855416        3.54649361071861
H           -5.25351873845477       -5.53137946480361        4.44371238719349
7
 energy: -20.793457099243 gnorm: 0.002194276738 xtb: 6.7.1 (edcfbbe)
C           -5.83905258383428       -2.85970539890395        2.57432758277664
Cl          -4.54762591701814       -1.73454428172506        2.44936456444441
Cl          -6.44523618064590       -3.47765653189771        1.09970018930750
Cl          -7.00461853829157       -2.52564582297257        3.78807410592821
O           -4.45202251048375       -5.48987529960627        3.91196547401611
H           -4.45081270616021       -4.60246272336966        3.54017614703494
H           -5.23896576623931       -5.56491601315188        4.45491918715068
7
 energy: -20.793463368904 gnorm: 0.001304056100 xtb: 6.7.1 (edcfbbe)
C           -5.84075178499475       -2.86430938653278        2.57541694455479
Cl          -4.54592422595665       -1.74269997304835        2.45333920151950
Cl          -6.44813511366514       -3.47655768745803        1.09883792565542
Cl          -7.00443511633241       -2.53030753902531        3.78936597117356
O           -4.45316719647674       -5.48601705921535        3.91258902314573
H           -4.44130540875370       -4.60093126151754        3.53798961447742
H           -5.24461535649377       -5.55398316482975        4.45098857013208
7
 energy: -20.793478337362 gnorm: 0.002123824961 xtb: 6.7.1 (edcfbbe)
C           -5.85299057607400       -2.87621546092626        2.57529700882496
Cl          -4.54250760112600       -1.77165131523232        2.46654427055280
Cl          -6.46306756377221       -3.46690972441123        1.09131861870721
Cl          -7.01367656885281       -2.53762475542263        3.78784618096496
O           -4.45463025603407       -5.48451078202227        3.91354994765150
H           -4.39474755290995       -4.60023568847760        3.54314811313543
H           -5.25671408390411       -5.51765834513479        4.44082311082164
7
 energy: -20.793485610554 gnorm: 0.005186193820 xtb: 6.7.1 (edcfbbe)
C           -5.87072157089533       -2.88819696350729        2.57344567786543
Cl          -4.53873876401176       -1.80694917178310        2.48262340786772
Cl          -6.48318569604528       -3.45328471917633        1.08058597992428
Cl          -7.03079575785868       -2.54089290968834        3.78340376044523
O           -4.45530869951492       -5.48827974216297        3.91303928318327
H           -4.33310860179327       -4.60198551271668        3.55570842966656
H           -5.26647511255392       -5.47521705259237        4.42972071170603
7
 energy: -20.793499639428 gnorm: 0.001526177654 xtb: 6.7.1 (edcfbbe)
C           -5.86889682787635       -2.88484462813266        2.57266329139964
Cl          -4.54026760192580       -1.80129049706401        2.47970286005981
Cl          -6.48033862087601       -3.45403289281255        1.08123573319706
Cl          -7.03006692058358       -2.53849374889457        3.78278078765012
O           -4.45541813145079       -5.48993903145573        3.91250796930202
H           -4.34147016541219       -4.60427344206394        3.55755300163066
H           -5.26187593454844       -5.48193183120364        4.43208360741920
7
 energy: -20.793513139225 gnorm: 0.000682742388 xtb: 6.7.1 (edcfbbe)
C           -5.86719786500700       -2.88286534857848        2.57250239079311
Cl          -4.54319676301940       -1.79397103853699        2.47701499627032
Cl          -6.47783760043724       -3.45967970034907        1.08321435736383
Cl          -7.02851671516472       -2.54320219476104        3.78555041047256
O           -4.45982382688574       -5.49200922550215        3.91445609656922
H           -4.33109597950554       -4.60929132063635        3.55932928881119
H           -5.27066545265352       -5.47378724326301        4.42645971037830
7
 energy: -20.793541196593 gnorm: 0.000961616659 xtb: 6.7.1 (edcfbbe)
C           -5.85894439476256       -2.88404098126653        2.57475182562100
Cl          -4.55536781499003       -1.77215413611103        2.47111167822532
Cl          -6.46864425316703       -3.47161728415856        1.08860003308904
Cl          -7.02420640815950       -2.55729314307399        3.79006157357442
O           -4.47165662588521       -5.49645006120247        3.91841065212041
H           -4.30606685708291       -4.61998605292903        3.56377210077062
H           -5.29344784862593       -5.45326441288548        4.41181938725775
7
 energy: -20.793563999592 gnorm: 0.004149917331 xtb: 6.7.1 (edcfbbe)
C           -5.84780444115954       -2.88400249327278        2.57745217517654
Cl          -4.57371924615312       -1.73970589521923        2.46409667172076
Cl          -6.45112678893488       -3.49292188168959        1.09671003311434
Cl          -7.01617347430291       -2.58298170129962        3.79901003803314
O           -4.49080777508251       -5.50195086078886        3.92282840252823
H           -4.27043832167153       -4.63378359245430        3.57076526124724
H           -5.32826415536864       -5.41945964690273        4.38766466883836
7
 energy: -20.793581356479 gnorm: 0.002929951998 xtb: 6.7.1 (edcfbbe)
C           -5.84282033319286       -2.88586985250778        2.57950021912563
Cl          -4.58136487148526       -1.72834497403745        2.46079811547583
Cl          -6.44390680056792       -3.50191402687997        1.10105333609795
Cl          -7.01159549315086       -2.59253496627759        3.80247736325338
O           -4.49740681243972       -5.50140277872975        3.92210560731609
H           -4.26412847834636       -4.63624175070954        3.57326446628289
H           -5.33711141349016       -5.40849772248501        4.37932814310687
7
 energy: -20.793609317400 gnorm: 0.001666868948 xtb: 6.7.1 (edcfbbe)
C           -5.83152164745428       -2.88827080533680        2.58389368524013
Cl          -4.59999713814721       -1.70024683287087        2.45282211052831
Cl          -6.42476265145777       -3.52628271622031        1.11211766447648
Cl          -6.99953689276840       -2.61812253770426        3.81242674397731
O           -4.51470845950005       -5.49998830680137        3.92020689926353
H           -4.24702733556457       -4.64245770662836        3.57980535333922
H           -5.36078007778084       -5.37943716606513        4.35725479383371
7
 energy: -20.793622746858 gnorm: 0.003270093771 xtb: 6.7.1 (edcfbbe)
C           -5.81682854249925       -2.89032324899637        2.59001701869889
Cl          -4.62571032228947       -1.66274651615118        2.44225580713834
Cl          -6.39699404269072       -3.56132800891513        1.12795871240398
Cl          -6.98267690346135       -2.65345867064342        3.82653816268701
O           -4.53949016120851       -5.49761451940734        3.91726538723205
H           -4.22153382905496       -4.65090130735733        3.59008006949671
H           -5.39510040146885       -5.33843380015632        4.32441209300177
7
 energy: -20.793616483672 gnorm: 0.003703527478 xtb: 6.7.1 (edcfbbe)
C           -5.81442007133549       -2.89036129313800        2.59229659733945
Cl          -4.63207674023857       -1.65769456096378        2.43942779370425
Cl          -6.38787053839640       -3.57324564904226        1.13401116693357
Cl          -6.97616689697495       -2.66132609677027        3.83102640323803
O           -4.54470532977910       -5.49239516298594        3.91225220138877
H           -4.22583071439571       -4.64761550583838        3.59334670058298
H           -5.39726391155288       -5.33216780288845        4.31616638747171
7
 energy: -20.793631051273 gnorm: 0.000762057281 xtb: 6.7.1 (edcfbbe)
C           -5.81494345134334       -2.89018905100926        2.59165735375904
Cl          -4.63115489914084       -1.65795714167573        2.44038473338389
Cl          -6.39057122135213       -3.56824509655858        1.13171865929739
Cl          -6.97926131139988       -2.65814678424982        3.82878872061248
O           -4.54361063728379       -5.49586279387249        3.91534777078699
H           -4.21897981062470       -4.65118011341723        3.59439132364887
H           -5.39981287152842       -5.33322509084397        4.31623868917011
7
 energy: -20.793632621872 gnorm: 0.000888446633 xtb: 6.7.1 (edcfbbe)
C           -5.81403723268340       -2.88937383935097        2.59210671166317
Cl          -4.63406698973069       -1.65407087257816        2.43958163771848
Cl          -6.38811107164910       -3.57010674477824        1.13273652543608
Cl          -6.97929931068748       -2.65915395922419        3.82871564945655
O           -4.54509552115729       -5.49699523115259        3.91594004910245
H           -4.21434345832935       -4.65347691208452        3.59775154084490
H           -5.40338061843580       -5.33162851245841        4.31169513643713
