5
 energy: -10.144292642222 gnorm: 0.323524688125 xtb: 6.7.1 (edcfbbe)
N           -4.97782900000000       -1.45774900000000       -2.58415000000000
C           -5.26263400000000       -2.88131300000000       -2.65085500000000
O           -4.51163400000000        0.97281800000000       -2.11795500000000
H           -4.68904900000000        0.04784300000000       -2.29537000000000
H           -3.57272200000000        1.07086300000000       -2.27695300000000
5
 energy: -10.216709466870 gnorm: 0.108744905036 xtb: 6.7.1 (edcfbbe)
N           -4.98699233388617       -1.54750146872182       -2.58507406368467
C           -5.23844280407513       -2.75793623518276       -2.64467324536760
O           -4.50910294842958        0.97937860474063       -2.12039588105557
H           -4.71132289528127        0.01624367983233       -2.29483543653469
H           -3.56800701832786        1.06227741933162       -2.28030437335746
5
 energy: -10.213679458018 gnorm: 0.234452595747 xtb: 6.7.1 (edcfbbe)
N           -4.96912498982824       -1.55432503798034       -2.56721167351602
C           -5.21798093361880       -2.65148267473972       -2.64355176827848
O           -4.51494968744370        0.96250814395455       -2.13281075978874
H           -4.74043969829197       -0.02866861538271       -2.28912554810469
H           -3.57137269081729        1.02443018414822       -2.29258325031208
5
 energy: -10.223332219622 gnorm: 0.031345714561 xtb: 6.7.1 (edcfbbe)
N           -4.94685588259581       -1.51683434757102       -2.54427808228716
C           -5.22303773404667       -2.67533339765174       -2.65771563051707
O           -4.51468519460249        0.96951282136593       -2.14713000426267
H           -4.76205054729438       -0.02568939449400       -2.27463816832635
H           -3.56723864146066        1.00080631835082       -2.30152111460676
5
 energy: -10.224776615595 gnorm: 0.029040251560 xtb: 6.7.1 (edcfbbe)
N           -4.94485249068313       -1.49016465728964       -2.52256593270884
C           -5.21590547953784       -2.64333150894564       -2.66302332786076
O           -4.51906805260953        0.95263787172197       -2.14485607673208
H           -4.75751046109575       -0.05918635343945       -2.28349368048425
H           -3.57653151607375        0.99250664795276       -2.31134398221409
5
 energy: -10.226538114483 gnorm: 0.021570504808 xtb: 6.7.1 (edcfbbe)
N           -4.92232500714216       -1.43003937272900       -2.47678586140145
C           -5.19974895892920       -2.56337084188033       -2.67765661181131
O           -4.52992439035874        0.93910923287654       -2.16772905817146
H           -4.77634711026398       -0.14504069779303       -2.27048781838189
H           -3.58552253330595        0.95180367952582       -2.33262365023394
5
 energy: -10.227223942644 gnorm: 0.013255813976 xtb: 6.7.1 (edcfbbe)
N           -4.95454168713394       -1.44621966517841       -2.46072310269636
C           -5.20111792343693       -2.58115666430137       -2.68819238005087
O           -4.52676518642831        0.94659553450318       -2.15154028940592
H           -4.74308412876335       -0.16019400987299       -2.29894719665175
H           -3.58835907423749        0.99343680484959       -2.32588003119513
5
 energy: -10.227521162669 gnorm: 0.007992230746 xtb: 6.7.1 (edcfbbe)
N           -4.94680418241048       -1.46182285785167       -2.45315692463940
C           -5.20278411598481       -2.58787541800190       -2.69921526301929
O           -4.52053304174978        0.97974427702076       -2.16585688026320
H           -4.76835514752245       -0.16223800230617       -2.27253631864237
H           -3.57539151233249        0.98465400113897       -2.33451761343578
5
 energy: -10.227692714297 gnorm: 0.007156328925 xtb: 6.7.1 (edcfbbe)
N           -4.95451778236697       -1.44988985209868       -2.45205266155849
C           -5.19965301497889       -2.57650444767581       -2.69611108447897
O           -4.52017928553241        0.97077879967046       -2.14999954146678
H           -4.75843994017186       -0.18648631906314       -2.28278994463999
H           -3.58107797694989        0.99456381916718       -2.34432976785584
5
 energy: -10.227715377936 gnorm: 0.001877479707 xtb: 6.7.1 (edcfbbe)
N           -4.95587922052560       -1.44685601064407       -2.45033509266321
C           -5.19887737661031       -2.57532272589171       -2.69721625176643
O           -4.51694291227815        0.96969968369797       -2.14104974653563
H           -4.76024026700962       -0.19124911805717       -2.27759931674664
H           -3.58192822357634        0.99619017089500       -2.35908259228817
5
 energy: -10.227739576159 gnorm: 0.006586544797 xtb: 6.7.1 (edcfbbe)
N           -4.95976475346444       -1.44179465150566       -2.47304757735171
C           -5.19861946508972       -2.57719956783548       -2.68371882765463
O           -4.50794783544362        0.96478718440444       -2.10891513761297
H           -4.76200176533348       -0.19838373032536       -2.27077015552971
H           -3.58553418066877        1.00505276526207       -2.38883130185111
5
 energy: -10.227764910219 gnorm: 0.001993553410 xtb: 6.7.1 (edcfbbe)
N           -4.95957336767856       -1.44294082646692       -2.48000329788568
C           -5.19969815019117       -2.58058906984597       -2.67981019773680
O           -4.50803875243706        0.96530268719392       -2.11183622457682
H           -4.76037306051238       -0.19568202362869       -2.27385462284860
H           -3.58618466918086        1.00637123274767       -2.37977865695220
5
 energy: -10.227768421035 gnorm: 0.001725935242 xtb: 6.7.1 (edcfbbe)
N           -4.96060768744946       -1.44346079014049       -2.48738593455868
C           -5.20049108232454       -2.58448727535275       -2.67504463082873
O           -4.50591039340040        0.96384565529377       -2.10406813015804
H           -4.75870749059472       -0.19245737690492       -2.27818444168885
H           -3.58815134623090        1.00902178710442       -2.38059986276581
5
 energy: -10.227770726907 gnorm: 0.000633855143 xtb: 6.7.1 (edcfbbe)
N           -4.96037802027430       -1.44239779740749       -2.48639492270263
C           -5.20005792190418       -2.58261479786135       -2.67558653871111
O           -4.50598673339226        0.96377607683965       -2.10397978085619
H           -4.75879007964049       -0.19410643902927       -2.27640961333447
H           -3.58865524478881        1.00780495745849       -2.38291214439572
