11
 energy: -12.980916227958 gnorm: 0.092086367691 xtb: 6.7.1 (edcfbbe)
C           -2.50536000000000        1.66176400000000        0.16932000000000
C           -0.80023200000000        1.37049500000000       -0.30634200000000
H           -2.19513600000000        1.51723900000000        1.22439900000000
H           -2.98264600000000        2.56333600000000        0.65268100000000
H           -2.59120400000000        2.34263400000000       -0.70214000000000
S            0.20649400000000        2.83255700000000        0.10857400000000
H           -0.54743600000000        0.44535400000000        0.22686500000000
H           -0.87841400000000        1.12596700000000       -1.37320000000000
C           -3.48441200000000        0.40660100000000       -0.16486400000000
H           -4.06539700000000        0.17973200000000        0.73241200000000
H           -4.14972600000000        0.69517200000000       -0.98219900000000
11
 energy: -13.000079662958 gnorm: 0.066409692413 xtb: 6.7.1 (edcfbbe)
C           -2.53218582783910        1.66755164053946        0.17269595697023
C           -0.84589113029039        1.37078528537870       -0.29633351446021
H           -2.13237991904557        1.49084105777484        1.19128626716843
H           -3.01028816093994        2.57895819688566        0.66531075984468
H           -2.51329773601303        2.32113291345997       -0.72229525736091
S            0.15941170848641        2.77878406242764        0.09714028047301
H           -0.53444928336532        0.47352866189311        0.23741299387732
H           -0.86444904263739        1.15628885446748       -1.36443328041155
C           -3.51026622220377        0.51439398346815       -0.12824883991673
H           -4.05962676195025        0.13065935561622        0.73874980080759
H           -4.15004662420165        0.65792698808878       -1.00577916699185
11
 energy: -13.012677781119 gnorm: 0.090290726864 xtb: 6.7.1 (edcfbbe)
C           -2.60214257118644        1.66530927320886        0.17525078682165
C           -0.83631417948897        1.37305035662235       -0.29536344055246
H           -2.07230634197328        1.45414675391623        1.13660768194621
H           -3.08453634692884        2.57880669294332        0.67846734939579
H           -2.43274076675308        2.28332969739674       -0.74203697744637
S            0.12788523041075        2.73285980839596        0.08882306092766
H           -0.53768831231530        0.49314476655432        0.25532560365517
H           -0.86759824334144        1.18223696973974       -1.35830443822590
C           -3.53541382220773        0.62959170663172       -0.08855201922511
H           -4.02358089432605        0.10149406279851        0.74419193117552
H           -4.12903275188963        0.64688091179223       -1.00890353847216
11
 energy: -13.027118765809 gnorm: 0.122270504294 xtb: 6.7.1 (edcfbbe)
C           -2.67164877044060        1.68330664741477        0.18689975798835
C           -0.75585071901543        1.37480234443951       -0.30624015168039
H           -2.03367892878483        1.44633108262207        1.08747239545771
H           -3.13917353529576        2.59993068803349        0.70055954263882
H           -2.38677642507812        2.26228583827111       -0.73562842111536
S            0.13941864775026        2.71733635488679        0.08537326418336
H           -0.50706843647234        0.49741455866422        0.26432321081467
H           -0.84056056334011        1.19490977005376       -1.36377421464895
C           -3.61575786643516        0.70147894177447       -0.05911347451290
H           -4.02953758992915        0.05441978144871        0.74384214566050
H           -4.15283481295875        0.60863499239109       -1.01820805478581
11
 energy: -13.055176239073 gnorm: 0.144898560788 xtb: 6.7.1 (edcfbbe)
C           -2.81731887976486        1.72654460576305        0.22282813498662
C           -0.52720227044033        1.36848666702003       -0.34731744573140
H           -2.00752325726334        1.44167206305899        0.99180923687103
H           -3.22764117040311        2.64607254369007        0.74624386463162
H           -2.34676219577421        2.20393813017368       -0.69199489483879
S            0.15818652160537        2.71491468751677        0.08265143225202
H           -0.47021223835116        0.48183160683324        0.28270886355749
H           -0.82132286664870        1.20274685630156       -1.38635713739519
C           -3.76878000660622        0.77623048083980       -0.01966584801932
H           -4.01697733804797        0.01519723398592        0.72695861664305
H           -4.14791529830546        0.56321612481688       -1.02235882295712
11
 energy: -13.071300917816 gnorm: 0.046161112262 xtb: 6.7.1 (edcfbbe)
C           -2.82417249654398        1.76289615163892        0.23664088539146
C           -0.41055527007589        1.33814533657055       -0.38463249388120
H           -2.07353600828478        1.46924580055215        0.98236594453208
H           -3.21424718776241        2.66728091092200        0.75089792275505
H           -2.39522827496331        2.21034081324453       -0.64720021458468
S            0.16927643433342        2.76838611731380        0.10380252323049
H           -0.45338408664941        0.44683636267521        0.26337362020789
H           -0.80005942176356        1.16369623925473       -1.40337164614928
C           -3.82302603452473        0.74712626525966       -0.02427203520588
H           -4.01358314942620        0.00707384441840        0.71502609766292
H           -4.15495350433915        0.55982315815003       -1.00712460395884
11
 energy: -13.079447378618 gnorm: 0.035805638934 xtb: 6.7.1 (edcfbbe)
C           -2.89657567713326        1.81698871555293        0.27161815887963
C           -0.34058505792665        1.33819274564074       -0.39929701341446
H           -2.14843826196041        1.47101407925414        0.97528341209409
H           -3.32917419986356        2.68144217102147        0.78321423672197
H           -2.44716057786198        2.20989845142369       -0.62391967311863
S            0.31488175771851        2.72772461063120        0.06374692360782
H           -0.35642319985480        0.45473367986614        0.21231257199489
H           -0.70444923464697        1.16412626486423       -1.40028170021924
C           -3.88039008170223        0.77319877455034        0.00502716014345
H           -4.04272576820748       -0.01777652528251        0.72298461578930
H           -4.16242869856117        0.52130803247763       -1.02518269247879
11
 energy: -13.079263864411 gnorm: 0.076815522553 xtb: 6.7.1 (edcfbbe)
C           -2.97258705772587        1.83795356852180        0.28819287030055
C           -0.28300945093695        1.32889962651172       -0.41039341294820
H           -2.17058983938264        1.44654698655757        0.95157061822068
H           -3.45057265123730        2.67495243732411        0.79188294530898
H           -2.47288160695209        2.18025633200384       -0.63874297330994
S            0.40187919489228        2.71554571725651        0.03891590223536
H           -0.28055257153722        0.47047482703820        0.22263553045812
H           -0.61542160465811        1.16114999673460       -1.40409787239777
C           -3.91179400760755        0.75405917365629       -0.01035865395463
H           -4.02725823184786       -0.02525193248362        0.72086245884893
H           -4.21068117300668        0.59626426687899       -0.96496141276208
11
 energy: -13.081837437420 gnorm: 0.060998858174 xtb: 6.7.1 (edcfbbe)
C           -2.97896575793394        1.83875572667244        0.30448959951206
C           -0.24700375137793        1.32331003893282       -0.42812337842604
H           -2.17527828927169        1.45205109780060        0.96375564918225
H           -3.46250986635852        2.67462140998523        0.81037847460288
H           -2.51339964724810        2.18403939046952       -0.61430466635021
S            0.44477363025035        2.71173957102490        0.03621335209341
H           -0.27144917567995        0.45858810683372        0.22452612634765
H           -0.63002257124881        1.18922623943687       -1.43472388357201
C           -3.91341320226838        0.74960448324610        0.01605626863352
H           -4.07910646447906        0.02923315760201        0.72271453227568
H           -4.16709390438397        0.52968177799579       -1.01547607429920
11
 energy: -13.073414143023 gnorm: 0.101825641857 xtb: 6.7.1 (edcfbbe)
C           -2.94891371708907        1.84588581500493        0.28652732720816
C           -0.20930287517284        1.31521223692561       -0.42552538028079
H           -2.23240953574276        1.50728744701517        0.97739938451549
H           -3.41879605536249        2.69754560836984        0.79521668483991
H           -2.56051697169620        2.23492940825870       -0.59680279435716
S            0.49567239251147        2.70425064790274        0.02395669905101
H           -0.28539378662781        0.44450627533619        0.27149735290774
H           -0.64510726067406        1.18196290228550       -1.44443316498118
C           -3.92014576514765        0.79712169794097        0.00178344091167
H           -4.03857624982222       -0.11730224853749        0.72963268044930
H           -4.22997917517638        0.52945120949785       -1.03374623026414
11
 energy: -13.084538368321 gnorm: 0.020671877431 xtb: 6.7.1 (edcfbbe)
C           -2.97977296482675        1.84044320873223        0.29729802027537
C           -0.23869015829525        1.32440087607850       -0.41913534170725
H           -2.21524919003535        1.48761536629661        0.98042521011316
H           -3.44739248708622        2.69043366214285        0.80363221792683
H           -2.53388730962653        2.22331604854031       -0.61407129105475
S            0.49678806174438        2.69601763665228        0.01804970883673
H           -0.25706592089053        0.46164479719755        0.23417788881523
H           -0.61688778345972        1.18736996059301       -1.42670282479980
C           -3.91503108557862        0.74413741390537       -0.00104518220921
H           -4.06848694921647       -0.05396252097385        0.72524497208335
H           -4.21779321272891        0.53943455083514       -1.01236737827965
11
 energy: -13.085303201331 gnorm: 0.021719242361 xtb: 6.7.1 (edcfbbe)
C           -3.00348691398272        1.83716597519173        0.29810633586293
C           -0.19521145656124        1.32621699462396       -0.42914149086228
H           -2.20620265951690        1.48300518867437        0.96520132216906
H           -3.50730409415006        2.66223896897121        0.81032068518282
H           -2.56660974994642        2.21784626657867       -0.60520493203092
S            0.54020004237102        2.69206528856415        0.01245563185699
H           -0.23799334674498        0.46803598520913        0.23626039102386
H           -0.58504881501052        1.18750470930984       -1.42845085183556
C           -3.92568286262976        0.74061473927959        0.00262801614605
H           -4.08273864009437       -0.02040815298762        0.72372073590679
H           -4.22339050373403        0.54656503658497       -1.00038984341972
11
 energy: -13.085920807934 gnorm: 0.017055219532 xtb: 6.7.1 (edcfbbe)
C           -3.01772466087290        1.83517729756812        0.30435429690507
C           -0.16661771480724        1.32306916645494       -0.43070369666978
H           -2.22787806779902        1.49608499624522        0.97315139431632
H           -3.53016828934762        2.65888698393422        0.81124941454275
H           -2.55670872354754        2.22261705210252       -0.60798888268805
S            0.57247148508367        2.69370073309250        0.00717648379112
H           -0.20454782379249        0.46313004588119        0.22259933187722
H           -0.57814555017529        1.19942158940057       -1.43004248305187
C           -3.93795799178503        0.73407861120664        0.00718866072579
H           -4.10546105619596       -0.02632053690023        0.72843713227940
H           -4.24073060676057        0.54100506101432       -0.99991565202797
11
 energy: -13.086762940467 gnorm: 0.012919565060 xtb: 6.7.1 (edcfbbe)
C           -3.03973982919802        1.83412965480457        0.30468984910008
C           -0.13217520924581        1.32239274494513       -0.43615347279771
H           -2.24196122818278        1.51843699275612        0.98143106303705
H           -3.55200495269588        2.65608392194877        0.82001899413870
H           -2.59811607979781        2.25410599894414       -0.60177844786124
S            0.63434498111696        2.68266487570149       -0.00545780425250
H           -0.16866178347029        0.46793220943072        0.21928557600564
H           -0.53397111939525        1.19928519436848       -1.42897681384257
C           -3.94725798009816        0.71796548178234        0.00253945853180
H           -4.13547017778256       -0.04406755131226        0.73450502416579
H           -4.27845562125039        0.53192147663051       -1.00459742622503
11
 energy: -13.087466400797 gnorm: 0.008224329293 xtb: 6.7.1 (edcfbbe)
C           -3.06977842417383        1.83405771735575        0.30670038290836
C           -0.07079638542914        1.31969170438264       -0.44231823005201
H           -2.27108961193728        1.54247786003000        0.98620886206292
H           -3.60715084048862        2.63917035270802        0.82818568822610
H           -2.64669986848610        2.27971716434598       -0.59450726125654
S            0.71470262398673        2.66550202683910       -0.02361268236994
H           -0.12672711502363        0.46767198107854        0.21816571642689
H           -0.50567379655627        1.20548163458677       -1.42840462054915
C           -3.94759384323544        0.70064299120788       -0.00288707280645
H           -4.15626108037807       -0.04756817099051        0.73869712738585
H           -4.30640065827833        0.53400573845583       -1.00072190997602
11
 energy: -13.087775256037 gnorm: 0.010356047434 xtb: 6.7.1 (edcfbbe)
C           -3.11378733696553        1.84405501714162        0.31003504830438
C            0.00780183988627        1.31058932989439       -0.45693751240050
H           -2.27957536359253        1.56769672215088        0.97883025927180
H           -3.68762061454426        2.61754980707248        0.84636444088978
H           -2.70513612235265        2.31116266974272       -0.58726920210686
S            0.80087212273824        2.65141497937984       -0.03599553872452
H           -0.08252082917139        0.46439276098425        0.21905113085346
H           -0.45676024750636        1.20234830979635       -1.43022585890338
C           -3.95314478632903        0.68592077475744       -0.00741057329615
H           -4.18026475585342       -0.04842595246123        0.74576571196371
H           -4.34333290630934        0.53414658154126       -0.99670190585172
11
 energy: -13.087948513168 gnorm: 0.005088126087 xtb: 6.7.1 (edcfbbe)
C           -3.12889166618363        1.84335698761211        0.31095891473936
C            0.03413734631857        1.30413285168870       -0.46117520169352
H           -2.30619191040398        1.58041433192131        0.98117046571488
H           -3.71556412784001        2.60332574733415        0.85040117297237
H           -2.73478512216833        2.32220854169707       -0.58227409217675
S            0.83090394526389        2.64100473314163       -0.04352667632642
H           -0.04768589723561        0.46269940598485        0.20973935018844
H           -0.42971233930044        1.20362073032257       -1.42976440109292
C           -3.94979470650447        0.67721965005655       -0.00973832242362
H           -4.18894451867258       -0.03761349378980        0.75067573815997
H           -4.35694000327340        0.54048151403086       -0.99096094806180
11
 energy: -13.087976083033 gnorm: 0.002497107963 xtb: 6.7.1 (edcfbbe)
C           -3.13481466993335        1.84993831880993        0.31355931620280
C            0.03935535446874        1.30257331570210       -0.46060576209537
H           -2.30879029337444        1.58721712365428        0.98091474378426
H           -3.72161988637068        2.60599183663162        0.85346550086392
H           -2.74178072071162        2.32828434404789       -0.58044281363556
S            0.84334905300431        2.63599263192940       -0.04648809024302
H           -0.04431104682902        0.45998745131704        0.21021593394851
H           -0.43289530470742        1.20390049792276       -1.42927638990886
C           -3.94614147154568        0.67336199113407       -0.01164930109469
H           -4.18918622559724       -0.04278670364561        0.74766164649797
H           -4.35663378840357        0.53639019249654       -0.99184878431997
11
 energy: -13.087987180308 gnorm: 0.001534503172 xtb: 6.7.1 (edcfbbe)
C           -3.13707857702932        1.85064455358215        0.31275564919310
C            0.04329221641096        1.30176061559857       -0.46098630968167
H           -2.30820662189448        1.58940817811062        0.97797360855859
H           -3.72699119096899        2.60195913442700        0.85510364036501
H           -2.74502886348464        2.33084519533681       -0.58090054202179
S            0.84689270286718        2.63591628537571       -0.04640324732682
H           -0.03938528231186        0.45852201183439        0.21045600234458
H           -0.42774774030533        1.20351129741914       -1.42950622215386
C           -3.94747333291457        0.67391902729105       -0.01116487857442
H           -4.19151904798414       -0.04285998889755        0.74941928653474
H           -4.36022326238480        0.53722468992212       -0.99124098723746
11
 energy: -13.087997880812 gnorm: 0.002024860932 xtb: 6.7.1 (edcfbbe)
C           -3.14031834464689        1.85235809701603        0.31183102610597
C            0.04679390845315        1.29980572575253       -0.45975837054467
H           -2.30681998718868        1.59381789841570        0.97242306164853
H           -3.73249146532057        2.59695726373791        0.85875926947855
H           -2.75208219756171        2.33519540361411       -0.58142819161921
S            0.84888316490731        2.63513385967000       -0.04573384431242
H           -0.02982784931458        0.45484907174087        0.20997989992228
H           -0.42383753420455        1.20135893313275       -1.42816208618509
C           -3.94764316477302        0.67432985158259       -0.01201547262105
H           -4.19255071692782       -0.04060487559746        0.75072514179158
H           -4.36357481342263        0.53764977093499       -0.99111443366446
11
 energy: -13.088012245259 gnorm: 0.002180983761 xtb: 6.7.1 (edcfbbe)
C           -3.14208107124277        1.85514290182181        0.30970720605905
C            0.04711667270168        1.29747301939185       -0.45776630244936
H           -2.30408257030459        1.59727893578660        0.96438409756159
H           -3.73456340539248        2.59348132190508        0.86393354936768
H           -2.75928122341352        2.34261650733802       -0.58293105720637
S            0.84597586360077        2.63467508221323       -0.04393748484644
H           -0.02239364589384        0.44961819759715        0.21024381417121
H           -0.42310506078989        1.19716597244545       -1.42591857300132
C           -3.94573185621887        0.67431686547783       -0.01277437088691
H           -4.19173314053951       -0.03819610266727        0.75160839981715
H           -4.36358956250696        0.53727829869026       -0.99104327858627
11
 energy: -13.088022297721 gnorm: 0.002031720673 xtb: 6.7.1 (edcfbbe)
C           -3.14103097795325        1.85504999755887        0.30973620516860
C            0.05326531856404        1.29375476588124       -0.46003633396451
H           -2.29722566442053        1.59549184859999        0.95569697404269
H           -3.72908689577346        2.59259880458178        0.87101887485845
H           -2.76825838102395        2.34775630269830       -0.58520529013867
S            0.83808184568387        2.63798942089567       -0.04192546227359
H           -0.01977406465530        0.44841299923830        0.21064682495356
H           -0.43128861812165        1.19807968340990       -1.42207785435278
C           -3.94630488996659        0.67464458327694       -0.01248849175772
H           -4.18791263000163       -0.04013900586925        0.75047737050346
H           -4.36393404233155        0.53721159972826       -0.99033681703951
11
 energy: -13.088087817367 gnorm: 0.006724429833 xtb: 6.7.1 (edcfbbe)
C           -3.13714139782750        1.85493777124756        0.30986124756732
C            0.03958744845592        1.29591617016860       -0.45155002932173
H           -2.26685558680555        1.58749029431249        0.91605701578490
H           -3.70505986391093        2.58791159737458        0.90416781681275
H           -2.80971135742362        2.37162101965373       -0.59510517622604
S            0.81604913726196        2.64658027707562       -0.03875777156142
H            0.00507268913351        0.43755970912837        0.20596954546218
H           -0.44907470715985        1.19409555465582       -1.41248474433111
C           -3.94938165438985        0.67636355859716       -0.01108983740556
H           -4.17137764717989       -0.04854512262052        0.74571731075339
H           -4.36557606015418        0.53692017040656       -0.98727937753469
11
 energy: -13.088167621508 gnorm: 0.006240979752 xtb: 6.7.1 (edcfbbe)
C           -3.13568585335498        1.85605780665696        0.30611700754739
C            0.03429573584315        1.29575722619618       -0.44815628967266
H           -2.25064328818735        1.58390999135453        0.89002586137792
H           -3.69324732445728        2.57792890957660        0.92408200797089
H           -2.82735915282793        2.38399209774320       -0.59898764732252
S            0.80424860501566        2.65100870084929       -0.03790823844179
H            0.01677672280274        0.43261445709301        0.20457213736624
H           -0.46227186256543        1.19350030647008       -1.40485631518186
C           -3.94902571158352        0.67816789622196       -0.01038988009011
H           -4.16146598553031       -0.05078644959444        0.74623622051891
H           -4.36909088515474        0.53870005743261       -0.98522886407241
11
 energy: -13.088300220992 gnorm: 0.021312586777 xtb: 6.7.1 (edcfbbe)
C           -3.12283743896339        1.86275763156531        0.27681544631357
C           -0.00340825845846        1.29447561380387       -0.42489978288434
H           -2.13656113743454        1.56088383610216        0.70691066953924
H           -3.60670997372426        2.49950433443830        1.05924560927666
H           -2.94212474807463        2.46740814786099       -0.62090626971702
S            0.72936474460687        2.67845799867121       -0.03629066049278
H            0.08819929664549        0.40434930423075        0.19870506514413
H           -0.56067108642169        1.19190836495452       -1.34823445251341
C           -3.94273439641946        0.68964955706226       -0.00717476945637
H           -4.10471288676507       -0.05555572302724        0.75377194963635
H           -4.39127311499085        0.54701193433772       -0.97243680484604
11
 energy: -13.088452904153 gnorm: 0.014714895795 xtb: 6.7.1 (edcfbbe)
C           -3.12385018064212        1.86090852915744        0.27598303798667
C           -0.00072010217111        1.29590760914869       -0.42960696684277
H           -2.17663634207601        1.57463950586033        0.75589687923126
H           -3.62625771359513        2.50249789295685        1.00874143791171
H           -2.88418418576487        2.43500652319156       -0.60123751775375
S            0.75200061098172        2.66903523132497       -0.04288996400299
H            0.06186052796772        0.41808398810001        0.20221627164429
H           -0.54747486811716        1.19477191581244       -1.35499641334877
C           -3.93560687383035        0.68674814914927       -0.00995846047250
H           -4.13351070835230       -0.03818592482049        0.76049959293851
H           -4.37908916440037        0.54143758011882       -0.97914189729166
11
 energy: -13.088739936443 gnorm: 0.006879740193 xtb: 6.7.1 (edcfbbe)
C           -3.12053226982467        1.85927843698462        0.28043558956306
C           -0.00644049903614        1.29700345997266       -0.42604904450050
H           -2.16258551683690        1.56758072538178        0.74085330364716
H           -3.61056671770371        2.50692571680239        1.02383911916314
H           -2.91041494552295        2.44888152105335       -0.60958324898990
S            0.74129713860433        2.67374010166597       -0.04150215320907
H            0.06437464508150        0.41682749294456        0.20316768463507
H           -0.55048782458165        1.18965008013227       -1.35360150236231
C           -3.93973386615768        0.68771586788853       -0.00861167393237
H           -4.12646677580078       -0.04553933088811        0.75606759468609
H           -4.37191236822133        0.53878692806187       -0.97950966870038
11
 energy: -13.088949342308 gnorm: 0.015094391311 xtb: 6.7.1 (edcfbbe)
C           -3.10980790710020        1.85964477591102        0.26997712829024
C           -0.03153541911175        1.29842011245242       -0.41258673371907
H           -2.10983885681831        1.55438056545173        0.65480335065450
H           -3.55518146649348        2.47415993840084        1.08058615518759
H           -2.96207166878331        2.48473618347795       -0.61640345477786
S            0.70629993651836        2.68678582401647       -0.04529743322580
H            0.08424429173758        0.41167109221305        0.20593275090527
H           -0.60039155663485        1.18531239126075       -1.32577205319855
C           -3.93743823148295        0.69331677022482       -0.00721197483981
H           -4.11283318967478       -0.04137920140938        0.76008826863163
H           -4.36491493215628        0.53380254800016       -0.97861000390814
11
 energy: -13.089236355539 gnorm: 0.013891844546 xtb: 6.7.1 (edcfbbe)
C           -3.10076487867710        1.85801849485380        0.26687551131901
C           -0.05048086903309        1.30067025391964       -0.40430188628981
H           -2.08729417572522        1.54741770392683        0.61568992708846
H           -3.51871971923430        2.45981110446307        1.09883170986640
H           -2.97915894990615        2.49714750553999       -0.61462251138513
S            0.68828342547362        2.69349958754289       -0.05070154578353
H            0.07959756944516        0.41662924642219        0.21269700756017
H           -0.62576527507755        1.18016357624630       -1.31238921715413
C           -3.93505983579696        0.69612374044171       -0.00697337692732
H           -4.11833854741934       -0.03233620221986        0.76363480412863
H           -4.34576774404906        0.52370598886326       -0.98323442242275
11
 energy: -13.090243194415 gnorm: 0.008451761170 xtb: 6.7.1 (edcfbbe)
C           -3.06928971212735        1.85152145975661        0.26154228244019
C           -0.11831659956860        1.30964585103761       -0.37808974447180
H           -2.03238821006349        1.53008863162608        0.50630404707559
H           -3.39815410297891        2.41610957774878        1.13177230171951
H           -3.00647978756142        2.52165978806724       -0.59202308449345
S            0.63549965775737        2.71243021248339       -0.07195870482634
H            0.03424823328409        0.44560326548671        0.24467413437202
H           -0.69390397106138        1.16116643053149       -1.27986084253357
C           -3.92235008652671        0.70305199614806       -0.00847736726946
H           -4.17146950186083        0.01748948526635        0.78033961154401
H           -4.25086491929277        0.47208430184747       -1.00871663355667
11
 energy: -13.090044963395 gnorm: 0.028148433041 xtb: 6.7.1 (edcfbbe)
C           -3.03448267994139        1.84778330307252        0.24193220670878
C           -0.20795702627840        1.31927350604598       -0.34088927921365
H           -1.92785831854070        1.50647208074600        0.30075086882732
H           -3.23313483171413        2.32538560038104        1.23340364307287
H           -3.09124462570281        2.59080335391185       -0.57188476501665
S            0.54318916949618        2.74479307977000       -0.08883517886157
H            0.01121347177693        0.46471511669799        0.27825518878882
H           -0.78145766879974        1.13424552742475       -1.23527956743124
C           -3.90263528569399        0.71344006323868       -0.00893171617264
H           -4.21224216291354        0.07416105434502        0.80212636501452
H           -4.15685904168841        0.41977831436587       -1.02514176571649
11
 energy: -13.091547279806 gnorm: 0.007848569326 xtb: 6.7.1 (edcfbbe)
C           -3.04499292406415        1.84785426037375        0.25096665672592
C           -0.19836887671868        1.31838818485026       -0.34914117453143
H           -1.96006957603659        1.52700579646873        0.35453335929375
H           -3.28358275598027        2.33659035073682        1.19904088046757
H           -3.06336243074408        2.57489102865734       -0.56276595812577
S            0.53538492849857        2.74785582013881       -0.07524600719383
H           -0.00005165254405        0.46387341236285        0.28104622253982
H           -0.70988105138962        1.12073950778356       -1.27694690988716
C           -3.89011326515506        0.70404701820872       -0.01276454927645
H           -4.21379620888649        0.06728242019806        0.79113988053826
H           -4.16463518697958        0.43232320022083       -1.01435640055064
11
 energy: -13.092652359519 gnorm: 0.011456063690 xtb: 6.7.1 (edcfbbe)
C           -3.03542616270723        1.84550707446915        0.25339804932909
C           -0.25247364487466        1.32442002003905       -0.33384101669751
H           -1.92840524028771        1.53433947181116        0.27603691661083
H           -3.21997243418775        2.29529931358431        1.22899005901628
H           -3.08678357851028        2.59803846060346       -0.53353483199346
S            0.46090396910367        2.77294339234913       -0.06823741447882
H           -0.06273478446707        0.49026992466358        0.32007521466368
H           -0.66100387405948        1.07753321645270       -1.31249824455754
C           -3.87325674030498        0.70703235708412       -0.01347428513179
H           -4.24114297351382        0.09347020947366        0.78908183548287
H           -4.09317353619069        0.40199755946938       -1.02049028224359
11
 energy: -13.093817396168 gnorm: 0.054909773817 xtb: 6.7.1 (edcfbbe)
C           -3.01284668820117        1.83773813147288        0.25406239633733
C           -0.39426956286358        1.34264439142170       -0.29210375149706
H           -1.84515383180870        1.55056466559204        0.07545956830672
H           -3.06394971169604        2.19564075142786        1.29644333029951
H           -3.13815915505581        2.64733148655473       -0.46833677120466
S            0.31558494362405        2.81607869349217       -0.05987497280199
H           -0.19386644457296        0.53922317599203        0.40554155202038
H           -0.59468602577414        1.00866273770241       -1.36923722330169
C           -3.83799589841224        0.71756995477999       -0.01168392780709
H           -4.27751888458443        0.13886383424817        0.77856409719061
H           -3.95060774065501        0.34653317731566       -1.02332829754202
11
 energy: -13.096249998236 gnorm: 0.056621946848 xtb: 6.7.1 (edcfbbe)
C           -3.01574143852810        1.83372647731649        0.25417215487044
C           -0.43144334789731        1.34732340099608       -0.28118503907097
H           -1.82461078168139        1.55910455465577        0.03093027491471
H           -3.04348556861134        2.18267239925993        1.28845092072981
H           -3.12575953748670        2.63507661107760       -0.45396795439846
S            0.33274634792875        2.80148481840779       -0.06469049068400
H           -0.21037413556932        0.53511214050112        0.41304163812012
H           -0.64391239040744        1.04335820205913       -1.34843737825992
C           -3.83672662344241        0.72498013042604       -0.00644313874484
H           -4.24394635837855        0.12083205768057        0.76445801105716
H           -3.95021516592620        0.35718020761911       -1.01082299853398
11
 energy: -13.101308231004 gnorm: 0.072595760573 xtb: 6.7.1 (edcfbbe)
C           -3.01332034026786        1.81529005089414        0.25666518862802
C           -0.56425846172376        1.36326260656819       -0.24363193986200
H           -1.72618878438548        1.58819863270952       -0.09973678841825
H           -2.98609788388787        2.11864775711789        1.27581331528471
H           -3.11767527465063        2.64790719256735       -0.41104831291252
S            0.32054389286503        2.79741388637926       -0.06957842490602
H           -0.28846458502078        0.54171135138048        0.43199249104239
H           -0.72082068452138        1.07971611878044       -1.29822355432107
C           -3.78537330071995        0.71924575579296       -0.01084354331041
H           -4.16136162568231        0.07628974241763        0.74516395050743
H           -3.95045195200506        0.39316790539175       -0.99106638173218
11
 energy: -13.107902251879 gnorm: 0.095276315720 xtb: 6.7.1 (edcfbbe)
C           -3.10142220226920        1.81314078340206        0.28294871204090
C           -0.57099268972760        1.34988724091075       -0.26051566451701
H           -1.70099905184067        1.61934282469546       -0.09539912739888
H           -3.05268102068209        2.14918157887531        1.25784354246550
H           -3.10893715017994        2.64443093431885       -0.38689065548199
S            0.40429016402481        2.79474748866120       -0.09051815163033
H           -0.28881225321066        0.53394039589575        0.39704410686722
H           -0.67204160730583        1.09100672399448       -1.24698046718560
C           -3.80018912760900        0.71717839214513       -0.01225911550603
H           -4.04214219570835       -0.02765856427603        0.73425547440312
H           -4.05954186549147        0.45565320137666       -0.99402265405682
11
 energy: -13.115157385082 gnorm: 0.112370810289 xtb: 6.7.1 (edcfbbe)
C           -3.21217219448449        1.82323461590143        0.30810105283123
C           -0.66476865528875        1.35358063354653       -0.25688922240041
H           -1.65109018661105        1.64790810681633       -0.19633690805088
H           -2.98421048610686        2.16764931663869        1.33037237046676
H           -3.12093125408411        2.62854154396057       -0.34196452731009
S            0.39150685263765        2.82105183452212       -0.08319685210808
H           -0.33744031835180        0.55301383453010        0.40853251128808
H           -0.49271509373964        1.02656083300531       -1.28898303200626
C           -3.85375266369050        0.74076156400102        0.00031428542297
H           -3.97647984597633       -0.07872475866596        0.71608474019011
H           -4.09141515430408        0.45727347574350       -1.01052841832343
11
 energy: -13.112549356911 gnorm: 0.102106672243 xtb: 6.7.1 (edcfbbe)
C           -3.27163869996841        1.86401295942952        0.30461320838839
C           -0.53448323109456        1.33201709448572       -0.30595190383371
H           -1.72480471610623        1.66822003757453       -0.11051103707776
H           -3.04631610899569        2.17478137721151        1.42324819551568
H           -3.18174411763771        2.68526912548003       -0.38504907801006
S            0.40218858040216        2.82981326272589       -0.05577907179541
H           -0.29779227811860        0.57144034622223        0.40150372828631
H           -0.35290701124817        0.95828813584349       -1.36708282272672
C           -3.85341616742576        0.69018735306903       -0.01028139977628
H           -4.01960104169184       -0.06349107310384        0.72968163524533
H           -4.11295420811510        0.43031238106155       -1.03888545421584
11
 energy: -13.128019039843 gnorm: 0.052925891990 xtb: 6.7.1 (edcfbbe)
C           -3.25895629792314        1.85460149045504        0.33956814251981
C           -0.53811139556701        1.33159381716671       -0.31175288920651
H           -1.63165788545482        1.65803924060263       -0.16849552959296
H           -3.10215496244202        2.13308495962653        1.36503701819467
H           -3.22419667537680        2.70516383244138       -0.36328260816279
S            0.41731261043911        2.81476274564108       -0.05351275228177
H           -0.30515336182269        0.57081174418625        0.40408572394820
H           -0.40245970740716        0.98551690575054       -1.33841035423022
C           -3.82933808657101        0.69042629182426        0.00359157947785
H           -3.99672702347575       -0.09151739835693        0.72646194802759
H           -4.12202621439864        0.48836737066213       -1.01778427869392
11
 energy: -13.131533737745 gnorm: 0.063522438089 xtb: 6.7.1 (edcfbbe)
C           -3.34838948767485        1.86072778572766        0.37663987736118
C           -0.55129283936807        1.32710233491188       -0.32897524156715
H           -1.56060370919126        1.63639073651946       -0.31196823659309
H           -3.07341429109151        2.11305586071926        1.39419800753876
H           -3.28960163315881        2.69324940020780       -0.30984416256484
S            0.47389928754622        2.81182100977848       -0.07106741454504
H           -0.25487317481571        0.56336314736747        0.39108496652204
H           -0.34108788822993        0.97214308469936       -1.32029921850379
C           -3.87759770510699        0.72750316823860        0.02648418399122
H           -4.02572116195527       -0.07879946715270        0.74060571916223
H           -4.14478639695370        0.51429393898240       -1.00135248080162
11
 energy: -13.134759923265 gnorm: 0.037181903115 xtb: 6.7.1 (edcfbbe)
C           -3.37584253696807        1.87601690198550        0.39048275813152
C           -0.51984032594460        1.32630451007171       -0.34931197984887
H           -1.55265044553520        1.62735413791327       -0.30989592228282
H           -3.11175443838618        2.12338050711802        1.40193531824177
H           -3.30444283274549        2.69512109427239       -0.30896864687594
S            0.52155921546922        2.78956364584418       -0.05908478348892
H           -0.31463777242138        0.58929753165059        0.40461828402810
H           -0.26064804984670        0.96255731373127       -1.35874352114512
C           -3.88339191891127        0.71832228716978        0.02939607709923
H           -3.99820423064711       -0.10847148310459        0.73056618181583
H           -4.19361566406307        0.54140455334753       -0.98548776567493
11
 energy: -13.134587719173 gnorm: 0.053984250743 xtb: 6.7.1 (edcfbbe)
C           -3.41402320614333        1.90768140690494        0.40414470105449
C           -0.44863668101541        1.31458178811802       -0.37737033279552
H           -1.54739820109544        1.63003662368097       -0.34222916252816
H           -3.13329278709144        2.11553354405935        1.44524320386441
H           -3.37030150248428        2.73472048702941       -0.29724261380217
S            0.49492847754035        2.80136988043504       -0.03843460698002
H           -0.23383428638601        0.57432109602694        0.38476892792942
H           -0.25285697363172        0.93904592661999       -1.36363355837112
C           -3.89335154881129        0.70922077814884        0.03320644450901
H           -4.01548070363340       -0.10345135768641        0.72925802672105
H           -4.17922158724785        0.51779082666252       -0.99220502960157
11
 energy: -13.138000412582 gnorm: 0.019565199222 xtb: 6.7.1 (edcfbbe)
C           -3.47659413493653        1.91310109220796        0.41183016076002
C           -0.42567685343368        1.32150608185116       -0.38441272680255
H           -1.50083726246065        1.58546660741216       -0.31909781214374
H           -3.15162586671690        2.10879483964503        1.42659990379778
H           -3.40685315847979        2.73483304104662       -0.28507411300796
S            0.52185364300324        2.80243493403188       -0.05277177853729
H           -0.20765678794689        0.57654548977027        0.37152190647393
H           -0.21127014461248        0.94889598313478       -1.37768403019829
C           -3.93471955963498        0.72712461153912        0.04428757087342
H           -3.99240062544937       -0.10342339229869        0.72967515081927
H           -4.20768824933183        0.52557171165933       -0.97936823203476
11
 energy: -13.138776487804 gnorm: 0.014903242735 xtb: 6.7.1 (edcfbbe)
C           -3.50399811469331        1.90983619666393        0.41523902944793
C           -0.38962240375126        1.32138680100130       -0.39224260894282
H           -1.44236058080690        1.55316788567728       -0.32330901148698
H           -3.21666752908307        2.11879332709093        1.42618376078566
H           -3.48650664876682        2.74876590393409       -0.25968051920645
S            0.55667906191561        2.80074039224233       -0.06707488166987
H           -0.15458690669265        0.56999944930228        0.35624329443864
H           -0.14893448807426        0.95458872623768       -1.38906157000014
C           -3.92781499215063        0.72343641669016        0.04395093300475
H           -4.00353437979356       -0.09749156395306        0.73507280950553
H           -4.27612201810304        0.53762746511268       -0.95981523587641
11
 energy: -13.139451400495 gnorm: 0.007740169504 xtb: 6.7.1 (edcfbbe)
C           -3.54911056396284        1.92256418769968        0.42438081589008
C           -0.36594507384001        1.31661006325342       -0.39561116860578
H           -1.42383651295124        1.53828170965418       -0.32571521709529
H           -3.22388094632283        2.12306209103235        1.42980076994125
H           -3.51949123126338        2.75967305201028       -0.25348776721638
S            0.56850461873242        2.80458208845835       -0.07224305158156
H           -0.10583380069725        0.56259419337849        0.34582317912830
H           -0.11995111626275        0.95619574322723       -1.39350384648390
C           -3.96718797224238        0.73095634187683        0.05062923060423
H           -3.99770433233547       -0.10487676662326        0.73297131548054
H           -4.28903206885420        0.53120829603206       -0.95753826006165
11
 energy: -13.139747756658 gnorm: 0.003711467589 xtb: 6.7.1 (edcfbbe)
C           -3.58447987063913        1.93066388003881        0.43093346833203
C           -0.32930995093686        1.30955999771496       -0.40239801883955
H           -1.39823532398925        1.51051727185126       -0.32546732276983
H           -3.24600064180466        2.12953231767561        1.43597934355712
H           -3.57155805047263        2.77203879113324       -0.24470354675273
S            0.57797710860892        2.81650640098888       -0.07648996460338
H           -0.04468553667985        0.55663075363180        0.33229393628717
H           -0.08349855518829        0.95720434336536       -1.40216964927529
C           -3.99158389085483        0.73362474983513        0.05501161976711
H           -4.00313360007828       -0.10566995047371        0.73401715104737
H           -4.31896068796507        0.53024244423827       -0.95150101675015
11
 energy: -13.139913726899 gnorm: 0.002691200959 xtb: 6.7.1 (edcfbbe)
C           -3.61448011089741        1.93546825316227        0.43656036157115
C           -0.29389994092040        1.30152786643021       -0.40919471051048
H           -1.36637510714645        1.48450436903327       -0.32639172942706
H           -3.27373442827758        2.13536011396004        1.44081644575954
H           -3.61674207836763        2.77934058978079       -0.23638356872174
S            0.58317296707262        2.82779695726964       -0.08000566178777
H            0.01060014683035        0.55221277182099        0.32030799896983
H           -0.04831656976028        0.96016723613147       -1.41209820120078
C           -4.01288763690391        0.73637363562726        0.05969363984183
H           -4.00898772895798       -0.10471946309528        0.73561372120017
H           -4.35181851267128        0.53281866987895       -0.94341229569482
11
 energy: -13.140001634684 gnorm: 0.001657994797 xtb: 6.7.1 (edcfbbe)
C           -3.64220565071294        1.94021642158380        0.44167744333715
C           -0.26319042836433        1.29428615878253       -0.41521874895874
H           -1.33793593509732        1.45586922185422       -0.32624939248426
H           -3.29507946203135        2.13982825162724        1.44340161430892
H           -3.65827671577916        2.78519046902758       -0.22889976932639
S            0.58334876940562        2.83847954830804       -0.08192105317605
H            0.06032302903192        0.54975310346440        0.30920376351088
H           -0.01596041128705        0.96549400744219       -1.42162362196940
C           -4.02900930073671        0.73824109847063        0.06367705012872
H           -4.01707251834915       -0.10262222968136        0.73754908037265
H           -4.37841037607951        0.53611494912034       -0.93609036574360
11
 energy: -13.140044461071 gnorm: 0.002722425841 xtb: 6.7.1 (edcfbbe)
C           -3.67463144517205        1.94647043888868        0.44733445361717
C           -0.22506192805956        1.28464995399595       -0.42264313811070
H           -1.30340844681916        1.41096588321819       -0.32668842539874
H           -3.32502660606230        2.14798997217022        1.44634721940811
H           -3.71198380712034        2.79342864207198       -0.21925554140283
S            0.57515797850022        2.85365464389934       -0.08178868271191
H            0.12738328185829        0.54682293433657        0.29411236142229
H            0.02773472080376        0.97426142753133       -1.43351294016250
C           -4.05365669379862        0.74315138391145        0.06971947891787
H           -4.01817731597417       -0.10298880461466        0.73877564150213
H           -4.41179873815609        0.54244452459054       -0.92689442708099
11
 energy: -13.140057843117 gnorm: 0.001539649254 xtb: 6.7.1 (edcfbbe)
C           -3.68507998778474        1.94960670181158        0.44953888849102
C           -0.21696691158134        1.28216925370894       -0.42434682331084
H           -1.29599845849654        1.39677809277526       -0.32640674027121
H           -3.32816339446833        2.15019097792061        1.44684260367781
H           -3.72532938480780        2.79605874463976       -0.21683709367054
S            0.56729042861845        2.85791427108230       -0.08005092246952
H            0.14486883715281        0.54632772543194        0.28967261768099
H            0.03791729590129        0.97747410231286       -1.43632128172998
C           -4.05531437674246        0.74310394396312        0.07028623018459
H           -4.02014453814476       -0.10194853298637        0.73855114481632
H           -4.41654850964659        0.54317571933959       -0.92542262339874
11
 energy: -13.140072042378 gnorm: 0.001078772975 xtb: 6.7.1 (edcfbbe)
C           -3.68713211594353        1.95135680759293        0.44992379939317
C           -0.21471386247332        1.28042439615252       -0.42477351545763
H           -1.29453299910484        1.38222301144422       -0.32631795701644
H           -3.32758049776496        2.15246225487991        1.44657259468986
H           -3.73193712453788        2.79828557193488       -0.21566269233492
S            0.55095428517779        2.86230991068725       -0.07526024650212
H            0.15546207571123        0.54630488390505        0.28645450837690
H            0.04274046013665        0.98086854696440       -1.43737686285255
C           -4.05481654234754        0.74410917182095        0.07026130251930
H           -4.01648845574648       -0.10124615544575        0.73724021445781
H           -4.41542422310714        0.54375260006325       -0.92555514527347
11
 energy: -13.140115027659 gnorm: 0.002318210200 xtb: 6.7.1 (edcfbbe)
C           -3.68877630412989        1.95725235174704        0.44941090538258
C           -0.21217242372485        1.27422842095925       -0.42435478596982
H           -1.29716145935853        1.32808269556050       -0.32317371684568
H           -3.32477040439394        2.16070440024199        1.44426525660305
H           -3.74305620515144        2.80450060307420       -0.21465880710340
S            0.48490758315438        2.88150409325862       -0.05684432713116
H            0.18933285019854        0.54500421403879        0.27664705680869
H            0.05515336423245        0.99456978894013       -1.44047602256210
C           -4.04812476233052        0.74763580737829        0.06880740389642
H           -3.99484008382556       -0.10044244186108        0.73187246976588
H           -4.41396115467065        0.54781106666186       -0.92598943284458
11
 energy: -13.140159441620 gnorm: 0.003143735509 xtb: 6.7.1 (edcfbbe)
C           -3.68242187236941        1.96338285094375        0.44700842435514
C           -0.21716816999908        1.26532875678010       -0.42228421618604
H           -1.30459067011878        1.26657424323426       -0.32267177759855
H           -3.31521736014616        2.16845459718816        1.43994536579954
H           -3.75012212436425        2.81258522274416       -0.21408637953429
S            0.39653974826411        2.90292342059373       -0.03142148853578
H            0.21757414960362        0.54477302244968        0.26892187702833
H            0.06482787554690        1.01153752156693       -1.44259375190193
C           -4.03387058936352        0.75205271764308        0.06558162243753
H           -3.96563455790916       -0.09854399903813        0.72490795222698
H           -4.40338542914427        0.55178264589388       -0.92780162809104
11
 energy: -13.140201806131 gnorm: 0.003337530208 xtb: 6.7.1 (edcfbbe)
C           -3.66567067520857        1.96916655834681        0.44279643822136
C           -0.23667327163122        1.25706446265744       -0.41767268530263
H           -1.32279915221085        1.21028362040593       -0.32497418762621
H           -3.29897151121689        2.17543480869847        1.43464394616446
H           -3.74133844594593        2.81945717307901       -0.21564740249615
S            0.29869178800603        2.91750320465661       -0.00364267370236
H            0.22630329238041        0.54919395054723        0.26736302609926
H            0.06213537105513        1.02855394338260       -1.44008399570791
C           -4.00781873677494        0.75597189893297        0.05946684537658
H           -3.92566551943462       -0.09736050713466        0.71566377042072
H           -4.38166213901852        0.55558188642720       -0.93240708144722
11
 energy: -13.140226403521 gnorm: 0.002018779108 xtb: 6.7.1 (edcfbbe)
C           -3.65201657347578        1.97030792859863        0.44003063505021
C           -0.25382707880140        1.25488751626112       -0.41429877554388
H           -1.33714028175684        1.19541390749153       -0.32637942368221
H           -3.28730900505483        2.17569412761532        1.43235224903169
H           -3.72878265927691        2.82108646954156       -0.21743328546681
S            0.26188062748905        2.91661908475050        0.00376039034506
H            0.21594892386500        0.55541033604953        0.27247454101369
H            0.05052724786409        1.03465125851832       -1.43555365753708
C           -3.99036333050443        0.75683024379515        0.05520407872431
H           -3.91007405665284       -0.09532567846143        0.71190174158760
H           -4.36231281369506        0.55527580583937       -0.93655249352270
11
 energy: -13.140217884826 gnorm: 0.005289395343 xtb: 6.7.1 (edcfbbe)
C           -3.64247242253581        1.97854636863189        0.43721319086049
C           -0.26793071708172        1.24364947264378       -0.41116922266309
H           -1.35156917349612        1.11914519284264       -0.32692476997873
H           -3.27055034359635        2.18222125068480        1.42768998656482
H           -3.73307453003810        2.83071415452706       -0.21689417552883
S            0.15305338137352        2.93500423406614        0.02774084415235
H            0.24366890414985        0.56483075311946        0.27021407620745
H            0.05453630977456        1.05703899989297       -1.43375311267667
C           -3.96411353749631        0.76137863823059        0.04874065150220
H           -3.87756747589289       -0.08921447446749        0.70382922868867
H           -4.33744939516058        0.55753640982776       -0.94118069712877
11
 energy: -13.140251307289 gnorm: 0.000943897739 xtb: 6.7.1 (edcfbbe)
C           -3.65413890582064        1.97558843181297        0.44007845664590
C           -0.25550317833163        1.24838400609581       -0.41421382070821
H           -1.33739380512574        1.15858214821177       -0.32691904603702
H           -3.28215125476232        2.17900676300476        1.43123259014054
H           -3.73822326690923        2.82676853998464       -0.21583758751736
S            0.21496483757535        2.92401356472893        0.01322990601195
H            0.23381032934455        0.56020325620636        0.27035898323114
H            0.05684913403233        1.04547371239629       -1.43560291081056
C           -3.98110095631582        0.75914221377978        0.05264181783379
H           -3.89628090832828       -0.09254140932471        0.70870268928034
H           -4.35430102535853        0.55622977310301       -0.93816507807063
11
 energy: -13.140262238895 gnorm: 0.001395324164 xtb: 6.7.1 (edcfbbe)
C           -3.65596476367279        1.97800426998878        0.44064678572853
C           -0.25430495121314        1.24505496524534       -0.41490950443583
H           -1.33459388260859        1.13760134222771       -0.32804363522607
H           -3.28405410523957        2.18207358713185        1.43147950335389
H           -3.74449517919590        2.82964080853618       -0.21390909372736
S            0.18953694476340        2.92720038219263        0.01963775990899
H            0.24661345953280        0.56234747799817        0.26707486628553
H            0.06293245339630        1.05221292530185       -1.43672876703723
C           -3.97861799808781        0.76093879850175        0.05198800753714
H           -3.88890136082678       -0.09118093588370        0.70691252381285
H           -4.35161961684786        0.55695737875905       -0.93864244620055
11
 energy: -13.140259211728 gnorm: 0.005829474967 xtb: 6.7.1 (edcfbbe)
C           -3.66366839448057        1.99000377655458        0.44314092172498
C           -0.24988001221187        1.23040378298291       -0.41744671288326
H           -1.32249860479970        1.03734520746224       -0.33642624589135
H           -3.29150358464191        2.19623542050908        1.43309213422812
H           -3.77354732979928        2.84398088031141       -0.20555314757525
S            0.06663399648971        2.93968670087203        0.05161100158544
H            0.30233899889104        0.57478191419804        0.25301255568196
H            0.08773531425010        1.08342169921257       -1.44067314619204
C           -3.96209495851864        0.76865690663813        0.04821969422170
H           -3.85134737197017       -0.08518410995931        0.69821700876546
H           -4.33563705320865        0.56151882121793       -0.94168806366590
11
 energy: -13.140292632438 gnorm: 0.002329274760 xtb: 6.7.1 (edcfbbe)
C           -3.66475427791228        1.98603321672204        0.44370659478235
C           -0.24717330419507        1.23522358271393       -0.41808433382874
H           -1.32070393102194        1.06829480112123       -0.33429525357892
H           -3.29539488455189        2.19252701063595        1.43448069007476
H           -3.76821948987980        2.83921735115663       -0.20653501681258
S            0.10905223296580        2.93312137879227        0.04062587268098
H            0.29029289356249        0.57126742327743        0.25498453403052
H            0.08295298907357        1.07501510584976       -1.44099063555812
C           -3.97084257639805        0.76665493161300        0.05036507705284
H           -3.86735037073935       -0.08615219637453        0.70177614287180
H           -4.34132828090344        0.55964839449189       -0.94052767171501
11
 energy: -13.140302191131 gnorm: 0.001789438775 xtb: 6.7.1 (edcfbbe)
C           -3.66825161678882        1.98770853263153        0.44476044172279
C           -0.24477180209095        1.23378047190713       -0.41897035025515
H           -1.31610264601566        1.06070563064767       -0.33597591263325
H           -3.29892532054708        2.19429798002579        1.43576268809377
H           -3.77316756755473        2.84083434852979       -0.20521344220204
S            0.09921665532305        2.93183417720191        0.04492851138564
H            0.29621702349886        0.57139572111279        0.25217533337653
H            0.08612710539109        1.07848760996541       -1.44261852818364
C           -3.96996344094300        0.76736270354726        0.05037049837604
H           -3.86379882617125       -0.08609311530716        0.70112418362448
H           -4.34004856410147        0.56053693973748       -0.94083742330528
11
 energy: -13.140333913675 gnorm: 0.000925098152 xtb: 6.7.1 (edcfbbe)
C           -3.68200700796790        1.99652896718343        0.45004918568495
C           -0.23459775779323        1.22578566173607       -0.42330029236655
H           -1.29625057350472        1.00009515534023       -0.34609501167722
H           -3.31836906654269        2.20514922521397        1.44295099205450
H           -3.79793252675139        2.84995877612752       -0.19734554212096
S            0.02483781457404        2.92858196103161        0.06910018550119
H            0.33641204157316        0.57822980663631        0.23726762729669
H            0.10271127894773        1.10134541506018       -1.44948956480254
C           -3.96055666698367        0.77249116464787        0.04954939764167
H           -3.84400537537950       -0.08201752296987        0.69683412217844
H           -4.32371116017176        0.56470238999229       -0.94401509939028
11
 energy: -13.140239533004 gnorm: 0.009040506618 xtb: 6.7.1 (edcfbbe)
C           -3.69371724545303        2.01212875812335        0.45664151878645
C           -0.22999512059927        1.20966814164466       -0.42863590773237
H           -1.27426370594246        0.88371973093220       -0.36429680271489
H           -3.34189216040237        2.22413631004657        1.45336021990998
H           -3.83064374162718        2.86702423584346       -0.18558214643107
S           -0.13440911213363        2.92609576614010        0.11781405464005
H            0.39706975251059        0.59289387262116        0.21496112905389
H            0.12562329342211        1.14451967843593       -1.45766444761795
C           -3.93267097444209        0.78270577666997        0.04510548211782
H           -3.79619173734480       -0.07378261448146        0.68676243812681
H           -4.28237824798777        0.57174134402367       -0.95295953813886
11
 energy: -13.140353344382 gnorm: 0.002224720868 xtb: 6.7.1 (edcfbbe)
C           -3.68570849837652        2.00472263825386        0.45363078198269
C           -0.23497239492653        1.21763053314616       -0.42598144292036
H           -1.28685701949151        0.93789911543074       -0.35747980976463
H           -3.33172728523068        2.21522903402800        1.44975304755397
H           -3.81233661365182        2.85907740165405       -0.19125313770725
S           -0.06450729677548        2.92505959806534        0.09554657808972
H            0.36460786895731        0.58760088528115        0.22643230662794
H            0.11163143599008        1.12408000176428       -1.45266549952594
C           -3.94207680674378        0.77816700396296        0.04663940005538
H           -3.81667671583392       -0.07710692131522        0.69136658310503
H           -4.29484567391707        0.56849170972830       -0.95048280749667
11
 energy: -13.140362642395 gnorm: 0.001141406989 xtb: 6.7.1 (edcfbbe)
C           -3.68515189183853        2.00567812670160        0.45433273359366
C           -0.23809769678998        1.21684823677744       -0.42597407869559
H           -1.28797033450156        0.93377457405301       -0.35767481732344
H           -3.33465453442693        2.21634345399491        1.45153105934485
H           -3.80989606010781        2.85960019674466       -0.19086290972671
S           -0.07440473256023        2.92202731641923        0.09725617540677
H            0.36471535476158        0.58827529045598        0.22577398108009
H            0.10878708458447        1.12741571049843       -1.45286523643642
C           -3.93723748021472        0.77863989033248        0.04576661469720
H           -3.81307279984313       -0.07637924993198        0.69070807406710
H           -4.28648590906308        0.56862745395385       -0.95248559600765
11
 energy: -13.140371602601 gnorm: 0.001986719313 xtb: 6.7.1 (edcfbbe)
C           -3.68084175543776        2.00924556857995        0.45638459563095
C           -0.24753592256529        1.21342890612305       -0.42675742708001
H           -1.29035958206668        0.90990688545688       -0.36785132388357
H           -3.34192173400649        2.22046620672099        1.45760310887332
H           -3.80428026412724        2.86301499809295       -0.18893060694392
S           -0.12396097358702        2.91499745934953        0.11162908920494
H            0.36060408908991        0.59384114910740        0.22398220131813
H            0.10547147374860        1.13804782627204       -1.45169744824663
C           -3.91909300706340        0.78132733182544        0.04282872253805
H           -3.79543631210715       -0.07370448875413        0.68788990185202
H           -4.25611501187738        0.57027915722552       -0.95957481326342
11
 energy: -13.140378962339 gnorm: 0.000490291155 xtb: 6.7.1 (edcfbbe)
C           -3.68180033506731        2.00949981024912        0.45667276427324
C           -0.24798760663807        1.21291301722560       -0.42689601412365
H           -1.29117420275906        0.90575900453936       -0.37043524409209
H           -3.34578599957248        2.22082463701499        1.45864955167167
H           -3.80380801218351        2.86357827331071       -0.18912092991997
S           -0.12714892177549        2.91592287601856        0.11207528261315
H            0.36286846166817        0.59268882925464        0.22470383704199
H            0.10929105844974        1.14158893678530       -1.45128921452706
C           -3.91806297879378        0.78138726988824        0.04270689268033
H           -3.79625725304485       -0.07381936375055        0.68858177455748
H           -4.25360321028325        0.57050770946364       -0.96014270017523
11
 energy: -13.140380890479 gnorm: 0.000388107234 xtb: 6.7.1 (edcfbbe)
C           -3.68327700576514        2.00986525418710        0.45721519507753
C           -0.24743497358793        1.21254586487420       -0.42753239943340
H           -1.28970709174318        0.90282263147006       -0.37303690147675
H           -3.34918690951905        2.22139614022043        1.45978935290035
H           -3.80326302677785        2.86379414802095       -0.18916858586200
S           -0.13177489209839        2.91551689704864        0.11393554884395
H            0.36356866997531        0.59311725193134        0.22473315521610
H            0.11234271201037        1.14336194851371       -1.45110350741774
C           -3.91838660228449        0.78162162037098        0.04298083002702
H           -3.79678437359097       -0.07354043165277        0.68894287107075
H           -4.24956550661857        0.57034967501497       -0.96124955894595
