*** Saved NPZ with 1 atoms and 110 gridpoints.
*** Saved human-readable TXT: inp_data.txt
*** Saved NPZ with 3 atoms and 2 gridpoints.
*** Saved human-readable TXT: water_data.txt
Processing grid 0/109...
Processing grid 1/109...
Processing grid 2/109...
Processing grid 3/109...
Processing grid 4/109...
Processing grid 5/109...
Processing grid 6/109...
Processing grid 7/109...
Processing grid 8/109...
Processing grid 9/109...
Processing grid 10/109...
Processing grid 11/109...
Processing grid 12/109...
Processing grid 13/109...
Processing grid 14/109...
Processing grid 15/109...
Processing grid 16/109...
Processing grid 17/109...
Processing grid 18/109...
Processing grid 19/109...
Processing grid 20/109...
Processing grid 21/109...
Processing grid 22/109...
Processing grid 23/109...
Processing grid 24/109...
Processing grid 25/109...
Processing grid 26/109...
Processing grid 27/109...
Processing grid 28/109...
Processing grid 29/109...
Processing grid 30/109...
Processing grid 31/109...
Processing grid 32/109...
Processing grid 33/109...
Processing grid 34/109...
Processing grid 35/109...
Processing grid 36/109...
Processing grid 37/109...
Processing grid 38/109...
Processing grid 39/109...
Processing grid 40/109...
Processing grid 41/109...
Processing grid 42/109...
Processing grid 43/109...
Processing grid 44/109...
Processing grid 45/109...
Processing grid 46/109...
Processing grid 47/109...
Processing grid 48/109...
Processing grid 49/109...
Processing grid 50/109...
Processing grid 51/109...
Processing grid 52/109...
Processing grid 53/109...
Processing grid 54/109...
Processing grid 55/109...
Processing grid 56/109...
Processing grid 57/109...
Processing grid 58/109...
Processing grid 59/109...
Processing grid 60/109...
Processing grid 61/109...
Processing grid 62/109...
Processing grid 63/109...
Processing grid 64/109...
Processing grid 65/109...
Processing grid 66/109...
Processing grid 67/109...
Processing grid 68/109...
Processing grid 69/109...
Processing grid 70/109...
Processing grid 71/109...
Processing grid 72/109...
Processing grid 73/109...
Processing grid 74/109...
Processing grid 75/109...
Processing grid 76/109...
Processing grid 77/109...
Processing grid 78/109...
Processing grid 79/109...
Processing grid 80/109...
Processing grid 81/109...
Processing grid 82/109...
Processing grid 83/109...
Processing grid 84/109...
Processing grid 85/109...
Processing grid 86/109...
Processing grid 87/109...
Processing grid 88/109...
Processing grid 89/109...
Processing grid 90/109...
Processing grid 91/109...
Processing grid 92/109...
Processing grid 93/109...
Processing grid 94/109...
Processing grid 95/109...
Processing grid 96/109...
Processing grid 97/109...
Processing grid 98/109...
Processing grid 99/109...
Processing grid 100/109...
Processing grid 101/109...
Processing grid 102/109...
Processing grid 103/109...
Processing grid 104/109...
Processing grid 105/109...
Processing grid 106/109...
Processing grid 107/109...
Processing grid 108/109...
Processing grid 109/109...
*** Saved all SP results to /home/altraj24/files/chloride/molalign/OUT/tb_lite_results_shiftn0p3.json
Processing grid 0/109...
Processing grid 1/109...
Processing grid 2/109...
Processing grid 3/109...
Processing grid 4/109...
Processing grid 5/109...
Processing grid 6/109...
Processing grid 7/109...
Processing grid 8/109...
Processing grid 9/109...
Processing grid 10/109...
Processing grid 11/109...
Processing grid 12/109...
Processing grid 13/109...
Processing grid 14/109...
Processing grid 15/109...
Processing grid 16/109...
Processing grid 17/109...
Processing grid 18/109...
Processing grid 19/109...
Processing grid 20/109...
Processing grid 21/109...
Processing grid 22/109...
Processing grid 23/109...
Processing grid 24/109...
Processing grid 25/109...
Processing grid 26/109...
Processing grid 27/109...
Processing grid 28/109...
Processing grid 29/109...
Processing grid 30/109...
Processing grid 31/109...
Processing grid 32/109...
Processing grid 33/109...
Processing grid 34/109...
Processing grid 35/109...
Processing grid 36/109...
Processing grid 37/109...
Processing grid 38/109...
Processing grid 39/109...
Processing grid 40/109...
Processing grid 41/109...
Processing grid 42/109...
Processing grid 43/109...
Processing grid 44/109...
Processing grid 45/109...
Processing grid 46/109...
Processing grid 47/109...
Processing grid 48/109...
Processing grid 49/109...
Processing grid 50/109...
Processing grid 51/109...
Processing grid 52/109...
Processing grid 53/109...
Processing grid 54/109...
Processing grid 55/109...
Processing grid 56/109...
Processing grid 57/109...
Processing grid 58/109...
Processing grid 59/109...
Processing grid 60/109...
Processing grid 61/109...
Processing grid 62/109...
Processing grid 63/109...
Processing grid 64/109...
Processing grid 65/109...
Processing grid 66/109...
Processing grid 67/109...
Processing grid 68/109...
Processing grid 69/109...
Processing grid 70/109...
Processing grid 71/109...
Processing grid 72/109...
Processing grid 73/109...
Processing grid 74/109...
Processing grid 75/109...
Processing grid 76/109...
Processing grid 77/109...
Processing grid 78/109...
Processing grid 79/109...
Processing grid 80/109...
Processing grid 81/109...
Processing grid 82/109...
Processing grid 83/109...
Processing grid 84/109...
Processing grid 85/109...
Processing grid 86/109...
Processing grid 87/109...
Processing grid 88/109...
Processing grid 89/109...
Processing grid 90/109...
Processing grid 91/109...
Processing grid 92/109...
Processing grid 93/109...
Processing grid 94/109...
Processing grid 95/109...
Processing grid 96/109...
Processing grid 97/109...
Processing grid 98/109...
Processing grid 99/109...
Processing grid 100/109...
Processing grid 101/109...
Processing grid 102/109...
Processing grid 103/109...
Processing grid 104/109...
Processing grid 105/109...
Processing grid 106/109...
Processing grid 107/109...
Processing grid 108/109...
Processing grid 109/109...
*** Saved all SP results to /home/altraj24/files/chloride/molalign/OUT/tb_lite_results_shiftn0p25.json
Processing grid 0/109...
Processing grid 1/109...
Processing grid 2/109...
Processing grid 3/109...
Processing grid 4/109...
Processing grid 5/109...
Processing grid 6/109...
Processing grid 7/109...
Processing grid 8/109...
Processing grid 9/109...
Processing grid 10/109...
Processing grid 11/109...
Processing grid 12/109...
Processing grid 13/109...
Processing grid 14/109...
Processing grid 15/109...
Processing grid 16/109...
Processing grid 17/109...
Processing grid 18/109...
Processing grid 19/109...
Processing grid 20/109...
Processing grid 21/109...
Processing grid 22/109...
Processing grid 23/109...
Processing grid 24/109...
Processing grid 25/109...
Processing grid 26/109...
Processing grid 27/109...
Processing grid 28/109...
Processing grid 29/109...
Processing grid 30/109...
Processing grid 31/109...
Processing grid 32/109...
Processing grid 33/109...
Processing grid 34/109...
Processing grid 35/109...
Processing grid 36/109...
Processing grid 37/109...
Processing grid 38/109...
Processing grid 39/109...
Processing grid 40/109...
Processing grid 41/109...
Processing grid 42/109...
Processing grid 43/109...
Processing grid 44/109...
Processing grid 45/109...
Processing grid 46/109...
Processing grid 47/109...
Processing grid 48/109...
Processing grid 49/109...
Processing grid 50/109...
Processing grid 51/109...
Processing grid 52/109...
Processing grid 53/109...
Processing grid 54/109...
Processing grid 55/109...
Processing grid 56/109...
Processing grid 57/109...
Processing grid 58/109...
Processing grid 59/109...
Processing grid 60/109...
Processing grid 61/109...
Processing grid 62/109...
Processing grid 63/109...
Processing grid 64/109...
Processing grid 65/109...
Processing grid 66/109...
Processing grid 67/109...
Processing grid 68/109...
Processing grid 69/109...
Processing grid 70/109...
Processing grid 71/109...
Processing grid 72/109...
Processing grid 73/109...
Processing grid 74/109...
Processing grid 75/109...
Processing grid 76/109...
Processing grid 77/109...
Processing grid 78/109...
Processing grid 79/109...
Processing grid 80/109...
Processing grid 81/109...
Processing grid 82/109...
Processing grid 83/109...
Processing grid 84/109...
Processing grid 85/109...
Processing grid 86/109...
Processing grid 87/109...
Processing grid 88/109...
Processing grid 89/109...
Processing grid 90/109...
Processing grid 91/109...
Processing grid 92/109...
Processing grid 93/109...
Processing grid 94/109...
Processing grid 95/109...
Processing grid 96/109...
Processing grid 97/109...
Processing grid 98/109...
Processing grid 99/109...
Processing grid 100/109...
Processing grid 101/109...
Processing grid 102/109...
Processing grid 103/109...
Processing grid 104/109...
Processing grid 105/109...
Processing grid 106/109...
Processing grid 107/109...
Processing grid 108/109...
Processing grid 109/109...
*** Saved all SP results to /home/altraj24/files/chloride/molalign/OUT/tb_lite_results_shiftn0p2.json
Processing grid 0/109...
Processing grid 1/109...
Processing grid 2/109...
Processing grid 3/109...
Processing grid 4/109...
Processing grid 5/109...
Processing grid 6/109...
Processing grid 7/109...
Processing grid 8/109...
Processing grid 9/109...
Processing grid 10/109...
Processing grid 11/109...
Processing grid 12/109...
Processing grid 13/109...
Processing grid 14/109...
Processing grid 15/109...
Processing grid 16/109...
Processing grid 17/109...
Processing grid 18/109...
Processing grid 19/109...
Processing grid 20/109...
Processing grid 21/109...
Processing grid 22/109...
Processing grid 23/109...
Processing grid 24/109...
Processing grid 25/109...
Processing grid 26/109...
Processing grid 27/109...
Processing grid 28/109...
Processing grid 29/109...
Processing grid 30/109...
Processing grid 31/109...
Processing grid 32/109...
Processing grid 33/109...
Processing grid 34/109...
Processing grid 35/109...
Processing grid 36/109...
Processing grid 37/109...
Processing grid 38/109...
Processing grid 39/109...
Processing grid 40/109...
Processing grid 41/109...
Processing grid 42/109...
Processing grid 43/109...
Processing grid 44/109...
Processing grid 45/109...
Processing grid 46/109...
Processing grid 47/109...
Processing grid 48/109...
Processing grid 49/109...
Processing grid 50/109...
Processing grid 51/109...
Processing grid 52/109...
Processing grid 53/109...
Processing grid 54/109...
Processing grid 55/109...
Processing grid 56/109...
Processing grid 57/109...
Processing grid 58/109...
Processing grid 59/109...
Processing grid 60/109...
Processing grid 61/109...
Processing grid 62/109...
Processing grid 63/109...
Processing grid 64/109...
Processing grid 65/109...
Processing grid 66/109...
Processing grid 67/109...
Processing grid 68/109...
Processing grid 69/109...
Processing grid 70/109...
Processing grid 71/109...
Processing grid 72/109...
Processing grid 73/109...
Processing grid 74/109...
Processing grid 75/109...
Processing grid 76/109...
Processing grid 77/109...
Processing grid 78/109...
Processing grid 79/109...
Processing grid 80/109...
Processing grid 81/109...
Processing grid 82/109...
Processing grid 83/109...
Processing grid 84/109...
Processing grid 85/109...
Processing grid 86/109...
Processing grid 87/109...
Processing grid 88/109...
Processing grid 89/109...
Processing grid 90/109...
Processing grid 91/109...
Processing grid 92/109...
Processing grid 93/109...
Processing grid 94/109...
Processing grid 95/109...
Processing grid 96/109...
Processing grid 97/109...
Processing grid 98/109...
Processing grid 99/109...
Processing grid 100/109...
Processing grid 101/109...
Processing grid 102/109...
Processing grid 103/109...
Processing grid 104/109...
Processing grid 105/109...
Processing grid 106/109...
Processing grid 107/109...
Processing grid 108/109...
Processing grid 109/109...
*** Saved all SP results to /home/altraj24/files/chloride/molalign/OUT/tb_lite_results_shiftn0p15.json
Processing grid 0/109...
Processing grid 1/109...
Processing grid 2/109...
Processing grid 3/109...
Processing grid 4/109...
Processing grid 5/109...
Processing grid 6/109...
Processing grid 7/109...
Processing grid 8/109...
Processing grid 9/109...
Processing grid 10/109...
Processing grid 11/109...
Processing grid 12/109...
Processing grid 13/109...
Processing grid 14/109...
Processing grid 15/109...
Processing grid 16/109...
Processing grid 17/109...
Processing grid 18/109...
Processing grid 19/109...
Processing grid 20/109...
Processing grid 21/109...
Processing grid 22/109...
Processing grid 23/109...
Processing grid 24/109...
Processing grid 25/109...
Processing grid 26/109...
Processing grid 27/109...
Processing grid 28/109...
Processing grid 29/109...
Processing grid 30/109...
Processing grid 31/109...
Processing grid 32/109...
Processing grid 33/109...
Processing grid 34/109...
Processing grid 35/109...
Processing grid 36/109...
Processing grid 37/109...
Processing grid 38/109...
Processing grid 39/109...
Processing grid 40/109...
Processing grid 41/109...
Processing grid 42/109...
Processing grid 43/109...
Processing grid 44/109...
Processing grid 45/109...
Processing grid 46/109...
Processing grid 47/109...
Processing grid 48/109...
Processing grid 49/109...
Processing grid 50/109...
Processing grid 51/109...
Processing grid 52/109...
Processing grid 53/109...
Processing grid 54/109...
Processing grid 55/109...
Processing grid 56/109...
Processing grid 57/109...
Processing grid 58/109...
Processing grid 59/109...
Processing grid 60/109...
Processing grid 61/109...
Processing grid 62/109...
Processing grid 63/109...
Processing grid 64/109...
Processing grid 65/109...
Processing grid 66/109...
Processing grid 67/109...
Processing grid 68/109...
Processing grid 69/109...
Processing grid 70/109...
Processing grid 71/109...
Processing grid 72/109...
Processing grid 73/109...
Processing grid 74/109...
Processing grid 75/109...
Processing grid 76/109...
Processing grid 77/109...
Processing grid 78/109...
Processing grid 79/109...
Processing grid 80/109...
Processing grid 81/109...
Processing grid 82/109...
Processing grid 83/109...
Processing grid 84/109...
Processing grid 85/109...
Processing grid 86/109...
Processing grid 87/109...
Processing grid 88/109...
Processing grid 89/109...
Processing grid 90/109...
Processing grid 91/109...
Processing grid 92/109...
Processing grid 93/109...
Processing grid 94/109...
Processing grid 95/109...
Processing grid 96/109...
Processing grid 97/109...
Processing grid 98/109...
Processing grid 99/109...
Processing grid 100/109...
Processing grid 101/109...
Processing grid 102/109...
Processing grid 103/109...
Processing grid 104/109...
Processing grid 105/109...
Processing grid 106/109...
Processing grid 107/109...
Processing grid 108/109...
Processing grid 109/109...
*** Saved all SP results to /home/altraj24/files/chloride/molalign/OUT/tb_lite_results_shiftn0p1.json
Processing grid 0/109...
Processing grid 1/109...
Processing grid 2/109...
Processing grid 3/109...
Processing grid 4/109...
Processing grid 5/109...
Processing grid 6/109...
Processing grid 7/109...
Processing grid 8/109...
Processing grid 9/109...
Processing grid 10/109...
Processing grid 11/109...
Processing grid 12/109...
Processing grid 13/109...
Processing grid 14/109...
Processing grid 15/109...
Processing grid 16/109...
Processing grid 17/109...
Processing grid 18/109...
Processing grid 19/109...
Processing grid 20/109...
Processing grid 21/109...
Processing grid 22/109...
Processing grid 23/109...
Processing grid 24/109...
Processing grid 25/109...
Processing grid 26/109...
Processing grid 27/109...
Processing grid 28/109...
Processing grid 29/109...
Processing grid 30/109...
Processing grid 31/109...
Processing grid 32/109...
Processing grid 33/109...
Processing grid 34/109...
Processing grid 35/109...
Processing grid 36/109...
Processing grid 37/109...
Processing grid 38/109...
Processing grid 39/109...
Processing grid 40/109...
Processing grid 41/109...
Processing grid 42/109...
Processing grid 43/109...
Processing grid 44/109...
Processing grid 45/109...
Processing grid 46/109...
Processing grid 47/109...
Processing grid 48/109...
Processing grid 49/109...
Processing grid 50/109...
Processing grid 51/109...
Processing grid 52/109...
Processing grid 53/109...
Processing grid 54/109...
Processing grid 55/109...
Processing grid 56/109...
Processing grid 57/109...
Processing grid 58/109...
Processing grid 59/109...
Processing grid 60/109...
Processing grid 61/109...
Processing grid 62/109...
Processing grid 63/109...
Processing grid 64/109...
Processing grid 65/109...
Processing grid 66/109...
Processing grid 67/109...
Processing grid 68/109...
Processing grid 69/109...
Processing grid 70/109...
Processing grid 71/109...
Processing grid 72/109...
Processing grid 73/109...
Processing grid 74/109...
Processing grid 75/109...
Processing grid 76/109...
Processing grid 77/109...
Processing grid 78/109...
Processing grid 79/109...
Processing grid 80/109...
Processing grid 81/109...
Processing grid 82/109...
Processing grid 83/109...
Processing grid 84/109...
Processing grid 85/109...
Processing grid 86/109...
Processing grid 87/109...
Processing grid 88/109...
Processing grid 89/109...
Processing grid 90/109...
Processing grid 91/109...
Processing grid 92/109...
Processing grid 93/109...
Processing grid 94/109...
Processing grid 95/109...
Processing grid 96/109...
Processing grid 97/109...
Processing grid 98/109...
Processing grid 99/109...
Processing grid 100/109...
Processing grid 101/109...
Processing grid 102/109...
Processing grid 103/109...
Processing grid 104/109...
Processing grid 105/109...
Processing grid 106/109...
Processing grid 107/109...
Processing grid 108/109...
Processing grid 109/109...
*** Saved all SP results to /home/altraj24/files/chloride/molalign/OUT/tb_lite_results_shiftn0p05.json
Processing grid 0/109...
Processing grid 1/109...
Processing grid 2/109...
Processing grid 3/109...
Processing grid 4/109...
Processing grid 5/109...
Processing grid 6/109...
Processing grid 7/109...
Processing grid 8/109...
Processing grid 9/109...
Processing grid 10/109...
Processing grid 11/109...
Processing grid 12/109...
Processing grid 13/109...
Processing grid 14/109...
Processing grid 15/109...
Processing grid 16/109...
Processing grid 17/109...
Processing grid 18/109...
Processing grid 19/109...
Processing grid 20/109...
Processing grid 21/109...
Processing grid 22/109...
Processing grid 23/109...
Processing grid 24/109...
Processing grid 25/109...
Processing grid 26/109...
Processing grid 27/109...
Processing grid 28/109...
Processing grid 29/109...
Processing grid 30/109...
Processing grid 31/109...
Processing grid 32/109...
Processing grid 33/109...
Processing grid 34/109...
Processing grid 35/109...
Processing grid 36/109...
Processing grid 37/109...
Processing grid 38/109...
Processing grid 39/109...
Processing grid 40/109...
Processing grid 41/109...
Processing grid 42/109...
Processing grid 43/109...
Processing grid 44/109...
Processing grid 45/109...
Processing grid 46/109...
Processing grid 47/109...
Processing grid 48/109...
Processing grid 49/109...
Processing grid 50/109...
Processing grid 51/109...
Processing grid 52/109...
Processing grid 53/109...
Processing grid 54/109...
Processing grid 55/109...
Processing grid 56/109...
Processing grid 57/109...
Processing grid 58/109...
Processing grid 59/109...
Processing grid 60/109...
Processing grid 61/109...
Processing grid 62/109...
Processing grid 63/109...
Processing grid 64/109...
Processing grid 65/109...
Processing grid 66/109...
Processing grid 67/109...
Processing grid 68/109...
Processing grid 69/109...
Processing grid 70/109...
Processing grid 71/109...
Processing grid 72/109...
Processing grid 73/109...
Processing grid 74/109...
Processing grid 75/109...
Processing grid 76/109...
Processing grid 77/109...
Processing grid 78/109...
Processing grid 79/109...
Processing grid 80/109...
Processing grid 81/109...
Processing grid 82/109...
Processing grid 83/109...
Processing grid 84/109...
Processing grid 85/109...
Processing grid 86/109...
Processing grid 87/109...
Processing grid 88/109...
Processing grid 89/109...
Processing grid 90/109...
Processing grid 91/109...
Processing grid 92/109...
Processing grid 93/109...
Processing grid 94/109...
Processing grid 95/109...
Processing grid 96/109...
Processing grid 97/109...
Processing grid 98/109...
Processing grid 99/109...
Processing grid 100/109...
Processing grid 101/109...
Processing grid 102/109...
Processing grid 103/109...
Processing grid 104/109...
Processing grid 105/109...
Processing grid 106/109...
Processing grid 107/109...
Processing grid 108/109...
Processing grid 109/109...
*** Saved all SP results to /home/altraj24/files/chloride/molalign/OUT/tb_lite_results_original.json

*** Running: cpcm-reader /home/altraj24/files/chloride/molalign/inp.cpcm inp

*** Running: cpcm-reader /home/altraj24/files/chloride/molalign/water.cpcm water
*** Saved shifted NPZ (-0.3 Å): /home/altraj24/files/chloride/molalign/OUT/solute_data_shiftn0p3.npz
*** Saved shifted NPZ (-0.25 Å): /home/altraj24/files/chloride/molalign/OUT/solute_data_shiftn0p25.npz
*** Saved shifted NPZ (-0.2 Å): /home/altraj24/files/chloride/molalign/OUT/solute_data_shiftn0p2.npz
*** Saved shifted NPZ (-0.15 Å): /home/altraj24/files/chloride/molalign/OUT/solute_data_shiftn0p15.npz
*** Saved shifted NPZ (-0.1 Å): /home/altraj24/files/chloride/molalign/OUT/solute_data_shiftn0p1.npz
*** Saved shifted NPZ (-0.05 Å): /home/altraj24/files/chloride/molalign/OUT/solute_data_shiftn0p05.npz
*** Saved shifted NPZ (+0.0 Å): /home/altraj24/files/chloride/molalign/OUT/solute_data_original.npz

*** Running: align-grid-tb /home/altraj24/files/chloride/molalign/OUT/solute_data_shiftn0p3.npz /home/altraj24/files/chloride/molalign/OUT/water_data.npz 0,90,180,270 --charge -1 --out /home/altraj24/files/chloride/molalign/OUT/tb_lite_results_shiftn0p3.json

*** Running: align-grid-tb /home/altraj24/files/chloride/molalign/OUT/solute_data_shiftn0p25.npz /home/altraj24/files/chloride/molalign/OUT/water_data.npz 0,90,180,270 --charge -1 --out /home/altraj24/files/chloride/molalign/OUT/tb_lite_results_shiftn0p25.json

*** Running: align-grid-tb /home/altraj24/files/chloride/molalign/OUT/solute_data_shiftn0p2.npz /home/altraj24/files/chloride/molalign/OUT/water_data.npz 0,90,180,270 --charge -1 --out /home/altraj24/files/chloride/molalign/OUT/tb_lite_results_shiftn0p2.json

*** Running: align-grid-tb /home/altraj24/files/chloride/molalign/OUT/solute_data_shiftn0p15.npz /home/altraj24/files/chloride/molalign/OUT/water_data.npz 0,90,180,270 --charge -1 --out /home/altraj24/files/chloride/molalign/OUT/tb_lite_results_shiftn0p15.json

*** Running: align-grid-tb /home/altraj24/files/chloride/molalign/OUT/solute_data_shiftn0p1.npz /home/altraj24/files/chloride/molalign/OUT/water_data.npz 0,90,180,270 --charge -1 --out /home/altraj24/files/chloride/molalign/OUT/tb_lite_results_shiftn0p1.json

*** Running: align-grid-tb /home/altraj24/files/chloride/molalign/OUT/solute_data_shiftn0p05.npz /home/altraj24/files/chloride/molalign/OUT/water_data.npz 0,90,180,270 --charge -1 --out /home/altraj24/files/chloride/molalign/OUT/tb_lite_results_shiftn0p05.json

*** Running: align-grid-tb /home/altraj24/files/chloride/molalign/OUT/solute_data_original.npz /home/altraj24/files/chloride/molalign/OUT/water_data.npz 0,90,180,270 --charge -1 --out /home/altraj24/files/chloride/molalign/OUT/tb_lite_results_original.json

*** All computations complete. Results saved in:
    /home/altraj24/files/chloride/molalign/OUT/tb_lite_results_shiftn0p3.json
    /home/altraj24/files/chloride/molalign/OUT/tb_lite_results_shiftn0p25.json
    /home/altraj24/files/chloride/molalign/OUT/tb_lite_results_shiftn0p2.json
    /home/altraj24/files/chloride/molalign/OUT/tb_lite_results_shiftn0p15.json
    /home/altraj24/files/chloride/molalign/OUT/tb_lite_results_shiftn0p1.json
    /home/altraj24/files/chloride/molalign/OUT/tb_lite_results_shiftn0p05.json
    /home/altraj24/files/chloride/molalign/OUT/tb_lite_results_original.json
