6
 energy: -14.311429961572 gnorm: 0.159222840038 xtb: 6.7.1 (edcfbbe)
N           -6.63757600000000       -2.95397500000000        3.32841600000000
C           -5.52133800000000       -2.62563900000000        2.51452900000000
H           -5.73958800000000       -2.62011700000000        1.46292900000000
O           -7.71982500000000       -3.09838300000000        2.75362200000000
H           -4.59045300000000       -2.59457700000000        3.04934900000000
O           -6.42734300000000       -3.06693400000000        4.53896800000000
6
 energy: -14.321768837683 gnorm: 0.081388458458 xtb: 6.7.1 (edcfbbe)
N           -6.60685913390360       -2.97386505080596        3.30650732542928
C           -5.54492099140329       -2.64059059922382        2.53185222163856
H           -5.72891152052224       -2.61348592891140        1.47695590054296
O           -7.72709699916976       -3.08748244550832        2.75154918835088
H           -4.60061907507640       -2.58773015059763        3.03476216598780
O           -6.42771527992471       -3.05647082495287        4.54618619805052
6
 energy: -14.318560583300 gnorm: 0.091390807993 xtb: 6.7.1 (edcfbbe)
N           -6.59286151066362       -2.85633013216804        3.29428858514693
C           -5.57893265244127       -2.66962393193902        2.55692619895776
H           -5.70255342254171       -2.61648714048618        1.49054503796353
O           -7.72827830136796       -3.12842082210403        2.75240914458560
H           -4.60546037076067       -2.59071157082511        3.00572245839427
O           -6.42803674222476       -3.09805140247762        4.54792157495191
6
 energy: -14.325422380364 gnorm: 0.017121246602 xtb: 6.7.1 (edcfbbe)
N           -6.58999429584068       -2.96309793848167        3.29408126518483
C           -5.56303540170383       -2.68738704560222        2.54572506854992
H           -5.69786851788939       -2.59278882444417        1.48050682954278
O           -7.74281865733124       -3.08986882694813        2.76758998999774
H           -4.59474957388259       -2.56691036681006        3.00383972159949
O           -6.44765655335227       -3.05957199771374        4.55607012512523
6
 energy: -14.325501402038 gnorm: 0.014927094158 xtb: 6.7.1 (edcfbbe)
N           -6.59972241612238       -2.94608887318147        3.30083950670220
C           -5.55719183629679       -2.67643917790377        2.54131805441072
H           -5.69574889785350       -2.59830288524351        1.47937129185924
O           -7.74185925817601       -3.09829075914637        2.76905713237335
H           -4.59295511035912       -2.57261273990854        3.00228115564918
O           -6.44864548119220       -3.06789056461636        4.55494585900531
6
 energy: -14.325624659110 gnorm: 0.001680045385 xtb: 6.7.1 (edcfbbe)
N           -6.59572789437112       -2.95132103503918        3.29803400385337
C           -5.55985014303759       -2.68391013243978        2.54336914370014
H           -5.69340485360326       -2.59458107175862        1.48038072536275
O           -7.74291372780291       -3.09562172429420        2.77114513633273
H           -4.59323679914056       -2.56887222091032        2.99966384139363
O           -6.45098958204456       -3.06531881555791        4.55522014935738
6
 energy: -14.325629393347 gnorm: 0.000826145086 xtb: 6.7.1 (edcfbbe)
N           -6.59538034200512       -2.95191763001116        3.29779150450421
C           -5.55981575465866       -2.68625674141635        2.54338906645712
H           -5.69185342669167       -2.59334756334640        1.48081139676904
O           -7.74305688315162       -3.09534901276900        2.77303794180119
H           -4.59318239505476       -2.56762576715991        2.99802673543566
O           -6.45283419843817       -3.06512828529717        4.55475635503277
