*** Saved NPZ with 3 atoms and 244 gridpoints.
*** Saved human-readable TXT: inp_data.txt
*** Saved NPZ with 3 atoms and 2 gridpoints.
*** Saved human-readable TXT: water_data.txt
Processing grid 0/243...
Processing grid 1/243...
Processing grid 2/243...
Processing grid 3/243...
Processing grid 4/243...
Processing grid 5/243...
Processing grid 6/243...
Processing grid 7/243...
Processing grid 8/243...
Processing grid 9/243...
Processing grid 10/243...
Processing grid 11/243...
Processing grid 12/243...
Processing grid 13/243...
Processing grid 14/243...
Processing grid 15/243...
Processing grid 16/243...
Processing grid 17/243...
Processing grid 18/243...
Processing grid 19/243...
Processing grid 20/243...
Processing grid 21/243...
Processing grid 22/243...
Processing grid 23/243...
Processing grid 24/243...
Processing grid 25/243...
Processing grid 26/243...
Processing grid 27/243...
Processing grid 28/243...
Processing grid 29/243...
Processing grid 30/243...
Processing grid 31/243...
Processing grid 32/243...
Processing grid 33/243...
Processing grid 34/243...
Processing grid 35/243...
Processing grid 36/243...
Processing grid 37/243...
Processing grid 38/243...
Processing grid 39/243...
Processing grid 40/243...
Processing grid 41/243...
Processing grid 42/243...
Processing grid 43/243...
Processing grid 44/243...
Processing grid 45/243...
Processing grid 46/243...
Processing grid 47/243...
Processing grid 48/243...
Processing grid 49/243...
Processing grid 50/243...
Processing grid 51/243...
Processing grid 52/243...
Processing grid 53/243...
Processing grid 54/243...
Processing grid 55/243...
Processing grid 56/243...
Processing grid 57/243...
Processing grid 58/243...
Processing grid 59/243...
Processing grid 60/243...
Processing grid 61/243...
Processing grid 62/243...
Processing grid 63/243...
Processing grid 64/243...
Processing grid 65/243...
Processing grid 66/243...
Processing grid 67/243...
Processing grid 68/243...
Processing grid 69/243...
Processing grid 70/243...
Processing grid 71/243...
Processing grid 72/243...
Processing grid 73/243...
Processing grid 74/243...
Processing grid 75/243...
Processing grid 76/243...
Processing grid 77/243...
Processing grid 78/243...
Processing grid 79/243...
Processing grid 80/243...
Processing grid 81/243...
Processing grid 82/243...
Processing grid 83/243...
Processing grid 84/243...
Processing grid 85/243...
Processing grid 86/243...
Processing grid 87/243...
Processing grid 88/243...
Processing grid 89/243...
Processing grid 90/243...
Processing grid 91/243...
Processing grid 92/243...
Processing grid 93/243...
Processing grid 94/243...
Processing grid 95/243...
Processing grid 96/243...
Processing grid 97/243...
Processing grid 98/243...
Processing grid 99/243...
Processing grid 100/243...
Processing grid 101/243...
Processing grid 102/243...
Processing grid 103/243...
Processing grid 104/243...
Processing grid 105/243...
Processing grid 106/243...
Processing grid 107/243...
Processing grid 108/243...
Processing grid 109/243...
Processing grid 110/243...
Processing grid 111/243...
Processing grid 112/243...
Processing grid 113/243...
Processing grid 114/243...
Processing grid 115/243...
Processing grid 116/243...
Processing grid 117/243...
Processing grid 118/243...
Processing grid 119/243...
Processing grid 120/243...
Processing grid 121/243...
Processing grid 122/243...
Processing grid 123/243...
Processing grid 124/243...
Processing grid 125/243...
Processing grid 126/243...
Processing grid 127/243...
Processing grid 128/243...
Processing grid 129/243...
Processing grid 130/243...
Processing grid 131/243...
Processing grid 132/243...
Processing grid 133/243...
Processing grid 134/243...
Processing grid 135/243...
Processing grid 136/243...
Processing grid 137/243...
Processing grid 138/243...
Processing grid 139/243...
Processing grid 140/243...
Processing grid 141/243...
Processing grid 142/243...
Processing grid 143/243...
Processing grid 144/243...
Processing grid 145/243...
Processing grid 146/243...
Processing grid 147/243...
Processing grid 148/243...
Processing grid 149/243...
Processing grid 150/243...
Processing grid 151/243...
Processing grid 152/243...
Processing grid 153/243...
Processing grid 154/243...
Processing grid 155/243...
Processing grid 156/243...
Processing grid 157/243...
Processing grid 158/243...
Processing grid 159/243...
Processing grid 160/243...
Processing grid 161/243...
Processing grid 162/243...
Processing grid 163/243...
Processing grid 164/243...
Processing grid 165/243...
Processing grid 166/243...
Processing grid 167/243...
Processing grid 168/243...
Processing grid 169/243...
Processing grid 170/243...
Processing grid 171/243...
Processing grid 172/243...
Processing grid 173/243...
Processing grid 174/243...
Processing grid 175/243...
Processing grid 176/243...
Processing grid 177/243...
Processing grid 178/243...
Processing grid 179/243...
Processing grid 180/243...
Processing grid 181/243...
Processing grid 182/243...
Processing grid 183/243...
Processing grid 184/243...
Processing grid 185/243...
Processing grid 186/243...
Processing grid 187/243...
Processing grid 188/243...
Processing grid 189/243...
Processing grid 190/243...
Processing grid 191/243...
Processing grid 192/243...
Processing grid 193/243...
Processing grid 194/243...
Processing grid 195/243...
Processing grid 196/243...
Processing grid 197/243...
Processing grid 198/243...
Processing grid 199/243...
Processing grid 200/243...
Processing grid 201/243...
Processing grid 202/243...
Processing grid 203/243...
Processing grid 204/243...
Processing grid 205/243...
Processing grid 206/243...
Processing grid 207/243...
Processing grid 208/243...
Processing grid 209/243...
Processing grid 210/243...
Processing grid 211/243...
Processing grid 212/243...
Processing grid 213/243...
Processing grid 214/243...
Processing grid 215/243...
Processing grid 216/243...
Processing grid 217/243...
Processing grid 218/243...
Processing grid 219/243...
Processing grid 220/243...
Processing grid 221/243...
Processing grid 222/243...
Processing grid 223/243...
Processing grid 224/243...
Processing grid 225/243...
Processing grid 226/243...
Processing grid 227/243...
Processing grid 228/243...
Processing grid 229/243...
Processing grid 230/243...
Processing grid 231/243...
Processing grid 232/243...
Processing grid 233/243...
Processing grid 234/243...
Processing grid 235/243...
Processing grid 236/243...
Processing grid 237/243...
Processing grid 238/243...
Processing grid 239/243...
Processing grid 240/243...
Processing grid 241/243...
Processing grid 242/243...
Processing grid 243/243...
*** Saved all SP results to /home/altraj24/files/hydrogenperoxide_anion/molalign/OUT/tb_lite_results_shiftn0p3.json
Processing grid 0/243...
Processing grid 1/243...
Processing grid 2/243...
Processing grid 3/243...
Processing grid 4/243...
Processing grid 5/243...
Processing grid 6/243...
Processing grid 7/243...
Processing grid 8/243...
Processing grid 9/243...
Processing grid 10/243...
Processing grid 11/243...
Processing grid 12/243...
Processing grid 13/243...
Processing grid 14/243...
Processing grid 15/243...
Processing grid 16/243...
Processing grid 17/243...
Processing grid 18/243...
Processing grid 19/243...
Processing grid 20/243...
Processing grid 21/243...
Processing grid 22/243...
Processing grid 23/243...
Processing grid 24/243...
Processing grid 25/243...
Processing grid 26/243...
Processing grid 27/243...
Processing grid 28/243...
Processing grid 29/243...
Processing grid 30/243...
Processing grid 31/243...
Processing grid 32/243...
Processing grid 33/243...
Processing grid 34/243...
Processing grid 35/243...
Processing grid 36/243...
Processing grid 37/243...
Processing grid 38/243...
Processing grid 39/243...
Processing grid 40/243...
Processing grid 41/243...
Processing grid 42/243...
Processing grid 43/243...
Processing grid 44/243...
Processing grid 45/243...
Processing grid 46/243...
Processing grid 47/243...
Processing grid 48/243...
Processing grid 49/243...
Processing grid 50/243...
Processing grid 51/243...
Processing grid 52/243...
Processing grid 53/243...
Processing grid 54/243...
Processing grid 55/243...
Processing grid 56/243...
Processing grid 57/243...
Processing grid 58/243...
Processing grid 59/243...
Processing grid 60/243...
Processing grid 61/243...
Processing grid 62/243...
Processing grid 63/243...
Processing grid 64/243...
Processing grid 65/243...
Processing grid 66/243...
Processing grid 67/243...
Processing grid 68/243...
Processing grid 69/243...
Processing grid 70/243...
Processing grid 71/243...
Processing grid 72/243...
Processing grid 73/243...
Processing grid 74/243...
Processing grid 75/243...
Processing grid 76/243...
Processing grid 77/243...
Processing grid 78/243...
Processing grid 79/243...
Processing grid 80/243...
Processing grid 81/243...
Processing grid 82/243...
Processing grid 83/243...
Processing grid 84/243...
Processing grid 85/243...
Processing grid 86/243...
Processing grid 87/243...
Processing grid 88/243...
Processing grid 89/243...
Processing grid 90/243...
Processing grid 91/243...
Processing grid 92/243...
Processing grid 93/243...
Processing grid 94/243...
Processing grid 95/243...
Processing grid 96/243...
Processing grid 97/243...
Processing grid 98/243...
Processing grid 99/243...
Processing grid 100/243...
Processing grid 101/243...
Processing grid 102/243...
Processing grid 103/243...
Processing grid 104/243...
Processing grid 105/243...
Processing grid 106/243...
Processing grid 107/243...
Processing grid 108/243...
Processing grid 109/243...
Processing grid 110/243...
Processing grid 111/243...
Processing grid 112/243...
Processing grid 113/243...
Processing grid 114/243...
Processing grid 115/243...
Processing grid 116/243...
Processing grid 117/243...
Processing grid 118/243...
Processing grid 119/243...
Processing grid 120/243...
Processing grid 121/243...
Processing grid 122/243...
Processing grid 123/243...
Processing grid 124/243...
Processing grid 125/243...
Processing grid 126/243...
Processing grid 127/243...
Processing grid 128/243...
Processing grid 129/243...
Processing grid 130/243...
Processing grid 131/243...
Processing grid 132/243...
Processing grid 133/243...
Processing grid 134/243...
Processing grid 135/243...
Processing grid 136/243...
Processing grid 137/243...
Processing grid 138/243...
Processing grid 139/243...
Processing grid 140/243...
Processing grid 141/243...
Processing grid 142/243...
Processing grid 143/243...
Processing grid 144/243...
Processing grid 145/243...
Processing grid 146/243...
Processing grid 147/243...
Processing grid 148/243...
Processing grid 149/243...
Processing grid 150/243...
Processing grid 151/243...
Processing grid 152/243...
Processing grid 153/243...
Processing grid 154/243...
Processing grid 155/243...
Processing grid 156/243...
Processing grid 157/243...
Processing grid 158/243...
Processing grid 159/243...
Processing grid 160/243...
Processing grid 161/243...
Processing grid 162/243...
Processing grid 163/243...
Processing grid 164/243...
Processing grid 165/243...
Processing grid 166/243...
Processing grid 167/243...
Processing grid 168/243...
Processing grid 169/243...
Processing grid 170/243...
Processing grid 171/243...
Processing grid 172/243...
Processing grid 173/243...
Processing grid 174/243...
Processing grid 175/243...
Processing grid 176/243...
Processing grid 177/243...
Processing grid 178/243...
Processing grid 179/243...
Processing grid 180/243...
Processing grid 181/243...
Processing grid 182/243...
Processing grid 183/243...
Processing grid 184/243...
Processing grid 185/243...
Processing grid 186/243...
Processing grid 187/243...
Processing grid 188/243...
Processing grid 189/243...
Processing grid 190/243...
Processing grid 191/243...
Processing grid 192/243...
Processing grid 193/243...
Processing grid 194/243...
Processing grid 195/243...
Processing grid 196/243...
Processing grid 197/243...
Processing grid 198/243...
Processing grid 199/243...
Processing grid 200/243...
Processing grid 201/243...
Processing grid 202/243...
Processing grid 203/243...
Processing grid 204/243...
Processing grid 205/243...
Processing grid 206/243...
Processing grid 207/243...
Processing grid 208/243...
Processing grid 209/243...
Processing grid 210/243...
Processing grid 211/243...
Processing grid 212/243...
Processing grid 213/243...
Processing grid 214/243...
Processing grid 215/243...
Processing grid 216/243...
Processing grid 217/243...
Processing grid 218/243...
Processing grid 219/243...
Processing grid 220/243...
Processing grid 221/243...
Processing grid 222/243...
Processing grid 223/243...
Processing grid 224/243...
Processing grid 225/243...
Processing grid 226/243...
Processing grid 227/243...
Processing grid 228/243...
Processing grid 229/243...
Processing grid 230/243...
Processing grid 231/243...
Processing grid 232/243...
Processing grid 233/243...
Processing grid 234/243...
Processing grid 235/243...
Processing grid 236/243...
Processing grid 237/243...
Processing grid 238/243...
Processing grid 239/243...
Processing grid 240/243...
Processing grid 241/243...
Processing grid 242/243...
Processing grid 243/243...
*** Saved all SP results to /home/altraj24/files/hydrogenperoxide_anion/molalign/OUT/tb_lite_results_shiftn0p25.json
Processing grid 0/243...
Processing grid 1/243...
Processing grid 2/243...
Processing grid 3/243...
Processing grid 4/243...
Processing grid 5/243...
Processing grid 6/243...
Processing grid 7/243...
Processing grid 8/243...
Processing grid 9/243...
Processing grid 10/243...
Processing grid 11/243...
Processing grid 12/243...
Processing grid 13/243...
Processing grid 14/243...
Processing grid 15/243...
Processing grid 16/243...
Processing grid 17/243...
Processing grid 18/243...
Processing grid 19/243...
Processing grid 20/243...
Processing grid 21/243...
Processing grid 22/243...
Processing grid 23/243...
Processing grid 24/243...
Processing grid 25/243...
Processing grid 26/243...
Processing grid 27/243...
Processing grid 28/243...
Processing grid 29/243...
Processing grid 30/243...
Processing grid 31/243...
Processing grid 32/243...
Processing grid 33/243...
Processing grid 34/243...
Processing grid 35/243...
Processing grid 36/243...
Processing grid 37/243...
Processing grid 38/243...
Processing grid 39/243...
Processing grid 40/243...
Processing grid 41/243...
Processing grid 42/243...
Processing grid 43/243...
Processing grid 44/243...
Processing grid 45/243...
Processing grid 46/243...
Processing grid 47/243...
Processing grid 48/243...
Processing grid 49/243...
Processing grid 50/243...
Processing grid 51/243...
Processing grid 52/243...
Processing grid 53/243...
Processing grid 54/243...
Processing grid 55/243...
Processing grid 56/243...
Processing grid 57/243...
Processing grid 58/243...
Processing grid 59/243...
Processing grid 60/243...
Processing grid 61/243...
Processing grid 62/243...
Processing grid 63/243...
Processing grid 64/243...
Processing grid 65/243...
Processing grid 66/243...
Processing grid 67/243...
Processing grid 68/243...
Processing grid 69/243...
Processing grid 70/243...
Processing grid 71/243...
Processing grid 72/243...
Processing grid 73/243...
Processing grid 74/243...
Processing grid 75/243...
Processing grid 76/243...
Processing grid 77/243...
Processing grid 78/243...
Processing grid 79/243...
Processing grid 80/243...
Processing grid 81/243...
Processing grid 82/243...
Processing grid 83/243...
Processing grid 84/243...
Processing grid 85/243...
Processing grid 86/243...
Processing grid 87/243...
Processing grid 88/243...
Processing grid 89/243...
Processing grid 90/243...
Processing grid 91/243...
Processing grid 92/243...
Processing grid 93/243...
Processing grid 94/243...
Processing grid 95/243...
Processing grid 96/243...
Processing grid 97/243...
Processing grid 98/243...
Processing grid 99/243...
Processing grid 100/243...
Processing grid 101/243...
Processing grid 102/243...
Processing grid 103/243...
Processing grid 104/243...
Processing grid 105/243...
Processing grid 106/243...
Processing grid 107/243...
Processing grid 108/243...
Processing grid 109/243...
Processing grid 110/243...
Processing grid 111/243...
Processing grid 112/243...
Processing grid 113/243...
Processing grid 114/243...
Processing grid 115/243...
Processing grid 116/243...
Processing grid 117/243...
Processing grid 118/243...
Processing grid 119/243...
Processing grid 120/243...
Processing grid 121/243...
Processing grid 122/243...
Processing grid 123/243...
Processing grid 124/243...
Processing grid 125/243...
Processing grid 126/243...
Processing grid 127/243...
Processing grid 128/243...
Processing grid 129/243...
Processing grid 130/243...
Processing grid 131/243...
Processing grid 132/243...
Processing grid 133/243...
Processing grid 134/243...
Processing grid 135/243...
Processing grid 136/243...
Processing grid 137/243...
Processing grid 138/243...
Processing grid 139/243...
Processing grid 140/243...
Processing grid 141/243...
Processing grid 142/243...
Processing grid 143/243...
Processing grid 144/243...
Processing grid 145/243...
Processing grid 146/243...
Processing grid 147/243...
Processing grid 148/243...
Processing grid 149/243...
Processing grid 150/243...
Processing grid 151/243...
Processing grid 152/243...
Processing grid 153/243...
Processing grid 154/243...
Processing grid 155/243...
Processing grid 156/243...
Processing grid 157/243...
Processing grid 158/243...
Processing grid 159/243...
Processing grid 160/243...
Processing grid 161/243...
Processing grid 162/243...
Processing grid 163/243...
Processing grid 164/243...
Processing grid 165/243...
Processing grid 166/243...
Processing grid 167/243...
Processing grid 168/243...
Processing grid 169/243...
Processing grid 170/243...
Processing grid 171/243...
Processing grid 172/243...
Processing grid 173/243...
Processing grid 174/243...
Processing grid 175/243...
Processing grid 176/243...
Processing grid 177/243...
Processing grid 178/243...
Processing grid 179/243...
Processing grid 180/243...
Processing grid 181/243...
Processing grid 182/243...
Processing grid 183/243...
Processing grid 184/243...
Processing grid 185/243...
Processing grid 186/243...
Processing grid 187/243...
Processing grid 188/243...
Processing grid 189/243...
Processing grid 190/243...
Processing grid 191/243...
Processing grid 192/243...
Processing grid 193/243...
Processing grid 194/243...
Processing grid 195/243...
Processing grid 196/243...
Processing grid 197/243...
Processing grid 198/243...
Processing grid 199/243...
Processing grid 200/243...
Processing grid 201/243...
Processing grid 202/243...
Processing grid 203/243...
Processing grid 204/243...
Processing grid 205/243...
Processing grid 206/243...
Processing grid 207/243...
Processing grid 208/243...
Processing grid 209/243...
Processing grid 210/243...
Processing grid 211/243...
Processing grid 212/243...
Processing grid 213/243...
Processing grid 214/243...
Processing grid 215/243...
Processing grid 216/243...
Processing grid 217/243...
Processing grid 218/243...
Processing grid 219/243...
Processing grid 220/243...
Processing grid 221/243...
Processing grid 222/243...
Processing grid 223/243...
Processing grid 224/243...
Processing grid 225/243...
Processing grid 226/243...
Processing grid 227/243...
Processing grid 228/243...
Processing grid 229/243...
Processing grid 230/243...
Processing grid 231/243...
Processing grid 232/243...
Processing grid 233/243...
Processing grid 234/243...
Processing grid 235/243...
Processing grid 236/243...
Processing grid 237/243...
Processing grid 238/243...
Processing grid 239/243...
Processing grid 240/243...
Processing grid 241/243...
Processing grid 242/243...
Processing grid 243/243...
*** Saved all SP results to /home/altraj24/files/hydrogenperoxide_anion/molalign/OUT/tb_lite_results_shiftn0p2.json
Processing grid 0/243...
Processing grid 1/243...
Processing grid 2/243...
Processing grid 3/243...
Processing grid 4/243...
Processing grid 5/243...
Processing grid 6/243...
Processing grid 7/243...
Processing grid 8/243...
Processing grid 9/243...
Processing grid 10/243...
Processing grid 11/243...
Processing grid 12/243...
Processing grid 13/243...
Processing grid 14/243...
Processing grid 15/243...
Processing grid 16/243...
Processing grid 17/243...
Processing grid 18/243...
Processing grid 19/243...
Processing grid 20/243...
Processing grid 21/243...
Processing grid 22/243...
Processing grid 23/243...
Processing grid 24/243...
Processing grid 25/243...
Processing grid 26/243...
Processing grid 27/243...
Processing grid 28/243...
Processing grid 29/243...
Processing grid 30/243...
Processing grid 31/243...
Processing grid 32/243...
Processing grid 33/243...
Processing grid 34/243...
Processing grid 35/243...
Processing grid 36/243...
Processing grid 37/243...
Processing grid 38/243...
Processing grid 39/243...
Processing grid 40/243...
Processing grid 41/243...
Processing grid 42/243...
Processing grid 43/243...
Processing grid 44/243...
Processing grid 45/243...
Processing grid 46/243...
Processing grid 47/243...
Processing grid 48/243...
Processing grid 49/243...
Processing grid 50/243...
Processing grid 51/243...
Processing grid 52/243...
Processing grid 53/243...
Processing grid 54/243...
Processing grid 55/243...
Processing grid 56/243...
Processing grid 57/243...
Processing grid 58/243...
Processing grid 59/243...
Processing grid 60/243...
Processing grid 61/243...
Processing grid 62/243...
Processing grid 63/243...
Processing grid 64/243...
Processing grid 65/243...
Processing grid 66/243...
Processing grid 67/243...
Processing grid 68/243...
Processing grid 69/243...
Processing grid 70/243...
Processing grid 71/243...
Processing grid 72/243...
Processing grid 73/243...
Processing grid 74/243...
Processing grid 75/243...
Processing grid 76/243...
Processing grid 77/243...
Processing grid 78/243...
Processing grid 79/243...
Processing grid 80/243...
Processing grid 81/243...
Processing grid 82/243...
Processing grid 83/243...
Processing grid 84/243...
Processing grid 85/243...
Processing grid 86/243...
Processing grid 87/243...
Processing grid 88/243...
Processing grid 89/243...
Processing grid 90/243...
Processing grid 91/243...
Processing grid 92/243...
Processing grid 93/243...
Processing grid 94/243...
Processing grid 95/243...
Processing grid 96/243...
Processing grid 97/243...
Processing grid 98/243...
Processing grid 99/243...
Processing grid 100/243...
Processing grid 101/243...
Processing grid 102/243...
Processing grid 103/243...
Processing grid 104/243...
Processing grid 105/243...
Processing grid 106/243...
Processing grid 107/243...
Processing grid 108/243...
Processing grid 109/243...
Processing grid 110/243...
Processing grid 111/243...
Processing grid 112/243...
Processing grid 113/243...
Processing grid 114/243...
Processing grid 115/243...
Processing grid 116/243...
Processing grid 117/243...
Processing grid 118/243...
Processing grid 119/243...
Processing grid 120/243...
Processing grid 121/243...
Processing grid 122/243...
Processing grid 123/243...
Processing grid 124/243...
Processing grid 125/243...
Processing grid 126/243...
Processing grid 127/243...
Processing grid 128/243...
Processing grid 129/243...
Processing grid 130/243...
Processing grid 131/243...
Processing grid 132/243...
Processing grid 133/243...
Processing grid 134/243...
Processing grid 135/243...
Processing grid 136/243...
Processing grid 137/243...
Processing grid 138/243...
Processing grid 139/243...
Processing grid 140/243...
Processing grid 141/243...
Processing grid 142/243...
Processing grid 143/243...
Processing grid 144/243...
Processing grid 145/243...
Processing grid 146/243...
Processing grid 147/243...
Processing grid 148/243...
Processing grid 149/243...
Processing grid 150/243...
Processing grid 151/243...
Processing grid 152/243...
Processing grid 153/243...
Processing grid 154/243...
Processing grid 155/243...
Processing grid 156/243...
Processing grid 157/243...
Processing grid 158/243...
Processing grid 159/243...
Processing grid 160/243...
Processing grid 161/243...
Processing grid 162/243...
Processing grid 163/243...
Processing grid 164/243...
Processing grid 165/243...
Processing grid 166/243...
Processing grid 167/243...
Processing grid 168/243...
Processing grid 169/243...
Processing grid 170/243...
Processing grid 171/243...
Processing grid 172/243...
Processing grid 173/243...
Processing grid 174/243...
Processing grid 175/243...
Processing grid 176/243...
Processing grid 177/243...
Processing grid 178/243...
Processing grid 179/243...
Processing grid 180/243...
Processing grid 181/243...
Processing grid 182/243...
Processing grid 183/243...
Processing grid 184/243...
Processing grid 185/243...
Processing grid 186/243...
Processing grid 187/243...
Processing grid 188/243...
Processing grid 189/243...
Processing grid 190/243...
Processing grid 191/243...
Processing grid 192/243...
Processing grid 193/243...
Processing grid 194/243...
Processing grid 195/243...
Processing grid 196/243...
Processing grid 197/243...
Processing grid 198/243...
Processing grid 199/243...
Processing grid 200/243...
Processing grid 201/243...
Processing grid 202/243...
Processing grid 203/243...
Processing grid 204/243...
Processing grid 205/243...
Processing grid 206/243...
Processing grid 207/243...
Processing grid 208/243...
Processing grid 209/243...
Processing grid 210/243...
Processing grid 211/243...
Processing grid 212/243...
Processing grid 213/243...
Processing grid 214/243...
Processing grid 215/243...
Processing grid 216/243...
Processing grid 217/243...
Processing grid 218/243...
Processing grid 219/243...
Processing grid 220/243...
Processing grid 221/243...
Processing grid 222/243...
Processing grid 223/243...
Processing grid 224/243...
Processing grid 225/243...
Processing grid 226/243...
Processing grid 227/243...
Processing grid 228/243...
Processing grid 229/243...
Processing grid 230/243...
Processing grid 231/243...
Processing grid 232/243...
Processing grid 233/243...
Processing grid 234/243...
Processing grid 235/243...
Processing grid 236/243...
Processing grid 237/243...
Processing grid 238/243...
Processing grid 239/243...
Processing grid 240/243...
Processing grid 241/243...
Processing grid 242/243...
Processing grid 243/243...
*** Saved all SP results to /home/altraj24/files/hydrogenperoxide_anion/molalign/OUT/tb_lite_results_shiftn0p15.json
Processing grid 0/243...
Processing grid 1/243...
Processing grid 2/243...
Processing grid 3/243...
Processing grid 4/243...
Processing grid 5/243...
Processing grid 6/243...
Processing grid 7/243...
Processing grid 8/243...
Processing grid 9/243...
Processing grid 10/243...
Processing grid 11/243...
Processing grid 12/243...
Processing grid 13/243...
Processing grid 14/243...
Processing grid 15/243...
Processing grid 16/243...
Processing grid 17/243...
Processing grid 18/243...
Processing grid 19/243...
Processing grid 20/243...
Processing grid 21/243...
Processing grid 22/243...
Processing grid 23/243...
Processing grid 24/243...
Processing grid 25/243...
Processing grid 26/243...
Processing grid 27/243...
Processing grid 28/243...
Processing grid 29/243...
Processing grid 30/243...
Processing grid 31/243...
Processing grid 32/243...
Processing grid 33/243...
Processing grid 34/243...
Processing grid 35/243...
Processing grid 36/243...
Processing grid 37/243...
Processing grid 38/243...
Processing grid 39/243...
Processing grid 40/243...
Processing grid 41/243...
Processing grid 42/243...
Processing grid 43/243...
Processing grid 44/243...
Processing grid 45/243...
Processing grid 46/243...
Processing grid 47/243...
Processing grid 48/243...
Processing grid 49/243...
Processing grid 50/243...
Processing grid 51/243...
Processing grid 52/243...
Processing grid 53/243...
Processing grid 54/243...
Processing grid 55/243...
Processing grid 56/243...
Processing grid 57/243...
Processing grid 58/243...
Processing grid 59/243...
Processing grid 60/243...
Processing grid 61/243...
Processing grid 62/243...
Processing grid 63/243...
Processing grid 64/243...
Processing grid 65/243...
Processing grid 66/243...
Processing grid 67/243...
Processing grid 68/243...
Processing grid 69/243...
Processing grid 70/243...
Processing grid 71/243...
Processing grid 72/243...
Processing grid 73/243...
Processing grid 74/243...
Processing grid 75/243...
Processing grid 76/243...
Processing grid 77/243...
Processing grid 78/243...
Processing grid 79/243...
Processing grid 80/243...
Processing grid 81/243...
Processing grid 82/243...
Processing grid 83/243...
Processing grid 84/243...
Processing grid 85/243...
Processing grid 86/243...
Processing grid 87/243...
Processing grid 88/243...
Processing grid 89/243...
Processing grid 90/243...
Processing grid 91/243...
Processing grid 92/243...
Processing grid 93/243...
Processing grid 94/243...
Processing grid 95/243...
Processing grid 96/243...
Processing grid 97/243...
Processing grid 98/243...
Processing grid 99/243...
Processing grid 100/243...
Processing grid 101/243...
Processing grid 102/243...
Processing grid 103/243...
Processing grid 104/243...
Processing grid 105/243...
Processing grid 106/243...
Processing grid 107/243...
Processing grid 108/243...
Processing grid 109/243...
Processing grid 110/243...
Processing grid 111/243...
Processing grid 112/243...
Processing grid 113/243...
Processing grid 114/243...
Processing grid 115/243...
Processing grid 116/243...
Processing grid 117/243...
Processing grid 118/243...
Processing grid 119/243...
Processing grid 120/243...
Processing grid 121/243...
Processing grid 122/243...
Processing grid 123/243...
Processing grid 124/243...
Processing grid 125/243...
Processing grid 126/243...
Processing grid 127/243...
Processing grid 128/243...
Processing grid 129/243...
Processing grid 130/243...
Processing grid 131/243...
Processing grid 132/243...
Processing grid 133/243...
Processing grid 134/243...
Processing grid 135/243...
Processing grid 136/243...
Processing grid 137/243...
Processing grid 138/243...
Processing grid 139/243...
Processing grid 140/243...
Processing grid 141/243...
Processing grid 142/243...
Processing grid 143/243...
Processing grid 144/243...
Processing grid 145/243...
Processing grid 146/243...
Processing grid 147/243...
Processing grid 148/243...
Processing grid 149/243...
Processing grid 150/243...
Processing grid 151/243...
Processing grid 152/243...
Processing grid 153/243...
Processing grid 154/243...
Processing grid 155/243...
Processing grid 156/243...
Processing grid 157/243...
Processing grid 158/243...
Processing grid 159/243...
Processing grid 160/243...
Processing grid 161/243...
Processing grid 162/243...
Processing grid 163/243...
Processing grid 164/243...
Processing grid 165/243...
Processing grid 166/243...
Processing grid 167/243...
Processing grid 168/243...
Processing grid 169/243...
Processing grid 170/243...
Processing grid 171/243...
Processing grid 172/243...
Processing grid 173/243...
Processing grid 174/243...
Processing grid 175/243...
Processing grid 176/243...
Processing grid 177/243...
Processing grid 178/243...
Processing grid 179/243...
Processing grid 180/243...
Processing grid 181/243...
Processing grid 182/243...
Processing grid 183/243...
Processing grid 184/243...
Processing grid 185/243...
Processing grid 186/243...
Processing grid 187/243...
Processing grid 188/243...
Processing grid 189/243...
Processing grid 190/243...
Processing grid 191/243...
Processing grid 192/243...
Processing grid 193/243...
Processing grid 194/243...
Processing grid 195/243...
Processing grid 196/243...
Processing grid 197/243...
Processing grid 198/243...
Processing grid 199/243...
Processing grid 200/243...
Processing grid 201/243...
Processing grid 202/243...
Processing grid 203/243...
Processing grid 204/243...
Processing grid 205/243...
Processing grid 206/243...
Processing grid 207/243...
Processing grid 208/243...
Processing grid 209/243...
Processing grid 210/243...
Processing grid 211/243...
Processing grid 212/243...
Processing grid 213/243...
Processing grid 214/243...
Processing grid 215/243...
Processing grid 216/243...
Processing grid 217/243...
Processing grid 218/243...
Processing grid 219/243...
Processing grid 220/243...
Processing grid 221/243...
Processing grid 222/243...
Processing grid 223/243...
Processing grid 224/243...
Processing grid 225/243...
Processing grid 226/243...
Processing grid 227/243...
Processing grid 228/243...
Processing grid 229/243...
Processing grid 230/243...
Processing grid 231/243...
Processing grid 232/243...
Processing grid 233/243...
Processing grid 234/243...
Processing grid 235/243...
Processing grid 236/243...
Processing grid 237/243...
Processing grid 238/243...
Processing grid 239/243...
Processing grid 240/243...
Processing grid 241/243...
Processing grid 242/243...
Processing grid 243/243...
*** Saved all SP results to /home/altraj24/files/hydrogenperoxide_anion/molalign/OUT/tb_lite_results_shiftn0p1.json
Processing grid 0/243...
Processing grid 1/243...
Processing grid 2/243...
Processing grid 3/243...
Processing grid 4/243...
Processing grid 5/243...
Processing grid 6/243...
Processing grid 7/243...
Processing grid 8/243...
Processing grid 9/243...
Processing grid 10/243...
Processing grid 11/243...
Processing grid 12/243...
Processing grid 13/243...
Processing grid 14/243...
Processing grid 15/243...
Processing grid 16/243...
Processing grid 17/243...
Processing grid 18/243...
Processing grid 19/243...
Processing grid 20/243...
Processing grid 21/243...
Processing grid 22/243...
Processing grid 23/243...
Processing grid 24/243...
Processing grid 25/243...
Processing grid 26/243...
Processing grid 27/243...
Processing grid 28/243...
Processing grid 29/243...
Processing grid 30/243...
Processing grid 31/243...
Processing grid 32/243...
Processing grid 33/243...
Processing grid 34/243...
Processing grid 35/243...
Processing grid 36/243...
Processing grid 37/243...
Processing grid 38/243...
Processing grid 39/243...
Processing grid 40/243...
Processing grid 41/243...
Processing grid 42/243...
Processing grid 43/243...
Processing grid 44/243...
Processing grid 45/243...
Processing grid 46/243...
Processing grid 47/243...
Processing grid 48/243...
Processing grid 49/243...
Processing grid 50/243...
Processing grid 51/243...
Processing grid 52/243...
Processing grid 53/243...
Processing grid 54/243...
Processing grid 55/243...
Processing grid 56/243...
Processing grid 57/243...
Processing grid 58/243...
Processing grid 59/243...
Processing grid 60/243...
Processing grid 61/243...
Processing grid 62/243...
Processing grid 63/243...
Processing grid 64/243...
Processing grid 65/243...
Processing grid 66/243...
Processing grid 67/243...
Processing grid 68/243...
Processing grid 69/243...
Processing grid 70/243...
Processing grid 71/243...
Processing grid 72/243...
Processing grid 73/243...
Processing grid 74/243...
Processing grid 75/243...
Processing grid 76/243...
Processing grid 77/243...
Processing grid 78/243...
Processing grid 79/243...
Processing grid 80/243...
Processing grid 81/243...
Processing grid 82/243...
Processing grid 83/243...
Processing grid 84/243...
Processing grid 85/243...
Processing grid 86/243...
Processing grid 87/243...
Processing grid 88/243...
Processing grid 89/243...
Processing grid 90/243...
Processing grid 91/243...
Processing grid 92/243...
Processing grid 93/243...
Processing grid 94/243...
Processing grid 95/243...
Processing grid 96/243...
Processing grid 97/243...
Processing grid 98/243...
Processing grid 99/243...
Processing grid 100/243...
Processing grid 101/243...
Processing grid 102/243...
Processing grid 103/243...
Processing grid 104/243...
Processing grid 105/243...
Processing grid 106/243...
Processing grid 107/243...
Processing grid 108/243...
Processing grid 109/243...
Processing grid 110/243...
Processing grid 111/243...
Processing grid 112/243...
Processing grid 113/243...
Processing grid 114/243...
Processing grid 115/243...
Processing grid 116/243...
Processing grid 117/243...
Processing grid 118/243...
Processing grid 119/243...
Processing grid 120/243...
Processing grid 121/243...
Processing grid 122/243...
Processing grid 123/243...
Processing grid 124/243...
Processing grid 125/243...
Processing grid 126/243...
Processing grid 127/243...
Processing grid 128/243...
Processing grid 129/243...
Processing grid 130/243...
Processing grid 131/243...
Processing grid 132/243...
Processing grid 133/243...
Processing grid 134/243...
Processing grid 135/243...
Processing grid 136/243...
Processing grid 137/243...
Processing grid 138/243...
Processing grid 139/243...
Processing grid 140/243...
Processing grid 141/243...
Processing grid 142/243...
Processing grid 143/243...
Processing grid 144/243...
Processing grid 145/243...
Processing grid 146/243...
Processing grid 147/243...
Processing grid 148/243...
Processing grid 149/243...
Processing grid 150/243...
Processing grid 151/243...
Processing grid 152/243...
Processing grid 153/243...
Processing grid 154/243...
Processing grid 155/243...
Processing grid 156/243...
Processing grid 157/243...
Processing grid 158/243...
Processing grid 159/243...
Processing grid 160/243...
Processing grid 161/243...
Processing grid 162/243...
Processing grid 163/243...
Processing grid 164/243...
Processing grid 165/243...
Processing grid 166/243...
Processing grid 167/243...
Processing grid 168/243...
Processing grid 169/243...
Processing grid 170/243...
Processing grid 171/243...
Processing grid 172/243...
Processing grid 173/243...
Processing grid 174/243...
Processing grid 175/243...
Processing grid 176/243...
Processing grid 177/243...
Processing grid 178/243...
Processing grid 179/243...
Processing grid 180/243...
Processing grid 181/243...
Processing grid 182/243...
Processing grid 183/243...
Processing grid 184/243...
Processing grid 185/243...
Processing grid 186/243...
Processing grid 187/243...
Processing grid 188/243...
Processing grid 189/243...
Processing grid 190/243...
Processing grid 191/243...
Processing grid 192/243...
Processing grid 193/243...
Processing grid 194/243...
Processing grid 195/243...
Processing grid 196/243...
Processing grid 197/243...
Processing grid 198/243...
Processing grid 199/243...
Processing grid 200/243...
Processing grid 201/243...
Processing grid 202/243...
Processing grid 203/243...
Processing grid 204/243...
Processing grid 205/243...
Processing grid 206/243...
Processing grid 207/243...
Processing grid 208/243...
Processing grid 209/243...
Processing grid 210/243...
Processing grid 211/243...
Processing grid 212/243...
Processing grid 213/243...
Processing grid 214/243...
Processing grid 215/243...
Processing grid 216/243...
Processing grid 217/243...
Processing grid 218/243...
Processing grid 219/243...
Processing grid 220/243...
Processing grid 221/243...
Processing grid 222/243...
Processing grid 223/243...
Processing grid 224/243...
Processing grid 225/243...
Processing grid 226/243...
Processing grid 227/243...
Processing grid 228/243...
Processing grid 229/243...
Processing grid 230/243...
Processing grid 231/243...
Processing grid 232/243...
Processing grid 233/243...
Processing grid 234/243...
Processing grid 235/243...
Processing grid 236/243...
Processing grid 237/243...
Processing grid 238/243...
Processing grid 239/243...
Processing grid 240/243...
Processing grid 241/243...
Processing grid 242/243...
Processing grid 243/243...
*** Saved all SP results to /home/altraj24/files/hydrogenperoxide_anion/molalign/OUT/tb_lite_results_shiftn0p05.json
Processing grid 0/243...
Processing grid 1/243...
Processing grid 2/243...
Processing grid 3/243...
Processing grid 4/243...
Processing grid 5/243...
Processing grid 6/243...
Processing grid 7/243...
Processing grid 8/243...
Processing grid 9/243...
Processing grid 10/243...
Processing grid 11/243...
Processing grid 12/243...
Processing grid 13/243...
Processing grid 14/243...
Processing grid 15/243...
Processing grid 16/243...
Processing grid 17/243...
Processing grid 18/243...
Processing grid 19/243...
Processing grid 20/243...
Processing grid 21/243...
Processing grid 22/243...
Processing grid 23/243...
Processing grid 24/243...
Processing grid 25/243...
Processing grid 26/243...
Processing grid 27/243...
Processing grid 28/243...
Processing grid 29/243...
Processing grid 30/243...
Processing grid 31/243...
Processing grid 32/243...
Processing grid 33/243...
Processing grid 34/243...
Processing grid 35/243...
Processing grid 36/243...
Processing grid 37/243...
Processing grid 38/243...
Processing grid 39/243...
Processing grid 40/243...
Processing grid 41/243...
Processing grid 42/243...
Processing grid 43/243...
Processing grid 44/243...
Processing grid 45/243...
Processing grid 46/243...
Processing grid 47/243...
Processing grid 48/243...
Processing grid 49/243...
Processing grid 50/243...
Processing grid 51/243...
Processing grid 52/243...
Processing grid 53/243...
Processing grid 54/243...
Processing grid 55/243...
Processing grid 56/243...
Processing grid 57/243...
Processing grid 58/243...
Processing grid 59/243...
Processing grid 60/243...
Processing grid 61/243...
Processing grid 62/243...
Processing grid 63/243...
Processing grid 64/243...
Processing grid 65/243...
Processing grid 66/243...
Processing grid 67/243...
Processing grid 68/243...
Processing grid 69/243...
Processing grid 70/243...
Processing grid 71/243...
Processing grid 72/243...
Processing grid 73/243...
Processing grid 74/243...
Processing grid 75/243...
Processing grid 76/243...
Processing grid 77/243...
Processing grid 78/243...
Processing grid 79/243...
Processing grid 80/243...
Processing grid 81/243...
Processing grid 82/243...
Processing grid 83/243...
Processing grid 84/243...
Processing grid 85/243...
Processing grid 86/243...
Processing grid 87/243...
Processing grid 88/243...
Processing grid 89/243...
Processing grid 90/243...
Processing grid 91/243...
Processing grid 92/243...
Processing grid 93/243...
Processing grid 94/243...
Processing grid 95/243...
Processing grid 96/243...
Processing grid 97/243...
Processing grid 98/243...
Processing grid 99/243...
Processing grid 100/243...
Processing grid 101/243...
Processing grid 102/243...
Processing grid 103/243...
Processing grid 104/243...
Processing grid 105/243...
Processing grid 106/243...
Processing grid 107/243...
Processing grid 108/243...
Processing grid 109/243...
Processing grid 110/243...
Processing grid 111/243...
Processing grid 112/243...
Processing grid 113/243...
Processing grid 114/243...
Processing grid 115/243...
Processing grid 116/243...
Processing grid 117/243...
Processing grid 118/243...
Processing grid 119/243...
Processing grid 120/243...
Processing grid 121/243...
Processing grid 122/243...
Processing grid 123/243...
Processing grid 124/243...
Processing grid 125/243...
Processing grid 126/243...
Processing grid 127/243...
Processing grid 128/243...
Processing grid 129/243...
Processing grid 130/243...
Processing grid 131/243...
Processing grid 132/243...
Processing grid 133/243...
Processing grid 134/243...
Processing grid 135/243...
Processing grid 136/243...
Processing grid 137/243...
Processing grid 138/243...
Processing grid 139/243...
Processing grid 140/243...
Processing grid 141/243...
Processing grid 142/243...
Processing grid 143/243...
Processing grid 144/243...
Processing grid 145/243...
Processing grid 146/243...
Processing grid 147/243...
Processing grid 148/243...
Processing grid 149/243...
Processing grid 150/243...
Processing grid 151/243...
Processing grid 152/243...
Processing grid 153/243...
Processing grid 154/243...
Processing grid 155/243...
Processing grid 156/243...
Processing grid 157/243...
Processing grid 158/243...
Processing grid 159/243...
Processing grid 160/243...
Processing grid 161/243...
Processing grid 162/243...
Processing grid 163/243...
Processing grid 164/243...
Processing grid 165/243...
Processing grid 166/243...
Processing grid 167/243...
Processing grid 168/243...
Processing grid 169/243...
Processing grid 170/243...
Processing grid 171/243...
Processing grid 172/243...
Processing grid 173/243...
Processing grid 174/243...
Processing grid 175/243...
Processing grid 176/243...
Processing grid 177/243...
Processing grid 178/243...
Processing grid 179/243...
Processing grid 180/243...
Processing grid 181/243...
Processing grid 182/243...
Processing grid 183/243...
Processing grid 184/243...
Processing grid 185/243...
Processing grid 186/243...
Processing grid 187/243...
Processing grid 188/243...
Processing grid 189/243...
Processing grid 190/243...
Processing grid 191/243...
Processing grid 192/243...
Processing grid 193/243...
Processing grid 194/243...
Processing grid 195/243...
Processing grid 196/243...
Processing grid 197/243...
Processing grid 198/243...
Processing grid 199/243...
Processing grid 200/243...
Processing grid 201/243...
Processing grid 202/243...
Processing grid 203/243...
Processing grid 204/243...
Processing grid 205/243...
Processing grid 206/243...
Processing grid 207/243...
Processing grid 208/243...
Processing grid 209/243...
Processing grid 210/243...
Processing grid 211/243...
Processing grid 212/243...
Processing grid 213/243...
Processing grid 214/243...
Processing grid 215/243...
Processing grid 216/243...
Processing grid 217/243...
Processing grid 218/243...
Processing grid 219/243...
Processing grid 220/243...
Processing grid 221/243...
Processing grid 222/243...
Processing grid 223/243...
Processing grid 224/243...
Processing grid 225/243...
Processing grid 226/243...
Processing grid 227/243...
Processing grid 228/243...
Processing grid 229/243...
Processing grid 230/243...
Processing grid 231/243...
Processing grid 232/243...
Processing grid 233/243...
Processing grid 234/243...
Processing grid 235/243...
Processing grid 236/243...
Processing grid 237/243...
Processing grid 238/243...
Processing grid 239/243...
Processing grid 240/243...
Processing grid 241/243...
Processing grid 242/243...
Processing grid 243/243...
*** Saved all SP results to /home/altraj24/files/hydrogenperoxide_anion/molalign/OUT/tb_lite_results_original.json

*** Running: cpcm-reader /home/altraj24/files/hydrogenperoxide_anion/molalign/inp.cpcm inp

*** Running: cpcm-reader /home/altraj24/files/hydrogenperoxide_anion/molalign/water.cpcm water
*** Saved shifted NPZ (-0.3 Å): /home/altraj24/files/hydrogenperoxide_anion/molalign/OUT/solute_data_shiftn0p3.npz
*** Saved shifted NPZ (-0.25 Å): /home/altraj24/files/hydrogenperoxide_anion/molalign/OUT/solute_data_shiftn0p25.npz
*** Saved shifted NPZ (-0.2 Å): /home/altraj24/files/hydrogenperoxide_anion/molalign/OUT/solute_data_shiftn0p2.npz
*** Saved shifted NPZ (-0.15 Å): /home/altraj24/files/hydrogenperoxide_anion/molalign/OUT/solute_data_shiftn0p15.npz
*** Saved shifted NPZ (-0.1 Å): /home/altraj24/files/hydrogenperoxide_anion/molalign/OUT/solute_data_shiftn0p1.npz
*** Saved shifted NPZ (-0.05 Å): /home/altraj24/files/hydrogenperoxide_anion/molalign/OUT/solute_data_shiftn0p05.npz
*** Saved shifted NPZ (+0.0 Å): /home/altraj24/files/hydrogenperoxide_anion/molalign/OUT/solute_data_original.npz

*** Running: align-grid-tb /home/altraj24/files/hydrogenperoxide_anion/molalign/OUT/solute_data_shiftn0p3.npz /home/altraj24/files/hydrogenperoxide_anion/molalign/OUT/water_data.npz 0,90,180,270 --charge -1 --out /home/altraj24/files/hydrogenperoxide_anion/molalign/OUT/tb_lite_results_shiftn0p3.json

*** Running: align-grid-tb /home/altraj24/files/hydrogenperoxide_anion/molalign/OUT/solute_data_shiftn0p25.npz /home/altraj24/files/hydrogenperoxide_anion/molalign/OUT/water_data.npz 0,90,180,270 --charge -1 --out /home/altraj24/files/hydrogenperoxide_anion/molalign/OUT/tb_lite_results_shiftn0p25.json

*** Running: align-grid-tb /home/altraj24/files/hydrogenperoxide_anion/molalign/OUT/solute_data_shiftn0p2.npz /home/altraj24/files/hydrogenperoxide_anion/molalign/OUT/water_data.npz 0,90,180,270 --charge -1 --out /home/altraj24/files/hydrogenperoxide_anion/molalign/OUT/tb_lite_results_shiftn0p2.json

*** Running: align-grid-tb /home/altraj24/files/hydrogenperoxide_anion/molalign/OUT/solute_data_shiftn0p15.npz /home/altraj24/files/hydrogenperoxide_anion/molalign/OUT/water_data.npz 0,90,180,270 --charge -1 --out /home/altraj24/files/hydrogenperoxide_anion/molalign/OUT/tb_lite_results_shiftn0p15.json

*** Running: align-grid-tb /home/altraj24/files/hydrogenperoxide_anion/molalign/OUT/solute_data_shiftn0p1.npz /home/altraj24/files/hydrogenperoxide_anion/molalign/OUT/water_data.npz 0,90,180,270 --charge -1 --out /home/altraj24/files/hydrogenperoxide_anion/molalign/OUT/tb_lite_results_shiftn0p1.json

*** Running: align-grid-tb /home/altraj24/files/hydrogenperoxide_anion/molalign/OUT/solute_data_shiftn0p05.npz /home/altraj24/files/hydrogenperoxide_anion/molalign/OUT/water_data.npz 0,90,180,270 --charge -1 --out /home/altraj24/files/hydrogenperoxide_anion/molalign/OUT/tb_lite_results_shiftn0p05.json

*** Running: align-grid-tb /home/altraj24/files/hydrogenperoxide_anion/molalign/OUT/solute_data_original.npz /home/altraj24/files/hydrogenperoxide_anion/molalign/OUT/water_data.npz 0,90,180,270 --charge -1 --out /home/altraj24/files/hydrogenperoxide_anion/molalign/OUT/tb_lite_results_original.json

*** All computations complete. Results saved in:
    /home/altraj24/files/hydrogenperoxide_anion/molalign/OUT/tb_lite_results_shiftn0p3.json
    /home/altraj24/files/hydrogenperoxide_anion/molalign/OUT/tb_lite_results_shiftn0p25.json
    /home/altraj24/files/hydrogenperoxide_anion/molalign/OUT/tb_lite_results_shiftn0p2.json
    /home/altraj24/files/hydrogenperoxide_anion/molalign/OUT/tb_lite_results_shiftn0p15.json
    /home/altraj24/files/hydrogenperoxide_anion/molalign/OUT/tb_lite_results_shiftn0p1.json
    /home/altraj24/files/hydrogenperoxide_anion/molalign/OUT/tb_lite_results_shiftn0p05.json
    /home/altraj24/files/hydrogenperoxide_anion/molalign/OUT/tb_lite_results_original.json
