*** Saved NPZ with 2 atoms and 185 gridpoints.
*** Saved human-readable TXT: inp_data.txt
*** Saved NPZ with 3 atoms and 2 gridpoints.
*** Saved human-readable TXT: water_data.txt
Processing grid 0/184...
Processing grid 1/184...
Processing grid 2/184...
Processing grid 3/184...
Processing grid 4/184...
Processing grid 5/184...
Processing grid 6/184...
Processing grid 7/184...
Processing grid 8/184...
Processing grid 9/184...
Processing grid 10/184...
Processing grid 11/184...
Processing grid 12/184...
Processing grid 13/184...
Processing grid 14/184...
Processing grid 15/184...
Processing grid 16/184...
Processing grid 17/184...
Processing grid 18/184...
Processing grid 19/184...
Processing grid 20/184...
Processing grid 21/184...
Processing grid 22/184...
Processing grid 23/184...
Processing grid 24/184...
Processing grid 25/184...
Processing grid 26/184...
Processing grid 27/184...
Processing grid 28/184...
Processing grid 29/184...
Processing grid 30/184...
Processing grid 31/184...
Processing grid 32/184...
Processing grid 33/184...
Processing grid 34/184...
Processing grid 35/184...
Processing grid 36/184...
Processing grid 37/184...
Processing grid 38/184...
Processing grid 39/184...
Processing grid 40/184...
Processing grid 41/184...
Processing grid 42/184...
Processing grid 43/184...
Processing grid 44/184...
Processing grid 45/184...
Processing grid 46/184...
Processing grid 47/184...
Processing grid 48/184...
Processing grid 49/184...
Processing grid 50/184...
Processing grid 51/184...
Processing grid 52/184...
Processing grid 53/184...
Processing grid 54/184...
Processing grid 55/184...
Processing grid 56/184...
Processing grid 57/184...
Processing grid 58/184...
Processing grid 59/184...
Processing grid 60/184...
Processing grid 61/184...
Processing grid 62/184...
Processing grid 63/184...
Processing grid 64/184...
Processing grid 65/184...
Processing grid 66/184...
Processing grid 67/184...
Processing grid 68/184...
Processing grid 69/184...
Processing grid 70/184...
Processing grid 71/184...
Processing grid 72/184...
Processing grid 73/184...
Processing grid 74/184...
Processing grid 75/184...
Processing grid 76/184...
Processing grid 77/184...
Processing grid 78/184...
Processing grid 79/184...
Processing grid 80/184...
Processing grid 81/184...
Processing grid 82/184...
Processing grid 83/184...
Processing grid 84/184...
Processing grid 85/184...
Processing grid 86/184...
Processing grid 87/184...
Processing grid 88/184...
Processing grid 89/184...
Processing grid 90/184...
Processing grid 91/184...
Processing grid 92/184...
Processing grid 93/184...
Processing grid 94/184...
Processing grid 95/184...
Processing grid 96/184...
Processing grid 97/184...
Processing grid 98/184...
Processing grid 99/184...
Processing grid 100/184...
Processing grid 101/184...
Processing grid 102/184...
Processing grid 103/184...
Processing grid 104/184...
Processing grid 105/184...
Processing grid 106/184...
Processing grid 107/184...
Processing grid 108/184...
Processing grid 109/184...
Processing grid 110/184...
Processing grid 111/184...
Processing grid 112/184...
Processing grid 113/184...
Processing grid 114/184...
Processing grid 115/184...
Processing grid 116/184...
Processing grid 117/184...
Processing grid 118/184...
Processing grid 119/184...
Processing grid 120/184...
Processing grid 121/184...
Processing grid 122/184...
Processing grid 123/184...
Processing grid 124/184...
Processing grid 125/184...
Processing grid 126/184...
Processing grid 127/184...
Processing grid 128/184...
Processing grid 129/184...
Processing grid 130/184...
Processing grid 131/184...
Processing grid 132/184...
Processing grid 133/184...
Processing grid 134/184...
Processing grid 135/184...
Processing grid 136/184...
Processing grid 137/184...
Processing grid 138/184...
Processing grid 139/184...
Processing grid 140/184...
Processing grid 141/184...
Processing grid 142/184...
Processing grid 143/184...
Processing grid 144/184...
Processing grid 145/184...
Processing grid 146/184...
Processing grid 147/184...
Processing grid 148/184...
Processing grid 149/184...
Processing grid 150/184...
Processing grid 151/184...
Processing grid 152/184...
Processing grid 153/184...
Processing grid 154/184...
Processing grid 155/184...
Processing grid 156/184...
Processing grid 157/184...
Processing grid 158/184...
Processing grid 159/184...
Processing grid 160/184...
Processing grid 161/184...
Processing grid 162/184...
Processing grid 163/184...
Processing grid 164/184...
Processing grid 165/184...
Processing grid 166/184...
Processing grid 167/184...
Processing grid 168/184...
Processing grid 169/184...
Processing grid 170/184...
Processing grid 171/184...
Processing grid 172/184...
Processing grid 173/184...
Processing grid 174/184...
Processing grid 175/184...
Processing grid 176/184...
Processing grid 177/184...
Processing grid 178/184...
Processing grid 179/184...
Processing grid 180/184...
Processing grid 181/184...
Processing grid 182/184...
Processing grid 183/184...
Processing grid 184/184...
*** Saved all SP results to /home/altraj24/files/CN/molalign/OUT/tb_lite_results_shiftn0p5.json
Processing grid 0/184...
Processing grid 1/184...
Processing grid 2/184...
Processing grid 3/184...
Processing grid 4/184...
Processing grid 5/184...
Processing grid 6/184...
Processing grid 7/184...
Processing grid 8/184...
Processing grid 9/184...
Processing grid 10/184...
Processing grid 11/184...
Processing grid 12/184...
Processing grid 13/184...
Processing grid 14/184...
Processing grid 15/184...
Processing grid 16/184...
Processing grid 17/184...
Processing grid 18/184...
Processing grid 19/184...
Processing grid 20/184...
Processing grid 21/184...
Processing grid 22/184...
Processing grid 23/184...
Processing grid 24/184...
Processing grid 25/184...
Processing grid 26/184...
Processing grid 27/184...
Processing grid 28/184...
Processing grid 29/184...
Processing grid 30/184...
Processing grid 31/184...
Processing grid 32/184...
Processing grid 33/184...
Processing grid 34/184...
Processing grid 35/184...
Processing grid 36/184...
Processing grid 37/184...
Processing grid 38/184...
Processing grid 39/184...
Processing grid 40/184...
Processing grid 41/184...
Processing grid 42/184...
Processing grid 43/184...
Processing grid 44/184...
Processing grid 45/184...
Processing grid 46/184...
Processing grid 47/184...
Processing grid 48/184...
Processing grid 49/184...
Processing grid 50/184...
Processing grid 51/184...
Processing grid 52/184...
Processing grid 53/184...
Processing grid 54/184...
Processing grid 55/184...
Processing grid 56/184...
Processing grid 57/184...
Processing grid 58/184...
Processing grid 59/184...
Processing grid 60/184...
Processing grid 61/184...
Processing grid 62/184...
Processing grid 63/184...
Processing grid 64/184...
Processing grid 65/184...
Processing grid 66/184...
Processing grid 67/184...
Processing grid 68/184...
Processing grid 69/184...
Processing grid 70/184...
Processing grid 71/184...
Processing grid 72/184...
Processing grid 73/184...
Processing grid 74/184...
Processing grid 75/184...
Processing grid 76/184...
Processing grid 77/184...
Processing grid 78/184...
Processing grid 79/184...
Processing grid 80/184...
Processing grid 81/184...
Processing grid 82/184...
Processing grid 83/184...
Processing grid 84/184...
Processing grid 85/184...
Processing grid 86/184...
Processing grid 87/184...
Processing grid 88/184...
Processing grid 89/184...
Processing grid 90/184...
Processing grid 91/184...
Processing grid 92/184...
Processing grid 93/184...
Processing grid 94/184...
Processing grid 95/184...
Processing grid 96/184...
Processing grid 97/184...
Processing grid 98/184...
Processing grid 99/184...
Processing grid 100/184...
Processing grid 101/184...
Processing grid 102/184...
Processing grid 103/184...
Processing grid 104/184...
Processing grid 105/184...
Processing grid 106/184...
Processing grid 107/184...
Processing grid 108/184...
Processing grid 109/184...
Processing grid 110/184...
Processing grid 111/184...
Processing grid 112/184...
Processing grid 113/184...
Processing grid 114/184...
Processing grid 115/184...
Processing grid 116/184...
Processing grid 117/184...
Processing grid 118/184...
Processing grid 119/184...
Processing grid 120/184...
Processing grid 121/184...
Processing grid 122/184...
Processing grid 123/184...
Processing grid 124/184...
Processing grid 125/184...
Processing grid 126/184...
Processing grid 127/184...
Processing grid 128/184...
Processing grid 129/184...
Processing grid 130/184...
Processing grid 131/184...
Processing grid 132/184...
Processing grid 133/184...
Processing grid 134/184...
Processing grid 135/184...
Processing grid 136/184...
Processing grid 137/184...
Processing grid 138/184...
Processing grid 139/184...
Processing grid 140/184...
Processing grid 141/184...
Processing grid 142/184...
Processing grid 143/184...
Processing grid 144/184...
Processing grid 145/184...
Processing grid 146/184...
Processing grid 147/184...
Processing grid 148/184...
Processing grid 149/184...
Processing grid 150/184...
Processing grid 151/184...
Processing grid 152/184...
Processing grid 153/184...
Processing grid 154/184...
Processing grid 155/184...
Processing grid 156/184...
Processing grid 157/184...
Processing grid 158/184...
Processing grid 159/184...
Processing grid 160/184...
Processing grid 161/184...
Processing grid 162/184...
Processing grid 163/184...
Processing grid 164/184...
Processing grid 165/184...
Processing grid 166/184...
Processing grid 167/184...
Processing grid 168/184...
Processing grid 169/184...
Processing grid 170/184...
Processing grid 171/184...
Processing grid 172/184...
Processing grid 173/184...
Processing grid 174/184...
Processing grid 175/184...
Processing grid 176/184...
Processing grid 177/184...
Processing grid 178/184...
Processing grid 179/184...
Processing grid 180/184...
Processing grid 181/184...
Processing grid 182/184...
Processing grid 183/184...
Processing grid 184/184...
*** Saved all SP results to /home/altraj24/files/CN/molalign/OUT/tb_lite_results_shiftn0p4.json
Processing grid 0/184...
Processing grid 1/184...
Processing grid 2/184...
Processing grid 3/184...
Processing grid 4/184...
Processing grid 5/184...
Processing grid 6/184...
Processing grid 7/184...
Processing grid 8/184...
Processing grid 9/184...
Processing grid 10/184...
Processing grid 11/184...
Processing grid 12/184...
Processing grid 13/184...
Processing grid 14/184...
Processing grid 15/184...
Processing grid 16/184...
Processing grid 17/184...
Processing grid 18/184...
Processing grid 19/184...
Processing grid 20/184...
Processing grid 21/184...
Processing grid 22/184...
Processing grid 23/184...
Processing grid 24/184...
Processing grid 25/184...
Processing grid 26/184...
Processing grid 27/184...
Processing grid 28/184...
Processing grid 29/184...
Processing grid 30/184...
Processing grid 31/184...
Processing grid 32/184...
Processing grid 33/184...
Processing grid 34/184...
Processing grid 35/184...
Processing grid 36/184...
Processing grid 37/184...
Processing grid 38/184...
Processing grid 39/184...
Processing grid 40/184...
Processing grid 41/184...
Processing grid 42/184...
Processing grid 43/184...
Processing grid 44/184...
Processing grid 45/184...
Processing grid 46/184...
Processing grid 47/184...
Processing grid 48/184...
Processing grid 49/184...
Processing grid 50/184...
Processing grid 51/184...
Processing grid 52/184...
Processing grid 53/184...
Processing grid 54/184...
Processing grid 55/184...
Processing grid 56/184...
Processing grid 57/184...
Processing grid 58/184...
Processing grid 59/184...
Processing grid 60/184...
Processing grid 61/184...
Processing grid 62/184...
Processing grid 63/184...
Processing grid 64/184...
Processing grid 65/184...
Processing grid 66/184...
Processing grid 67/184...
Processing grid 68/184...
Processing grid 69/184...
Processing grid 70/184...
Processing grid 71/184...
Processing grid 72/184...
Processing grid 73/184...
Processing grid 74/184...
Processing grid 75/184...
Processing grid 76/184...
Processing grid 77/184...
Processing grid 78/184...
Processing grid 79/184...
Processing grid 80/184...
Processing grid 81/184...
Processing grid 82/184...
Processing grid 83/184...
Processing grid 84/184...
Processing grid 85/184...
Processing grid 86/184...
Processing grid 87/184...
Processing grid 88/184...
Processing grid 89/184...
Processing grid 90/184...
Processing grid 91/184...
Processing grid 92/184...
Processing grid 93/184...
Processing grid 94/184...
Processing grid 95/184...
Processing grid 96/184...
Processing grid 97/184...
Processing grid 98/184...
Processing grid 99/184...
Processing grid 100/184...
Processing grid 101/184...
Processing grid 102/184...
Processing grid 103/184...
Processing grid 104/184...
Processing grid 105/184...
Processing grid 106/184...
Processing grid 107/184...
Processing grid 108/184...
Processing grid 109/184...
Processing grid 110/184...
Processing grid 111/184...
Processing grid 112/184...
Processing grid 113/184...
Processing grid 114/184...
Processing grid 115/184...
Processing grid 116/184...
Processing grid 117/184...
Processing grid 118/184...
Processing grid 119/184...
Processing grid 120/184...
Processing grid 121/184...
Processing grid 122/184...
Processing grid 123/184...
Processing grid 124/184...
Processing grid 125/184...
Processing grid 126/184...
Processing grid 127/184...
Processing grid 128/184...
Processing grid 129/184...
Processing grid 130/184...
Processing grid 131/184...
Processing grid 132/184...
Processing grid 133/184...
Processing grid 134/184...
Processing grid 135/184...
Processing grid 136/184...
Processing grid 137/184...
Processing grid 138/184...
Processing grid 139/184...
Processing grid 140/184...
Processing grid 141/184...
Processing grid 142/184...
Processing grid 143/184...
Processing grid 144/184...
Processing grid 145/184...
Processing grid 146/184...
Processing grid 147/184...
Processing grid 148/184...
Processing grid 149/184...
Processing grid 150/184...
Processing grid 151/184...
Processing grid 152/184...
Processing grid 153/184...
Processing grid 154/184...
Processing grid 155/184...
Processing grid 156/184...
Processing grid 157/184...
Processing grid 158/184...
Processing grid 159/184...
Processing grid 160/184...
Processing grid 161/184...
Processing grid 162/184...
Processing grid 163/184...
Processing grid 164/184...
Processing grid 165/184...
Processing grid 166/184...
Processing grid 167/184...
Processing grid 168/184...
Processing grid 169/184...
Processing grid 170/184...
Processing grid 171/184...
Processing grid 172/184...
Processing grid 173/184...
Processing grid 174/184...
Processing grid 175/184...
Processing grid 176/184...
Processing grid 177/184...
Processing grid 178/184...
Processing grid 179/184...
Processing grid 180/184...
Processing grid 181/184...
Processing grid 182/184...
Processing grid 183/184...
Processing grid 184/184...
*** Saved all SP results to /home/altraj24/files/CN/molalign/OUT/tb_lite_results_shiftn0p35.json
Processing grid 0/184...
Processing grid 1/184...
Processing grid 2/184...
Processing grid 3/184...
Processing grid 4/184...
Processing grid 5/184...
Processing grid 6/184...
Processing grid 7/184...
Processing grid 8/184...
Processing grid 9/184...
Processing grid 10/184...
Processing grid 11/184...
Processing grid 12/184...
Processing grid 13/184...
Processing grid 14/184...
Processing grid 15/184...
Processing grid 16/184...
Processing grid 17/184...
Processing grid 18/184...
Processing grid 19/184...
Processing grid 20/184...
Processing grid 21/184...
Processing grid 22/184...
Processing grid 23/184...
Processing grid 24/184...
Processing grid 25/184...
Processing grid 26/184...
Processing grid 27/184...
Processing grid 28/184...
Processing grid 29/184...
Processing grid 30/184...
Processing grid 31/184...
Processing grid 32/184...
Processing grid 33/184...
Processing grid 34/184...
Processing grid 35/184...
Processing grid 36/184...
Processing grid 37/184...
Processing grid 38/184...
Processing grid 39/184...
Processing grid 40/184...
Processing grid 41/184...
Processing grid 42/184...
Processing grid 43/184...
Processing grid 44/184...
Processing grid 45/184...
Processing grid 46/184...
Processing grid 47/184...
Processing grid 48/184...
Processing grid 49/184...
Processing grid 50/184...
Processing grid 51/184...
Processing grid 52/184...
Processing grid 53/184...
Processing grid 54/184...
Processing grid 55/184...
Processing grid 56/184...
Processing grid 57/184...
Processing grid 58/184...
Processing grid 59/184...
Processing grid 60/184...
Processing grid 61/184...
Processing grid 62/184...
Processing grid 63/184...
Processing grid 64/184...
Processing grid 65/184...
Processing grid 66/184...
Processing grid 67/184...
Processing grid 68/184...
Processing grid 69/184...
Processing grid 70/184...
Processing grid 71/184...
Processing grid 72/184...
Processing grid 73/184...
Processing grid 74/184...
Processing grid 75/184...
Processing grid 76/184...
Processing grid 77/184...
Processing grid 78/184...
Processing grid 79/184...
Processing grid 80/184...
Processing grid 81/184...
Processing grid 82/184...
Processing grid 83/184...
Processing grid 84/184...
Processing grid 85/184...
Processing grid 86/184...
Processing grid 87/184...
Processing grid 88/184...
Processing grid 89/184...
Processing grid 90/184...
Processing grid 91/184...
Processing grid 92/184...
Processing grid 93/184...
Processing grid 94/184...
Processing grid 95/184...
Processing grid 96/184...
Processing grid 97/184...
Processing grid 98/184...
Processing grid 99/184...
Processing grid 100/184...
Processing grid 101/184...
Processing grid 102/184...
Processing grid 103/184...
Processing grid 104/184...
Processing grid 105/184...
Processing grid 106/184...
Processing grid 107/184...
Processing grid 108/184...
Processing grid 109/184...
Processing grid 110/184...
Processing grid 111/184...
Processing grid 112/184...
Processing grid 113/184...
Processing grid 114/184...
Processing grid 115/184...
Processing grid 116/184...
Processing grid 117/184...
Processing grid 118/184...
Processing grid 119/184...
Processing grid 120/184...
Processing grid 121/184...
Processing grid 122/184...
Processing grid 123/184...
Processing grid 124/184...
Processing grid 125/184...
Processing grid 126/184...
Processing grid 127/184...
Processing grid 128/184...
Processing grid 129/184...
Processing grid 130/184...
Processing grid 131/184...
Processing grid 132/184...
Processing grid 133/184...
Processing grid 134/184...
Processing grid 135/184...
Processing grid 136/184...
Processing grid 137/184...
Processing grid 138/184...
Processing grid 139/184...
Processing grid 140/184...
Processing grid 141/184...
Processing grid 142/184...
Processing grid 143/184...
Processing grid 144/184...
Processing grid 145/184...
Processing grid 146/184...
Processing grid 147/184...
Processing grid 148/184...
Processing grid 149/184...
Processing grid 150/184...
Processing grid 151/184...
Processing grid 152/184...
Processing grid 153/184...
Processing grid 154/184...
Processing grid 155/184...
Processing grid 156/184...
Processing grid 157/184...
Processing grid 158/184...
Processing grid 159/184...
Processing grid 160/184...
Processing grid 161/184...
Processing grid 162/184...
Processing grid 163/184...
Processing grid 164/184...
Processing grid 165/184...
Processing grid 166/184...
Processing grid 167/184...
Processing grid 168/184...
Processing grid 169/184...
Processing grid 170/184...
Processing grid 171/184...
Processing grid 172/184...
Processing grid 173/184...
Processing grid 174/184...
Processing grid 175/184...
Processing grid 176/184...
Processing grid 177/184...
Processing grid 178/184...
Processing grid 179/184...
Processing grid 180/184...
Processing grid 181/184...
Processing grid 182/184...
Processing grid 183/184...
Processing grid 184/184...
*** Saved all SP results to /home/altraj24/files/CN/molalign/OUT/tb_lite_results_shiftn0p3.json
Processing grid 0/184...
Processing grid 1/184...
Processing grid 2/184...
Processing grid 3/184...
Processing grid 4/184...
Processing grid 5/184...
Processing grid 6/184...
Processing grid 7/184...
Processing grid 8/184...
Processing grid 9/184...
Processing grid 10/184...
Processing grid 11/184...
Processing grid 12/184...
Processing grid 13/184...
Processing grid 14/184...
Processing grid 15/184...
Processing grid 16/184...
Processing grid 17/184...
Processing grid 18/184...
Processing grid 19/184...
Processing grid 20/184...
Processing grid 21/184...
Processing grid 22/184...
Processing grid 23/184...
Processing grid 24/184...
Processing grid 25/184...
Processing grid 26/184...
Processing grid 27/184...
Processing grid 28/184...
Processing grid 29/184...
Processing grid 30/184...
Processing grid 31/184...
Processing grid 32/184...
Processing grid 33/184...
Processing grid 34/184...
Processing grid 35/184...
Processing grid 36/184...
Processing grid 37/184...
Processing grid 38/184...
Processing grid 39/184...
Processing grid 40/184...
Processing grid 41/184...
Processing grid 42/184...
Processing grid 43/184...
Processing grid 44/184...
Processing grid 45/184...
Processing grid 46/184...
Processing grid 47/184...
Processing grid 48/184...
Processing grid 49/184...
Processing grid 50/184...
Processing grid 51/184...
Processing grid 52/184...
Processing grid 53/184...
Processing grid 54/184...
Processing grid 55/184...
Processing grid 56/184...
Processing grid 57/184...
Processing grid 58/184...
Processing grid 59/184...
Processing grid 60/184...
Processing grid 61/184...
Processing grid 62/184...
Processing grid 63/184...
Processing grid 64/184...
Processing grid 65/184...
Processing grid 66/184...
Processing grid 67/184...
Processing grid 68/184...
Processing grid 69/184...
Processing grid 70/184...
Processing grid 71/184...
Processing grid 72/184...
Processing grid 73/184...
Processing grid 74/184...
Processing grid 75/184...
Processing grid 76/184...
Processing grid 77/184...
Processing grid 78/184...
Processing grid 79/184...
Processing grid 80/184...
Processing grid 81/184...
Processing grid 82/184...
Processing grid 83/184...
Processing grid 84/184...
Processing grid 85/184...
Processing grid 86/184...
Processing grid 87/184...
Processing grid 88/184...
Processing grid 89/184...
Processing grid 90/184...
Processing grid 91/184...
Processing grid 92/184...
Processing grid 93/184...
Processing grid 94/184...
Processing grid 95/184...
Processing grid 96/184...
Processing grid 97/184...
Processing grid 98/184...
Processing grid 99/184...
Processing grid 100/184...
Processing grid 101/184...
Processing grid 102/184...
Processing grid 103/184...
Processing grid 104/184...
Processing grid 105/184...
Processing grid 106/184...
Processing grid 107/184...
Processing grid 108/184...
Processing grid 109/184...
Processing grid 110/184...
Processing grid 111/184...
Processing grid 112/184...
Processing grid 113/184...
Processing grid 114/184...
Processing grid 115/184...
Processing grid 116/184...
Processing grid 117/184...
Processing grid 118/184...
Processing grid 119/184...
Processing grid 120/184...
Processing grid 121/184...
Processing grid 122/184...
Processing grid 123/184...
Processing grid 124/184...
Processing grid 125/184...
Processing grid 126/184...
Processing grid 127/184...
Processing grid 128/184...
Processing grid 129/184...
Processing grid 130/184...
Processing grid 131/184...
Processing grid 132/184...
Processing grid 133/184...
Processing grid 134/184...
Processing grid 135/184...
Processing grid 136/184...
Processing grid 137/184...
Processing grid 138/184...
Processing grid 139/184...
Processing grid 140/184...
Processing grid 141/184...
Processing grid 142/184...
Processing grid 143/184...
Processing grid 144/184...
Processing grid 145/184...
Processing grid 146/184...
Processing grid 147/184...
Processing grid 148/184...
Processing grid 149/184...
Processing grid 150/184...
Processing grid 151/184...
Processing grid 152/184...
Processing grid 153/184...
Processing grid 154/184...
Processing grid 155/184...
Processing grid 156/184...
Processing grid 157/184...
Processing grid 158/184...
Processing grid 159/184...
Processing grid 160/184...
Processing grid 161/184...
Processing grid 162/184...
Processing grid 163/184...
Processing grid 164/184...
Processing grid 165/184...
Processing grid 166/184...
Processing grid 167/184...
Processing grid 168/184...
Processing grid 169/184...
Processing grid 170/184...
Processing grid 171/184...
Processing grid 172/184...
Processing grid 173/184...
Processing grid 174/184...
Processing grid 175/184...
Processing grid 176/184...
Processing grid 177/184...
Processing grid 178/184...
Processing grid 179/184...
Processing grid 180/184...
Processing grid 181/184...
Processing grid 182/184...
Processing grid 183/184...
Processing grid 184/184...
*** Saved all SP results to /home/altraj24/files/CN/molalign/OUT/tb_lite_results_shiftn0p25.json
Processing grid 0/184...
Processing grid 1/184...
Processing grid 2/184...
Processing grid 3/184...
Processing grid 4/184...
Processing grid 5/184...
Processing grid 6/184...
Processing grid 7/184...
Processing grid 8/184...
Processing grid 9/184...
Processing grid 10/184...
Processing grid 11/184...
Processing grid 12/184...
Processing grid 13/184...
Processing grid 14/184...
Processing grid 15/184...
Processing grid 16/184...
Processing grid 17/184...
Processing grid 18/184...
Processing grid 19/184...
Processing grid 20/184...
Processing grid 21/184...
Processing grid 22/184...
Processing grid 23/184...
Processing grid 24/184...
Processing grid 25/184...
Processing grid 26/184...
Processing grid 27/184...
Processing grid 28/184...
Processing grid 29/184...
Processing grid 30/184...
Processing grid 31/184...
Processing grid 32/184...
Processing grid 33/184...
Processing grid 34/184...
Processing grid 35/184...
Processing grid 36/184...
Processing grid 37/184...
Processing grid 38/184...
Processing grid 39/184...
Processing grid 40/184...
Processing grid 41/184...
Processing grid 42/184...
Processing grid 43/184...
Processing grid 44/184...
Processing grid 45/184...
Processing grid 46/184...
Processing grid 47/184...
Processing grid 48/184...
Processing grid 49/184...
Processing grid 50/184...
Processing grid 51/184...
Processing grid 52/184...
Processing grid 53/184...
Processing grid 54/184...
Processing grid 55/184...
Processing grid 56/184...
Processing grid 57/184...
Processing grid 58/184...
Processing grid 59/184...
Processing grid 60/184...
Processing grid 61/184...
Processing grid 62/184...
Processing grid 63/184...
Processing grid 64/184...
Processing grid 65/184...
Processing grid 66/184...
Processing grid 67/184...
Processing grid 68/184...
Processing grid 69/184...
Processing grid 70/184...
Processing grid 71/184...
Processing grid 72/184...
Processing grid 73/184...
Processing grid 74/184...
Processing grid 75/184...
Processing grid 76/184...
Processing grid 77/184...
Processing grid 78/184...
Processing grid 79/184...
Processing grid 80/184...
Processing grid 81/184...
Processing grid 82/184...
Processing grid 83/184...
Processing grid 84/184...
Processing grid 85/184...
Processing grid 86/184...
Processing grid 87/184...
Processing grid 88/184...
Processing grid 89/184...
Processing grid 90/184...
Processing grid 91/184...
Processing grid 92/184...
Processing grid 93/184...
Processing grid 94/184...
Processing grid 95/184...
Processing grid 96/184...
Processing grid 97/184...
Processing grid 98/184...
Processing grid 99/184...
Processing grid 100/184...
Processing grid 101/184...
Processing grid 102/184...
Processing grid 103/184...
Processing grid 104/184...
Processing grid 105/184...
Processing grid 106/184...
Processing grid 107/184...
Processing grid 108/184...
Processing grid 109/184...
Processing grid 110/184...
Processing grid 111/184...
Processing grid 112/184...
Processing grid 113/184...
Processing grid 114/184...
Processing grid 115/184...
Processing grid 116/184...
Processing grid 117/184...
Processing grid 118/184...
Processing grid 119/184...
Processing grid 120/184...
Processing grid 121/184...
Processing grid 122/184...
Processing grid 123/184...
Processing grid 124/184...
Processing grid 125/184...
Processing grid 126/184...
Processing grid 127/184...
Processing grid 128/184...
Processing grid 129/184...
Processing grid 130/184...
Processing grid 131/184...
Processing grid 132/184...
Processing grid 133/184...
Processing grid 134/184...
Processing grid 135/184...
Processing grid 136/184...
Processing grid 137/184...
Processing grid 138/184...
Processing grid 139/184...
Processing grid 140/184...
Processing grid 141/184...
Processing grid 142/184...
Processing grid 143/184...
Processing grid 144/184...
Processing grid 145/184...
Processing grid 146/184...
Processing grid 147/184...
Processing grid 148/184...
Processing grid 149/184...
Processing grid 150/184...
Processing grid 151/184...
Processing grid 152/184...
Processing grid 153/184...
Processing grid 154/184...
Processing grid 155/184...
Processing grid 156/184...
Processing grid 157/184...
Processing grid 158/184...
Processing grid 159/184...
Processing grid 160/184...
Processing grid 161/184...
Processing grid 162/184...
Processing grid 163/184...
Processing grid 164/184...
Processing grid 165/184...
Processing grid 166/184...
Processing grid 167/184...
Processing grid 168/184...
Processing grid 169/184...
Processing grid 170/184...
Processing grid 171/184...
Processing grid 172/184...
Processing grid 173/184...
Processing grid 174/184...
Processing grid 175/184...
Processing grid 176/184...
Processing grid 177/184...
Processing grid 178/184...
Processing grid 179/184...
Processing grid 180/184...
Processing grid 181/184...
Processing grid 182/184...
Processing grid 183/184...
Processing grid 184/184...
*** Saved all SP results to /home/altraj24/files/CN/molalign/OUT/tb_lite_results_shiftn0p2.json
Processing grid 0/184...
Processing grid 1/184...
Processing grid 2/184...
Processing grid 3/184...
Processing grid 4/184...
Processing grid 5/184...
Processing grid 6/184...
Processing grid 7/184...
Processing grid 8/184...
Processing grid 9/184...
Processing grid 10/184...
Processing grid 11/184...
Processing grid 12/184...
Processing grid 13/184...
Processing grid 14/184...
Processing grid 15/184...
Processing grid 16/184...
Processing grid 17/184...
Processing grid 18/184...
Processing grid 19/184...
Processing grid 20/184...
Processing grid 21/184...
Processing grid 22/184...
Processing grid 23/184...
Processing grid 24/184...
Processing grid 25/184...
Processing grid 26/184...
Processing grid 27/184...
Processing grid 28/184...
Processing grid 29/184...
Processing grid 30/184...
Processing grid 31/184...
Processing grid 32/184...
Processing grid 33/184...
Processing grid 34/184...
Processing grid 35/184...
Processing grid 36/184...
Processing grid 37/184...
Processing grid 38/184...
Processing grid 39/184...
Processing grid 40/184...
Processing grid 41/184...
Processing grid 42/184...
Processing grid 43/184...
Processing grid 44/184...
Processing grid 45/184...
Processing grid 46/184...
Processing grid 47/184...
Processing grid 48/184...
Processing grid 49/184...
Processing grid 50/184...
Processing grid 51/184...
Processing grid 52/184...
Processing grid 53/184...
Processing grid 54/184...
Processing grid 55/184...
Processing grid 56/184...
Processing grid 57/184...
Processing grid 58/184...
Processing grid 59/184...
Processing grid 60/184...
Processing grid 61/184...
Processing grid 62/184...
Processing grid 63/184...
Processing grid 64/184...
Processing grid 65/184...
Processing grid 66/184...
Processing grid 67/184...
Processing grid 68/184...
Processing grid 69/184...
Processing grid 70/184...
Processing grid 71/184...
Processing grid 72/184...
Processing grid 73/184...
Processing grid 74/184...
Processing grid 75/184...
Processing grid 76/184...
Processing grid 77/184...
Processing grid 78/184...
Processing grid 79/184...
Processing grid 80/184...
Processing grid 81/184...
Processing grid 82/184...
Processing grid 83/184...
Processing grid 84/184...
Processing grid 85/184...
Processing grid 86/184...
Processing grid 87/184...
Processing grid 88/184...
Processing grid 89/184...
Processing grid 90/184...
Processing grid 91/184...
Processing grid 92/184...
Processing grid 93/184...
Processing grid 94/184...
Processing grid 95/184...
Processing grid 96/184...
Processing grid 97/184...
Processing grid 98/184...
Processing grid 99/184...
Processing grid 100/184...
Processing grid 101/184...
Processing grid 102/184...
Processing grid 103/184...
Processing grid 104/184...
Processing grid 105/184...
Processing grid 106/184...
Processing grid 107/184...
Processing grid 108/184...
Processing grid 109/184...
Processing grid 110/184...
Processing grid 111/184...
Processing grid 112/184...
Processing grid 113/184...
Processing grid 114/184...
Processing grid 115/184...
Processing grid 116/184...
Processing grid 117/184...
Processing grid 118/184...
Processing grid 119/184...
Processing grid 120/184...
Processing grid 121/184...
Processing grid 122/184...
Processing grid 123/184...
Processing grid 124/184...
Processing grid 125/184...
Processing grid 126/184...
Processing grid 127/184...
Processing grid 128/184...
Processing grid 129/184...
Processing grid 130/184...
Processing grid 131/184...
Processing grid 132/184...
Processing grid 133/184...
Processing grid 134/184...
Processing grid 135/184...
Processing grid 136/184...
Processing grid 137/184...
Processing grid 138/184...
Processing grid 139/184...
Processing grid 140/184...
Processing grid 141/184...
Processing grid 142/184...
Processing grid 143/184...
Processing grid 144/184...
Processing grid 145/184...
Processing grid 146/184...
Processing grid 147/184...
Processing grid 148/184...
Processing grid 149/184...
Processing grid 150/184...
Processing grid 151/184...
Processing grid 152/184...
Processing grid 153/184...
Processing grid 154/184...
Processing grid 155/184...
Processing grid 156/184...
Processing grid 157/184...
Processing grid 158/184...
Processing grid 159/184...
Processing grid 160/184...
Processing grid 161/184...
Processing grid 162/184...
Processing grid 163/184...
Processing grid 164/184...
Processing grid 165/184...
Processing grid 166/184...
Processing grid 167/184...
Processing grid 168/184...
Processing grid 169/184...
Processing grid 170/184...
Processing grid 171/184...
Processing grid 172/184...
Processing grid 173/184...
Processing grid 174/184...
Processing grid 175/184...
Processing grid 176/184...
Processing grid 177/184...
Processing grid 178/184...
Processing grid 179/184...
Processing grid 180/184...
Processing grid 181/184...
Processing grid 182/184...
Processing grid 183/184...
Processing grid 184/184...
*** Saved all SP results to /home/altraj24/files/CN/molalign/OUT/tb_lite_results_shiftn0p15.json
Processing grid 0/184...
Processing grid 1/184...
Processing grid 2/184...
Processing grid 3/184...
Processing grid 4/184...
Processing grid 5/184...
Processing grid 6/184...
Processing grid 7/184...
Processing grid 8/184...
Processing grid 9/184...
Processing grid 10/184...
Processing grid 11/184...
Processing grid 12/184...
Processing grid 13/184...
Processing grid 14/184...
Processing grid 15/184...
Processing grid 16/184...
Processing grid 17/184...
Processing grid 18/184...
Processing grid 19/184...
Processing grid 20/184...
Processing grid 21/184...
Processing grid 22/184...
Processing grid 23/184...
Processing grid 24/184...
Processing grid 25/184...
Processing grid 26/184...
Processing grid 27/184...
Processing grid 28/184...
Processing grid 29/184...
Processing grid 30/184...
Processing grid 31/184...
Processing grid 32/184...
Processing grid 33/184...
Processing grid 34/184...
Processing grid 35/184...
Processing grid 36/184...
Processing grid 37/184...
Processing grid 38/184...
Processing grid 39/184...
Processing grid 40/184...
Processing grid 41/184...
Processing grid 42/184...
Processing grid 43/184...
Processing grid 44/184...
Processing grid 45/184...
Processing grid 46/184...
Processing grid 47/184...
Processing grid 48/184...
Processing grid 49/184...
Processing grid 50/184...
Processing grid 51/184...
Processing grid 52/184...
Processing grid 53/184...
Processing grid 54/184...
Processing grid 55/184...
Processing grid 56/184...
Processing grid 57/184...
Processing grid 58/184...
Processing grid 59/184...
Processing grid 60/184...
Processing grid 61/184...
Processing grid 62/184...
Processing grid 63/184...
Processing grid 64/184...
Processing grid 65/184...
Processing grid 66/184...
Processing grid 67/184...
Processing grid 68/184...
Processing grid 69/184...
Processing grid 70/184...
Processing grid 71/184...
Processing grid 72/184...
Processing grid 73/184...
Processing grid 74/184...
Processing grid 75/184...
Processing grid 76/184...
Processing grid 77/184...
Processing grid 78/184...
Processing grid 79/184...
Processing grid 80/184...
Processing grid 81/184...
Processing grid 82/184...
Processing grid 83/184...
Processing grid 84/184...
Processing grid 85/184...
Processing grid 86/184...
Processing grid 87/184...
Processing grid 88/184...
Processing grid 89/184...
Processing grid 90/184...
Processing grid 91/184...
Processing grid 92/184...
Processing grid 93/184...
Processing grid 94/184...
Processing grid 95/184...
Processing grid 96/184...
Processing grid 97/184...
Processing grid 98/184...
Processing grid 99/184...
Processing grid 100/184...
Processing grid 101/184...
Processing grid 102/184...
Processing grid 103/184...
Processing grid 104/184...
Processing grid 105/184...
Processing grid 106/184...
Processing grid 107/184...
Processing grid 108/184...
Processing grid 109/184...
Processing grid 110/184...
Processing grid 111/184...
Processing grid 112/184...
Processing grid 113/184...
Processing grid 114/184...
Processing grid 115/184...
Processing grid 116/184...
Processing grid 117/184...
Processing grid 118/184...
Processing grid 119/184...
Processing grid 120/184...
Processing grid 121/184...
Processing grid 122/184...
Processing grid 123/184...
Processing grid 124/184...
Processing grid 125/184...
Processing grid 126/184...
Processing grid 127/184...
Processing grid 128/184...
Processing grid 129/184...
Processing grid 130/184...
Processing grid 131/184...
Processing grid 132/184...
Processing grid 133/184...
Processing grid 134/184...
Processing grid 135/184...
Processing grid 136/184...
Processing grid 137/184...
Processing grid 138/184...
Processing grid 139/184...
Processing grid 140/184...
Processing grid 141/184...
Processing grid 142/184...
Processing grid 143/184...
Processing grid 144/184...
Processing grid 145/184...
Processing grid 146/184...
Processing grid 147/184...
Processing grid 148/184...
Processing grid 149/184...
Processing grid 150/184...
Processing grid 151/184...
Processing grid 152/184...
Processing grid 153/184...
Processing grid 154/184...
Processing grid 155/184...
Processing grid 156/184...
Processing grid 157/184...
Processing grid 158/184...
Processing grid 159/184...
Processing grid 160/184...
Processing grid 161/184...
Processing grid 162/184...
Processing grid 163/184...
Processing grid 164/184...
Processing grid 165/184...
Processing grid 166/184...
Processing grid 167/184...
Processing grid 168/184...
Processing grid 169/184...
Processing grid 170/184...
Processing grid 171/184...
Processing grid 172/184...
Processing grid 173/184...
Processing grid 174/184...
Processing grid 175/184...
Processing grid 176/184...
Processing grid 177/184...
Processing grid 178/184...
Processing grid 179/184...
Processing grid 180/184...
Processing grid 181/184...
Processing grid 182/184...
Processing grid 183/184...
Processing grid 184/184...
*** Saved all SP results to /home/altraj24/files/CN/molalign/OUT/tb_lite_results_shiftn0p1.json
Processing grid 0/184...
Processing grid 1/184...
Processing grid 2/184...
Processing grid 3/184...
Processing grid 4/184...
Processing grid 5/184...
Processing grid 6/184...
Processing grid 7/184...
Processing grid 8/184...
Processing grid 9/184...
Processing grid 10/184...
Processing grid 11/184...
Processing grid 12/184...
Processing grid 13/184...
Processing grid 14/184...
Processing grid 15/184...
Processing grid 16/184...
Processing grid 17/184...
Processing grid 18/184...
Processing grid 19/184...
Processing grid 20/184...
Processing grid 21/184...
Processing grid 22/184...
Processing grid 23/184...
Processing grid 24/184...
Processing grid 25/184...
Processing grid 26/184...
Processing grid 27/184...
Processing grid 28/184...
Processing grid 29/184...
Processing grid 30/184...
Processing grid 31/184...
Processing grid 32/184...
Processing grid 33/184...
Processing grid 34/184...
Processing grid 35/184...
Processing grid 36/184...
Processing grid 37/184...
Processing grid 38/184...
Processing grid 39/184...
Processing grid 40/184...
Processing grid 41/184...
Processing grid 42/184...
Processing grid 43/184...
Processing grid 44/184...
Processing grid 45/184...
Processing grid 46/184...
Processing grid 47/184...
Processing grid 48/184...
Processing grid 49/184...
Processing grid 50/184...
Processing grid 51/184...
Processing grid 52/184...
Processing grid 53/184...
Processing grid 54/184...
Processing grid 55/184...
Processing grid 56/184...
Processing grid 57/184...
Processing grid 58/184...
Processing grid 59/184...
Processing grid 60/184...
Processing grid 61/184...
Processing grid 62/184...
Processing grid 63/184...
Processing grid 64/184...
Processing grid 65/184...
Processing grid 66/184...
Processing grid 67/184...
Processing grid 68/184...
Processing grid 69/184...
Processing grid 70/184...
Processing grid 71/184...
Processing grid 72/184...
Processing grid 73/184...
Processing grid 74/184...
Processing grid 75/184...
Processing grid 76/184...
Processing grid 77/184...
Processing grid 78/184...
Processing grid 79/184...
Processing grid 80/184...
Processing grid 81/184...
Processing grid 82/184...
Processing grid 83/184...
Processing grid 84/184...
Processing grid 85/184...
Processing grid 86/184...
Processing grid 87/184...
Processing grid 88/184...
Processing grid 89/184...
Processing grid 90/184...
Processing grid 91/184...
Processing grid 92/184...
Processing grid 93/184...
Processing grid 94/184...
Processing grid 95/184...
Processing grid 96/184...
Processing grid 97/184...
Processing grid 98/184...
Processing grid 99/184...
Processing grid 100/184...
Processing grid 101/184...
Processing grid 102/184...
Processing grid 103/184...
Processing grid 104/184...
Processing grid 105/184...
Processing grid 106/184...
Processing grid 107/184...
Processing grid 108/184...
Processing grid 109/184...
Processing grid 110/184...
Processing grid 111/184...
Processing grid 112/184...
Processing grid 113/184...
Processing grid 114/184...
Processing grid 115/184...
Processing grid 116/184...
Processing grid 117/184...
Processing grid 118/184...
Processing grid 119/184...
Processing grid 120/184...
Processing grid 121/184...
Processing grid 122/184...
Processing grid 123/184...
Processing grid 124/184...
Processing grid 125/184...
Processing grid 126/184...
Processing grid 127/184...
Processing grid 128/184...
Processing grid 129/184...
Processing grid 130/184...
Processing grid 131/184...
Processing grid 132/184...
Processing grid 133/184...
Processing grid 134/184...
Processing grid 135/184...
Processing grid 136/184...
Processing grid 137/184...
Processing grid 138/184...
Processing grid 139/184...
Processing grid 140/184...
Processing grid 141/184...
Processing grid 142/184...
Processing grid 143/184...
Processing grid 144/184...
Processing grid 145/184...
Processing grid 146/184...
Processing grid 147/184...
Processing grid 148/184...
Processing grid 149/184...
Processing grid 150/184...
Processing grid 151/184...
Processing grid 152/184...
Processing grid 153/184...
Processing grid 154/184...
Processing grid 155/184...
Processing grid 156/184...
Processing grid 157/184...
Processing grid 158/184...
Processing grid 159/184...
Processing grid 160/184...
Processing grid 161/184...
Processing grid 162/184...
Processing grid 163/184...
Processing grid 164/184...
Processing grid 165/184...
Processing grid 166/184...
Processing grid 167/184...
Processing grid 168/184...
Processing grid 169/184...
Processing grid 170/184...
Processing grid 171/184...
Processing grid 172/184...
Processing grid 173/184...
Processing grid 174/184...
Processing grid 175/184...
Processing grid 176/184...
Processing grid 177/184...
Processing grid 178/184...
Processing grid 179/184...
Processing grid 180/184...
Processing grid 181/184...
Processing grid 182/184...
Processing grid 183/184...
Processing grid 184/184...
*** Saved all SP results to /home/altraj24/files/CN/molalign/OUT/tb_lite_results_shiftn0p05.json
Processing grid 0/184...
Processing grid 1/184...
Processing grid 2/184...
Processing grid 3/184...
Processing grid 4/184...
Processing grid 5/184...
Processing grid 6/184...
Processing grid 7/184...
Processing grid 8/184...
Processing grid 9/184...
Processing grid 10/184...
Processing grid 11/184...
Processing grid 12/184...
Processing grid 13/184...
Processing grid 14/184...
Processing grid 15/184...
Processing grid 16/184...
Processing grid 17/184...
Processing grid 18/184...
Processing grid 19/184...
Processing grid 20/184...
Processing grid 21/184...
Processing grid 22/184...
Processing grid 23/184...
Processing grid 24/184...
Processing grid 25/184...
Processing grid 26/184...
Processing grid 27/184...
Processing grid 28/184...
Processing grid 29/184...
Processing grid 30/184...
Processing grid 31/184...
Processing grid 32/184...
Processing grid 33/184...
Processing grid 34/184...
Processing grid 35/184...
Processing grid 36/184...
Processing grid 37/184...
Processing grid 38/184...
Processing grid 39/184...
Processing grid 40/184...
Processing grid 41/184...
Processing grid 42/184...
Processing grid 43/184...
Processing grid 44/184...
Processing grid 45/184...
Processing grid 46/184...
Processing grid 47/184...
Processing grid 48/184...
Processing grid 49/184...
Processing grid 50/184...
Processing grid 51/184...
Processing grid 52/184...
Processing grid 53/184...
Processing grid 54/184...
Processing grid 55/184...
Processing grid 56/184...
Processing grid 57/184...
Processing grid 58/184...
Processing grid 59/184...
Processing grid 60/184...
Processing grid 61/184...
Processing grid 62/184...
Processing grid 63/184...
Processing grid 64/184...
Processing grid 65/184...
Processing grid 66/184...
Processing grid 67/184...
Processing grid 68/184...
Processing grid 69/184...
Processing grid 70/184...
Processing grid 71/184...
Processing grid 72/184...
Processing grid 73/184...
Processing grid 74/184...
Processing grid 75/184...
Processing grid 76/184...
Processing grid 77/184...
Processing grid 78/184...
Processing grid 79/184...
Processing grid 80/184...
Processing grid 81/184...
Processing grid 82/184...
Processing grid 83/184...
Processing grid 84/184...
Processing grid 85/184...
Processing grid 86/184...
Processing grid 87/184...
Processing grid 88/184...
Processing grid 89/184...
Processing grid 90/184...
Processing grid 91/184...
Processing grid 92/184...
Processing grid 93/184...
Processing grid 94/184...
Processing grid 95/184...
Processing grid 96/184...
Processing grid 97/184...
Processing grid 98/184...
Processing grid 99/184...
Processing grid 100/184...
Processing grid 101/184...
Processing grid 102/184...
Processing grid 103/184...
Processing grid 104/184...
Processing grid 105/184...
Processing grid 106/184...
Processing grid 107/184...
Processing grid 108/184...
Processing grid 109/184...
Processing grid 110/184...
Processing grid 111/184...
Processing grid 112/184...
Processing grid 113/184...
Processing grid 114/184...
Processing grid 115/184...
Processing grid 116/184...
Processing grid 117/184...
Processing grid 118/184...
Processing grid 119/184...
Processing grid 120/184...
Processing grid 121/184...
Processing grid 122/184...
Processing grid 123/184...
Processing grid 124/184...
Processing grid 125/184...
Processing grid 126/184...
Processing grid 127/184...
Processing grid 128/184...
Processing grid 129/184...
Processing grid 130/184...
Processing grid 131/184...
Processing grid 132/184...
Processing grid 133/184...
Processing grid 134/184...
Processing grid 135/184...
Processing grid 136/184...
Processing grid 137/184...
Processing grid 138/184...
Processing grid 139/184...
Processing grid 140/184...
Processing grid 141/184...
Processing grid 142/184...
Processing grid 143/184...
Processing grid 144/184...
Processing grid 145/184...
Processing grid 146/184...
Processing grid 147/184...
Processing grid 148/184...
Processing grid 149/184...
Processing grid 150/184...
Processing grid 151/184...
Processing grid 152/184...
Processing grid 153/184...
Processing grid 154/184...
Processing grid 155/184...
Processing grid 156/184...
Processing grid 157/184...
Processing grid 158/184...
Processing grid 159/184...
Processing grid 160/184...
Processing grid 161/184...
Processing grid 162/184...
Processing grid 163/184...
Processing grid 164/184...
Processing grid 165/184...
Processing grid 166/184...
Processing grid 167/184...
Processing grid 168/184...
Processing grid 169/184...
Processing grid 170/184...
Processing grid 171/184...
Processing grid 172/184...
Processing grid 173/184...
Processing grid 174/184...
Processing grid 175/184...
Processing grid 176/184...
Processing grid 177/184...
Processing grid 178/184...
Processing grid 179/184...
Processing grid 180/184...
Processing grid 181/184...
Processing grid 182/184...
Processing grid 183/184...
Processing grid 184/184...
*** Saved all SP results to /home/altraj24/files/CN/molalign/OUT/tb_lite_results_original.json
Processing grid 0/184...
Processing grid 1/184...
Processing grid 2/184...
Processing grid 3/184...
Processing grid 4/184...
Processing grid 5/184...
Processing grid 6/184...
Processing grid 7/184...
Processing grid 8/184...
Processing grid 9/184...
Processing grid 10/184...
Processing grid 11/184...
Processing grid 12/184...
Processing grid 13/184...
Processing grid 14/184...
Processing grid 15/184...
Processing grid 16/184...
Processing grid 17/184...
Processing grid 18/184...
Processing grid 19/184...
Processing grid 20/184...
Processing grid 21/184...
Processing grid 22/184...
Processing grid 23/184...
Processing grid 24/184...
Processing grid 25/184...
Processing grid 26/184...
Processing grid 27/184...
Processing grid 28/184...
Processing grid 29/184...
Processing grid 30/184...
Processing grid 31/184...
Processing grid 32/184...
Processing grid 33/184...
Processing grid 34/184...
Processing grid 35/184...
Processing grid 36/184...
Processing grid 37/184...
Processing grid 38/184...
Processing grid 39/184...
Processing grid 40/184...
Processing grid 41/184...
Processing grid 42/184...
Processing grid 43/184...
Processing grid 44/184...
Processing grid 45/184...
Processing grid 46/184...
Processing grid 47/184...
Processing grid 48/184...
Processing grid 49/184...
Processing grid 50/184...
Processing grid 51/184...
Processing grid 52/184...
Processing grid 53/184...
Processing grid 54/184...
Processing grid 55/184...
Processing grid 56/184...
Processing grid 57/184...
Processing grid 58/184...
Processing grid 59/184...
Processing grid 60/184...
Processing grid 61/184...
Processing grid 62/184...
Processing grid 63/184...
Processing grid 64/184...
Processing grid 65/184...
Processing grid 66/184...
Processing grid 67/184...
Processing grid 68/184...
Processing grid 69/184...
Processing grid 70/184...
Processing grid 71/184...
Processing grid 72/184...
Processing grid 73/184...
Processing grid 74/184...
Processing grid 75/184...
Processing grid 76/184...
Processing grid 77/184...
Processing grid 78/184...
Processing grid 79/184...
Processing grid 80/184...
Processing grid 81/184...
Processing grid 82/184...
Processing grid 83/184...
Processing grid 84/184...
Processing grid 85/184...
Processing grid 86/184...
Processing grid 87/184...
Processing grid 88/184...
Processing grid 89/184...
Processing grid 90/184...
Processing grid 91/184...
Processing grid 92/184...
Processing grid 93/184...
Processing grid 94/184...
Processing grid 95/184...
Processing grid 96/184...
Processing grid 97/184...
Processing grid 98/184...
Processing grid 99/184...
Processing grid 100/184...
Processing grid 101/184...
Processing grid 102/184...
Processing grid 103/184...
Processing grid 104/184...
Processing grid 105/184...
Processing grid 106/184...
Processing grid 107/184...
Processing grid 108/184...
Processing grid 109/184...
Processing grid 110/184...
Processing grid 111/184...
Processing grid 112/184...
Processing grid 113/184...
Processing grid 114/184...
Processing grid 115/184...
Processing grid 116/184...
Processing grid 117/184...
Processing grid 118/184...
Processing grid 119/184...
Processing grid 120/184...
Processing grid 121/184...
Processing grid 122/184...
Processing grid 123/184...
Processing grid 124/184...
Processing grid 125/184...
Processing grid 126/184...
Processing grid 127/184...
Processing grid 128/184...
Processing grid 129/184...
Processing grid 130/184...
Processing grid 131/184...
Processing grid 132/184...
Processing grid 133/184...
Processing grid 134/184...
Processing grid 135/184...
Processing grid 136/184...
Processing grid 137/184...
Processing grid 138/184...
Processing grid 139/184...
Processing grid 140/184...
Processing grid 141/184...
Processing grid 142/184...
Processing grid 143/184...
Processing grid 144/184...
Processing grid 145/184...
Processing grid 146/184...
Processing grid 147/184...
Processing grid 148/184...
Processing grid 149/184...
Processing grid 150/184...
Processing grid 151/184...
Processing grid 152/184...
Processing grid 153/184...
Processing grid 154/184...
Processing grid 155/184...
Processing grid 156/184...
Processing grid 157/184...
Processing grid 158/184...
Processing grid 159/184...
Processing grid 160/184...
Processing grid 161/184...
Processing grid 162/184...
Processing grid 163/184...
Processing grid 164/184...
Processing grid 165/184...
Processing grid 166/184...
Processing grid 167/184...
Processing grid 168/184...
Processing grid 169/184...
Processing grid 170/184...
Processing grid 171/184...
Processing grid 172/184...
Processing grid 173/184...
Processing grid 174/184...
Processing grid 175/184...
Processing grid 176/184...
Processing grid 177/184...
Processing grid 178/184...
Processing grid 179/184...
Processing grid 180/184...
Processing grid 181/184...
Processing grid 182/184...
Processing grid 183/184...
Processing grid 184/184...
*** Saved all SP results to /home/altraj24/files/CN/molalign/OUT/tb_lite_results_shift0p1.json
Processing grid 0/184...
Processing grid 1/184...
Processing grid 2/184...
Processing grid 3/184...
Processing grid 4/184...
Processing grid 5/184...
Processing grid 6/184...
Processing grid 7/184...
Processing grid 8/184...
Processing grid 9/184...
Processing grid 10/184...
Processing grid 11/184...
Processing grid 12/184...
Processing grid 13/184...
Processing grid 14/184...
Processing grid 15/184...
Processing grid 16/184...
Processing grid 17/184...
Processing grid 18/184...
Processing grid 19/184...
Processing grid 20/184...
Processing grid 21/184...
Processing grid 22/184...
Processing grid 23/184...
Processing grid 24/184...
Processing grid 25/184...
Processing grid 26/184...
Processing grid 27/184...
Processing grid 28/184...
Processing grid 29/184...
Processing grid 30/184...
Processing grid 31/184...
Processing grid 32/184...
Processing grid 33/184...
Processing grid 34/184...
Processing grid 35/184...
Processing grid 36/184...
Processing grid 37/184...
Processing grid 38/184...
Processing grid 39/184...
Processing grid 40/184...
Processing grid 41/184...
Processing grid 42/184...
Processing grid 43/184...
Processing grid 44/184...
Processing grid 45/184...
Processing grid 46/184...
Processing grid 47/184...
Processing grid 48/184...
Processing grid 49/184...
Processing grid 50/184...
Processing grid 51/184...
Processing grid 52/184...
Processing grid 53/184...
Processing grid 54/184...
Processing grid 55/184...
Processing grid 56/184...
Processing grid 57/184...
Processing grid 58/184...
Processing grid 59/184...
Processing grid 60/184...
Processing grid 61/184...
Processing grid 62/184...
Processing grid 63/184...
Processing grid 64/184...
Processing grid 65/184...
Processing grid 66/184...
Processing grid 67/184...
Processing grid 68/184...
Processing grid 69/184...
Processing grid 70/184...
Processing grid 71/184...
Processing grid 72/184...
Processing grid 73/184...
Processing grid 74/184...
Processing grid 75/184...
Processing grid 76/184...
Processing grid 77/184...
Processing grid 78/184...
Processing grid 79/184...
Processing grid 80/184...
Processing grid 81/184...
Processing grid 82/184...
Processing grid 83/184...
Processing grid 84/184...
Processing grid 85/184...
Processing grid 86/184...
Processing grid 87/184...
Processing grid 88/184...
Processing grid 89/184...
Processing grid 90/184...
Processing grid 91/184...
Processing grid 92/184...
Processing grid 93/184...
Processing grid 94/184...
Processing grid 95/184...
Processing grid 96/184...
Processing grid 97/184...
Processing grid 98/184...
Processing grid 99/184...
Processing grid 100/184...
Processing grid 101/184...
Processing grid 102/184...
Processing grid 103/184...
Processing grid 104/184...
Processing grid 105/184...
Processing grid 106/184...
Processing grid 107/184...
Processing grid 108/184...
Processing grid 109/184...
Processing grid 110/184...
Processing grid 111/184...
Processing grid 112/184...
Processing grid 113/184...
Processing grid 114/184...
Processing grid 115/184...
Processing grid 116/184...
Processing grid 117/184...
Processing grid 118/184...
Processing grid 119/184...
Processing grid 120/184...
Processing grid 121/184...
Processing grid 122/184...
Processing grid 123/184...
Processing grid 124/184...
Processing grid 125/184...
Processing grid 126/184...
Processing grid 127/184...
Processing grid 128/184...
Processing grid 129/184...
Processing grid 130/184...
Processing grid 131/184...
Processing grid 132/184...
Processing grid 133/184...
Processing grid 134/184...
Processing grid 135/184...
Processing grid 136/184...
Processing grid 137/184...
Processing grid 138/184...
Processing grid 139/184...
Processing grid 140/184...
Processing grid 141/184...
Processing grid 142/184...
Processing grid 143/184...
Processing grid 144/184...
Processing grid 145/184...
Processing grid 146/184...
Processing grid 147/184...
Processing grid 148/184...
Processing grid 149/184...
Processing grid 150/184...
Processing grid 151/184...
Processing grid 152/184...
Processing grid 153/184...
Processing grid 154/184...
Processing grid 155/184...
Processing grid 156/184...
Processing grid 157/184...
Processing grid 158/184...
Processing grid 159/184...
Processing grid 160/184...
Processing grid 161/184...
Processing grid 162/184...
Processing grid 163/184...
Processing grid 164/184...
Processing grid 165/184...
Processing grid 166/184...
Processing grid 167/184...
Processing grid 168/184...
Processing grid 169/184...
Processing grid 170/184...
Processing grid 171/184...
Processing grid 172/184...
Processing grid 173/184...
Processing grid 174/184...
Processing grid 175/184...
Processing grid 176/184...
Processing grid 177/184...
Processing grid 178/184...
Processing grid 179/184...
Processing grid 180/184...
Processing grid 181/184...
Processing grid 182/184...
Processing grid 183/184...
Processing grid 184/184...
*** Saved all SP results to /home/altraj24/files/CN/molalign/OUT/tb_lite_results_shift0p2.json

*** Running: cpcm-reader /home/altraj24/files/CN/molalign/inp.cpcm inp

*** Running: cpcm-reader /home/altraj24/files/CN/molalign/water.cpcm water
*** Saved shifted NPZ (-0.5 ): /home/altraj24/files/CN/molalign/OUT/solute_data_shiftn0p5.npz
*** Saved shifted NPZ (-0.4 ): /home/altraj24/files/CN/molalign/OUT/solute_data_shiftn0p4.npz
*** Saved shifted NPZ (-0.35 ): /home/altraj24/files/CN/molalign/OUT/solute_data_shiftn0p35.npz
*** Saved shifted NPZ (-0.3 ): /home/altraj24/files/CN/molalign/OUT/solute_data_shiftn0p3.npz
*** Saved shifted NPZ (-0.25 ): /home/altraj24/files/CN/molalign/OUT/solute_data_shiftn0p25.npz
*** Saved shifted NPZ (-0.2 ): /home/altraj24/files/CN/molalign/OUT/solute_data_shiftn0p2.npz
*** Saved shifted NPZ (-0.15 ): /home/altraj24/files/CN/molalign/OUT/solute_data_shiftn0p15.npz
*** Saved shifted NPZ (-0.1 ): /home/altraj24/files/CN/molalign/OUT/solute_data_shiftn0p1.npz
*** Saved shifted NPZ (-0.05 ): /home/altraj24/files/CN/molalign/OUT/solute_data_shiftn0p05.npz
*** Saved shifted NPZ (+0.0 ): /home/altraj24/files/CN/molalign/OUT/solute_data_original.npz
*** Saved shifted NPZ (+0.1 ): /home/altraj24/files/CN/molalign/OUT/solute_data_shift0p1.npz
*** Saved shifted NPZ (+0.2 ): /home/altraj24/files/CN/molalign/OUT/solute_data_shift0p2.npz

*** Running: align-grid-tb /home/altraj24/files/CN/molalign/OUT/solute_data_shiftn0p5.npz /home/altraj24/files/CN/molalign/OUT/water_data.npz 0,90,180,270 --charge -1 --out /home/altraj24/files/CN/molalign/OUT/tb_lite_results_shiftn0p5.json

*** Running: align-grid-tb /home/altraj24/files/CN/molalign/OUT/solute_data_shiftn0p4.npz /home/altraj24/files/CN/molalign/OUT/water_data.npz 0,90,180,270 --charge -1 --out /home/altraj24/files/CN/molalign/OUT/tb_lite_results_shiftn0p4.json

*** Running: align-grid-tb /home/altraj24/files/CN/molalign/OUT/solute_data_shiftn0p35.npz /home/altraj24/files/CN/molalign/OUT/water_data.npz 0,90,180,270 --charge -1 --out /home/altraj24/files/CN/molalign/OUT/tb_lite_results_shiftn0p35.json

*** Running: align-grid-tb /home/altraj24/files/CN/molalign/OUT/solute_data_shiftn0p3.npz /home/altraj24/files/CN/molalign/OUT/water_data.npz 0,90,180,270 --charge -1 --out /home/altraj24/files/CN/molalign/OUT/tb_lite_results_shiftn0p3.json

*** Running: align-grid-tb /home/altraj24/files/CN/molalign/OUT/solute_data_shiftn0p25.npz /home/altraj24/files/CN/molalign/OUT/water_data.npz 0,90,180,270 --charge -1 --out /home/altraj24/files/CN/molalign/OUT/tb_lite_results_shiftn0p25.json

*** Running: align-grid-tb /home/altraj24/files/CN/molalign/OUT/solute_data_shiftn0p2.npz /home/altraj24/files/CN/molalign/OUT/water_data.npz 0,90,180,270 --charge -1 --out /home/altraj24/files/CN/molalign/OUT/tb_lite_results_shiftn0p2.json

*** Running: align-grid-tb /home/altraj24/files/CN/molalign/OUT/solute_data_shiftn0p15.npz /home/altraj24/files/CN/molalign/OUT/water_data.npz 0,90,180,270 --charge -1 --out /home/altraj24/files/CN/molalign/OUT/tb_lite_results_shiftn0p15.json

*** Running: align-grid-tb /home/altraj24/files/CN/molalign/OUT/solute_data_shiftn0p1.npz /home/altraj24/files/CN/molalign/OUT/water_data.npz 0,90,180,270 --charge -1 --out /home/altraj24/files/CN/molalign/OUT/tb_lite_results_shiftn0p1.json

*** Running: align-grid-tb /home/altraj24/files/CN/molalign/OUT/solute_data_shiftn0p05.npz /home/altraj24/files/CN/molalign/OUT/water_data.npz 0,90,180,270 --charge -1 --out /home/altraj24/files/CN/molalign/OUT/tb_lite_results_shiftn0p05.json

*** Running: align-grid-tb /home/altraj24/files/CN/molalign/OUT/solute_data_original.npz /home/altraj24/files/CN/molalign/OUT/water_data.npz 0,90,180,270 --charge -1 --out /home/altraj24/files/CN/molalign/OUT/tb_lite_results_original.json

*** Running: align-grid-tb /home/altraj24/files/CN/molalign/OUT/solute_data_shift0p1.npz /home/altraj24/files/CN/molalign/OUT/water_data.npz 0,90,180,270 --charge -1 --out /home/altraj24/files/CN/molalign/OUT/tb_lite_results_shift0p1.json

*** Running: align-grid-tb /home/altraj24/files/CN/molalign/OUT/solute_data_shift0p2.npz /home/altraj24/files/CN/molalign/OUT/water_data.npz 0,90,180,270 --charge -1 --out /home/altraj24/files/CN/molalign/OUT/tb_lite_results_shift0p2.json

*** All computations complete. Results saved in:
    /home/altraj24/files/CN/molalign/OUT/tb_lite_results_shiftn0p5.json
    /home/altraj24/files/CN/molalign/OUT/tb_lite_results_shiftn0p4.json
    /home/altraj24/files/CN/molalign/OUT/tb_lite_results_shiftn0p35.json
    /home/altraj24/files/CN/molalign/OUT/tb_lite_results_shiftn0p3.json
    /home/altraj24/files/CN/molalign/OUT/tb_lite_results_shiftn0p25.json
    /home/altraj24/files/CN/molalign/OUT/tb_lite_results_shiftn0p2.json
    /home/altraj24/files/CN/molalign/OUT/tb_lite_results_shiftn0p15.json
    /home/altraj24/files/CN/molalign/OUT/tb_lite_results_shiftn0p1.json
    /home/altraj24/files/CN/molalign/OUT/tb_lite_results_shiftn0p05.json
    /home/altraj24/files/CN/molalign/OUT/tb_lite_results_original.json
    /home/altraj24/files/CN/molalign/OUT/tb_lite_results_shift0p1.json
    /home/altraj24/files/CN/molalign/OUT/tb_lite_results_shift0p2.json
