*** Saved NPZ with 6 atoms and 412 gridpoints.
*** Saved human-readable TXT: inp_data.txt
*** Saved NPZ with 3 atoms and 2 gridpoints.
*** Saved human-readable TXT: water_data.txt
Processing grid 0/411...
Processing grid 1/411...
Processing grid 2/411...
Processing grid 3/411...
Processing grid 4/411...
Processing grid 5/411...
Processing grid 6/411...
Processing grid 7/411...
Processing grid 8/411...
Processing grid 9/411...
Processing grid 10/411...
Processing grid 11/411...
Processing grid 12/411...
Processing grid 13/411...
Processing grid 14/411...
Processing grid 15/411...
Processing grid 16/411...
Processing grid 17/411...
Processing grid 18/411...
Processing grid 19/411...
Processing grid 20/411...
Processing grid 21/411...
Processing grid 22/411...
Processing grid 23/411...
Processing grid 24/411...
Processing grid 25/411...
Processing grid 26/411...
Processing grid 27/411...
Processing grid 28/411...
Processing grid 29/411...
Processing grid 30/411...
Processing grid 31/411...
Processing grid 32/411...
Processing grid 33/411...
Processing grid 34/411...
Processing grid 35/411...
Processing grid 36/411...
Processing grid 37/411...
Processing grid 38/411...
Processing grid 39/411...
Processing grid 40/411...
Processing grid 41/411...
Processing grid 42/411...
Processing grid 43/411...
Processing grid 44/411...
Processing grid 45/411...
Processing grid 46/411...
Processing grid 47/411...
Processing grid 48/411...
Processing grid 49/411...
Processing grid 50/411...
Processing grid 51/411...
Processing grid 52/411...
Processing grid 53/411...
Processing grid 54/411...
Processing grid 55/411...
Processing grid 56/411...
Processing grid 57/411...
Processing grid 58/411...
Processing grid 59/411...
Processing grid 60/411...
Processing grid 61/411...
Processing grid 62/411...
Processing grid 63/411...
Processing grid 64/411...
Processing grid 65/411...
Processing grid 66/411...
Processing grid 67/411...
Processing grid 68/411...
Processing grid 69/411...
Processing grid 70/411...
Processing grid 71/411...
Processing grid 72/411...
Processing grid 73/411...
Processing grid 74/411...
Processing grid 75/411...
Processing grid 76/411...
Processing grid 77/411...
Processing grid 78/411...
Processing grid 79/411...
Processing grid 80/411...
Processing grid 81/411...
Processing grid 82/411...
Processing grid 83/411...
Processing grid 84/411...
Processing grid 85/411...
Processing grid 86/411...
Processing grid 87/411...
Processing grid 88/411...
Processing grid 89/411...
Processing grid 90/411...
Processing grid 91/411...
Processing grid 92/411...
Processing grid 93/411...
Processing grid 94/411...
Processing grid 95/411...
Processing grid 96/411...
Processing grid 97/411...
Processing grid 98/411...
Processing grid 99/411...
Processing grid 100/411...
Processing grid 101/411...
Processing grid 102/411...
Processing grid 103/411...
Processing grid 104/411...
Processing grid 105/411...
Processing grid 106/411...
Processing grid 107/411...
Processing grid 108/411...
Processing grid 109/411...
Processing grid 110/411...
Processing grid 111/411...
Processing grid 112/411...
Processing grid 113/411...
Processing grid 114/411...
Processing grid 115/411...
Processing grid 116/411...
Processing grid 117/411...
Processing grid 118/411...
Processing grid 119/411...
Processing grid 120/411...
Processing grid 121/411...
Processing grid 122/411...
Processing grid 123/411...
Processing grid 124/411...
Processing grid 125/411...
Processing grid 126/411...
Processing grid 127/411...
Processing grid 128/411...
Processing grid 129/411...
Processing grid 130/411...
Processing grid 131/411...
Processing grid 132/411...
Processing grid 133/411...
Processing grid 134/411...
Processing grid 135/411...
Processing grid 136/411...
Processing grid 137/411...
Processing grid 138/411...
Processing grid 139/411...
Processing grid 140/411...
Processing grid 141/411...
Processing grid 142/411...
Processing grid 143/411...
Processing grid 144/411...
Processing grid 145/411...
Processing grid 146/411...
Processing grid 147/411...
Processing grid 148/411...
Processing grid 149/411...
Processing grid 150/411...
Processing grid 151/411...
Processing grid 152/411...
Processing grid 153/411...
Processing grid 154/411...
Processing grid 155/411...
Processing grid 156/411...
Processing grid 157/411...
Processing grid 158/411...
Processing grid 159/411...
Processing grid 160/411...
Processing grid 161/411...
Processing grid 162/411...
Processing grid 163/411...
Processing grid 164/411...
Processing grid 165/411...
Processing grid 166/411...
Processing grid 167/411...
Processing grid 168/411...
Processing grid 169/411...
Processing grid 170/411...
Processing grid 171/411...
Processing grid 172/411...
Processing grid 173/411...
Processing grid 174/411...
Processing grid 175/411...
Processing grid 176/411...
Processing grid 177/411...
Processing grid 178/411...
Processing grid 179/411...
Processing grid 180/411...
Processing grid 181/411...
Processing grid 182/411...
Processing grid 183/411...
Processing grid 184/411...
Processing grid 185/411...
Processing grid 186/411...
Processing grid 187/411...
Processing grid 188/411...
Processing grid 189/411...
Processing grid 190/411...
Processing grid 191/411...
Processing grid 192/411...
Processing grid 193/411...
Processing grid 194/411...
Processing grid 195/411...
Processing grid 196/411...
Processing grid 197/411...
Processing grid 198/411...
Processing grid 199/411...
Processing grid 200/411...
Processing grid 201/411...
Processing grid 202/411...
Processing grid 203/411...
Processing grid 204/411...
Processing grid 205/411...
Processing grid 206/411...
Processing grid 207/411...
Processing grid 208/411...
Processing grid 209/411...
Processing grid 210/411...
Processing grid 211/411...
Processing grid 212/411...
Processing grid 213/411...
Processing grid 214/411...
Processing grid 215/411...
Processing grid 216/411...
Processing grid 217/411...
Processing grid 218/411...
Processing grid 219/411...
Processing grid 220/411...
Processing grid 221/411...
Processing grid 222/411...
Processing grid 223/411...
Processing grid 224/411...
Processing grid 225/411...
Processing grid 226/411...
Processing grid 227/411...
Processing grid 228/411...
Processing grid 229/411...
Processing grid 230/411...
Processing grid 231/411...
Processing grid 232/411...
Processing grid 233/411...
Processing grid 234/411...
Processing grid 235/411...
Processing grid 236/411...
Processing grid 237/411...
Processing grid 238/411...
Processing grid 239/411...
Processing grid 240/411...
Processing grid 241/411...
Processing grid 242/411...
Processing grid 243/411...
Processing grid 244/411...
Processing grid 245/411...
Processing grid 246/411...
Processing grid 247/411...
Processing grid 248/411...
Processing grid 249/411...
Processing grid 250/411...
Processing grid 251/411...
Processing grid 252/411...
Processing grid 253/411...
Processing grid 254/411...
Processing grid 255/411...
Processing grid 256/411...
Processing grid 257/411...
Processing grid 258/411...
Processing grid 259/411...
Processing grid 260/411...
Processing grid 261/411...
Processing grid 262/411...
Processing grid 263/411...
Processing grid 264/411...
Processing grid 265/411...
Processing grid 266/411...
Processing grid 267/411...
Processing grid 268/411...
Processing grid 269/411...
Processing grid 270/411...
Processing grid 271/411...
Processing grid 272/411...
Processing grid 273/411...
Processing grid 274/411...
Processing grid 275/411...
Processing grid 276/411...
Processing grid 277/411...
Processing grid 278/411...
Processing grid 279/411...
Processing grid 280/411...
Processing grid 281/411...
Processing grid 282/411...
Processing grid 283/411...
Processing grid 284/411...
Processing grid 285/411...
Processing grid 286/411...
Processing grid 287/411...
Processing grid 288/411...
Processing grid 289/411...
Processing grid 290/411...
Processing grid 291/411...
Processing grid 292/411...
Processing grid 293/411...
Processing grid 294/411...
Processing grid 295/411...
Processing grid 296/411...
Processing grid 297/411...
Processing grid 298/411...
Processing grid 299/411...
Processing grid 300/411...
Processing grid 301/411...
Processing grid 302/411...
Processing grid 303/411...
Processing grid 304/411...
Processing grid 305/411...
Processing grid 306/411...
Processing grid 307/411...
Processing grid 308/411...
Processing grid 309/411...
Processing grid 310/411...
Processing grid 311/411...
Processing grid 312/411...
Processing grid 313/411...
Processing grid 314/411...
Processing grid 315/411...
Processing grid 316/411...
Processing grid 317/411...
Processing grid 318/411...
Processing grid 319/411...
Processing grid 320/411...
Processing grid 321/411...
Processing grid 322/411...
Processing grid 323/411...
Processing grid 324/411...
Processing grid 325/411...
Processing grid 326/411...
Processing grid 327/411...
Processing grid 328/411...
Processing grid 329/411...
Processing grid 330/411...
Processing grid 331/411...
Processing grid 332/411...
Processing grid 333/411...
Processing grid 334/411...
Processing grid 335/411...
Processing grid 336/411...
Processing grid 337/411...
Processing grid 338/411...
Processing grid 339/411...
Processing grid 340/411...
Processing grid 341/411...
Processing grid 342/411...
Processing grid 343/411...
Processing grid 344/411...
Processing grid 345/411...
Processing grid 346/411...
Processing grid 347/411...
Processing grid 348/411...
Processing grid 349/411...
Processing grid 350/411...
Processing grid 351/411...
Processing grid 352/411...
Processing grid 353/411...
Processing grid 354/411...
Processing grid 355/411...
Processing grid 356/411...
Processing grid 357/411...
Processing grid 358/411...
Processing grid 359/411...
Processing grid 360/411...
Processing grid 361/411...
Processing grid 362/411...
Processing grid 363/411...
Processing grid 364/411...
Processing grid 365/411...
Processing grid 366/411...
Processing grid 367/411...
Processing grid 368/411...
Processing grid 369/411...
Processing grid 370/411...
Processing grid 371/411...
Processing grid 372/411...
Processing grid 373/411...
Processing grid 374/411...
Processing grid 375/411...
Processing grid 376/411...
Processing grid 377/411...
Processing grid 378/411...
Processing grid 379/411...
Processing grid 380/411...
Processing grid 381/411...
Processing grid 382/411...
Processing grid 383/411...
Processing grid 384/411...
Processing grid 385/411...
Processing grid 386/411...
Processing grid 387/411...
Processing grid 388/411...
Processing grid 389/411...
Processing grid 390/411...
Processing grid 391/411...
Processing grid 392/411...
Processing grid 393/411...
Processing grid 394/411...
Processing grid 395/411...
Processing grid 396/411...
Processing grid 397/411...
Processing grid 398/411...
Processing grid 399/411...
Processing grid 400/411...
Processing grid 401/411...
Processing grid 402/411...
Processing grid 403/411...
Processing grid 404/411...
Processing grid 405/411...
Processing grid 406/411...
Processing grid 407/411...
Processing grid 408/411...
Processing grid 409/411...
Processing grid 410/411...
Processing grid 411/411...
*** Saved all SP results to /home/altraj24/files/nitromethane_anion/molalign/OUT/tb_lite_results_shiftn0p3.json
Processing grid 0/411...
Processing grid 1/411...
Processing grid 2/411...
Processing grid 3/411...
Processing grid 4/411...
Processing grid 5/411...
Processing grid 6/411...
Processing grid 7/411...
Processing grid 8/411...
Processing grid 9/411...
Processing grid 10/411...
Processing grid 11/411...
Processing grid 12/411...
Processing grid 13/411...
Processing grid 14/411...
Processing grid 15/411...
Processing grid 16/411...
Processing grid 17/411...
Processing grid 18/411...
Processing grid 19/411...
Processing grid 20/411...
Processing grid 21/411...
Processing grid 22/411...
Processing grid 23/411...
Processing grid 24/411...
Processing grid 25/411...
Processing grid 26/411...
Processing grid 27/411...
Processing grid 28/411...
Processing grid 29/411...
Processing grid 30/411...
Processing grid 31/411...
Processing grid 32/411...
Processing grid 33/411...
Processing grid 34/411...
Processing grid 35/411...
Processing grid 36/411...
Processing grid 37/411...
Processing grid 38/411...
Processing grid 39/411...
Processing grid 40/411...
Processing grid 41/411...
Processing grid 42/411...
Processing grid 43/411...
Processing grid 44/411...
Processing grid 45/411...
Processing grid 46/411...
Processing grid 47/411...
Processing grid 48/411...
Processing grid 49/411...
Processing grid 50/411...
Processing grid 51/411...
Processing grid 52/411...
Processing grid 53/411...
Processing grid 54/411...
Processing grid 55/411...
Processing grid 56/411...
Processing grid 57/411...
Processing grid 58/411...
Processing grid 59/411...
Processing grid 60/411...
Processing grid 61/411...
Processing grid 62/411...
Processing grid 63/411...
Processing grid 64/411...
Processing grid 65/411...
Processing grid 66/411...
Processing grid 67/411...
Processing grid 68/411...
Processing grid 69/411...
Processing grid 70/411...
Processing grid 71/411...
Processing grid 72/411...
Processing grid 73/411...
Processing grid 74/411...
Processing grid 75/411...
Processing grid 76/411...
Processing grid 77/411...
Processing grid 78/411...
Processing grid 79/411...
Processing grid 80/411...
Processing grid 81/411...
Processing grid 82/411...
Processing grid 83/411...
Processing grid 84/411...
Processing grid 85/411...
Processing grid 86/411...
Processing grid 87/411...
Processing grid 88/411...
Processing grid 89/411...
Processing grid 90/411...
Processing grid 91/411...
Processing grid 92/411...
Processing grid 93/411...
Processing grid 94/411...
Processing grid 95/411...
Processing grid 96/411...
Processing grid 97/411...
Processing grid 98/411...
Processing grid 99/411...
Processing grid 100/411...
Processing grid 101/411...
Processing grid 102/411...
Processing grid 103/411...
Processing grid 104/411...
Processing grid 105/411...
Processing grid 106/411...
Processing grid 107/411...
Processing grid 108/411...
Processing grid 109/411...
Processing grid 110/411...
Processing grid 111/411...
Processing grid 112/411...
Processing grid 113/411...
Processing grid 114/411...
Processing grid 115/411...
Processing grid 116/411...
Processing grid 117/411...
Processing grid 118/411...
Processing grid 119/411...
Processing grid 120/411...
Processing grid 121/411...
Processing grid 122/411...
Processing grid 123/411...
Processing grid 124/411...
Processing grid 125/411...
Processing grid 126/411...
Processing grid 127/411...
Processing grid 128/411...
Processing grid 129/411...
Processing grid 130/411...
Processing grid 131/411...
Processing grid 132/411...
Processing grid 133/411...
Processing grid 134/411...
Processing grid 135/411...
Processing grid 136/411...
Processing grid 137/411...
Processing grid 138/411...
Processing grid 139/411...
Processing grid 140/411...
Processing grid 141/411...
Processing grid 142/411...
Processing grid 143/411...
Processing grid 144/411...
Processing grid 145/411...
Processing grid 146/411...
Processing grid 147/411...
Processing grid 148/411...
Processing grid 149/411...
Processing grid 150/411...
Processing grid 151/411...
Processing grid 152/411...
Processing grid 153/411...
Processing grid 154/411...
Processing grid 155/411...
Processing grid 156/411...
Processing grid 157/411...
Processing grid 158/411...
Processing grid 159/411...
Processing grid 160/411...
Processing grid 161/411...
Processing grid 162/411...
Processing grid 163/411...
Processing grid 164/411...
Processing grid 165/411...
Processing grid 166/411...
Processing grid 167/411...
Processing grid 168/411...
Processing grid 169/411...
Processing grid 170/411...
Processing grid 171/411...
Processing grid 172/411...
Processing grid 173/411...
Processing grid 174/411...
Processing grid 175/411...
Processing grid 176/411...
Processing grid 177/411...
Processing grid 178/411...
Processing grid 179/411...
Processing grid 180/411...
Processing grid 181/411...
Processing grid 182/411...
Processing grid 183/411...
Processing grid 184/411...
Processing grid 185/411...
Processing grid 186/411...
Processing grid 187/411...
Processing grid 188/411...
Processing grid 189/411...
Processing grid 190/411...
Processing grid 191/411...
Processing grid 192/411...
Processing grid 193/411...
Processing grid 194/411...
Processing grid 195/411...
Processing grid 196/411...
Processing grid 197/411...
Processing grid 198/411...
Processing grid 199/411...
Processing grid 200/411...
Processing grid 201/411...
Processing grid 202/411...
Processing grid 203/411...
Processing grid 204/411...
Processing grid 205/411...
Processing grid 206/411...
Processing grid 207/411...
Processing grid 208/411...
Processing grid 209/411...
Processing grid 210/411...
Processing grid 211/411...
Processing grid 212/411...
Processing grid 213/411...
Processing grid 214/411...
Processing grid 215/411...
Processing grid 216/411...
Processing grid 217/411...
Processing grid 218/411...
Processing grid 219/411...
Processing grid 220/411...
Processing grid 221/411...
Processing grid 222/411...
Processing grid 223/411...
Processing grid 224/411...
Processing grid 225/411...
Processing grid 226/411...
Processing grid 227/411...
Processing grid 228/411...
Processing grid 229/411...
Processing grid 230/411...
Processing grid 231/411...
Processing grid 232/411...
Processing grid 233/411...
Processing grid 234/411...
Processing grid 235/411...
Processing grid 236/411...
Processing grid 237/411...
Processing grid 238/411...
Processing grid 239/411...
Processing grid 240/411...
Processing grid 241/411...
Processing grid 242/411...
Processing grid 243/411...
Processing grid 244/411...
Processing grid 245/411...
Processing grid 246/411...
Processing grid 247/411...
Processing grid 248/411...
Processing grid 249/411...
Processing grid 250/411...
Processing grid 251/411...
Processing grid 252/411...
Processing grid 253/411...
Processing grid 254/411...
Processing grid 255/411...
Processing grid 256/411...
Processing grid 257/411...
Processing grid 258/411...
Processing grid 259/411...
Processing grid 260/411...
Processing grid 261/411...
Processing grid 262/411...
Processing grid 263/411...
Processing grid 264/411...
Processing grid 265/411...
Processing grid 266/411...
Processing grid 267/411...
Processing grid 268/411...
Processing grid 269/411...
Processing grid 270/411...
Processing grid 271/411...
Processing grid 272/411...
Processing grid 273/411...
Processing grid 274/411...
Processing grid 275/411...
Processing grid 276/411...
Processing grid 277/411...
Processing grid 278/411...
Processing grid 279/411...
Processing grid 280/411...
Processing grid 281/411...
Processing grid 282/411...
Processing grid 283/411...
Processing grid 284/411...
Processing grid 285/411...
Processing grid 286/411...
Processing grid 287/411...
Processing grid 288/411...
Processing grid 289/411...
Processing grid 290/411...
Processing grid 291/411...
Processing grid 292/411...
Processing grid 293/411...
Processing grid 294/411...
Processing grid 295/411...
Processing grid 296/411...
Processing grid 297/411...
Processing grid 298/411...
Processing grid 299/411...
Processing grid 300/411...
Processing grid 301/411...
Processing grid 302/411...
Processing grid 303/411...
Processing grid 304/411...
Processing grid 305/411...
Processing grid 306/411...
Processing grid 307/411...
Processing grid 308/411...
Processing grid 309/411...
Processing grid 310/411...
Processing grid 311/411...
Processing grid 312/411...
Processing grid 313/411...
Processing grid 314/411...
Processing grid 315/411...
Processing grid 316/411...
Processing grid 317/411...
Processing grid 318/411...
Processing grid 319/411...
Processing grid 320/411...
Processing grid 321/411...
Processing grid 322/411...
Processing grid 323/411...
Processing grid 324/411...
Processing grid 325/411...
Processing grid 326/411...
Processing grid 327/411...
Processing grid 328/411...
Processing grid 329/411...
Processing grid 330/411...
Processing grid 331/411...
Processing grid 332/411...
Processing grid 333/411...
Processing grid 334/411...
Processing grid 335/411...
Processing grid 336/411...
Processing grid 337/411...
Processing grid 338/411...
Processing grid 339/411...
Processing grid 340/411...
Processing grid 341/411...
Processing grid 342/411...
Processing grid 343/411...
Processing grid 344/411...
Processing grid 345/411...
Processing grid 346/411...
Processing grid 347/411...
Processing grid 348/411...
Processing grid 349/411...
Processing grid 350/411...
Processing grid 351/411...
Processing grid 352/411...
Processing grid 353/411...
Processing grid 354/411...
Processing grid 355/411...
Processing grid 356/411...
Processing grid 357/411...
Processing grid 358/411...
Processing grid 359/411...
Processing grid 360/411...
Processing grid 361/411...
Processing grid 362/411...
Processing grid 363/411...
Processing grid 364/411...
Processing grid 365/411...
Processing grid 366/411...
Processing grid 367/411...
Processing grid 368/411...
Processing grid 369/411...
Processing grid 370/411...
Processing grid 371/411...
Processing grid 372/411...
Processing grid 373/411...
Processing grid 374/411...
Processing grid 375/411...
Processing grid 376/411...
Processing grid 377/411...
Processing grid 378/411...
Processing grid 379/411...
Processing grid 380/411...
Processing grid 381/411...
Processing grid 382/411...
Processing grid 383/411...
Processing grid 384/411...
Processing grid 385/411...
Processing grid 386/411...
Processing grid 387/411...
Processing grid 388/411...
Processing grid 389/411...
Processing grid 390/411...
Processing grid 391/411...
Processing grid 392/411...
Processing grid 393/411...
Processing grid 394/411...
Processing grid 395/411...
Processing grid 396/411...
Processing grid 397/411...
Processing grid 398/411...
Processing grid 399/411...
Processing grid 400/411...
Processing grid 401/411...
Processing grid 402/411...
Processing grid 403/411...
Processing grid 404/411...
Processing grid 405/411...
Processing grid 406/411...
Processing grid 407/411...
Processing grid 408/411...
Processing grid 409/411...
Processing grid 410/411...
Processing grid 411/411...
*** Saved all SP results to /home/altraj24/files/nitromethane_anion/molalign/OUT/tb_lite_results_shiftn0p25.json
Processing grid 0/411...
Processing grid 1/411...
Processing grid 2/411...
Processing grid 3/411...
Processing grid 4/411...
Processing grid 5/411...
Processing grid 6/411...
Processing grid 7/411...
Processing grid 8/411...
Processing grid 9/411...
Processing grid 10/411...
Processing grid 11/411...
Processing grid 12/411...
Processing grid 13/411...
Processing grid 14/411...
Processing grid 15/411...
Processing grid 16/411...
Processing grid 17/411...
Processing grid 18/411...
Processing grid 19/411...
Processing grid 20/411...
Processing grid 21/411...
Processing grid 22/411...
Processing grid 23/411...
Processing grid 24/411...
Processing grid 25/411...
Processing grid 26/411...
Processing grid 27/411...
Processing grid 28/411...
Processing grid 29/411...
Processing grid 30/411...
Processing grid 31/411...
Processing grid 32/411...
Processing grid 33/411...
Processing grid 34/411...
Processing grid 35/411...
Processing grid 36/411...
Processing grid 37/411...
Processing grid 38/411...
Processing grid 39/411...
Processing grid 40/411...
Processing grid 41/411...
Processing grid 42/411...
Processing grid 43/411...
Processing grid 44/411...
Processing grid 45/411...
Processing grid 46/411...
Processing grid 47/411...
Processing grid 48/411...
Processing grid 49/411...
Processing grid 50/411...
Processing grid 51/411...
Processing grid 52/411...
Processing grid 53/411...
Processing grid 54/411...
Processing grid 55/411...
Processing grid 56/411...
Processing grid 57/411...
Processing grid 58/411...
Processing grid 59/411...
Processing grid 60/411...
Processing grid 61/411...
Processing grid 62/411...
Processing grid 63/411...
Processing grid 64/411...
Processing grid 65/411...
Processing grid 66/411...
Processing grid 67/411...
Processing grid 68/411...
Processing grid 69/411...
Processing grid 70/411...
Processing grid 71/411...
Processing grid 72/411...
Processing grid 73/411...
Processing grid 74/411...
Processing grid 75/411...
Processing grid 76/411...
Processing grid 77/411...
Processing grid 78/411...
Processing grid 79/411...
Processing grid 80/411...
Processing grid 81/411...
Processing grid 82/411...
Processing grid 83/411...
Processing grid 84/411...
Processing grid 85/411...
Processing grid 86/411...
Processing grid 87/411...
Processing grid 88/411...
Processing grid 89/411...
Processing grid 90/411...
Processing grid 91/411...
Processing grid 92/411...
Processing grid 93/411...
Processing grid 94/411...
Processing grid 95/411...
Processing grid 96/411...
Processing grid 97/411...
Processing grid 98/411...
Processing grid 99/411...
Processing grid 100/411...
Processing grid 101/411...
Processing grid 102/411...
Processing grid 103/411...
Processing grid 104/411...
Processing grid 105/411...
Processing grid 106/411...
Processing grid 107/411...
Processing grid 108/411...
Processing grid 109/411...
Processing grid 110/411...
Processing grid 111/411...
Processing grid 112/411...
Processing grid 113/411...
Processing grid 114/411...
Processing grid 115/411...
Processing grid 116/411...
Processing grid 117/411...
Processing grid 118/411...
Processing grid 119/411...
Processing grid 120/411...
Processing grid 121/411...
Processing grid 122/411...
Processing grid 123/411...
Processing grid 124/411...
Processing grid 125/411...
Processing grid 126/411...
Processing grid 127/411...
Processing grid 128/411...
Processing grid 129/411...
Processing grid 130/411...
Processing grid 131/411...
Processing grid 132/411...
Processing grid 133/411...
Processing grid 134/411...
Processing grid 135/411...
Processing grid 136/411...
Processing grid 137/411...
Processing grid 138/411...
Processing grid 139/411...
Processing grid 140/411...
Processing grid 141/411...
Processing grid 142/411...
Processing grid 143/411...
Processing grid 144/411...
Processing grid 145/411...
Processing grid 146/411...
Processing grid 147/411...
Processing grid 148/411...
Processing grid 149/411...
Processing grid 150/411...
Processing grid 151/411...
Processing grid 152/411...
Processing grid 153/411...
Processing grid 154/411...
Processing grid 155/411...
Processing grid 156/411...
Processing grid 157/411...
Processing grid 158/411...
Processing grid 159/411...
Processing grid 160/411...
Processing grid 161/411...
Processing grid 162/411...
Processing grid 163/411...
Processing grid 164/411...
Processing grid 165/411...
Processing grid 166/411...
Processing grid 167/411...
Processing grid 168/411...
Processing grid 169/411...
Processing grid 170/411...
Processing grid 171/411...
Processing grid 172/411...
Processing grid 173/411...
Processing grid 174/411...
Processing grid 175/411...
Processing grid 176/411...
Processing grid 177/411...
Processing grid 178/411...
Processing grid 179/411...
Processing grid 180/411...
Processing grid 181/411...
Processing grid 182/411...
Processing grid 183/411...
Processing grid 184/411...
Processing grid 185/411...
Processing grid 186/411...
Processing grid 187/411...
Processing grid 188/411...
Processing grid 189/411...
Processing grid 190/411...
Processing grid 191/411...
Processing grid 192/411...
Processing grid 193/411...
Processing grid 194/411...
Processing grid 195/411...
Processing grid 196/411...
Processing grid 197/411...
Processing grid 198/411...
Processing grid 199/411...
Processing grid 200/411...
Processing grid 201/411...
Processing grid 202/411...
Processing grid 203/411...
Processing grid 204/411...
Processing grid 205/411...
Processing grid 206/411...
Processing grid 207/411...
Processing grid 208/411...
Processing grid 209/411...
Processing grid 210/411...
Processing grid 211/411...
Processing grid 212/411...
Processing grid 213/411...
Processing grid 214/411...
Processing grid 215/411...
Processing grid 216/411...
Processing grid 217/411...
Processing grid 218/411...
Processing grid 219/411...
Processing grid 220/411...
Processing grid 221/411...
Processing grid 222/411...
Processing grid 223/411...
Processing grid 224/411...
Processing grid 225/411...
Processing grid 226/411...
Processing grid 227/411...
Processing grid 228/411...
Processing grid 229/411...
Processing grid 230/411...
Processing grid 231/411...
Processing grid 232/411...
Processing grid 233/411...
Processing grid 234/411...
Processing grid 235/411...
Processing grid 236/411...
Processing grid 237/411...
Processing grid 238/411...
Processing grid 239/411...
Processing grid 240/411...
Processing grid 241/411...
Processing grid 242/411...
Processing grid 243/411...
Processing grid 244/411...
Processing grid 245/411...
Processing grid 246/411...
Processing grid 247/411...
Processing grid 248/411...
Processing grid 249/411...
Processing grid 250/411...
Processing grid 251/411...
Processing grid 252/411...
Processing grid 253/411...
Processing grid 254/411...
Processing grid 255/411...
Processing grid 256/411...
Processing grid 257/411...
Processing grid 258/411...
Processing grid 259/411...
Processing grid 260/411...
Processing grid 261/411...
Processing grid 262/411...
Processing grid 263/411...
Processing grid 264/411...
Processing grid 265/411...
Processing grid 266/411...
Processing grid 267/411...
Processing grid 268/411...
Processing grid 269/411...
Processing grid 270/411...
Processing grid 271/411...
Processing grid 272/411...
Processing grid 273/411...
Processing grid 274/411...
Processing grid 275/411...
Processing grid 276/411...
Processing grid 277/411...
Processing grid 278/411...
Processing grid 279/411...
Processing grid 280/411...
Processing grid 281/411...
Processing grid 282/411...
Processing grid 283/411...
Processing grid 284/411...
Processing grid 285/411...
Processing grid 286/411...
Processing grid 287/411...
Processing grid 288/411...
Processing grid 289/411...
Processing grid 290/411...
Processing grid 291/411...
Processing grid 292/411...
Processing grid 293/411...
Processing grid 294/411...
Processing grid 295/411...
Processing grid 296/411...
Processing grid 297/411...
Processing grid 298/411...
Processing grid 299/411...
Processing grid 300/411...
Processing grid 301/411...
Processing grid 302/411...
Processing grid 303/411...
Processing grid 304/411...
Processing grid 305/411...
Processing grid 306/411...
Processing grid 307/411...
Processing grid 308/411...
Processing grid 309/411...
Processing grid 310/411...
Processing grid 311/411...
Processing grid 312/411...
Processing grid 313/411...
Processing grid 314/411...
Processing grid 315/411...
Processing grid 316/411...
Processing grid 317/411...
Processing grid 318/411...
Processing grid 319/411...
Processing grid 320/411...
Processing grid 321/411...
Processing grid 322/411...
Processing grid 323/411...
Processing grid 324/411...
Processing grid 325/411...
Processing grid 326/411...
Processing grid 327/411...
Processing grid 328/411...
Processing grid 329/411...
Processing grid 330/411...
Processing grid 331/411...
Processing grid 332/411...
Processing grid 333/411...
Processing grid 334/411...
Processing grid 335/411...
Processing grid 336/411...
Processing grid 337/411...
Processing grid 338/411...
Processing grid 339/411...
Processing grid 340/411...
Processing grid 341/411...
Processing grid 342/411...
Processing grid 343/411...
Processing grid 344/411...
Processing grid 345/411...
Processing grid 346/411...
Processing grid 347/411...
Processing grid 348/411...
Processing grid 349/411...
Processing grid 350/411...
Processing grid 351/411...
Processing grid 352/411...
Processing grid 353/411...
Processing grid 354/411...
Processing grid 355/411...
Processing grid 356/411...
Processing grid 357/411...
Processing grid 358/411...
Processing grid 359/411...
Processing grid 360/411...
Processing grid 361/411...
Processing grid 362/411...
Processing grid 363/411...
Processing grid 364/411...
Processing grid 365/411...
Processing grid 366/411...
Processing grid 367/411...
Processing grid 368/411...
Processing grid 369/411...
Processing grid 370/411...
Processing grid 371/411...
Processing grid 372/411...
Processing grid 373/411...
Processing grid 374/411...
Processing grid 375/411...
Processing grid 376/411...
Processing grid 377/411...
Processing grid 378/411...
Processing grid 379/411...
Processing grid 380/411...
Processing grid 381/411...
Processing grid 382/411...
Processing grid 383/411...
Processing grid 384/411...
Processing grid 385/411...
Processing grid 386/411...
Processing grid 387/411...
Processing grid 388/411...
Processing grid 389/411...
Processing grid 390/411...
Processing grid 391/411...
Processing grid 392/411...
Processing grid 393/411...
Processing grid 394/411...
Processing grid 395/411...
Processing grid 396/411...
Processing grid 397/411...
Processing grid 398/411...
Processing grid 399/411...
Processing grid 400/411...
Processing grid 401/411...
Processing grid 402/411...
Processing grid 403/411...
Processing grid 404/411...
Processing grid 405/411...
Processing grid 406/411...
Processing grid 407/411...
Processing grid 408/411...
Processing grid 409/411...
Processing grid 410/411...
Processing grid 411/411...
*** Saved all SP results to /home/altraj24/files/nitromethane_anion/molalign/OUT/tb_lite_results_shiftn0p2.json
Processing grid 0/411...
Processing grid 1/411...
Processing grid 2/411...
Processing grid 3/411...
Processing grid 4/411...
Processing grid 5/411...
Processing grid 6/411...
Processing grid 7/411...
Processing grid 8/411...
Processing grid 9/411...
Processing grid 10/411...
Processing grid 11/411...
Processing grid 12/411...
Processing grid 13/411...
Processing grid 14/411...
Processing grid 15/411...
Processing grid 16/411...
Processing grid 17/411...
Processing grid 18/411...
Processing grid 19/411...
Processing grid 20/411...
Processing grid 21/411...
Processing grid 22/411...
Processing grid 23/411...
Processing grid 24/411...
Processing grid 25/411...
Processing grid 26/411...
Processing grid 27/411...
Processing grid 28/411...
Processing grid 29/411...
Processing grid 30/411...
Processing grid 31/411...
Processing grid 32/411...
Processing grid 33/411...
Processing grid 34/411...
Processing grid 35/411...
Processing grid 36/411...
Processing grid 37/411...
Processing grid 38/411...
Processing grid 39/411...
Processing grid 40/411...
Processing grid 41/411...
Processing grid 42/411...
Processing grid 43/411...
Processing grid 44/411...
Processing grid 45/411...
Processing grid 46/411...
Processing grid 47/411...
Processing grid 48/411...
Processing grid 49/411...
Processing grid 50/411...
Processing grid 51/411...
Processing grid 52/411...
Processing grid 53/411...
Processing grid 54/411...
Processing grid 55/411...
Processing grid 56/411...
Processing grid 57/411...
Processing grid 58/411...
Processing grid 59/411...
Processing grid 60/411...
Processing grid 61/411...
Processing grid 62/411...
Processing grid 63/411...
Processing grid 64/411...
Processing grid 65/411...
Processing grid 66/411...
Processing grid 67/411...
Processing grid 68/411...
Processing grid 69/411...
Processing grid 70/411...
Processing grid 71/411...
Processing grid 72/411...
Processing grid 73/411...
Processing grid 74/411...
Processing grid 75/411...
Processing grid 76/411...
Processing grid 77/411...
Processing grid 78/411...
Processing grid 79/411...
Processing grid 80/411...
Processing grid 81/411...
Processing grid 82/411...
Processing grid 83/411...
Processing grid 84/411...
Processing grid 85/411...
Processing grid 86/411...
Processing grid 87/411...
Processing grid 88/411...
Processing grid 89/411...
Processing grid 90/411...
Processing grid 91/411...
Processing grid 92/411...
Processing grid 93/411...
Processing grid 94/411...
Processing grid 95/411...
Processing grid 96/411...
Processing grid 97/411...
Processing grid 98/411...
Processing grid 99/411...
Processing grid 100/411...
Processing grid 101/411...
Processing grid 102/411...
Processing grid 103/411...
Processing grid 104/411...
Processing grid 105/411...
Processing grid 106/411...
Processing grid 107/411...
Processing grid 108/411...
Processing grid 109/411...
Processing grid 110/411...
Processing grid 111/411...
Processing grid 112/411...
Processing grid 113/411...
Processing grid 114/411...
Processing grid 115/411...
Processing grid 116/411...
Processing grid 117/411...
Processing grid 118/411...
Processing grid 119/411...
Processing grid 120/411...
Processing grid 121/411...
Processing grid 122/411...
Processing grid 123/411...
Processing grid 124/411...
Processing grid 125/411...
Processing grid 126/411...
Processing grid 127/411...
Processing grid 128/411...
Processing grid 129/411...
Processing grid 130/411...
Processing grid 131/411...
Processing grid 132/411...
Processing grid 133/411...
Processing grid 134/411...
Processing grid 135/411...
Processing grid 136/411...
Processing grid 137/411...
Processing grid 138/411...
Processing grid 139/411...
Processing grid 140/411...
Processing grid 141/411...
Processing grid 142/411...
Processing grid 143/411...
Processing grid 144/411...
Processing grid 145/411...
Processing grid 146/411...
Processing grid 147/411...
Processing grid 148/411...
Processing grid 149/411...
Processing grid 150/411...
Processing grid 151/411...
Processing grid 152/411...
Processing grid 153/411...
Processing grid 154/411...
Processing grid 155/411...
Processing grid 156/411...
Processing grid 157/411...
Processing grid 158/411...
Processing grid 159/411...
Processing grid 160/411...
Processing grid 161/411...
Processing grid 162/411...
Processing grid 163/411...
Processing grid 164/411...
Processing grid 165/411...
Processing grid 166/411...
Processing grid 167/411...
Processing grid 168/411...
Processing grid 169/411...
Processing grid 170/411...
Processing grid 171/411...
Processing grid 172/411...
Processing grid 173/411...
Processing grid 174/411...
Processing grid 175/411...
Processing grid 176/411...
Processing grid 177/411...
Processing grid 178/411...
Processing grid 179/411...
Processing grid 180/411...
Processing grid 181/411...
Processing grid 182/411...
Processing grid 183/411...
Processing grid 184/411...
Processing grid 185/411...
Processing grid 186/411...
Processing grid 187/411...
Processing grid 188/411...
Processing grid 189/411...
Processing grid 190/411...
Processing grid 191/411...
Processing grid 192/411...
Processing grid 193/411...
Processing grid 194/411...
Processing grid 195/411...
Processing grid 196/411...
Processing grid 197/411...
Processing grid 198/411...
Processing grid 199/411...
Processing grid 200/411...
Processing grid 201/411...
Processing grid 202/411...
Processing grid 203/411...
Processing grid 204/411...
Processing grid 205/411...
Processing grid 206/411...
Processing grid 207/411...
Processing grid 208/411...
Processing grid 209/411...
Processing grid 210/411...
Processing grid 211/411...
Processing grid 212/411...
Processing grid 213/411...
Processing grid 214/411...
Processing grid 215/411...
Processing grid 216/411...
Processing grid 217/411...
Processing grid 218/411...
Processing grid 219/411...
Processing grid 220/411...
Processing grid 221/411...
Processing grid 222/411...
Processing grid 223/411...
Processing grid 224/411...
Processing grid 225/411...
Processing grid 226/411...
Processing grid 227/411...
Processing grid 228/411...
Processing grid 229/411...
Processing grid 230/411...
Processing grid 231/411...
Processing grid 232/411...
Processing grid 233/411...
Processing grid 234/411...
Processing grid 235/411...
Processing grid 236/411...
Processing grid 237/411...
Processing grid 238/411...
Processing grid 239/411...
Processing grid 240/411...
Processing grid 241/411...
Processing grid 242/411...
Processing grid 243/411...
Processing grid 244/411...
Processing grid 245/411...
Processing grid 246/411...
Processing grid 247/411...
Processing grid 248/411...
Processing grid 249/411...
Processing grid 250/411...
Processing grid 251/411...
Processing grid 252/411...
Processing grid 253/411...
Processing grid 254/411...
Processing grid 255/411...
Processing grid 256/411...
Processing grid 257/411...
Processing grid 258/411...
Processing grid 259/411...
Processing grid 260/411...
Processing grid 261/411...
Processing grid 262/411...
Processing grid 263/411...
Processing grid 264/411...
Processing grid 265/411...
Processing grid 266/411...
Processing grid 267/411...
Processing grid 268/411...
Processing grid 269/411...
Processing grid 270/411...
Processing grid 271/411...
Processing grid 272/411...
Processing grid 273/411...
Processing grid 274/411...
Processing grid 275/411...
Processing grid 276/411...
Processing grid 277/411...
Processing grid 278/411...
Processing grid 279/411...
Processing grid 280/411...
Processing grid 281/411...
Processing grid 282/411...
Processing grid 283/411...
Processing grid 284/411...
Processing grid 285/411...
Processing grid 286/411...
Processing grid 287/411...
Processing grid 288/411...
Processing grid 289/411...
Processing grid 290/411...
Processing grid 291/411...
Processing grid 292/411...
Processing grid 293/411...
Processing grid 294/411...
Processing grid 295/411...
Processing grid 296/411...
Processing grid 297/411...
Processing grid 298/411...
Processing grid 299/411...
Processing grid 300/411...
Processing grid 301/411...
Processing grid 302/411...
Processing grid 303/411...
Processing grid 304/411...
Processing grid 305/411...
Processing grid 306/411...
Processing grid 307/411...
Processing grid 308/411...
Processing grid 309/411...
Processing grid 310/411...
Processing grid 311/411...
Processing grid 312/411...
Processing grid 313/411...
Processing grid 314/411...
Processing grid 315/411...
Processing grid 316/411...
Processing grid 317/411...
Processing grid 318/411...
Processing grid 319/411...
Processing grid 320/411...
Processing grid 321/411...
Processing grid 322/411...
Processing grid 323/411...
Processing grid 324/411...
Processing grid 325/411...
Processing grid 326/411...
Processing grid 327/411...
Processing grid 328/411...
Processing grid 329/411...
Processing grid 330/411...
Processing grid 331/411...
Processing grid 332/411...
Processing grid 333/411...
Processing grid 334/411...
Processing grid 335/411...
Processing grid 336/411...
Processing grid 337/411...
Processing grid 338/411...
Processing grid 339/411...
Processing grid 340/411...
Processing grid 341/411...
Processing grid 342/411...
Processing grid 343/411...
Processing grid 344/411...
Processing grid 345/411...
Processing grid 346/411...
Processing grid 347/411...
Processing grid 348/411...
Processing grid 349/411...
Processing grid 350/411...
Processing grid 351/411...
Processing grid 352/411...
Processing grid 353/411...
Processing grid 354/411...
Processing grid 355/411...
Processing grid 356/411...
Processing grid 357/411...
Processing grid 358/411...
Processing grid 359/411...
Processing grid 360/411...
Processing grid 361/411...
Processing grid 362/411...
Processing grid 363/411...
Processing grid 364/411...
Processing grid 365/411...
Processing grid 366/411...
Processing grid 367/411...
Processing grid 368/411...
Processing grid 369/411...
Processing grid 370/411...
Processing grid 371/411...
Processing grid 372/411...
Processing grid 373/411...
Processing grid 374/411...
Processing grid 375/411...
Processing grid 376/411...
Processing grid 377/411...
Processing grid 378/411...
Processing grid 379/411...
Processing grid 380/411...
Processing grid 381/411...
Processing grid 382/411...
Processing grid 383/411...
Processing grid 384/411...
Processing grid 385/411...
Processing grid 386/411...
Processing grid 387/411...
Processing grid 388/411...
Processing grid 389/411...
Processing grid 390/411...
Processing grid 391/411...
Processing grid 392/411...
Processing grid 393/411...
Processing grid 394/411...
Processing grid 395/411...
Processing grid 396/411...
Processing grid 397/411...
Processing grid 398/411...
Processing grid 399/411...
Processing grid 400/411...
Processing grid 401/411...
Processing grid 402/411...
Processing grid 403/411...
Processing grid 404/411...
Processing grid 405/411...
Processing grid 406/411...
Processing grid 407/411...
Processing grid 408/411...
Processing grid 409/411...
Processing grid 410/411...
Processing grid 411/411...
*** Saved all SP results to /home/altraj24/files/nitromethane_anion/molalign/OUT/tb_lite_results_shiftn0p15.json
Processing grid 0/411...
Processing grid 1/411...
Processing grid 2/411...
Processing grid 3/411...
Processing grid 4/411...
Processing grid 5/411...
Processing grid 6/411...
Processing grid 7/411...
Processing grid 8/411...
Processing grid 9/411...
Processing grid 10/411...
Processing grid 11/411...
Processing grid 12/411...
Processing grid 13/411...
Processing grid 14/411...
Processing grid 15/411...
Processing grid 16/411...
Processing grid 17/411...
Processing grid 18/411...
Processing grid 19/411...
Processing grid 20/411...
Processing grid 21/411...
Processing grid 22/411...
Processing grid 23/411...
Processing grid 24/411...
Processing grid 25/411...
Processing grid 26/411...
Processing grid 27/411...
Processing grid 28/411...
Processing grid 29/411...
Processing grid 30/411...
Processing grid 31/411...
Processing grid 32/411...
Processing grid 33/411...
Processing grid 34/411...
Processing grid 35/411...
Processing grid 36/411...
Processing grid 37/411...
Processing grid 38/411...
Processing grid 39/411...
Processing grid 40/411...
Processing grid 41/411...
Processing grid 42/411...
Processing grid 43/411...
Processing grid 44/411...
Processing grid 45/411...
Processing grid 46/411...
Processing grid 47/411...
Processing grid 48/411...
Processing grid 49/411...
Processing grid 50/411...
Processing grid 51/411...
Processing grid 52/411...
Processing grid 53/411...
Processing grid 54/411...
Processing grid 55/411...
Processing grid 56/411...
Processing grid 57/411...
Processing grid 58/411...
Processing grid 59/411...
Processing grid 60/411...
Processing grid 61/411...
Processing grid 62/411...
Processing grid 63/411...
Processing grid 64/411...
Processing grid 65/411...
Processing grid 66/411...
Processing grid 67/411...
Processing grid 68/411...
Processing grid 69/411...
Processing grid 70/411...
Processing grid 71/411...
Processing grid 72/411...
Processing grid 73/411...
Processing grid 74/411...
Processing grid 75/411...
Processing grid 76/411...
Processing grid 77/411...
Processing grid 78/411...
Processing grid 79/411...
Processing grid 80/411...
Processing grid 81/411...
Processing grid 82/411...
Processing grid 83/411...
Processing grid 84/411...
Processing grid 85/411...
Processing grid 86/411...
Processing grid 87/411...
Processing grid 88/411...
Processing grid 89/411...
Processing grid 90/411...
Processing grid 91/411...
Processing grid 92/411...
Processing grid 93/411...
Processing grid 94/411...
Processing grid 95/411...
Processing grid 96/411...
Processing grid 97/411...
Processing grid 98/411...
Processing grid 99/411...
Processing grid 100/411...
Processing grid 101/411...
Processing grid 102/411...
Processing grid 103/411...
Processing grid 104/411...
Processing grid 105/411...
Processing grid 106/411...
Processing grid 107/411...
Processing grid 108/411...
Processing grid 109/411...
Processing grid 110/411...
Processing grid 111/411...
Processing grid 112/411...
Processing grid 113/411...
Processing grid 114/411...
Processing grid 115/411...
Processing grid 116/411...
Processing grid 117/411...
Processing grid 118/411...
Processing grid 119/411...
Processing grid 120/411...
Processing grid 121/411...
Processing grid 122/411...
Processing grid 123/411...
Processing grid 124/411...
Processing grid 125/411...
Processing grid 126/411...
Processing grid 127/411...
Processing grid 128/411...
Processing grid 129/411...
Processing grid 130/411...
Processing grid 131/411...
Processing grid 132/411...
Processing grid 133/411...
Processing grid 134/411...
Processing grid 135/411...
Processing grid 136/411...
Processing grid 137/411...
Processing grid 138/411...
Processing grid 139/411...
Processing grid 140/411...
Processing grid 141/411...
Processing grid 142/411...
Processing grid 143/411...
Processing grid 144/411...
Processing grid 145/411...
Processing grid 146/411...
Processing grid 147/411...
Processing grid 148/411...
Processing grid 149/411...
Processing grid 150/411...
Processing grid 151/411...
Processing grid 152/411...
Processing grid 153/411...
Processing grid 154/411...
Processing grid 155/411...
Processing grid 156/411...
Processing grid 157/411...
Processing grid 158/411...
Processing grid 159/411...
Processing grid 160/411...
Processing grid 161/411...
Processing grid 162/411...
Processing grid 163/411...
Processing grid 164/411...
Processing grid 165/411...
Processing grid 166/411...
Processing grid 167/411...
Processing grid 168/411...
Processing grid 169/411...
Processing grid 170/411...
Processing grid 171/411...
Processing grid 172/411...
Processing grid 173/411...
Processing grid 174/411...
Processing grid 175/411...
Processing grid 176/411...
Processing grid 177/411...
Processing grid 178/411...
Processing grid 179/411...
Processing grid 180/411...
Processing grid 181/411...
Processing grid 182/411...
Processing grid 183/411...
Processing grid 184/411...
Processing grid 185/411...
Processing grid 186/411...
Processing grid 187/411...
Processing grid 188/411...
Processing grid 189/411...
Processing grid 190/411...
Processing grid 191/411...
Processing grid 192/411...
Processing grid 193/411...
Processing grid 194/411...
Processing grid 195/411...
Processing grid 196/411...
Processing grid 197/411...
Processing grid 198/411...
Processing grid 199/411...
Processing grid 200/411...
Processing grid 201/411...
Processing grid 202/411...
Processing grid 203/411...
Processing grid 204/411...
Processing grid 205/411...
Processing grid 206/411...
Processing grid 207/411...
Processing grid 208/411...
Processing grid 209/411...
Processing grid 210/411...
Processing grid 211/411...
Processing grid 212/411...
Processing grid 213/411...
Processing grid 214/411...
Processing grid 215/411...
Processing grid 216/411...
Processing grid 217/411...
Processing grid 218/411...
Processing grid 219/411...
Processing grid 220/411...
Processing grid 221/411...
Processing grid 222/411...
Processing grid 223/411...
Processing grid 224/411...
Processing grid 225/411...
Processing grid 226/411...
Processing grid 227/411...
Processing grid 228/411...
Processing grid 229/411...
Processing grid 230/411...
Processing grid 231/411...
Processing grid 232/411...
Processing grid 233/411...
Processing grid 234/411...
Processing grid 235/411...
Processing grid 236/411...
Processing grid 237/411...
Processing grid 238/411...
Processing grid 239/411...
Processing grid 240/411...
Processing grid 241/411...
Processing grid 242/411...
Processing grid 243/411...
Processing grid 244/411...
Processing grid 245/411...
Processing grid 246/411...
Processing grid 247/411...
Processing grid 248/411...
Processing grid 249/411...
Processing grid 250/411...
Processing grid 251/411...
Processing grid 252/411...
Processing grid 253/411...
Processing grid 254/411...
Processing grid 255/411...
Processing grid 256/411...
Processing grid 257/411...
Processing grid 258/411...
Processing grid 259/411...
Processing grid 260/411...
Processing grid 261/411...
Processing grid 262/411...
Processing grid 263/411...
Processing grid 264/411...
Processing grid 265/411...
Processing grid 266/411...
Processing grid 267/411...
Processing grid 268/411...
Processing grid 269/411...
Processing grid 270/411...
Processing grid 271/411...
Processing grid 272/411...
Processing grid 273/411...
Processing grid 274/411...
Processing grid 275/411...
Processing grid 276/411...
Processing grid 277/411...
Processing grid 278/411...
Processing grid 279/411...
Processing grid 280/411...
Processing grid 281/411...
Processing grid 282/411...
Processing grid 283/411...
Processing grid 284/411...
Processing grid 285/411...
Processing grid 286/411...
Processing grid 287/411...
Processing grid 288/411...
Processing grid 289/411...
Processing grid 290/411...
Processing grid 291/411...
Processing grid 292/411...
Processing grid 293/411...
Processing grid 294/411...
Processing grid 295/411...
Processing grid 296/411...
Processing grid 297/411...
Processing grid 298/411...
Processing grid 299/411...
Processing grid 300/411...
Processing grid 301/411...
Processing grid 302/411...
Processing grid 303/411...
Processing grid 304/411...
Processing grid 305/411...
Processing grid 306/411...
Processing grid 307/411...
Processing grid 308/411...
Processing grid 309/411...
Processing grid 310/411...
Processing grid 311/411...
Processing grid 312/411...
Processing grid 313/411...
Processing grid 314/411...
Processing grid 315/411...
Processing grid 316/411...
Processing grid 317/411...
Processing grid 318/411...
Processing grid 319/411...
Processing grid 320/411...
Processing grid 321/411...
Processing grid 322/411...
Processing grid 323/411...
Processing grid 324/411...
Processing grid 325/411...
Processing grid 326/411...
Processing grid 327/411...
Processing grid 328/411...
Processing grid 329/411...
Processing grid 330/411...
Processing grid 331/411...
Processing grid 332/411...
Processing grid 333/411...
Processing grid 334/411...
Processing grid 335/411...
Processing grid 336/411...
Processing grid 337/411...
Processing grid 338/411...
Processing grid 339/411...
Processing grid 340/411...
Processing grid 341/411...
Processing grid 342/411...
Processing grid 343/411...
Processing grid 344/411...
Processing grid 345/411...
Processing grid 346/411...
Processing grid 347/411...
Processing grid 348/411...
Processing grid 349/411...
Processing grid 350/411...
Processing grid 351/411...
Processing grid 352/411...
Processing grid 353/411...
Processing grid 354/411...
Processing grid 355/411...
Processing grid 356/411...
Processing grid 357/411...
Processing grid 358/411...
Processing grid 359/411...
Processing grid 360/411...
Processing grid 361/411...
Processing grid 362/411...
Processing grid 363/411...
Processing grid 364/411...
Processing grid 365/411...
Processing grid 366/411...
Processing grid 367/411...
Processing grid 368/411...
Processing grid 369/411...
Processing grid 370/411...
Processing grid 371/411...
Processing grid 372/411...
Processing grid 373/411...
Processing grid 374/411...
Processing grid 375/411...
Processing grid 376/411...
Processing grid 377/411...
Processing grid 378/411...
Processing grid 379/411...
Processing grid 380/411...
Processing grid 381/411...
Processing grid 382/411...
Processing grid 383/411...
Processing grid 384/411...
Processing grid 385/411...
Processing grid 386/411...
Processing grid 387/411...
Processing grid 388/411...
Processing grid 389/411...
Processing grid 390/411...
Processing grid 391/411...
Processing grid 392/411...
Processing grid 393/411...
Processing grid 394/411...
Processing grid 395/411...
Processing grid 396/411...
Processing grid 397/411...
Processing grid 398/411...
Processing grid 399/411...
Processing grid 400/411...
Processing grid 401/411...
Processing grid 402/411...
Processing grid 403/411...
Processing grid 404/411...
Processing grid 405/411...
Processing grid 406/411...
Processing grid 407/411...
Processing grid 408/411...
Processing grid 409/411...
Processing grid 410/411...
Processing grid 411/411...
*** Saved all SP results to /home/altraj24/files/nitromethane_anion/molalign/OUT/tb_lite_results_shiftn0p1.json
Processing grid 0/411...
Processing grid 1/411...
Processing grid 2/411...
Processing grid 3/411...
Processing grid 4/411...
Processing grid 5/411...
Processing grid 6/411...
Processing grid 7/411...
Processing grid 8/411...
Processing grid 9/411...
Processing grid 10/411...
Processing grid 11/411...
Processing grid 12/411...
Processing grid 13/411...
Processing grid 14/411...
Processing grid 15/411...
Processing grid 16/411...
Processing grid 17/411...
Processing grid 18/411...
Processing grid 19/411...
Processing grid 20/411...
Processing grid 21/411...
Processing grid 22/411...
Processing grid 23/411...
Processing grid 24/411...
Processing grid 25/411...
Processing grid 26/411...
Processing grid 27/411...
Processing grid 28/411...
Processing grid 29/411...
Processing grid 30/411...
Processing grid 31/411...
Processing grid 32/411...
Processing grid 33/411...
Processing grid 34/411...
Processing grid 35/411...
Processing grid 36/411...
Processing grid 37/411...
Processing grid 38/411...
Processing grid 39/411...
Processing grid 40/411...
Processing grid 41/411...
Processing grid 42/411...
Processing grid 43/411...
Processing grid 44/411...
Processing grid 45/411...
Processing grid 46/411...
Processing grid 47/411...
Processing grid 48/411...
Processing grid 49/411...
Processing grid 50/411...
Processing grid 51/411...
Processing grid 52/411...
Processing grid 53/411...
Processing grid 54/411...
Processing grid 55/411...
Processing grid 56/411...
Processing grid 57/411...
Processing grid 58/411...
Processing grid 59/411...
Processing grid 60/411...
Processing grid 61/411...
Processing grid 62/411...
Processing grid 63/411...
Processing grid 64/411...
Processing grid 65/411...
Processing grid 66/411...
Processing grid 67/411...
Processing grid 68/411...
Processing grid 69/411...
Processing grid 70/411...
Processing grid 71/411...
Processing grid 72/411...
Processing grid 73/411...
Processing grid 74/411...
Processing grid 75/411...
Processing grid 76/411...
Processing grid 77/411...
Processing grid 78/411...
Processing grid 79/411...
Processing grid 80/411...
Processing grid 81/411...
Processing grid 82/411...
Processing grid 83/411...
Processing grid 84/411...
Processing grid 85/411...
Processing grid 86/411...
Processing grid 87/411...
Processing grid 88/411...
Processing grid 89/411...
Processing grid 90/411...
Processing grid 91/411...
Processing grid 92/411...
Processing grid 93/411...
Processing grid 94/411...
Processing grid 95/411...
Processing grid 96/411...
Processing grid 97/411...
Processing grid 98/411...
Processing grid 99/411...
Processing grid 100/411...
Processing grid 101/411...
Processing grid 102/411...
Processing grid 103/411...
Processing grid 104/411...
Processing grid 105/411...
Processing grid 106/411...
Processing grid 107/411...
Processing grid 108/411...
Processing grid 109/411...
Processing grid 110/411...
Processing grid 111/411...
Processing grid 112/411...
Processing grid 113/411...
Processing grid 114/411...
Processing grid 115/411...
Processing grid 116/411...
Processing grid 117/411...
Processing grid 118/411...
Processing grid 119/411...
Processing grid 120/411...
Processing grid 121/411...
Processing grid 122/411...
Processing grid 123/411...
Processing grid 124/411...
Processing grid 125/411...
Processing grid 126/411...
Processing grid 127/411...
Processing grid 128/411...
Processing grid 129/411...
Processing grid 130/411...
Processing grid 131/411...
Processing grid 132/411...
Processing grid 133/411...
Processing grid 134/411...
Processing grid 135/411...
Processing grid 136/411...
Processing grid 137/411...
Processing grid 138/411...
Processing grid 139/411...
Processing grid 140/411...
Processing grid 141/411...
Processing grid 142/411...
Processing grid 143/411...
Processing grid 144/411...
Processing grid 145/411...
Processing grid 146/411...
Processing grid 147/411...
Processing grid 148/411...
Processing grid 149/411...
Processing grid 150/411...
Processing grid 151/411...
Processing grid 152/411...
Processing grid 153/411...
Processing grid 154/411...
Processing grid 155/411...
Processing grid 156/411...
Processing grid 157/411...
Processing grid 158/411...
Processing grid 159/411...
Processing grid 160/411...
Processing grid 161/411...
Processing grid 162/411...
Processing grid 163/411...
Processing grid 164/411...
Processing grid 165/411...
Processing grid 166/411...
Processing grid 167/411...
Processing grid 168/411...
Processing grid 169/411...
Processing grid 170/411...
Processing grid 171/411...
Processing grid 172/411...
Processing grid 173/411...
Processing grid 174/411...
Processing grid 175/411...
Processing grid 176/411...
Processing grid 177/411...
Processing grid 178/411...
Processing grid 179/411...
Processing grid 180/411...
Processing grid 181/411...
Processing grid 182/411...
Processing grid 183/411...
Processing grid 184/411...
Processing grid 185/411...
Processing grid 186/411...
Processing grid 187/411...
Processing grid 188/411...
Processing grid 189/411...
Processing grid 190/411...
Processing grid 191/411...
Processing grid 192/411...
Processing grid 193/411...
Processing grid 194/411...
Processing grid 195/411...
Processing grid 196/411...
Processing grid 197/411...
Processing grid 198/411...
Processing grid 199/411...
Processing grid 200/411...
Processing grid 201/411...
Processing grid 202/411...
Processing grid 203/411...
Processing grid 204/411...
Processing grid 205/411...
Processing grid 206/411...
Processing grid 207/411...
Processing grid 208/411...
Processing grid 209/411...
Processing grid 210/411...
Processing grid 211/411...
Processing grid 212/411...
Processing grid 213/411...
Processing grid 214/411...
Processing grid 215/411...
Processing grid 216/411...
Processing grid 217/411...
Processing grid 218/411...
Processing grid 219/411...
Processing grid 220/411...
Processing grid 221/411...
Processing grid 222/411...
Processing grid 223/411...
Processing grid 224/411...
Processing grid 225/411...
Processing grid 226/411...
Processing grid 227/411...
Processing grid 228/411...
Processing grid 229/411...
Processing grid 230/411...
Processing grid 231/411...
Processing grid 232/411...
Processing grid 233/411...
Processing grid 234/411...
Processing grid 235/411...
Processing grid 236/411...
Processing grid 237/411...
Processing grid 238/411...
Processing grid 239/411...
Processing grid 240/411...
Processing grid 241/411...
Processing grid 242/411...
Processing grid 243/411...
Processing grid 244/411...
Processing grid 245/411...
Processing grid 246/411...
Processing grid 247/411...
Processing grid 248/411...
Processing grid 249/411...
Processing grid 250/411...
Processing grid 251/411...
Processing grid 252/411...
Processing grid 253/411...
Processing grid 254/411...
Processing grid 255/411...
Processing grid 256/411...
Processing grid 257/411...
Processing grid 258/411...
Processing grid 259/411...
Processing grid 260/411...
Processing grid 261/411...
Processing grid 262/411...
Processing grid 263/411...
Processing grid 264/411...
Processing grid 265/411...
Processing grid 266/411...
Processing grid 267/411...
Processing grid 268/411...
Processing grid 269/411...
Processing grid 270/411...
Processing grid 271/411...
Processing grid 272/411...
Processing grid 273/411...
Processing grid 274/411...
Processing grid 275/411...
Processing grid 276/411...
Processing grid 277/411...
Processing grid 278/411...
Processing grid 279/411...
Processing grid 280/411...
Processing grid 281/411...
Processing grid 282/411...
Processing grid 283/411...
Processing grid 284/411...
Processing grid 285/411...
Processing grid 286/411...
Processing grid 287/411...
Processing grid 288/411...
Processing grid 289/411...
Processing grid 290/411...
Processing grid 291/411...
Processing grid 292/411...
Processing grid 293/411...
Processing grid 294/411...
Processing grid 295/411...
Processing grid 296/411...
Processing grid 297/411...
Processing grid 298/411...
Processing grid 299/411...
Processing grid 300/411...
Processing grid 301/411...
Processing grid 302/411...
Processing grid 303/411...
Processing grid 304/411...
Processing grid 305/411...
Processing grid 306/411...
Processing grid 307/411...
Processing grid 308/411...
Processing grid 309/411...
Processing grid 310/411...
Processing grid 311/411...
Processing grid 312/411...
Processing grid 313/411...
Processing grid 314/411...
Processing grid 315/411...
Processing grid 316/411...
Processing grid 317/411...
Processing grid 318/411...
Processing grid 319/411...
Processing grid 320/411...
Processing grid 321/411...
Processing grid 322/411...
Processing grid 323/411...
Processing grid 324/411...
Processing grid 325/411...
Processing grid 326/411...
Processing grid 327/411...
Processing grid 328/411...
Processing grid 329/411...
Processing grid 330/411...
Processing grid 331/411...
Processing grid 332/411...
Processing grid 333/411...
Processing grid 334/411...
Processing grid 335/411...
Processing grid 336/411...
Processing grid 337/411...
Processing grid 338/411...
Processing grid 339/411...
Processing grid 340/411...
Processing grid 341/411...
Processing grid 342/411...
Processing grid 343/411...
Processing grid 344/411...
Processing grid 345/411...
Processing grid 346/411...
Processing grid 347/411...
Processing grid 348/411...
Processing grid 349/411...
Processing grid 350/411...
Processing grid 351/411...
Processing grid 352/411...
Processing grid 353/411...
Processing grid 354/411...
Processing grid 355/411...
Processing grid 356/411...
Processing grid 357/411...
Processing grid 358/411...
Processing grid 359/411...
Processing grid 360/411...
Processing grid 361/411...
Processing grid 362/411...
Processing grid 363/411...
Processing grid 364/411...
Processing grid 365/411...
Processing grid 366/411...
Processing grid 367/411...
Processing grid 368/411...
Processing grid 369/411...
Processing grid 370/411...
Processing grid 371/411...
Processing grid 372/411...
Processing grid 373/411...
Processing grid 374/411...
Processing grid 375/411...
Processing grid 376/411...
Processing grid 377/411...
Processing grid 378/411...
Processing grid 379/411...
Processing grid 380/411...
Processing grid 381/411...
Processing grid 382/411...
Processing grid 383/411...
Processing grid 384/411...
Processing grid 385/411...
Processing grid 386/411...
Processing grid 387/411...
Processing grid 388/411...
Processing grid 389/411...
Processing grid 390/411...
Processing grid 391/411...
Processing grid 392/411...
Processing grid 393/411...
Processing grid 394/411...
Processing grid 395/411...
Processing grid 396/411...
Processing grid 397/411...
Processing grid 398/411...
Processing grid 399/411...
Processing grid 400/411...
Processing grid 401/411...
Processing grid 402/411...
Processing grid 403/411...
Processing grid 404/411...
Processing grid 405/411...
Processing grid 406/411...
Processing grid 407/411...
Processing grid 408/411...
Processing grid 409/411...
Processing grid 410/411...
Processing grid 411/411...
*** Saved all SP results to /home/altraj24/files/nitromethane_anion/molalign/OUT/tb_lite_results_shiftn0p05.json
Processing grid 0/411...
Processing grid 1/411...
Processing grid 2/411...
Processing grid 3/411...
Processing grid 4/411...
Processing grid 5/411...
Processing grid 6/411...
Processing grid 7/411...
Processing grid 8/411...
Processing grid 9/411...
Processing grid 10/411...
Processing grid 11/411...
Processing grid 12/411...
Processing grid 13/411...
Processing grid 14/411...
Processing grid 15/411...
Processing grid 16/411...
Processing grid 17/411...
Processing grid 18/411...
Processing grid 19/411...
Processing grid 20/411...
Processing grid 21/411...
Processing grid 22/411...
Processing grid 23/411...
Processing grid 24/411...
Processing grid 25/411...
Processing grid 26/411...
Processing grid 27/411...
Processing grid 28/411...
Processing grid 29/411...
Processing grid 30/411...
Processing grid 31/411...
Processing grid 32/411...
Processing grid 33/411...
Processing grid 34/411...
Processing grid 35/411...
Processing grid 36/411...
Processing grid 37/411...
Processing grid 38/411...
Processing grid 39/411...
Processing grid 40/411...
Processing grid 41/411...
Processing grid 42/411...
Processing grid 43/411...
Processing grid 44/411...
Processing grid 45/411...
Processing grid 46/411...
Processing grid 47/411...
Processing grid 48/411...
Processing grid 49/411...
Processing grid 50/411...
Processing grid 51/411...
Processing grid 52/411...
Processing grid 53/411...
Processing grid 54/411...
Processing grid 55/411...
Processing grid 56/411...
Processing grid 57/411...
Processing grid 58/411...
Processing grid 59/411...
Processing grid 60/411...
Processing grid 61/411...
Processing grid 62/411...
Processing grid 63/411...
Processing grid 64/411...
Processing grid 65/411...
Processing grid 66/411...
Processing grid 67/411...
Processing grid 68/411...
Processing grid 69/411...
Processing grid 70/411...
Processing grid 71/411...
Processing grid 72/411...
Processing grid 73/411...
Processing grid 74/411...
Processing grid 75/411...
Processing grid 76/411...
Processing grid 77/411...
Processing grid 78/411...
Processing grid 79/411...
Processing grid 80/411...
Processing grid 81/411...
Processing grid 82/411...
Processing grid 83/411...
Processing grid 84/411...
Processing grid 85/411...
Processing grid 86/411...
Processing grid 87/411...
Processing grid 88/411...
Processing grid 89/411...
Processing grid 90/411...
Processing grid 91/411...
Processing grid 92/411...
Processing grid 93/411...
Processing grid 94/411...
Processing grid 95/411...
Processing grid 96/411...
Processing grid 97/411...
Processing grid 98/411...
Processing grid 99/411...
Processing grid 100/411...
Processing grid 101/411...
Processing grid 102/411...
Processing grid 103/411...
Processing grid 104/411...
Processing grid 105/411...
Processing grid 106/411...
Processing grid 107/411...
Processing grid 108/411...
Processing grid 109/411...
Processing grid 110/411...
Processing grid 111/411...
Processing grid 112/411...
Processing grid 113/411...
Processing grid 114/411...
Processing grid 115/411...
Processing grid 116/411...
Processing grid 117/411...
Processing grid 118/411...
Processing grid 119/411...
Processing grid 120/411...
Processing grid 121/411...
Processing grid 122/411...
Processing grid 123/411...
Processing grid 124/411...
Processing grid 125/411...
Processing grid 126/411...
Processing grid 127/411...
Processing grid 128/411...
Processing grid 129/411...
Processing grid 130/411...
Processing grid 131/411...
Processing grid 132/411...
Processing grid 133/411...
Processing grid 134/411...
Processing grid 135/411...
Processing grid 136/411...
Processing grid 137/411...
Processing grid 138/411...
Processing grid 139/411...
Processing grid 140/411...
Processing grid 141/411...
Processing grid 142/411...
Processing grid 143/411...
Processing grid 144/411...
Processing grid 145/411...
Processing grid 146/411...
Processing grid 147/411...
Processing grid 148/411...
Processing grid 149/411...
Processing grid 150/411...
Processing grid 151/411...
Processing grid 152/411...
Processing grid 153/411...
Processing grid 154/411...
Processing grid 155/411...
Processing grid 156/411...
Processing grid 157/411...
Processing grid 158/411...
Processing grid 159/411...
Processing grid 160/411...
Processing grid 161/411...
Processing grid 162/411...
Processing grid 163/411...
Processing grid 164/411...
Processing grid 165/411...
Processing grid 166/411...
Processing grid 167/411...
Processing grid 168/411...
Processing grid 169/411...
Processing grid 170/411...
Processing grid 171/411...
Processing grid 172/411...
Processing grid 173/411...
Processing grid 174/411...
Processing grid 175/411...
Processing grid 176/411...
Processing grid 177/411...
Processing grid 178/411...
Processing grid 179/411...
Processing grid 180/411...
Processing grid 181/411...
Processing grid 182/411...
Processing grid 183/411...
Processing grid 184/411...
Processing grid 185/411...
Processing grid 186/411...
Processing grid 187/411...
Processing grid 188/411...
Processing grid 189/411...
Processing grid 190/411...
Processing grid 191/411...
Processing grid 192/411...
Processing grid 193/411...
Processing grid 194/411...
Processing grid 195/411...
Processing grid 196/411...
Processing grid 197/411...
Processing grid 198/411...
Processing grid 199/411...
Processing grid 200/411...
Processing grid 201/411...
Processing grid 202/411...
Processing grid 203/411...
Processing grid 204/411...
Processing grid 205/411...
Processing grid 206/411...
Processing grid 207/411...
Processing grid 208/411...
Processing grid 209/411...
Processing grid 210/411...
Processing grid 211/411...
Processing grid 212/411...
Processing grid 213/411...
Processing grid 214/411...
Processing grid 215/411...
Processing grid 216/411...
Processing grid 217/411...
Processing grid 218/411...
Processing grid 219/411...
Processing grid 220/411...
Processing grid 221/411...
Processing grid 222/411...
Processing grid 223/411...
Processing grid 224/411...
Processing grid 225/411...
Processing grid 226/411...
Processing grid 227/411...
Processing grid 228/411...
Processing grid 229/411...
Processing grid 230/411...
Processing grid 231/411...
Processing grid 232/411...
Processing grid 233/411...
Processing grid 234/411...
Processing grid 235/411...
Processing grid 236/411...
Processing grid 237/411...
Processing grid 238/411...
Processing grid 239/411...
Processing grid 240/411...
Processing grid 241/411...
Processing grid 242/411...
Processing grid 243/411...
Processing grid 244/411...
Processing grid 245/411...
Processing grid 246/411...
Processing grid 247/411...
Processing grid 248/411...
Processing grid 249/411...
Processing grid 250/411...
Processing grid 251/411...
Processing grid 252/411...
Processing grid 253/411...
Processing grid 254/411...
Processing grid 255/411...
Processing grid 256/411...
Processing grid 257/411...
Processing grid 258/411...
Processing grid 259/411...
Processing grid 260/411...
Processing grid 261/411...
Processing grid 262/411...
Processing grid 263/411...
Processing grid 264/411...
Processing grid 265/411...
Processing grid 266/411...
Processing grid 267/411...
Processing grid 268/411...
Processing grid 269/411...
Processing grid 270/411...
Processing grid 271/411...
Processing grid 272/411...
Processing grid 273/411...
Processing grid 274/411...
Processing grid 275/411...
Processing grid 276/411...
Processing grid 277/411...
Processing grid 278/411...
Processing grid 279/411...
Processing grid 280/411...
Processing grid 281/411...
Processing grid 282/411...
Processing grid 283/411...
Processing grid 284/411...
Processing grid 285/411...
Processing grid 286/411...
Processing grid 287/411...
Processing grid 288/411...
Processing grid 289/411...
Processing grid 290/411...
Processing grid 291/411...
Processing grid 292/411...
Processing grid 293/411...
Processing grid 294/411...
Processing grid 295/411...
Processing grid 296/411...
Processing grid 297/411...
Processing grid 298/411...
Processing grid 299/411...
Processing grid 300/411...
Processing grid 301/411...
Processing grid 302/411...
Processing grid 303/411...
Processing grid 304/411...
Processing grid 305/411...
Processing grid 306/411...
Processing grid 307/411...
Processing grid 308/411...
Processing grid 309/411...
Processing grid 310/411...
Processing grid 311/411...
Processing grid 312/411...
Processing grid 313/411...
Processing grid 314/411...
Processing grid 315/411...
Processing grid 316/411...
Processing grid 317/411...
Processing grid 318/411...
Processing grid 319/411...
Processing grid 320/411...
Processing grid 321/411...
Processing grid 322/411...
Processing grid 323/411...
Processing grid 324/411...
Processing grid 325/411...
Processing grid 326/411...
Processing grid 327/411...
Processing grid 328/411...
Processing grid 329/411...
Processing grid 330/411...
Processing grid 331/411...
Processing grid 332/411...
Processing grid 333/411...
Processing grid 334/411...
Processing grid 335/411...
Processing grid 336/411...
Processing grid 337/411...
Processing grid 338/411...
Processing grid 339/411...
Processing grid 340/411...
Processing grid 341/411...
Processing grid 342/411...
Processing grid 343/411...
Processing grid 344/411...
Processing grid 345/411...
Processing grid 346/411...
Processing grid 347/411...
Processing grid 348/411...
Processing grid 349/411...
Processing grid 350/411...
Processing grid 351/411...
Processing grid 352/411...
Processing grid 353/411...
Processing grid 354/411...
Processing grid 355/411...
Processing grid 356/411...
Processing grid 357/411...
Processing grid 358/411...
Processing grid 359/411...
Processing grid 360/411...
Processing grid 361/411...
Processing grid 362/411...
Processing grid 363/411...
Processing grid 364/411...
Processing grid 365/411...
Processing grid 366/411...
Processing grid 367/411...
Processing grid 368/411...
Processing grid 369/411...
Processing grid 370/411...
Processing grid 371/411...
Processing grid 372/411...
Processing grid 373/411...
Processing grid 374/411...
Processing grid 375/411...
Processing grid 376/411...
Processing grid 377/411...
Processing grid 378/411...
Processing grid 379/411...
Processing grid 380/411...
Processing grid 381/411...
Processing grid 382/411...
Processing grid 383/411...
Processing grid 384/411...
Processing grid 385/411...
Processing grid 386/411...
Processing grid 387/411...
Processing grid 388/411...
Processing grid 389/411...
Processing grid 390/411...
Processing grid 391/411...
Processing grid 392/411...
Processing grid 393/411...
Processing grid 394/411...
Processing grid 395/411...
Processing grid 396/411...
Processing grid 397/411...
Processing grid 398/411...
Processing grid 399/411...
Processing grid 400/411...
Processing grid 401/411...
Processing grid 402/411...
Processing grid 403/411...
Processing grid 404/411...
Processing grid 405/411...
Processing grid 406/411...
Processing grid 407/411...
Processing grid 408/411...
Processing grid 409/411...
Processing grid 410/411...
Processing grid 411/411...
*** Saved all SP results to /home/altraj24/files/nitromethane_anion/molalign/OUT/tb_lite_results_original.json

*** Running: cpcm-reader /home/altraj24/files/nitromethane_anion/molalign/inp.cpcm inp

*** Running: cpcm-reader /home/altraj24/files/nitromethane_anion/molalign/water.cpcm water
*** Saved shifted NPZ (-0.3 ): /home/altraj24/files/nitromethane_anion/molalign/OUT/solute_data_shiftn0p3.npz
*** Saved shifted NPZ (-0.25 ): /home/altraj24/files/nitromethane_anion/molalign/OUT/solute_data_shiftn0p25.npz
*** Saved shifted NPZ (-0.2 ): /home/altraj24/files/nitromethane_anion/molalign/OUT/solute_data_shiftn0p2.npz
*** Saved shifted NPZ (-0.15 ): /home/altraj24/files/nitromethane_anion/molalign/OUT/solute_data_shiftn0p15.npz
*** Saved shifted NPZ (-0.1 ): /home/altraj24/files/nitromethane_anion/molalign/OUT/solute_data_shiftn0p1.npz
*** Saved shifted NPZ (-0.05 ): /home/altraj24/files/nitromethane_anion/molalign/OUT/solute_data_shiftn0p05.npz
*** Saved shifted NPZ (+0.0 ): /home/altraj24/files/nitromethane_anion/molalign/OUT/solute_data_original.npz

*** Running: align-grid-tb /home/altraj24/files/nitromethane_anion/molalign/OUT/solute_data_shiftn0p3.npz /home/altraj24/files/nitromethane_anion/molalign/OUT/water_data.npz 0,90,180,270 --charge -1 --out /home/altraj24/files/nitromethane_anion/molalign/OUT/tb_lite_results_shiftn0p3.json

*** Running: align-grid-tb /home/altraj24/files/nitromethane_anion/molalign/OUT/solute_data_shiftn0p25.npz /home/altraj24/files/nitromethane_anion/molalign/OUT/water_data.npz 0,90,180,270 --charge -1 --out /home/altraj24/files/nitromethane_anion/molalign/OUT/tb_lite_results_shiftn0p25.json

*** Running: align-grid-tb /home/altraj24/files/nitromethane_anion/molalign/OUT/solute_data_shiftn0p2.npz /home/altraj24/files/nitromethane_anion/molalign/OUT/water_data.npz 0,90,180,270 --charge -1 --out /home/altraj24/files/nitromethane_anion/molalign/OUT/tb_lite_results_shiftn0p2.json

*** Running: align-grid-tb /home/altraj24/files/nitromethane_anion/molalign/OUT/solute_data_shiftn0p15.npz /home/altraj24/files/nitromethane_anion/molalign/OUT/water_data.npz 0,90,180,270 --charge -1 --out /home/altraj24/files/nitromethane_anion/molalign/OUT/tb_lite_results_shiftn0p15.json

*** Running: align-grid-tb /home/altraj24/files/nitromethane_anion/molalign/OUT/solute_data_shiftn0p1.npz /home/altraj24/files/nitromethane_anion/molalign/OUT/water_data.npz 0,90,180,270 --charge -1 --out /home/altraj24/files/nitromethane_anion/molalign/OUT/tb_lite_results_shiftn0p1.json

*** Running: align-grid-tb /home/altraj24/files/nitromethane_anion/molalign/OUT/solute_data_shiftn0p05.npz /home/altraj24/files/nitromethane_anion/molalign/OUT/water_data.npz 0,90,180,270 --charge -1 --out /home/altraj24/files/nitromethane_anion/molalign/OUT/tb_lite_results_shiftn0p05.json

*** Running: align-grid-tb /home/altraj24/files/nitromethane_anion/molalign/OUT/solute_data_original.npz /home/altraj24/files/nitromethane_anion/molalign/OUT/water_data.npz 0,90,180,270 --charge -1 --out /home/altraj24/files/nitromethane_anion/molalign/OUT/tb_lite_results_original.json

*** All computations complete. Results saved in:
    /home/altraj24/files/nitromethane_anion/molalign/OUT/tb_lite_results_shiftn0p3.json
    /home/altraj24/files/nitromethane_anion/molalign/OUT/tb_lite_results_shiftn0p25.json
    /home/altraj24/files/nitromethane_anion/molalign/OUT/tb_lite_results_shiftn0p2.json
    /home/altraj24/files/nitromethane_anion/molalign/OUT/tb_lite_results_shiftn0p15.json
    /home/altraj24/files/nitromethane_anion/molalign/OUT/tb_lite_results_shiftn0p1.json
    /home/altraj24/files/nitromethane_anion/molalign/OUT/tb_lite_results_shiftn0p05.json
    /home/altraj24/files/nitromethane_anion/molalign/OUT/tb_lite_results_original.json
