3
 energy: -5.070368273072 gnorm: 0.021190159509 xtb: 6.7.1 (edcfbbe)
O            0.00000000000000        0.00000000000000        0.00000000000000
H            0.95840000487734        0.00000000000000        0.00000000000000
H           -0.23900000117951        0.92700000451292        0.00000000000000
3
 energy: -5.070531818731 gnorm: 0.004543123211 xtb: 6.7.1 (edcfbbe)
O            0.00690060388445        0.01081542724347       -0.00000000000000
H            0.96898079881592       -0.01569227708782       -0.00000000000000
H           -0.25648139900254        0.93187685435727        0.00000000000000
3
 energy: -5.070542691196 gnorm: 0.001387922356 xtb: 6.7.1 (edcfbbe)
O            0.00765610189626        0.01001142944253       -0.00000000000000
H            0.96740966383017       -0.01490051041139       -0.00000000000000
H           -0.25566576202859        0.93188908548178        0.00000000000000
3
 energy: -5.070544054937 gnorm: 0.000884986821 xtb: 6.7.1 (edcfbbe)
O            0.00786663674377        0.00908745414501       -0.00000000000000
H            0.96613479773193       -0.01389221111511       -0.00000000000000
H           -0.25460143077786        0.93180476148303        0.00000000000000
