*** Saved NPZ with 4 atoms and 317 gridpoints.
*** Saved human-readable TXT: inp_data.txt
*** Saved NPZ with 3 atoms and 2 gridpoints.
*** Saved human-readable TXT: water_data.txt
Processing grid 0/316...
Processing grid 1/316...
Processing grid 2/316...
Processing grid 3/316...
Processing grid 4/316...
Processing grid 5/316...
Processing grid 6/316...
Processing grid 7/316...
Processing grid 8/316...
Processing grid 9/316...
Processing grid 10/316...
Processing grid 11/316...
Processing grid 12/316...
Processing grid 13/316...
Processing grid 14/316...
Processing grid 15/316...
Processing grid 16/316...
Processing grid 17/316...
Processing grid 18/316...
Processing grid 19/316...
Processing grid 20/316...
Processing grid 21/316...
Processing grid 22/316...
Processing grid 23/316...
Processing grid 24/316...
Processing grid 25/316...
Processing grid 26/316...
Processing grid 27/316...
Processing grid 28/316...
Processing grid 29/316...
Processing grid 30/316...
Processing grid 31/316...
Processing grid 32/316...
Processing grid 33/316...
Processing grid 34/316...
Processing grid 35/316...
Processing grid 36/316...
Processing grid 37/316...
Processing grid 38/316...
Processing grid 39/316...
Processing grid 40/316...
Processing grid 41/316...
Processing grid 42/316...
Processing grid 43/316...
Processing grid 44/316...
Processing grid 45/316...
Processing grid 46/316...
Processing grid 47/316...
Processing grid 48/316...
Processing grid 49/316...
Processing grid 50/316...
Processing grid 51/316...
Processing grid 52/316...
Processing grid 53/316...
Processing grid 54/316...
Processing grid 55/316...
Processing grid 56/316...
Processing grid 57/316...
Processing grid 58/316...
Processing grid 59/316...
Processing grid 60/316...
Processing grid 61/316...
Processing grid 62/316...
Processing grid 63/316...
Processing grid 64/316...
Processing grid 65/316...
Processing grid 66/316...
Processing grid 67/316...
Processing grid 68/316...
Processing grid 69/316...
Processing grid 70/316...
Processing grid 71/316...
Processing grid 72/316...
Processing grid 73/316...
Processing grid 74/316...
Processing grid 75/316...
Processing grid 76/316...
Processing grid 77/316...
Processing grid 78/316...
Processing grid 79/316...
Processing grid 80/316...
Processing grid 81/316...
Processing grid 82/316...
Processing grid 83/316...
Processing grid 84/316...
Processing grid 85/316...
Processing grid 86/316...
Processing grid 87/316...
Processing grid 88/316...
Processing grid 89/316...
Processing grid 90/316...
Processing grid 91/316...
Processing grid 92/316...
Processing grid 93/316...
Processing grid 94/316...
Processing grid 95/316...
Processing grid 96/316...
Processing grid 97/316...
Processing grid 98/316...
Processing grid 99/316...
Processing grid 100/316...
Processing grid 101/316...
Processing grid 102/316...
Processing grid 103/316...
Processing grid 104/316...
Processing grid 105/316...
Processing grid 106/316...
Processing grid 107/316...
Processing grid 108/316...
Processing grid 109/316...
Processing grid 110/316...
Processing grid 111/316...
Processing grid 112/316...
Processing grid 113/316...
Processing grid 114/316...
Processing grid 115/316...
Processing grid 116/316...
Processing grid 117/316...
Processing grid 118/316...
Processing grid 119/316...
Processing grid 120/316...
Processing grid 121/316...
Processing grid 122/316...
Processing grid 123/316...
Processing grid 124/316...
Processing grid 125/316...
Processing grid 126/316...
Processing grid 127/316...
Processing grid 128/316...
Processing grid 129/316...
Processing grid 130/316...
Processing grid 131/316...
Processing grid 132/316...
Processing grid 133/316...
Processing grid 134/316...
Processing grid 135/316...
Processing grid 136/316...
Processing grid 137/316...
Processing grid 138/316...
Processing grid 139/316...
Processing grid 140/316...
Processing grid 141/316...
Processing grid 142/316...
Processing grid 143/316...
Processing grid 144/316...
Processing grid 145/316...
Processing grid 146/316...
Processing grid 147/316...
Processing grid 148/316...
Processing grid 149/316...
Processing grid 150/316...
Processing grid 151/316...
Processing grid 152/316...
Processing grid 153/316...
Processing grid 154/316...
Processing grid 155/316...
Processing grid 156/316...
Processing grid 157/316...
Processing grid 158/316...
Processing grid 159/316...
Processing grid 160/316...
Processing grid 161/316...
Processing grid 162/316...
Processing grid 163/316...
Processing grid 164/316...
Processing grid 165/316...
Processing grid 166/316...
Processing grid 167/316...
Processing grid 168/316...
Processing grid 169/316...
Processing grid 170/316...
Processing grid 171/316...
Processing grid 172/316...
Processing grid 173/316...
Processing grid 174/316...
Processing grid 175/316...
Processing grid 176/316...
Processing grid 177/316...
Processing grid 178/316...
Processing grid 179/316...
Processing grid 180/316...
Processing grid 181/316...
Processing grid 182/316...
Processing grid 183/316...
Processing grid 184/316...
Processing grid 185/316...
Processing grid 186/316...
Processing grid 187/316...
Processing grid 188/316...
Processing grid 189/316...
Processing grid 190/316...
Processing grid 191/316...
Processing grid 192/316...
Processing grid 193/316...
Processing grid 194/316...
Processing grid 195/316...
Processing grid 196/316...
Processing grid 197/316...
Processing grid 198/316...
Processing grid 199/316...
Processing grid 200/316...
Processing grid 201/316...
Processing grid 202/316...
Processing grid 203/316...
Processing grid 204/316...
Processing grid 205/316...
Processing grid 206/316...
Processing grid 207/316...
Processing grid 208/316...
Processing grid 209/316...
Processing grid 210/316...
Processing grid 211/316...
Processing grid 212/316...
Processing grid 213/316...
Processing grid 214/316...
Processing grid 215/316...
Processing grid 216/316...
Processing grid 217/316...
Processing grid 218/316...
Processing grid 219/316...
Processing grid 220/316...
Processing grid 221/316...
Processing grid 222/316...
Processing grid 223/316...
Processing grid 224/316...
Processing grid 225/316...
Processing grid 226/316...
Processing grid 227/316...
Processing grid 228/316...
Processing grid 229/316...
Processing grid 230/316...
Processing grid 231/316...
Processing grid 232/316...
Processing grid 233/316...
Processing grid 234/316...
Processing grid 235/316...
Processing grid 236/316...
Processing grid 237/316...
Processing grid 238/316...
Processing grid 239/316...
Processing grid 240/316...
Processing grid 241/316...
Processing grid 242/316...
Processing grid 243/316...
Processing grid 244/316...
Processing grid 245/316...
Processing grid 246/316...
Processing grid 247/316...
Processing grid 248/316...
Processing grid 249/316...
Processing grid 250/316...
Processing grid 251/316...
Processing grid 252/316...
Processing grid 253/316...
Processing grid 254/316...
Processing grid 255/316...
Processing grid 256/316...
Processing grid 257/316...
Processing grid 258/316...
Processing grid 259/316...
Processing grid 260/316...
Processing grid 261/316...
Processing grid 262/316...
Processing grid 263/316...
Processing grid 264/316...
Processing grid 265/316...
Processing grid 266/316...
Processing grid 267/316...
Processing grid 268/316...
Processing grid 269/316...
Processing grid 270/316...
Processing grid 271/316...
Processing grid 272/316...
Processing grid 273/316...
Processing grid 274/316...
Processing grid 275/316...
Processing grid 276/316...
Processing grid 277/316...
Processing grid 278/316...
Processing grid 279/316...
Processing grid 280/316...
Processing grid 281/316...
Processing grid 282/316...
Processing grid 283/316...
Processing grid 284/316...
Processing grid 285/316...
Processing grid 286/316...
Processing grid 287/316...
Processing grid 288/316...
Processing grid 289/316...
Processing grid 290/316...
Processing grid 291/316...
Processing grid 292/316...
Processing grid 293/316...
Processing grid 294/316...
Processing grid 295/316...
Processing grid 296/316...
Processing grid 297/316...
Processing grid 298/316...
Processing grid 299/316...
Processing grid 300/316...
Processing grid 301/316...
Processing grid 302/316...
Processing grid 303/316...
Processing grid 304/316...
Processing grid 305/316...
Processing grid 306/316...
Processing grid 307/316...
Processing grid 308/316...
Processing grid 309/316...
Processing grid 310/316...
Processing grid 311/316...
Processing grid 312/316...
Processing grid 313/316...
Processing grid 314/316...
Processing grid 315/316...
Processing grid 316/316...
*** Saved all SP results to /home/altraj24/files/chloroform_anion/molalign/OUT/tb_lite_results_shiftn0p3.json
Processing grid 0/316...
Processing grid 1/316...
Processing grid 2/316...
Processing grid 3/316...
Processing grid 4/316...
Processing grid 5/316...
Processing grid 6/316...
Processing grid 7/316...
Processing grid 8/316...
Processing grid 9/316...
Processing grid 10/316...
Processing grid 11/316...
Processing grid 12/316...
Processing grid 13/316...
Processing grid 14/316...
Processing grid 15/316...
Processing grid 16/316...
Processing grid 17/316...
Processing grid 18/316...
Processing grid 19/316...
Processing grid 20/316...
Processing grid 21/316...
Processing grid 22/316...
Processing grid 23/316...
Processing grid 24/316...
Processing grid 25/316...
Processing grid 26/316...
Processing grid 27/316...
Processing grid 28/316...
Processing grid 29/316...
Processing grid 30/316...
Processing grid 31/316...
Processing grid 32/316...
Processing grid 33/316...
Processing grid 34/316...
Processing grid 35/316...
Processing grid 36/316...
Processing grid 37/316...
Processing grid 38/316...
Processing grid 39/316...
Processing grid 40/316...
Processing grid 41/316...
Processing grid 42/316...
Processing grid 43/316...
Processing grid 44/316...
Processing grid 45/316...
Processing grid 46/316...
Processing grid 47/316...
Processing grid 48/316...
Processing grid 49/316...
Processing grid 50/316...
Processing grid 51/316...
Processing grid 52/316...
Processing grid 53/316...
Processing grid 54/316...
Processing grid 55/316...
Processing grid 56/316...
Processing grid 57/316...
Processing grid 58/316...
Processing grid 59/316...
Processing grid 60/316...
Processing grid 61/316...
Processing grid 62/316...
Processing grid 63/316...
Processing grid 64/316...
Processing grid 65/316...
Processing grid 66/316...
Processing grid 67/316...
Processing grid 68/316...
Processing grid 69/316...
Processing grid 70/316...
Processing grid 71/316...
Processing grid 72/316...
Processing grid 73/316...
Processing grid 74/316...
Processing grid 75/316...
Processing grid 76/316...
Processing grid 77/316...
Processing grid 78/316...
Processing grid 79/316...
Processing grid 80/316...
Processing grid 81/316...
Processing grid 82/316...
Processing grid 83/316...
Processing grid 84/316...
Processing grid 85/316...
Processing grid 86/316...
Processing grid 87/316...
Processing grid 88/316...
Processing grid 89/316...
Processing grid 90/316...
Processing grid 91/316...
Processing grid 92/316...
Processing grid 93/316...
Processing grid 94/316...
Processing grid 95/316...
Processing grid 96/316...
Processing grid 97/316...
Processing grid 98/316...
Processing grid 99/316...
Processing grid 100/316...
Processing grid 101/316...
Processing grid 102/316...
Processing grid 103/316...
Processing grid 104/316...
Processing grid 105/316...
Processing grid 106/316...
Processing grid 107/316...
Processing grid 108/316...
Processing grid 109/316...
Processing grid 110/316...
Processing grid 111/316...
Processing grid 112/316...
Processing grid 113/316...
Processing grid 114/316...
Processing grid 115/316...
Processing grid 116/316...
Processing grid 117/316...
Processing grid 118/316...
Processing grid 119/316...
Processing grid 120/316...
Processing grid 121/316...
Processing grid 122/316...
Processing grid 123/316...
Processing grid 124/316...
Processing grid 125/316...
Processing grid 126/316...
Processing grid 127/316...
Processing grid 128/316...
Processing grid 129/316...
Processing grid 130/316...
Processing grid 131/316...
Processing grid 132/316...
Processing grid 133/316...
Processing grid 134/316...
Processing grid 135/316...
Processing grid 136/316...
Processing grid 137/316...
Processing grid 138/316...
Processing grid 139/316...
Processing grid 140/316...
Processing grid 141/316...
Processing grid 142/316...
Processing grid 143/316...
Processing grid 144/316...
Processing grid 145/316...
Processing grid 146/316...
Processing grid 147/316...
Processing grid 148/316...
Processing grid 149/316...
Processing grid 150/316...
Processing grid 151/316...
Processing grid 152/316...
Processing grid 153/316...
Processing grid 154/316...
Processing grid 155/316...
Processing grid 156/316...
Processing grid 157/316...
Processing grid 158/316...
Processing grid 159/316...
Processing grid 160/316...
Processing grid 161/316...
Processing grid 162/316...
Processing grid 163/316...
Processing grid 164/316...
Processing grid 165/316...
Processing grid 166/316...
Processing grid 167/316...
Processing grid 168/316...
Processing grid 169/316...
Processing grid 170/316...
Processing grid 171/316...
Processing grid 172/316...
Processing grid 173/316...
Processing grid 174/316...
Processing grid 175/316...
Processing grid 176/316...
Processing grid 177/316...
Processing grid 178/316...
Processing grid 179/316...
Processing grid 180/316...
Processing grid 181/316...
Processing grid 182/316...
Processing grid 183/316...
Processing grid 184/316...
Processing grid 185/316...
Processing grid 186/316...
Processing grid 187/316...
Processing grid 188/316...
Processing grid 189/316...
Processing grid 190/316...
Processing grid 191/316...
Processing grid 192/316...
Processing grid 193/316...
Processing grid 194/316...
Processing grid 195/316...
Processing grid 196/316...
Processing grid 197/316...
Processing grid 198/316...
Processing grid 199/316...
Processing grid 200/316...
Processing grid 201/316...
Processing grid 202/316...
Processing grid 203/316...
Processing grid 204/316...
Processing grid 205/316...
Processing grid 206/316...
Processing grid 207/316...
Processing grid 208/316...
Processing grid 209/316...
Processing grid 210/316...
Processing grid 211/316...
Processing grid 212/316...
Processing grid 213/316...
Processing grid 214/316...
Processing grid 215/316...
Processing grid 216/316...
Processing grid 217/316...
Processing grid 218/316...
Processing grid 219/316...
Processing grid 220/316...
Processing grid 221/316...
Processing grid 222/316...
Processing grid 223/316...
Processing grid 224/316...
Processing grid 225/316...
Processing grid 226/316...
Processing grid 227/316...
Processing grid 228/316...
Processing grid 229/316...
Processing grid 230/316...
Processing grid 231/316...
Processing grid 232/316...
Processing grid 233/316...
Processing grid 234/316...
Processing grid 235/316...
Processing grid 236/316...
Processing grid 237/316...
Processing grid 238/316...
Processing grid 239/316...
Processing grid 240/316...
Processing grid 241/316...
Processing grid 242/316...
Processing grid 243/316...
Processing grid 244/316...
Processing grid 245/316...
Processing grid 246/316...
Processing grid 247/316...
Processing grid 248/316...
Processing grid 249/316...
Processing grid 250/316...
Processing grid 251/316...
Processing grid 252/316...
Processing grid 253/316...
Processing grid 254/316...
Processing grid 255/316...
Processing grid 256/316...
Processing grid 257/316...
Processing grid 258/316...
Processing grid 259/316...
Processing grid 260/316...
Processing grid 261/316...
Processing grid 262/316...
Processing grid 263/316...
Processing grid 264/316...
Processing grid 265/316...
Processing grid 266/316...
Processing grid 267/316...
Processing grid 268/316...
Processing grid 269/316...
Processing grid 270/316...
Processing grid 271/316...
Processing grid 272/316...
Processing grid 273/316...
Processing grid 274/316...
Processing grid 275/316...
Processing grid 276/316...
Processing grid 277/316...
Processing grid 278/316...
Processing grid 279/316...
Processing grid 280/316...
Processing grid 281/316...
Processing grid 282/316...
Processing grid 283/316...
Processing grid 284/316...
Processing grid 285/316...
Processing grid 286/316...
Processing grid 287/316...
Processing grid 288/316...
Processing grid 289/316...
Processing grid 290/316...
Processing grid 291/316...
Processing grid 292/316...
Processing grid 293/316...
Processing grid 294/316...
Processing grid 295/316...
Processing grid 296/316...
Processing grid 297/316...
Processing grid 298/316...
Processing grid 299/316...
Processing grid 300/316...
Processing grid 301/316...
Processing grid 302/316...
Processing grid 303/316...
Processing grid 304/316...
Processing grid 305/316...
Processing grid 306/316...
Processing grid 307/316...
Processing grid 308/316...
Processing grid 309/316...
Processing grid 310/316...
Processing grid 311/316...
Processing grid 312/316...
Processing grid 313/316...
Processing grid 314/316...
Processing grid 315/316...
Processing grid 316/316...
*** Saved all SP results to /home/altraj24/files/chloroform_anion/molalign/OUT/tb_lite_results_shiftn0p25.json
Processing grid 0/316...
Processing grid 1/316...
Processing grid 2/316...
Processing grid 3/316...
Processing grid 4/316...
Processing grid 5/316...
Processing grid 6/316...
Processing grid 7/316...
Processing grid 8/316...
Processing grid 9/316...
Processing grid 10/316...
Processing grid 11/316...
Processing grid 12/316...
Processing grid 13/316...
Processing grid 14/316...
Processing grid 15/316...
Processing grid 16/316...
Processing grid 17/316...
Processing grid 18/316...
Processing grid 19/316...
Processing grid 20/316...
Processing grid 21/316...
Processing grid 22/316...
Processing grid 23/316...
Processing grid 24/316...
Processing grid 25/316...
Processing grid 26/316...
Processing grid 27/316...
Processing grid 28/316...
Processing grid 29/316...
Processing grid 30/316...
Processing grid 31/316...
Processing grid 32/316...
Processing grid 33/316...
Processing grid 34/316...
Processing grid 35/316...
Processing grid 36/316...
Processing grid 37/316...
Processing grid 38/316...
Processing grid 39/316...
Processing grid 40/316...
Processing grid 41/316...
Processing grid 42/316...
Processing grid 43/316...
Processing grid 44/316...
Processing grid 45/316...
Processing grid 46/316...
Processing grid 47/316...
Processing grid 48/316...
Processing grid 49/316...
Processing grid 50/316...
Processing grid 51/316...
Processing grid 52/316...
Processing grid 53/316...
Processing grid 54/316...
Processing grid 55/316...
Processing grid 56/316...
Processing grid 57/316...
Processing grid 58/316...
Processing grid 59/316...
Processing grid 60/316...
Processing grid 61/316...
Processing grid 62/316...
Processing grid 63/316...
Processing grid 64/316...
Processing grid 65/316...
Processing grid 66/316...
Processing grid 67/316...
Processing grid 68/316...
Processing grid 69/316...
Processing grid 70/316...
Processing grid 71/316...
Processing grid 72/316...
Processing grid 73/316...
Processing grid 74/316...
Processing grid 75/316...
Processing grid 76/316...
Processing grid 77/316...
Processing grid 78/316...
Processing grid 79/316...
Processing grid 80/316...
Processing grid 81/316...
Processing grid 82/316...
Processing grid 83/316...
Processing grid 84/316...
Processing grid 85/316...
Processing grid 86/316...
Processing grid 87/316...
Processing grid 88/316...
Processing grid 89/316...
Processing grid 90/316...
Processing grid 91/316...
Processing grid 92/316...
Processing grid 93/316...
Processing grid 94/316...
Processing grid 95/316...
Processing grid 96/316...
Processing grid 97/316...
Processing grid 98/316...
Processing grid 99/316...
Processing grid 100/316...
Processing grid 101/316...
Processing grid 102/316...
Processing grid 103/316...
Processing grid 104/316...
Processing grid 105/316...
Processing grid 106/316...
Processing grid 107/316...
Processing grid 108/316...
Processing grid 109/316...
Processing grid 110/316...
Processing grid 111/316...
Processing grid 112/316...
Processing grid 113/316...
Processing grid 114/316...
Processing grid 115/316...
Processing grid 116/316...
Processing grid 117/316...
Processing grid 118/316...
Processing grid 119/316...
Processing grid 120/316...
Processing grid 121/316...
Processing grid 122/316...
Processing grid 123/316...
Processing grid 124/316...
Processing grid 125/316...
Processing grid 126/316...
Processing grid 127/316...
Processing grid 128/316...
Processing grid 129/316...
Processing grid 130/316...
Processing grid 131/316...
Processing grid 132/316...
Processing grid 133/316...
Processing grid 134/316...
Processing grid 135/316...
Processing grid 136/316...
Processing grid 137/316...
Processing grid 138/316...
Processing grid 139/316...
Processing grid 140/316...
Processing grid 141/316...
Processing grid 142/316...
Processing grid 143/316...
Processing grid 144/316...
Processing grid 145/316...
Processing grid 146/316...
Processing grid 147/316...
Processing grid 148/316...
Processing grid 149/316...
Processing grid 150/316...
Processing grid 151/316...
Processing grid 152/316...
Processing grid 153/316...
Processing grid 154/316...
Processing grid 155/316...
Processing grid 156/316...
Processing grid 157/316...
Processing grid 158/316...
Processing grid 159/316...
Processing grid 160/316...
Processing grid 161/316...
Processing grid 162/316...
Processing grid 163/316...
Processing grid 164/316...
Processing grid 165/316...
Processing grid 166/316...
Processing grid 167/316...
Processing grid 168/316...
Processing grid 169/316...
Processing grid 170/316...
Processing grid 171/316...
Processing grid 172/316...
Processing grid 173/316...
Processing grid 174/316...
Processing grid 175/316...
Processing grid 176/316...
Processing grid 177/316...
Processing grid 178/316...
Processing grid 179/316...
Processing grid 180/316...
Processing grid 181/316...
Processing grid 182/316...
Processing grid 183/316...
Processing grid 184/316...
Processing grid 185/316...
Processing grid 186/316...
Processing grid 187/316...
Processing grid 188/316...
Processing grid 189/316...
Processing grid 190/316...
Processing grid 191/316...
Processing grid 192/316...
Processing grid 193/316...
Processing grid 194/316...
Processing grid 195/316...
Processing grid 196/316...
Processing grid 197/316...
Processing grid 198/316...
Processing grid 199/316...
Processing grid 200/316...
Processing grid 201/316...
Processing grid 202/316...
Processing grid 203/316...
Processing grid 204/316...
Processing grid 205/316...
Processing grid 206/316...
Processing grid 207/316...
Processing grid 208/316...
Processing grid 209/316...
Processing grid 210/316...
Processing grid 211/316...
Processing grid 212/316...
Processing grid 213/316...
Processing grid 214/316...
Processing grid 215/316...
Processing grid 216/316...
Processing grid 217/316...
Processing grid 218/316...
Processing grid 219/316...
Processing grid 220/316...
Processing grid 221/316...
Processing grid 222/316...
Processing grid 223/316...
Processing grid 224/316...
Processing grid 225/316...
Processing grid 226/316...
Processing grid 227/316...
Processing grid 228/316...
Processing grid 229/316...
Processing grid 230/316...
Processing grid 231/316...
Processing grid 232/316...
Processing grid 233/316...
Processing grid 234/316...
Processing grid 235/316...
Processing grid 236/316...
Processing grid 237/316...
Processing grid 238/316...
Processing grid 239/316...
Processing grid 240/316...
Processing grid 241/316...
Processing grid 242/316...
Processing grid 243/316...
Processing grid 244/316...
Processing grid 245/316...
Processing grid 246/316...
Processing grid 247/316...
Processing grid 248/316...
Processing grid 249/316...
Processing grid 250/316...
Processing grid 251/316...
Processing grid 252/316...
Processing grid 253/316...
Processing grid 254/316...
Processing grid 255/316...
Processing grid 256/316...
Processing grid 257/316...
Processing grid 258/316...
Processing grid 259/316...
Processing grid 260/316...
Processing grid 261/316...
Processing grid 262/316...
Processing grid 263/316...
Processing grid 264/316...
Processing grid 265/316...
Processing grid 266/316...
Processing grid 267/316...
Processing grid 268/316...
Processing grid 269/316...
Processing grid 270/316...
Processing grid 271/316...
Processing grid 272/316...
Processing grid 273/316...
Processing grid 274/316...
Processing grid 275/316...
Processing grid 276/316...
Processing grid 277/316...
Processing grid 278/316...
Processing grid 279/316...
Processing grid 280/316...
Processing grid 281/316...
Processing grid 282/316...
Processing grid 283/316...
Processing grid 284/316...
Processing grid 285/316...
Processing grid 286/316...
Processing grid 287/316...
Processing grid 288/316...
Processing grid 289/316...
Processing grid 290/316...
Processing grid 291/316...
Processing grid 292/316...
Processing grid 293/316...
Processing grid 294/316...
Processing grid 295/316...
Processing grid 296/316...
Processing grid 297/316...
Processing grid 298/316...
Processing grid 299/316...
Processing grid 300/316...
Processing grid 301/316...
Processing grid 302/316...
Processing grid 303/316...
Processing grid 304/316...
Processing grid 305/316...
Processing grid 306/316...
Processing grid 307/316...
Processing grid 308/316...
Processing grid 309/316...
Processing grid 310/316...
Processing grid 311/316...
Processing grid 312/316...
Processing grid 313/316...
Processing grid 314/316...
Processing grid 315/316...
Processing grid 316/316...
*** Saved all SP results to /home/altraj24/files/chloroform_anion/molalign/OUT/tb_lite_results_shiftn0p2.json
Processing grid 0/316...
Processing grid 1/316...
Processing grid 2/316...
Processing grid 3/316...
Processing grid 4/316...
Processing grid 5/316...
Processing grid 6/316...
Processing grid 7/316...
Processing grid 8/316...
Processing grid 9/316...
Processing grid 10/316...
Processing grid 11/316...
Processing grid 12/316...
Processing grid 13/316...
Processing grid 14/316...
Processing grid 15/316...
Processing grid 16/316...
Processing grid 17/316...
Processing grid 18/316...
Processing grid 19/316...
Processing grid 20/316...
Processing grid 21/316...
Processing grid 22/316...
Processing grid 23/316...
Processing grid 24/316...
Processing grid 25/316...
Processing grid 26/316...
Processing grid 27/316...
Processing grid 28/316...
Processing grid 29/316...
Processing grid 30/316...
Processing grid 31/316...
Processing grid 32/316...
Processing grid 33/316...
Processing grid 34/316...
Processing grid 35/316...
Processing grid 36/316...
Processing grid 37/316...
Processing grid 38/316...
Processing grid 39/316...
Processing grid 40/316...
Processing grid 41/316...
Processing grid 42/316...
Processing grid 43/316...
Processing grid 44/316...
Processing grid 45/316...
Processing grid 46/316...
Processing grid 47/316...
Processing grid 48/316...
Processing grid 49/316...
Processing grid 50/316...
Processing grid 51/316...
Processing grid 52/316...
Processing grid 53/316...
Processing grid 54/316...
Processing grid 55/316...
Processing grid 56/316...
Processing grid 57/316...
Processing grid 58/316...
Processing grid 59/316...
Processing grid 60/316...
Processing grid 61/316...
Processing grid 62/316...
Processing grid 63/316...
Processing grid 64/316...
Processing grid 65/316...
Processing grid 66/316...
Processing grid 67/316...
Processing grid 68/316...
Processing grid 69/316...
Processing grid 70/316...
Processing grid 71/316...
Processing grid 72/316...
Processing grid 73/316...
Processing grid 74/316...
Processing grid 75/316...
Processing grid 76/316...
Processing grid 77/316...
Processing grid 78/316...
Processing grid 79/316...
Processing grid 80/316...
Processing grid 81/316...
Processing grid 82/316...
Processing grid 83/316...
Processing grid 84/316...
Processing grid 85/316...
Processing grid 86/316...
Processing grid 87/316...
Processing grid 88/316...
Processing grid 89/316...
Processing grid 90/316...
Processing grid 91/316...
Processing grid 92/316...
Processing grid 93/316...
Processing grid 94/316...
Processing grid 95/316...
Processing grid 96/316...
Processing grid 97/316...
Processing grid 98/316...
Processing grid 99/316...
Processing grid 100/316...
Processing grid 101/316...
Processing grid 102/316...
Processing grid 103/316...
Processing grid 104/316...
Processing grid 105/316...
Processing grid 106/316...
Processing grid 107/316...
Processing grid 108/316...
Processing grid 109/316...
Processing grid 110/316...
Processing grid 111/316...
Processing grid 112/316...
Processing grid 113/316...
Processing grid 114/316...
Processing grid 115/316...
Processing grid 116/316...
Processing grid 117/316...
Processing grid 118/316...
Processing grid 119/316...
Processing grid 120/316...
Processing grid 121/316...
Processing grid 122/316...
Processing grid 123/316...
Processing grid 124/316...
Processing grid 125/316...
Processing grid 126/316...
Processing grid 127/316...
Processing grid 128/316...
Processing grid 129/316...
Processing grid 130/316...
Processing grid 131/316...
Processing grid 132/316...
Processing grid 133/316...
Processing grid 134/316...
Processing grid 135/316...
Processing grid 136/316...
Processing grid 137/316...
Processing grid 138/316...
Processing grid 139/316...
Processing grid 140/316...
Processing grid 141/316...
Processing grid 142/316...
Processing grid 143/316...
Processing grid 144/316...
Processing grid 145/316...
Processing grid 146/316...
Processing grid 147/316...
Processing grid 148/316...
Processing grid 149/316...
Processing grid 150/316...
Processing grid 151/316...
Processing grid 152/316...
Processing grid 153/316...
Processing grid 154/316...
Processing grid 155/316...
Processing grid 156/316...
Processing grid 157/316...
Processing grid 158/316...
Processing grid 159/316...
Processing grid 160/316...
Processing grid 161/316...
Processing grid 162/316...
Processing grid 163/316...
Processing grid 164/316...
Processing grid 165/316...
Processing grid 166/316...
Processing grid 167/316...
Processing grid 168/316...
Processing grid 169/316...
Processing grid 170/316...
Processing grid 171/316...
Processing grid 172/316...
Processing grid 173/316...
Processing grid 174/316...
Processing grid 175/316...
Processing grid 176/316...
Processing grid 177/316...
Processing grid 178/316...
Processing grid 179/316...
Processing grid 180/316...
Processing grid 181/316...
Processing grid 182/316...
Processing grid 183/316...
Processing grid 184/316...
Processing grid 185/316...
Processing grid 186/316...
Processing grid 187/316...
Processing grid 188/316...
Processing grid 189/316...
Processing grid 190/316...
Processing grid 191/316...
Processing grid 192/316...
Processing grid 193/316...
Processing grid 194/316...
Processing grid 195/316...
Processing grid 196/316...
Processing grid 197/316...
Processing grid 198/316...
Processing grid 199/316...
Processing grid 200/316...
Processing grid 201/316...
Processing grid 202/316...
Processing grid 203/316...
Processing grid 204/316...
Processing grid 205/316...
Processing grid 206/316...
Processing grid 207/316...
Processing grid 208/316...
Processing grid 209/316...
Processing grid 210/316...
Processing grid 211/316...
Processing grid 212/316...
Processing grid 213/316...
Processing grid 214/316...
Processing grid 215/316...
Processing grid 216/316...
Processing grid 217/316...
Processing grid 218/316...
Processing grid 219/316...
Processing grid 220/316...
Processing grid 221/316...
Processing grid 222/316...
Processing grid 223/316...
Processing grid 224/316...
Processing grid 225/316...
Processing grid 226/316...
Processing grid 227/316...
Processing grid 228/316...
Processing grid 229/316...
Processing grid 230/316...
Processing grid 231/316...
Processing grid 232/316...
Processing grid 233/316...
Processing grid 234/316...
Processing grid 235/316...
Processing grid 236/316...
Processing grid 237/316...
Processing grid 238/316...
Processing grid 239/316...
Processing grid 240/316...
Processing grid 241/316...
Processing grid 242/316...
Processing grid 243/316...
Processing grid 244/316...
Processing grid 245/316...
Processing grid 246/316...
Processing grid 247/316...
Processing grid 248/316...
Processing grid 249/316...
Processing grid 250/316...
Processing grid 251/316...
Processing grid 252/316...
Processing grid 253/316...
Processing grid 254/316...
Processing grid 255/316...
Processing grid 256/316...
Processing grid 257/316...
Processing grid 258/316...
Processing grid 259/316...
Processing grid 260/316...
Processing grid 261/316...
Processing grid 262/316...
Processing grid 263/316...
Processing grid 264/316...
Processing grid 265/316...
Processing grid 266/316...
Processing grid 267/316...
Processing grid 268/316...
Processing grid 269/316...
Processing grid 270/316...
Processing grid 271/316...
Processing grid 272/316...
Processing grid 273/316...
Processing grid 274/316...
Processing grid 275/316...
Processing grid 276/316...
Processing grid 277/316...
Processing grid 278/316...
Processing grid 279/316...
Processing grid 280/316...
Processing grid 281/316...
Processing grid 282/316...
Processing grid 283/316...
Processing grid 284/316...
Processing grid 285/316...
Processing grid 286/316...
Processing grid 287/316...
Processing grid 288/316...
Processing grid 289/316...
Processing grid 290/316...
Processing grid 291/316...
Processing grid 292/316...
Processing grid 293/316...
Processing grid 294/316...
Processing grid 295/316...
Processing grid 296/316...
Processing grid 297/316...
Processing grid 298/316...
Processing grid 299/316...
Processing grid 300/316...
Processing grid 301/316...
Processing grid 302/316...
Processing grid 303/316...
Processing grid 304/316...
Processing grid 305/316...
Processing grid 306/316...
Processing grid 307/316...
Processing grid 308/316...
Processing grid 309/316...
Processing grid 310/316...
Processing grid 311/316...
Processing grid 312/316...
Processing grid 313/316...
Processing grid 314/316...
Processing grid 315/316...
Processing grid 316/316...
*** Saved all SP results to /home/altraj24/files/chloroform_anion/molalign/OUT/tb_lite_results_shiftn0p15.json
Processing grid 0/316...
Processing grid 1/316...
Processing grid 2/316...
Processing grid 3/316...
Processing grid 4/316...
Processing grid 5/316...
Processing grid 6/316...
Processing grid 7/316...
Processing grid 8/316...
Processing grid 9/316...
Processing grid 10/316...
Processing grid 11/316...
Processing grid 12/316...
Processing grid 13/316...
Processing grid 14/316...
Processing grid 15/316...
Processing grid 16/316...
Processing grid 17/316...
Processing grid 18/316...
Processing grid 19/316...
Processing grid 20/316...
Processing grid 21/316...
Processing grid 22/316...
Processing grid 23/316...
Processing grid 24/316...
Processing grid 25/316...
Processing grid 26/316...
Processing grid 27/316...
Processing grid 28/316...
Processing grid 29/316...
Processing grid 30/316...
Processing grid 31/316...
Processing grid 32/316...
Processing grid 33/316...
Processing grid 34/316...
Processing grid 35/316...
Processing grid 36/316...
Processing grid 37/316...
Processing grid 38/316...
Processing grid 39/316...
Processing grid 40/316...
Processing grid 41/316...
Processing grid 42/316...
Processing grid 43/316...
Processing grid 44/316...
Processing grid 45/316...
Processing grid 46/316...
Processing grid 47/316...
Processing grid 48/316...
Processing grid 49/316...
Processing grid 50/316...
Processing grid 51/316...
Processing grid 52/316...
Processing grid 53/316...
Processing grid 54/316...
Processing grid 55/316...
Processing grid 56/316...
Processing grid 57/316...
Processing grid 58/316...
Processing grid 59/316...
Processing grid 60/316...
Processing grid 61/316...
Processing grid 62/316...
Processing grid 63/316...
Processing grid 64/316...
Processing grid 65/316...
Processing grid 66/316...
Processing grid 67/316...
Processing grid 68/316...
Processing grid 69/316...
Processing grid 70/316...
Processing grid 71/316...
Processing grid 72/316...
Processing grid 73/316...
Processing grid 74/316...
Processing grid 75/316...
Processing grid 76/316...
Processing grid 77/316...
Processing grid 78/316...
Processing grid 79/316...
Processing grid 80/316...
Processing grid 81/316...
Processing grid 82/316...
Processing grid 83/316...
Processing grid 84/316...
Processing grid 85/316...
Processing grid 86/316...
Processing grid 87/316...
Processing grid 88/316...
Processing grid 89/316...
Processing grid 90/316...
Processing grid 91/316...
Processing grid 92/316...
Processing grid 93/316...
Processing grid 94/316...
Processing grid 95/316...
Processing grid 96/316...
Processing grid 97/316...
Processing grid 98/316...
Processing grid 99/316...
Processing grid 100/316...
Processing grid 101/316...
Processing grid 102/316...
Processing grid 103/316...
Processing grid 104/316...
Processing grid 105/316...
Processing grid 106/316...
Processing grid 107/316...
Processing grid 108/316...
Processing grid 109/316...
Processing grid 110/316...
Processing grid 111/316...
Processing grid 112/316...
Processing grid 113/316...
Processing grid 114/316...
Processing grid 115/316...
Processing grid 116/316...
Processing grid 117/316...
Processing grid 118/316...
Processing grid 119/316...
Processing grid 120/316...
Processing grid 121/316...
Processing grid 122/316...
Processing grid 123/316...
Processing grid 124/316...
Processing grid 125/316...
Processing grid 126/316...
Processing grid 127/316...
Processing grid 128/316...
Processing grid 129/316...
Processing grid 130/316...
Processing grid 131/316...
Processing grid 132/316...
Processing grid 133/316...
Processing grid 134/316...
Processing grid 135/316...
Processing grid 136/316...
Processing grid 137/316...
Processing grid 138/316...
Processing grid 139/316...
Processing grid 140/316...
Processing grid 141/316...
Processing grid 142/316...
Processing grid 143/316...
Processing grid 144/316...
Processing grid 145/316...
Processing grid 146/316...
Processing grid 147/316...
Processing grid 148/316...
Processing grid 149/316...
Processing grid 150/316...
Processing grid 151/316...
Processing grid 152/316...
Processing grid 153/316...
Processing grid 154/316...
Processing grid 155/316...
Processing grid 156/316...
Processing grid 157/316...
Processing grid 158/316...
Processing grid 159/316...
Processing grid 160/316...
Processing grid 161/316...
Processing grid 162/316...
Processing grid 163/316...
Processing grid 164/316...
Processing grid 165/316...
Processing grid 166/316...
Processing grid 167/316...
Processing grid 168/316...
Processing grid 169/316...
Processing grid 170/316...
Processing grid 171/316...
Processing grid 172/316...
Processing grid 173/316...
Processing grid 174/316...
Processing grid 175/316...
Processing grid 176/316...
Processing grid 177/316...
Processing grid 178/316...
Processing grid 179/316...
Processing grid 180/316...
Processing grid 181/316...
Processing grid 182/316...
Processing grid 183/316...
Processing grid 184/316...
Processing grid 185/316...
Processing grid 186/316...
Processing grid 187/316...
Processing grid 188/316...
Processing grid 189/316...
Processing grid 190/316...
Processing grid 191/316...
Processing grid 192/316...
Processing grid 193/316...
Processing grid 194/316...
Processing grid 195/316...
Processing grid 196/316...
Processing grid 197/316...
Processing grid 198/316...
Processing grid 199/316...
Processing grid 200/316...
Processing grid 201/316...
Processing grid 202/316...
Processing grid 203/316...
Processing grid 204/316...
Processing grid 205/316...
Processing grid 206/316...
Processing grid 207/316...
Processing grid 208/316...
Processing grid 209/316...
Processing grid 210/316...
Processing grid 211/316...
Processing grid 212/316...
Processing grid 213/316...
Processing grid 214/316...
Processing grid 215/316...
Processing grid 216/316...
Processing grid 217/316...
Processing grid 218/316...
Processing grid 219/316...
Processing grid 220/316...
Processing grid 221/316...
Processing grid 222/316...
Processing grid 223/316...
Processing grid 224/316...
Processing grid 225/316...
Processing grid 226/316...
Processing grid 227/316...
Processing grid 228/316...
Processing grid 229/316...
Processing grid 230/316...
Processing grid 231/316...
Processing grid 232/316...
Processing grid 233/316...
Processing grid 234/316...
Processing grid 235/316...
Processing grid 236/316...
Processing grid 237/316...
Processing grid 238/316...
Processing grid 239/316...
Processing grid 240/316...
Processing grid 241/316...
Processing grid 242/316...
Processing grid 243/316...
Processing grid 244/316...
Processing grid 245/316...
Processing grid 246/316...
Processing grid 247/316...
Processing grid 248/316...
Processing grid 249/316...
Processing grid 250/316...
Processing grid 251/316...
Processing grid 252/316...
Processing grid 253/316...
Processing grid 254/316...
Processing grid 255/316...
Processing grid 256/316...
Processing grid 257/316...
Processing grid 258/316...
Processing grid 259/316...
Processing grid 260/316...
Processing grid 261/316...
Processing grid 262/316...
Processing grid 263/316...
Processing grid 264/316...
Processing grid 265/316...
Processing grid 266/316...
Processing grid 267/316...
Processing grid 268/316...
Processing grid 269/316...
Processing grid 270/316...
Processing grid 271/316...
Processing grid 272/316...
Processing grid 273/316...
Processing grid 274/316...
Processing grid 275/316...
Processing grid 276/316...
Processing grid 277/316...
Processing grid 278/316...
Processing grid 279/316...
Processing grid 280/316...
Processing grid 281/316...
Processing grid 282/316...
Processing grid 283/316...
Processing grid 284/316...
Processing grid 285/316...
Processing grid 286/316...
Processing grid 287/316...
Processing grid 288/316...
Processing grid 289/316...
Processing grid 290/316...
Processing grid 291/316...
Processing grid 292/316...
Processing grid 293/316...
Processing grid 294/316...
Processing grid 295/316...
Processing grid 296/316...
Processing grid 297/316...
Processing grid 298/316...
Processing grid 299/316...
Processing grid 300/316...
Processing grid 301/316...
Processing grid 302/316...
Processing grid 303/316...
Processing grid 304/316...
Processing grid 305/316...
Processing grid 306/316...
Processing grid 307/316...
Processing grid 308/316...
Processing grid 309/316...
Processing grid 310/316...
Processing grid 311/316...
Processing grid 312/316...
Processing grid 313/316...
Processing grid 314/316...
Processing grid 315/316...
Processing grid 316/316...
*** Saved all SP results to /home/altraj24/files/chloroform_anion/molalign/OUT/tb_lite_results_shiftn0p1.json
Processing grid 0/316...
Processing grid 1/316...
Processing grid 2/316...
Processing grid 3/316...
Processing grid 4/316...
Processing grid 5/316...
Processing grid 6/316...
Processing grid 7/316...
Processing grid 8/316...
Processing grid 9/316...
Processing grid 10/316...
Processing grid 11/316...
Processing grid 12/316...
Processing grid 13/316...
Processing grid 14/316...
Processing grid 15/316...
Processing grid 16/316...
Processing grid 17/316...
Processing grid 18/316...
Processing grid 19/316...
Processing grid 20/316...
Processing grid 21/316...
Processing grid 22/316...
Processing grid 23/316...
Processing grid 24/316...
Processing grid 25/316...
Processing grid 26/316...
Processing grid 27/316...
Processing grid 28/316...
Processing grid 29/316...
Processing grid 30/316...
Processing grid 31/316...
Processing grid 32/316...
Processing grid 33/316...
Processing grid 34/316...
Processing grid 35/316...
Processing grid 36/316...
Processing grid 37/316...
Processing grid 38/316...
Processing grid 39/316...
Processing grid 40/316...
Processing grid 41/316...
Processing grid 42/316...
Processing grid 43/316...
Processing grid 44/316...
Processing grid 45/316...
Processing grid 46/316...
Processing grid 47/316...
Processing grid 48/316...
Processing grid 49/316...
Processing grid 50/316...
Processing grid 51/316...
Processing grid 52/316...
Processing grid 53/316...
Processing grid 54/316...
Processing grid 55/316...
Processing grid 56/316...
Processing grid 57/316...
Processing grid 58/316...
Processing grid 59/316...
Processing grid 60/316...
Processing grid 61/316...
Processing grid 62/316...
Processing grid 63/316...
Processing grid 64/316...
Processing grid 65/316...
Processing grid 66/316...
Processing grid 67/316...
Processing grid 68/316...
Processing grid 69/316...
Processing grid 70/316...
Processing grid 71/316...
Processing grid 72/316...
Processing grid 73/316...
Processing grid 74/316...
Processing grid 75/316...
Processing grid 76/316...
Processing grid 77/316...
Processing grid 78/316...
Processing grid 79/316...
Processing grid 80/316...
Processing grid 81/316...
Processing grid 82/316...
Processing grid 83/316...
Processing grid 84/316...
Processing grid 85/316...
Processing grid 86/316...
Processing grid 87/316...
Processing grid 88/316...
Processing grid 89/316...
Processing grid 90/316...
Processing grid 91/316...
Processing grid 92/316...
Processing grid 93/316...
Processing grid 94/316...
Processing grid 95/316...
Processing grid 96/316...
Processing grid 97/316...
Processing grid 98/316...
Processing grid 99/316...
Processing grid 100/316...
Processing grid 101/316...
Processing grid 102/316...
Processing grid 103/316...
Processing grid 104/316...
Processing grid 105/316...
Processing grid 106/316...
Processing grid 107/316...
Processing grid 108/316...
Processing grid 109/316...
Processing grid 110/316...
Processing grid 111/316...
Processing grid 112/316...
Processing grid 113/316...
Processing grid 114/316...
Processing grid 115/316...
Processing grid 116/316...
Processing grid 117/316...
Processing grid 118/316...
Processing grid 119/316...
Processing grid 120/316...
Processing grid 121/316...
Processing grid 122/316...
Processing grid 123/316...
Processing grid 124/316...
Processing grid 125/316...
Processing grid 126/316...
Processing grid 127/316...
Processing grid 128/316...
Processing grid 129/316...
Processing grid 130/316...
Processing grid 131/316...
Processing grid 132/316...
Processing grid 133/316...
Processing grid 134/316...
Processing grid 135/316...
Processing grid 136/316...
Processing grid 137/316...
Processing grid 138/316...
Processing grid 139/316...
Processing grid 140/316...
Processing grid 141/316...
Processing grid 142/316...
Processing grid 143/316...
Processing grid 144/316...
Processing grid 145/316...
Processing grid 146/316...
Processing grid 147/316...
Processing grid 148/316...
Processing grid 149/316...
Processing grid 150/316...
Processing grid 151/316...
Processing grid 152/316...
Processing grid 153/316...
Processing grid 154/316...
Processing grid 155/316...
Processing grid 156/316...
Processing grid 157/316...
Processing grid 158/316...
Processing grid 159/316...
Processing grid 160/316...
Processing grid 161/316...
Processing grid 162/316...
Processing grid 163/316...
Processing grid 164/316...
Processing grid 165/316...
Processing grid 166/316...
Processing grid 167/316...
Processing grid 168/316...
Processing grid 169/316...
Processing grid 170/316...
Processing grid 171/316...
Processing grid 172/316...
Processing grid 173/316...
Processing grid 174/316...
Processing grid 175/316...
Processing grid 176/316...
Processing grid 177/316...
Processing grid 178/316...
Processing grid 179/316...
Processing grid 180/316...
Processing grid 181/316...
Processing grid 182/316...
Processing grid 183/316...
Processing grid 184/316...
Processing grid 185/316...
Processing grid 186/316...
Processing grid 187/316...
Processing grid 188/316...
Processing grid 189/316...
Processing grid 190/316...
Processing grid 191/316...
Processing grid 192/316...
Processing grid 193/316...
Processing grid 194/316...
Processing grid 195/316...
Processing grid 196/316...
Processing grid 197/316...
Processing grid 198/316...
Processing grid 199/316...
Processing grid 200/316...
Processing grid 201/316...
Processing grid 202/316...
Processing grid 203/316...
Processing grid 204/316...
Processing grid 205/316...
Processing grid 206/316...
Processing grid 207/316...
Processing grid 208/316...
Processing grid 209/316...
Processing grid 210/316...
Processing grid 211/316...
Processing grid 212/316...
Processing grid 213/316...
Processing grid 214/316...
Processing grid 215/316...
Processing grid 216/316...
Processing grid 217/316...
Processing grid 218/316...
Processing grid 219/316...
Processing grid 220/316...
Processing grid 221/316...
Processing grid 222/316...
Processing grid 223/316...
Processing grid 224/316...
Processing grid 225/316...
Processing grid 226/316...
Processing grid 227/316...
Processing grid 228/316...
Processing grid 229/316...
Processing grid 230/316...
Processing grid 231/316...
Processing grid 232/316...
Processing grid 233/316...
Processing grid 234/316...
Processing grid 235/316...
Processing grid 236/316...
Processing grid 237/316...
Processing grid 238/316...
Processing grid 239/316...
Processing grid 240/316...
Processing grid 241/316...
Processing grid 242/316...
Processing grid 243/316...
Processing grid 244/316...
Processing grid 245/316...
Processing grid 246/316...
Processing grid 247/316...
Processing grid 248/316...
Processing grid 249/316...
Processing grid 250/316...
Processing grid 251/316...
Processing grid 252/316...
Processing grid 253/316...
Processing grid 254/316...
Processing grid 255/316...
Processing grid 256/316...
Processing grid 257/316...
Processing grid 258/316...
Processing grid 259/316...
Processing grid 260/316...
Processing grid 261/316...
Processing grid 262/316...
Processing grid 263/316...
Processing grid 264/316...
Processing grid 265/316...
Processing grid 266/316...
Processing grid 267/316...
Processing grid 268/316...
Processing grid 269/316...
Processing grid 270/316...
Processing grid 271/316...
Processing grid 272/316...
Processing grid 273/316...
Processing grid 274/316...
Processing grid 275/316...
Processing grid 276/316...
Processing grid 277/316...
Processing grid 278/316...
Processing grid 279/316...
Processing grid 280/316...
Processing grid 281/316...
Processing grid 282/316...
Processing grid 283/316...
Processing grid 284/316...
Processing grid 285/316...
Processing grid 286/316...
Processing grid 287/316...
Processing grid 288/316...
Processing grid 289/316...
Processing grid 290/316...
Processing grid 291/316...
Processing grid 292/316...
Processing grid 293/316...
Processing grid 294/316...
Processing grid 295/316...
Processing grid 296/316...
Processing grid 297/316...
Processing grid 298/316...
Processing grid 299/316...
Processing grid 300/316...
Processing grid 301/316...
Processing grid 302/316...
Processing grid 303/316...
Processing grid 304/316...
Processing grid 305/316...
Processing grid 306/316...
Processing grid 307/316...
Processing grid 308/316...
Processing grid 309/316...
Processing grid 310/316...
Processing grid 311/316...
Processing grid 312/316...
Processing grid 313/316...
Processing grid 314/316...
Processing grid 315/316...
Processing grid 316/316...
*** Saved all SP results to /home/altraj24/files/chloroform_anion/molalign/OUT/tb_lite_results_shiftn0p05.json
Processing grid 0/316...
Processing grid 1/316...
Processing grid 2/316...
Processing grid 3/316...
Processing grid 4/316...
Processing grid 5/316...
Processing grid 6/316...
Processing grid 7/316...
Processing grid 8/316...
Processing grid 9/316...
Processing grid 10/316...
Processing grid 11/316...
Processing grid 12/316...
Processing grid 13/316...
Processing grid 14/316...
Processing grid 15/316...
Processing grid 16/316...
Processing grid 17/316...
Processing grid 18/316...
Processing grid 19/316...
Processing grid 20/316...
Processing grid 21/316...
Processing grid 22/316...
Processing grid 23/316...
Processing grid 24/316...
Processing grid 25/316...
Processing grid 26/316...
Processing grid 27/316...
Processing grid 28/316...
Processing grid 29/316...
Processing grid 30/316...
Processing grid 31/316...
Processing grid 32/316...
Processing grid 33/316...
Processing grid 34/316...
Processing grid 35/316...
Processing grid 36/316...
Processing grid 37/316...
Processing grid 38/316...
Processing grid 39/316...
Processing grid 40/316...
Processing grid 41/316...
Processing grid 42/316...
Processing grid 43/316...
Processing grid 44/316...
Processing grid 45/316...
Processing grid 46/316...
Processing grid 47/316...
Processing grid 48/316...
Processing grid 49/316...
Processing grid 50/316...
Processing grid 51/316...
Processing grid 52/316...
Processing grid 53/316...
Processing grid 54/316...
Processing grid 55/316...
Processing grid 56/316...
Processing grid 57/316...
Processing grid 58/316...
Processing grid 59/316...
Processing grid 60/316...
Processing grid 61/316...
Processing grid 62/316...
Processing grid 63/316...
Processing grid 64/316...
Processing grid 65/316...
Processing grid 66/316...
Processing grid 67/316...
Processing grid 68/316...
Processing grid 69/316...
Processing grid 70/316...
Processing grid 71/316...
Processing grid 72/316...
Processing grid 73/316...
Processing grid 74/316...
Processing grid 75/316...
Processing grid 76/316...
Processing grid 77/316...
Processing grid 78/316...
Processing grid 79/316...
Processing grid 80/316...
Processing grid 81/316...
Processing grid 82/316...
Processing grid 83/316...
Processing grid 84/316...
Processing grid 85/316...
Processing grid 86/316...
Processing grid 87/316...
Processing grid 88/316...
Processing grid 89/316...
Processing grid 90/316...
Processing grid 91/316...
Processing grid 92/316...
Processing grid 93/316...
Processing grid 94/316...
Processing grid 95/316...
Processing grid 96/316...
Processing grid 97/316...
Processing grid 98/316...
Processing grid 99/316...
Processing grid 100/316...
Processing grid 101/316...
Processing grid 102/316...
Processing grid 103/316...
Processing grid 104/316...
Processing grid 105/316...
Processing grid 106/316...
Processing grid 107/316...
Processing grid 108/316...
Processing grid 109/316...
Processing grid 110/316...
Processing grid 111/316...
Processing grid 112/316...
Processing grid 113/316...
Processing grid 114/316...
Processing grid 115/316...
Processing grid 116/316...
Processing grid 117/316...
Processing grid 118/316...
Processing grid 119/316...
Processing grid 120/316...
Processing grid 121/316...
Processing grid 122/316...
Processing grid 123/316...
Processing grid 124/316...
Processing grid 125/316...
Processing grid 126/316...
Processing grid 127/316...
Processing grid 128/316...
Processing grid 129/316...
Processing grid 130/316...
Processing grid 131/316...
Processing grid 132/316...
Processing grid 133/316...
Processing grid 134/316...
Processing grid 135/316...
Processing grid 136/316...
Processing grid 137/316...
Processing grid 138/316...
Processing grid 139/316...
Processing grid 140/316...
Processing grid 141/316...
Processing grid 142/316...
Processing grid 143/316...
Processing grid 144/316...
Processing grid 145/316...
Processing grid 146/316...
Processing grid 147/316...
Processing grid 148/316...
Processing grid 149/316...
Processing grid 150/316...
Processing grid 151/316...
Processing grid 152/316...
Processing grid 153/316...
Processing grid 154/316...
Processing grid 155/316...
Processing grid 156/316...
Processing grid 157/316...
Processing grid 158/316...
Processing grid 159/316...
Processing grid 160/316...
Processing grid 161/316...
Processing grid 162/316...
Processing grid 163/316...
Processing grid 164/316...
Processing grid 165/316...
Processing grid 166/316...
Processing grid 167/316...
Processing grid 168/316...
Processing grid 169/316...
Processing grid 170/316...
Processing grid 171/316...
Processing grid 172/316...
Processing grid 173/316...
Processing grid 174/316...
Processing grid 175/316...
Processing grid 176/316...
Processing grid 177/316...
Processing grid 178/316...
Processing grid 179/316...
Processing grid 180/316...
Processing grid 181/316...
Processing grid 182/316...
Processing grid 183/316...
Processing grid 184/316...
Processing grid 185/316...
Processing grid 186/316...
Processing grid 187/316...
Processing grid 188/316...
Processing grid 189/316...
Processing grid 190/316...
Processing grid 191/316...
Processing grid 192/316...
Processing grid 193/316...
Processing grid 194/316...
Processing grid 195/316...
Processing grid 196/316...
Processing grid 197/316...
Processing grid 198/316...
Processing grid 199/316...
Processing grid 200/316...
Processing grid 201/316...
Processing grid 202/316...
Processing grid 203/316...
Processing grid 204/316...
Processing grid 205/316...
Processing grid 206/316...
Processing grid 207/316...
Processing grid 208/316...
Processing grid 209/316...
Processing grid 210/316...
Processing grid 211/316...
Processing grid 212/316...
Processing grid 213/316...
Processing grid 214/316...
Processing grid 215/316...
Processing grid 216/316...
Processing grid 217/316...
Processing grid 218/316...
Processing grid 219/316...
Processing grid 220/316...
Processing grid 221/316...
Processing grid 222/316...
Processing grid 223/316...
Processing grid 224/316...
Processing grid 225/316...
Processing grid 226/316...
Processing grid 227/316...
Processing grid 228/316...
Processing grid 229/316...
Processing grid 230/316...
Processing grid 231/316...
Processing grid 232/316...
Processing grid 233/316...
Processing grid 234/316...
Processing grid 235/316...
Processing grid 236/316...
Processing grid 237/316...
Processing grid 238/316...
Processing grid 239/316...
Processing grid 240/316...
Processing grid 241/316...
Processing grid 242/316...
Processing grid 243/316...
Processing grid 244/316...
Processing grid 245/316...
Processing grid 246/316...
Processing grid 247/316...
Processing grid 248/316...
Processing grid 249/316...
Processing grid 250/316...
Processing grid 251/316...
Processing grid 252/316...
Processing grid 253/316...
Processing grid 254/316...
Processing grid 255/316...
Processing grid 256/316...
Processing grid 257/316...
Processing grid 258/316...
Processing grid 259/316...
Processing grid 260/316...
Processing grid 261/316...
Processing grid 262/316...
Processing grid 263/316...
Processing grid 264/316...
Processing grid 265/316...
Processing grid 266/316...
Processing grid 267/316...
Processing grid 268/316...
Processing grid 269/316...
Processing grid 270/316...
Processing grid 271/316...
Processing grid 272/316...
Processing grid 273/316...
Processing grid 274/316...
Processing grid 275/316...
Processing grid 276/316...
Processing grid 277/316...
Processing grid 278/316...
Processing grid 279/316...
Processing grid 280/316...
Processing grid 281/316...
Processing grid 282/316...
Processing grid 283/316...
Processing grid 284/316...
Processing grid 285/316...
Processing grid 286/316...
Processing grid 287/316...
Processing grid 288/316...
Processing grid 289/316...
Processing grid 290/316...
Processing grid 291/316...
Processing grid 292/316...
Processing grid 293/316...
Processing grid 294/316...
Processing grid 295/316...
Processing grid 296/316...
Processing grid 297/316...
Processing grid 298/316...
Processing grid 299/316...
Processing grid 300/316...
Processing grid 301/316...
Processing grid 302/316...
Processing grid 303/316...
Processing grid 304/316...
Processing grid 305/316...
Processing grid 306/316...
Processing grid 307/316...
Processing grid 308/316...
Processing grid 309/316...
Processing grid 310/316...
Processing grid 311/316...
Processing grid 312/316...
Processing grid 313/316...
Processing grid 314/316...
Processing grid 315/316...
Processing grid 316/316...
*** Saved all SP results to /home/altraj24/files/chloroform_anion/molalign/OUT/tb_lite_results_original.json

*** Running: cpcm-reader /home/altraj24/files/chloroform_anion/molalign/inp.cpcm inp

*** Running: cpcm-reader /home/altraj24/files/chloroform_anion/molalign/water.cpcm water
*** Saved shifted NPZ (-0.3 ): /home/altraj24/files/chloroform_anion/molalign/OUT/solute_data_shiftn0p3.npz
*** Saved shifted NPZ (-0.25 ): /home/altraj24/files/chloroform_anion/molalign/OUT/solute_data_shiftn0p25.npz
*** Saved shifted NPZ (-0.2 ): /home/altraj24/files/chloroform_anion/molalign/OUT/solute_data_shiftn0p2.npz
*** Saved shifted NPZ (-0.15 ): /home/altraj24/files/chloroform_anion/molalign/OUT/solute_data_shiftn0p15.npz
*** Saved shifted NPZ (-0.1 ): /home/altraj24/files/chloroform_anion/molalign/OUT/solute_data_shiftn0p1.npz
*** Saved shifted NPZ (-0.05 ): /home/altraj24/files/chloroform_anion/molalign/OUT/solute_data_shiftn0p05.npz
*** Saved shifted NPZ (+0.0 ): /home/altraj24/files/chloroform_anion/molalign/OUT/solute_data_original.npz

*** Running: align-grid-tb /home/altraj24/files/chloroform_anion/molalign/OUT/solute_data_shiftn0p3.npz /home/altraj24/files/chloroform_anion/molalign/OUT/water_data.npz 0,90,180,270 --charge -1 --out /home/altraj24/files/chloroform_anion/molalign/OUT/tb_lite_results_shiftn0p3.json

*** Running: align-grid-tb /home/altraj24/files/chloroform_anion/molalign/OUT/solute_data_shiftn0p25.npz /home/altraj24/files/chloroform_anion/molalign/OUT/water_data.npz 0,90,180,270 --charge -1 --out /home/altraj24/files/chloroform_anion/molalign/OUT/tb_lite_results_shiftn0p25.json

*** Running: align-grid-tb /home/altraj24/files/chloroform_anion/molalign/OUT/solute_data_shiftn0p2.npz /home/altraj24/files/chloroform_anion/molalign/OUT/water_data.npz 0,90,180,270 --charge -1 --out /home/altraj24/files/chloroform_anion/molalign/OUT/tb_lite_results_shiftn0p2.json

*** Running: align-grid-tb /home/altraj24/files/chloroform_anion/molalign/OUT/solute_data_shiftn0p15.npz /home/altraj24/files/chloroform_anion/molalign/OUT/water_data.npz 0,90,180,270 --charge -1 --out /home/altraj24/files/chloroform_anion/molalign/OUT/tb_lite_results_shiftn0p15.json

*** Running: align-grid-tb /home/altraj24/files/chloroform_anion/molalign/OUT/solute_data_shiftn0p1.npz /home/altraj24/files/chloroform_anion/molalign/OUT/water_data.npz 0,90,180,270 --charge -1 --out /home/altraj24/files/chloroform_anion/molalign/OUT/tb_lite_results_shiftn0p1.json

*** Running: align-grid-tb /home/altraj24/files/chloroform_anion/molalign/OUT/solute_data_shiftn0p05.npz /home/altraj24/files/chloroform_anion/molalign/OUT/water_data.npz 0,90,180,270 --charge -1 --out /home/altraj24/files/chloroform_anion/molalign/OUT/tb_lite_results_shiftn0p05.json

*** Running: align-grid-tb /home/altraj24/files/chloroform_anion/molalign/OUT/solute_data_original.npz /home/altraj24/files/chloroform_anion/molalign/OUT/water_data.npz 0,90,180,270 --charge -1 --out /home/altraj24/files/chloroform_anion/molalign/OUT/tb_lite_results_original.json

*** All computations complete. Results saved in:
    /home/altraj24/files/chloroform_anion/molalign/OUT/tb_lite_results_shiftn0p3.json
    /home/altraj24/files/chloroform_anion/molalign/OUT/tb_lite_results_shiftn0p25.json
    /home/altraj24/files/chloroform_anion/molalign/OUT/tb_lite_results_shiftn0p2.json
    /home/altraj24/files/chloroform_anion/molalign/OUT/tb_lite_results_shiftn0p15.json
    /home/altraj24/files/chloroform_anion/molalign/OUT/tb_lite_results_shiftn0p1.json
    /home/altraj24/files/chloroform_anion/molalign/OUT/tb_lite_results_shiftn0p05.json
    /home/altraj24/files/chloroform_anion/molalign/OUT/tb_lite_results_original.json
