12
 energy: -19.101267906757 gnorm: 0.029236210732 xtb: 6.7.1 (edcfbbe)
C           -4.07147571649878        0.62500282112141        0.09293813146623
S           -2.50869856556125        1.61500498317047        0.36258602243629
H           -4.10514882138568        0.31127557446209       -0.94370129449867
H           -4.04625728279005       -0.22554343534733        0.76236471479780
H           -4.90898346718634        1.27437794170003        0.32232902169366
C           -1.36243784881398        0.40494352226629       -0.08347065691136
H           -1.19800932186460       -0.37264447945444        0.63923888721072
O           -2.49836823422581        2.66896246997741       -0.64877884898912
H           -0.52581886606912        0.71088563603850       -0.68376797844047
O           -2.44995006410246       -0.68256869230925       -2.36126053909294
H           -2.07072127113830       -0.30333989959371       -1.56696738495439
H           -2.91132399176752        0.04586952890941       -2.77714738147855
12
 energy: -19.103392807088 gnorm: 0.023860428327 xtb: 6.7.1 (edcfbbe)
C           -4.08129854284935        0.63040218819310        0.11197302291353
S           -2.51315836903297        1.61624158949992        0.36537322278518
H           -4.13560075269324        0.30547779321159       -0.92033640476300
H           -4.05151353715104       -0.21809207836583        0.78305967146022
H           -4.91475775972031        1.28220163568694        0.34704830257561
C           -1.35578882084537        0.41150475908534       -0.08474139810370
H           -1.19594484061059       -0.36600490382556        0.63979374762267
O           -2.50729315952268        2.66385599129808       -0.65300703362064
H           -0.49269956455566        0.74562707839488       -0.63701928332994
O           -2.52855945067525       -0.71865523166087       -2.37400293342739
H           -2.04910689343633       -0.35202830563784       -1.59982958208371
H           -2.83147176031107        0.07169545506110       -2.86394863878955
12
 energy: -19.103911180631 gnorm: 0.012291872377 xtb: 6.7.1 (edcfbbe)
C           -4.09056076932588        0.64116626501647        0.13235179202798
S           -2.51624778303282        1.61849138580929        0.36023759335438
H           -4.15995778014477        0.30102639897550       -0.89501632315653
H           -4.05905393183660       -0.20059571040324        0.81180304742400
H           -4.91541411860731        1.30283141516284        0.37051178668143
C           -1.35884212568791        0.40790260514550       -0.09086449212394
H           -1.20901551304752       -0.36877999852021        0.63832056948077
O           -2.50946100780605        2.65708177656696       -0.66814429211126
H           -0.46598869568735        0.76700164962965       -0.58906532643783
O           -2.50353396262271       -0.72039391863005       -2.43595207573745
H           -2.02043924142765       -0.38694777132967       -1.63760613938076
H           -2.84867852217725        0.05344187351780       -2.88221344678153
12
 energy: -19.104315544104 gnorm: 0.013394949910 xtb: 6.7.1 (edcfbbe)
C           -4.09287804302095        0.64362754623616        0.14814967127343
S           -2.51945880876597        1.62232849011732        0.35115400947359
H           -4.16840755987510        0.29193732962572       -0.87550994491692
H           -4.05796074717883       -0.19000117578306        0.83831407994429
H           -4.91382219164588        1.31063242781698        0.38602413206178
C           -1.36634617860946        0.40420688444282       -0.09898107848812
H           -1.22322074166327       -0.37294973500460        0.63277247280696
O           -2.51886663185921        2.65211709342982       -0.68670081295148
H           -0.46318851632221        0.77205149653528       -0.57120792550846
O           -2.52127942543728       -0.72667875903987       -2.43455453506730
H           -2.01804425345535       -0.39558981922890       -1.64859399816792
H           -2.79372035357029        0.06054419179319       -2.92650337722056
12
 energy: -19.104576357661 gnorm: 0.018278405869 xtb: 6.7.1 (edcfbbe)
C           -4.09323055419960        0.64843511553963        0.17002697153547
S           -2.52173682670677        1.62977103333069        0.33564471137753
H           -4.17567393888251        0.27622211317864       -0.84627465429055
H           -4.05283685816113       -0.16983133627908        0.87941039466346
H           -4.91273480009994        1.31952896810518        0.40192911343350
C           -1.37676868721387        0.39809650175871       -0.10673298079423
H           -1.25033649902643       -0.38414510134051        0.62466769665772
O           -2.53252743396147        2.64329936058913       -0.71913968615352
H           -0.46816368963704        0.76309826464633       -0.55730114822958
O           -2.51992256755385       -0.72294701428273       -2.43269840210743
H           -2.02206691947884       -0.38636110351705       -1.65742849161387
H           -2.73119467648232        0.05705916921192       -2.97774083123917
12
 energy: -19.104777952486 gnorm: 0.007626803490 xtb: 6.7.1 (edcfbbe)
C           -4.09320349744266        0.65253099615987        0.18184418736693
S           -2.52268726956745        1.63522161453556        0.32282200968445
H           -4.17986310388788        0.26336609745847       -0.82786860001138
H           -4.04974954986720       -0.15310013858315        0.90615517259834
H           -4.91297541870297        1.32608717515366        0.40606440254215
C           -1.38180426261865        0.39458041002528       -0.10904934694070
H           -1.27321450112018       -0.39215266739685        0.62127952015836
O           -2.53989394819019        2.63600229441735       -0.74468532991995
H           -0.46584798379721        0.75476925698235       -0.54385502131315
O           -2.50955849347218       -0.71537875868840       -2.44201635236090
H           -2.00606662140408       -0.38197453188034       -1.67177661262956
H           -2.72232880133308        0.05227422275707       -2.98455133593527
12
 energy: -19.104943904707 gnorm: 0.006492083354 xtb: 6.7.1 (edcfbbe)
C           -4.09262537537272        0.65565268510100        0.19608758863126
S           -2.52462984745029        1.64231003338186        0.30042259831624
H           -4.18363143474259        0.23573676806986       -0.80150594091081
H           -4.04302568334994       -0.12798356196701        0.94474441349672
H           -4.91495621676483        1.33162783765771        0.40458621868005
C           -1.38458586693146        0.39236827783487       -0.11040965844848
H           -1.30676310644250       -0.39983315133407        0.61843649067253
O           -2.55176485266847        2.62186809505136       -0.78759846022122
H           -0.45196213815010        0.74543590380513       -0.51868239395645
O           -2.52794035060806       -0.70565393157666       -2.44162137822892
H           -1.98368442064644       -0.38015460489393       -1.68942621019455
H           -2.69162415827633        0.06085161981078       -3.00067057459700
12
 energy: -19.105086577612 gnorm: 0.006588163904 xtb: 6.7.1 (edcfbbe)
C           -4.08758977327089        0.65412314764344        0.20238773988031
S           -2.52465310213362        1.64880135383305        0.27856902271658
H           -4.17657262306777        0.20358845939531       -0.78217034553210
H           -4.03393386860316       -0.10660037977261        0.97412576380418
H           -4.91407901831526        1.33183545443582        0.39015089725161
C           -1.38497118684756        0.39179031197115       -0.10710550231423
H           -1.33229843833200       -0.40023763107049        0.62213497809537
O           -2.56039057822363        2.60644605024133       -0.82928417327085
H           -0.44216736636536        0.72894058114387       -0.50424966177466
O           -2.54413127646535       -0.68748328492638       -2.43371390107009
H           -1.99027928564340       -0.37328086294853       -1.68574716887254
H           -2.66612693413572        0.07430277099496       -3.01073495567418
12
 energy: -19.105261014026 gnorm: 0.004729419495 xtb: 6.7.1 (edcfbbe)
C           -4.07658811894365        0.64604842529433        0.19876601435830
S           -2.52301199739948        1.65585666005512        0.24931151124214
H           -4.15298676565172        0.15432074393569       -0.76669315041620
H           -4.02236943877252       -0.08172081052865        1.00047579965024
H           -4.91047360132264        1.32485788264551        0.35077466277440
C           -1.38097476089430        0.39294716831448       -0.09535864041069
H           -1.35328497705568       -0.38986510585871        0.64036106543548
O           -2.56542230924682        2.58292781325201       -0.88374906531359
H           -0.42887011035308        0.70356429803933       -0.49083003867647
O           -2.57746380221834       -0.65493200704731       -2.41658075874511
H           -2.01380696324139       -0.36386169093360       -1.66721283359150
H           -2.65194060630409        0.10208259377278       -3.00490187306754
12
 energy: -19.105341746767 gnorm: 0.005059273586 xtb: 6.7.1 (edcfbbe)
C           -4.07031463463344        0.63918883681095        0.19332196712462
S           -2.52163168719906        1.65866811359587        0.23027600704442
H           -4.13460569519316        0.12149291788626       -0.75966658215630
H           -4.01946026378957       -0.06599152864434        1.01507798037119
H           -4.90814636566454        1.31791271982084        0.32022653354739
C           -1.37700110843003        0.39230156333390       -0.08601062602331
H           -1.35565211224335       -0.37854007826795        0.66189666477962
O           -2.56347256893995        2.56489775831470       -0.91893008909694
H           -0.42154151949651        0.69078021366232       -0.48332366168689
O           -2.60602503513688       -0.63268318602453       -2.40505705859272
H           -2.03290752948623       -0.35977308985172       -1.65457742422957
H           -2.64643493119098        0.12397173030474       -2.99887101784198
12
 energy: -19.105399835659 gnorm: 0.005335088467 xtb: 6.7.1 (edcfbbe)
C           -4.06628018398560        0.63125581797969        0.18159541373838
S           -2.51928447437255        1.65647978199385        0.21625114102428
H           -4.11408258084514        0.09547123753179       -0.76063217179071
H           -4.02326560174223       -0.05460549520371        1.01752650142242
H           -4.90724717725606        1.30798839922841        0.28412294588356
C           -1.36994576864521        0.38998573033900       -0.07362332036968
H           -1.33755195848895       -0.36070035415122        0.69494093810956
O           -2.55333589318203        2.54431105818154       -0.94514283144484
H           -0.41883710618703        0.68254386843284       -0.48459060927096
O           -2.63217713686113       -0.60994260742544       -2.39509160355859
H           -2.05704230971449       -0.35649996596693       -1.63966849001778
H           -2.65814326012331        0.14593850000125       -2.98132522048609
12
 energy: -19.105445742005 gnorm: 0.004740450535 xtb: 6.7.1 (edcfbbe)
C           -4.06650651660158        0.62846860434094        0.18180712342771
S           -2.51917621198242        1.65629408858593        0.20170124791259
H           -4.10644025277805        0.07006438135942       -0.74994457341999
H           -4.02845183881047       -0.03734002545407        1.03664931994247
H           -4.90784281012156        1.30755663213261        0.26322140580415
C           -1.36822237977802        0.38465443529949       -0.06601169577303
H           -1.32712292187400       -0.34946528936419        0.72136935055446
O           -2.54896295911387        2.52266498145703       -0.97728466338747
H           -0.41908846254466        0.67673045361156       -0.48075346442610
O           -2.65437059242948       -0.59427536379755       -2.39196421557605
H           -2.06533063427860       -0.35727346112620       -1.64038271249124
H           -2.64567787109101        0.16414653389614       -2.98404442932792
12
 energy: -19.105485475907 gnorm: 0.003320734006 xtb: 6.7.1 (edcfbbe)
C           -4.07234636152396        0.63200169307904        0.18524407612181
S           -2.52041871653627        1.65214279923636        0.20993697155803
H           -4.11715428967122        0.08379899989110       -0.75020580035485
H           -4.03569984845759       -0.04106602377774        1.03233884168232
H           -4.91014633973029        1.31267479198234        0.27432744463436
C           -1.36913210734011        0.38241713851529       -0.06741293766788
H           -1.31432601296133       -0.34993346080370        0.72114343504059
O           -2.54662671748891        2.52307713963345       -0.96501474888218
H           -0.42519315501369        0.68465400864407       -0.48748666425348
O           -2.64409273377284       -0.60277104800517       -2.39946864343674
H           -2.05696241775392       -0.36181918288224       -1.65024001613188
H           -2.64509475115358        0.15704911542830       -2.98879926507053
12
 energy: -19.105509438445 gnorm: 0.003258731982 xtb: 6.7.1 (edcfbbe)
C           -4.07685280332381        0.63392604844200        0.18859913977009
S           -2.52193848911865        1.64960324009467        0.20856414840972
H           -4.12238442140560        0.07680960157914       -0.74332330316042
H           -4.04341712773267       -0.03218569426453        1.04326646005875
H           -4.91231913407494        1.32025507228043        0.26932192047957
C           -1.36854572046861        0.37882493332654       -0.06184599138946
H           -1.30203184130461       -0.34589587701135        0.73338440387751
O           -2.54402047400674        2.51115934043954       -0.97428922780496
H           -0.43013977349034        0.68499583697768       -0.49310036412837
O           -2.64196633816536       -0.59969924828287       -2.40669611042873
H           -2.05107467344123       -0.36709347725998       -1.65975224992636
H           -2.64250265487113        0.16152619461985       -2.98976613251777
12
 energy: -19.105526242816 gnorm: 0.002243977556 xtb: 6.7.1 (edcfbbe)
C           -4.07840177482301        0.63349895197675        0.18792071328934
S           -2.52291807848721        1.64720398142680        0.20659376794542
H           -4.12182674367296        0.07256190785198       -0.74038854699510
H           -4.04829647977909       -0.02748478004112        1.04499904834937
H           -4.91336359620720        1.32151181620941        0.26150533448559
C           -1.36598175297836        0.37797918738198       -0.05515365371284
H           -1.29088146693673       -0.33992656119040        0.74480105873065
O           -2.54230434470774        2.50133353433674       -0.98115941118106
H           -0.43358528000619        0.68389251165851       -0.50035721439434
O           -2.64856575338868       -0.59491313692114       -2.40661658954060
H           -2.05190832337090       -0.37341429472196       -1.66149127323806
H           -2.63915985704563        0.16998285297356       -2.98629054049876
12
 energy: -19.105537600051 gnorm: 0.001539731036 xtb: 6.7.1 (edcfbbe)
C           -4.07767502216687        0.63264818423871        0.18802915273838
S           -2.52346051763226        1.64790178301603        0.20156038619846
H           -4.12030182766882        0.06464600929242       -0.73603373701784
H           -4.05010878051472       -0.02153994681086        1.05033210811045
H           -4.91232888299663        1.32170662033508        0.25482602731604
C           -1.36499502152991        0.37827391673468       -0.04897549757690
H           -1.28866043937424       -0.33438478484978        0.75415491670152
O           -2.54246121842483        2.49316329928780       -0.99275586998779
H           -0.43500572805392        0.67901607109027       -0.50404478917579
O           -2.65361894964677       -0.58840518107930       -2.40724288263330
H           -2.05424096117641       -0.38021950686651       -1.66184411472674
H           -2.63433610221832        0.17941950655259       -2.98364300670688
12
 energy: -19.105547163415 gnorm: 0.002700314658 xtb: 6.7.1 (edcfbbe)
C           -4.07614211806640        0.63164205623831        0.18805616493921
S           -2.52382217625503        1.65001793183626        0.19302482647277
H           -4.11773114207898        0.05515167222525       -0.73088288650786
H           -4.04980396394892       -0.01425133465808        1.05691033361924
H           -4.91125510095717        1.32040241714672        0.24775718042504
C           -1.36474684544028        0.37937323279825       -0.04170806038803
H           -1.29010563692849       -0.32553550719563        0.76718730861344
O           -2.54333922040419        2.48369265704607       -1.00949475117208
H           -0.43578648292535        0.67018494356329       -0.50614685714763
O           -2.66148264434724       -0.58007422820455       -2.40863107674044
H           -2.05230173875631       -0.39216411100435       -1.66554386360017
H           -2.63067638129533        0.19378624114961       -2.97616562527385
12
 energy: -19.105556292130 gnorm: 0.001628581454 xtb: 6.7.1 (edcfbbe)
C           -4.07568662116244        0.63160399402355        0.18857557105338
S           -2.52369605171128        1.65112821708903        0.18859271922290
H           -4.11714664320036        0.05269514120970       -0.72887472873915
H           -4.04787697875660       -0.01174745624589        1.05939328824042
H           -4.91136928062338        1.31943064309474        0.24724593953036
C           -1.36526171575786        0.37980666857494       -0.03905886451181
H           -1.29161987538817       -0.32028348705499        0.77439040990991
O           -2.54358106630282        2.47950499720571       -1.01743657539720
H           -0.43564197400427        0.66581352144819       -0.50526491775709
O           -2.66315556194298       -0.57691505990170       -2.41076753479212
H           -2.05266111080925       -0.39891465152050       -1.66879848554252
H           -2.62949657174428        0.20010344301837       -2.97363412797742
12
 energy: -19.105581400612 gnorm: 0.002475871116 xtb: 6.7.1 (edcfbbe)
C           -4.07510760822348        0.63165738519255        0.18898670314710
S           -2.52348756851740        1.65432145113746        0.17077727291139
H           -4.11618293760824        0.04519954818029       -0.72363663096295
H           -4.03991107872305       -0.00357623630938        1.06534432165363
H           -4.91319921983221        1.31617238686663        0.24505245102390
C           -1.36612749420215        0.38031897443549       -0.02840367405044
H           -1.29270238059493       -0.29789999534377        0.80575067433823
O           -2.54339061749909        2.46034618921803       -1.05082297007658
H           -0.43434538019569        0.65153204520715       -0.49785921507583
O           -2.67478759096304       -0.56546629746589       -2.41917215364379
H           -2.04655560668639       -0.42949218641470       -1.68538904735747
H           -2.63139596835802        0.22911270623732       -2.95626503866751
12
 energy: -19.105609481122 gnorm: 0.003015078921 xtb: 6.7.1 (edcfbbe)
C           -4.07467636021812        0.63111575251909        0.18609710729676
S           -2.52395951537338        1.65549304753991        0.15710386670099
H           -4.11710033734372        0.04148276729250       -0.72432223650557
H           -4.03293885299738       -0.00022552654965        1.06485211618950
H           -4.91419283741675        1.31409511798323        0.24295828811492
C           -1.36443209600156        0.38128992728184       -0.01735075896767
H           -1.29034810340868       -0.27999391727102        0.83016133907268
O           -2.54202432061647        2.44344618105057       -1.07654187667734
H           -0.43296932569649        0.64214391532381       -0.49214963057125
O           -2.68453232005084       -0.55704188723397       -2.42275140773711
H           -2.03989444419090       -0.45383219711031       -1.69939722413582
H           -2.64012493808939        0.25425279011522       -2.93429688954036
12
 energy: -19.104510740543 gnorm: 0.041841045693 xtb: 6.7.1 (edcfbbe)
C           -4.07121968203619        0.62641520909923        0.16478302452366
S           -2.52710762554790        1.66278726731904        0.06690902496690
H           -4.12409570559978        0.01786251492758       -0.73278414816167
H           -3.99017868657185        0.01788552844540        1.05733932048056
H           -4.91877611102647        1.30083855552289        0.22843247564042
C           -1.35140182727444        0.38714569036551        0.05793270126777
H           -1.27027235918084       -0.16200717979990        0.99325162229411
O           -2.52910242324220        2.32771004540997       -1.24950290032610
H           -0.42403265874667        0.58440656848807       -0.45415084808622
O           -2.74765613062513       -0.50159087302256       -2.44370329376721
H           -1.99780276660009       -0.61102534047480       -1.79125841722362
H           -2.70554747495215        0.42179798466095       -2.78288586836871
12
 energy: -19.106012672938 gnorm: 0.015539913535 xtb: 6.7.1 (edcfbbe)
C           -4.06903264799911        0.62413453520765        0.16343719990134
S           -2.52815799539827        1.66094176845666        0.06391435299775
H           -4.12096728354696        0.01162466023626       -0.73163017975415
H           -3.99762253608845        0.01802246477441        1.05782456887623
H           -4.91521388575894        1.29940510113283        0.22034830493915
C           -1.35422905539593        0.38690724436772        0.05769383843793
H           -1.27615782236049       -0.15553577019035        0.98691964637028
O           -2.52588511185851        2.30732742272530       -1.25699016657622
H           -0.42584997090303        0.58749628028280       -0.45001753471623
O           -2.72303391368184       -0.50301675119267       -2.45878430694960
H           -2.00912212573654       -0.59059728322751       -1.79788211740101
H           -2.71192110267564        0.42551629836829       -2.74047091288557
12
 energy: -19.106247139110 gnorm: 0.007206752351 xtb: 6.7.1 (edcfbbe)
C           -4.06841418972683        0.62527182265889        0.16550042571242
S           -2.52860233350639        1.65898904771318        0.05187821761334
H           -4.12280249765081        0.00234670486116       -0.72263056947598
H           -4.00324762277517        0.02784309799847        1.06610251922318
H           -4.91325259089070        1.30276609442805        0.21342740007788
C           -1.35323852914792        0.38818599656330        0.06129453064283
H           -1.27770402655589       -0.15028329647212        0.98818995841872
O           -2.52564379175519        2.27691215003813       -1.27895320457644
H           -0.42679906054727        0.58504335969544       -0.45128830725789
O           -2.73794210637040       -0.48209062613152       -2.43260493701558
H           -1.99808885058833       -0.59588873370089       -1.82902819084778
H           -2.70145785188876        0.43313035328927       -2.71752514927477
12
 energy: -19.106440324686 gnorm: 0.005898101319 xtb: 6.7.1 (edcfbbe)
C           -4.07014688523150        0.62387754659132        0.16404773979390
S           -2.53228929347878        1.65855454921386        0.04362990916510
H           -4.12147849170374       -0.00628441724101       -0.71932553742968
H           -4.00765339882446        0.03360591554414        1.06971758183288
H           -4.91590407232143        1.30111482603984        0.20355663031610
C           -1.35166985738635        0.39308336362740        0.07146547534492
H           -1.27883410820234       -0.14300987143089        0.99977514953776
O           -2.52515405802668        2.26003148568760       -1.29384109072215
H           -0.42577449455700        0.58779990928334       -0.44295641701689
O           -2.72256807580908       -0.48308236162045       -2.45506681032104
H           -1.99004518930487       -0.60957629582130       -1.84703155461928
H           -2.71567552655746        0.45611132106749       -2.67960838264166
12
 energy: -19.106252398810 gnorm: 0.029961369324 xtb: 6.7.1 (edcfbbe)
C           -4.07321069250255        0.62022367075467        0.16132741500790
S           -2.54228244770763        1.65941718781938        0.01097461264131
H           -4.11792779082664       -0.03906147694308       -0.70241965943461
H           -4.01663703339779        0.05951294520561        1.08712525738528
H           -4.92189161013490        1.29651800623237        0.17208572465997
C           -1.35030758208182        0.40647256572874        0.10420613965870
H           -1.28244973839464       -0.11161165111223        1.04307422184768
O           -2.52638683207105        2.19480308453862       -1.35530134515103
H           -0.42771575465861        0.58680476369659       -0.42105770013048
O           -2.70421612820413       -0.46335334618218       -2.49731848761625
H           -1.95491843163959       -0.66713843799974       -1.92299374241948
H           -2.73924940978435        0.52963865920253       -2.56533974320891
12
 energy: -19.106747763356 gnorm: 0.006029058276 xtb: 6.7.1 (edcfbbe)
C           -4.07179165973168        0.62217205460984        0.16541968166736
S           -2.53848935809515        1.65879598000584        0.01819207845958
H           -4.11759385206587       -0.03058328549714       -0.70250039868608
H           -4.01202640364181        0.05590907342729        1.08705432877650
H           -4.91961957324828        1.29869494686366        0.18305120279997
C           -1.34993461940267        0.40232346311293        0.09761620152989
H           -1.28008868433026       -0.11790634370101        1.03580621117725
O           -2.52534502516816        2.20831675040964       -1.34232849264326
H           -0.42694103801377        0.58343624219233       -0.42662653559202
O           -2.73027638464671       -0.46001093502668       -2.46714801065511
H           -1.96660369856733       -0.64510527843822       -1.90471018713060
H           -2.71848315449197        0.49618330298280       -2.62946338646344
12
 energy: -19.106896074685 gnorm: 0.005248592808 xtb: 6.7.1 (edcfbbe)
C           -4.07153862556159        0.62094175127788        0.16591564120661
S           -2.54098308503297        1.65964903206769        0.00681538970556
H           -4.11447924371336       -0.04320995390759       -0.69368233402967
H           -4.01195059108123        0.06731812165310        1.09529206207195
H           -4.92134918944557        1.29525394106519        0.17304635283027
C           -1.35084569850025        0.40647979086544        0.11123540405149
H           -1.28185023203410       -0.10091110137398        1.05635682318188
O           -2.52444984083119        2.18311083356107       -1.36503637207686
H           -0.42870782637237        0.57870769880922       -0.41718942663071
O           -2.73280494066852       -0.45027992930889       -2.47544264673488
H           -1.96105431993321       -0.65564374281840       -1.93418115009768
H           -2.71717985822930        0.51080952905052       -2.60876705023787
12
 energy: -19.107045808351 gnorm: 0.020406066145 xtb: 6.7.1 (edcfbbe)
C           -4.07019911684419        0.61825265168979        0.16686542989423
S           -2.55041881079805        1.66622941674793       -0.03260178250696
H           -4.09942450008778       -0.08824415490847       -0.66011764787187
H           -4.00872534650074        0.11369202773441        1.12463013065745
H           -4.92967313443843        1.28011848371641        0.13440377763327
C           -1.35619861116058        0.42678053733279        0.16693145501595
H           -1.28990637784361       -0.02221405742427        1.14338205755726
O           -2.51728935430400        2.09684555775603       -1.44267594357331
H           -0.43645478009538        0.55771819598342       -0.37757695103424
O           -2.74985119506677       -0.41983457242946       -2.51379474308476
H           -1.92944052009726       -0.72009300130554       -2.08202875623470
H           -2.71961170416683        0.56297488604811       -2.51305433321206
12
 energy: -19.107221072154 gnorm: 0.020593046997 xtb: 6.7.1 (edcfbbe)
C           -4.06868556484257        0.61693888546164        0.16532872184627
S           -2.54972848851727        1.66839587860453       -0.02187744608597
H           -4.09645837172679       -0.08672480115909       -0.66151136505133
H           -4.00478542879616        0.11126031291960        1.12012461288046
H           -4.93066138595074        1.27359164814350        0.13539316684147
C           -1.36067989705989        0.42781238619156        0.16955720727479
H           -1.29292159404718       -0.01194507949453        1.14964193918229
O           -2.51401004835222        2.11150736334415       -1.42428457150607
H           -0.43941395829964        0.55304743996955       -0.37236769422858
O           -2.73250414922604       -0.43700752599852       -2.53744285461705
H           -1.94418861951715       -0.69509271880123       -2.07999960142011
H           -2.72315594506798        0.54044218176000       -2.52819942187592
12
 energy: -19.107484127245 gnorm: 0.008089322438 xtb: 6.7.1 (edcfbbe)
C           -4.06885963021837        0.62185908210521        0.16743675440023
S           -2.54736817332658        1.67061999983746       -0.01113872915859
H           -4.09420337639961       -0.07606623161030       -0.66329901590029
H           -4.00764435661987        0.11033718622531        1.11853124631511
H           -4.92920370309043        1.28036425781007        0.14020354004483
C           -1.35857862124716        0.43043981276938        0.16740666694454
H           -1.29065047949176       -0.01432736608091        1.14296633087287
O           -2.50993049037566        2.13332791569370       -1.40321011658983
H           -0.43757534701073        0.55581596974449       -0.37381443687595
O           -2.75561248890317       -0.44562891067467       -2.51846643196642
H           -1.92541726716410       -0.71226300547262       -2.10709925649643
H           -2.73214951755619        0.51774726059405       -2.54515385834985
12
 energy: -19.107671974648 gnorm: 0.014437072806 xtb: 6.7.1 (edcfbbe)
C           -4.06887559122275        0.62080142715661        0.16858389404558
S           -2.55277878556567        1.67631310243054       -0.02307921530674
H           -4.08337171810954       -0.09731845993524       -0.64638526423813
H           -4.00976241872870        0.13218161417939        1.13301322353431
H           -4.93421119302310        1.27291877996327        0.11966135872317
C           -1.36081922518210        0.44551031189497        0.20063785405240
H           -1.29284442231016        0.03369425152568        1.19248715437671
O           -2.50543758291516        2.10119189734807       -1.42924242940998
H           -0.44208226048208        0.54511971895664       -0.35141545848097
O           -2.76208466296290       -0.44002202002226       -2.55104853657960
H           -1.91166046213379       -0.75184095484326       -2.19988561679734
H           -2.73326512876766        0.53367630228673       -2.49896427067912
12
 energy: -19.107829024374 gnorm: 0.007154437932 xtb: 6.7.1 (edcfbbe)
C           -4.06976350958374        0.61911011004488        0.17008032116798
S           -2.55508995459354        1.67775879334208       -0.02419207470073
H           -4.07928137978689       -0.10517155834411       -0.63981126649090
H           -4.01366480658605        0.13728522391603        1.13859872438977
H           -4.93606903597495        1.26971262331473        0.11268109240762
C           -1.36034649968248        0.45210438095217        0.21576075729714
H           -1.29067026254824        0.05457541689081        1.21362579262512
O           -2.50451655397355        2.09079983603361       -1.43485888704080
H           -0.44355847574333        0.54067347304604       -0.34159421070893
O           -2.75944733410840       -0.44074008797369       -2.57151365765116
H           -1.91734506219257       -0.75582763225845       -2.22651166638169
H           -2.72744057662988        0.53194539197700       -2.49790223167308
12
 energy: -19.108071573061 gnorm: 0.005493244984 xtb: 6.7.1 (edcfbbe)
C           -4.07082135750154        0.61926613616038        0.17385302692315
S           -2.55849964368880        1.68345049392912       -0.02277475884316
H           -4.06779842598749       -0.11921115958188       -0.62288095373503
H           -4.02393628846507        0.15485909447505        1.15150768586453
H           -4.93879281642279        1.26548943778923        0.09495814201493
C           -1.35970589308159        0.47065441996903        0.25541239151559
H           -1.28541966830142        0.11119048960039        1.26752732577109
O           -2.49658845540913        2.06922413958953       -1.44166635047315
H           -0.44847236838382        0.52951953374812       -0.31473831195988
O           -2.76943296829207       -0.44835629740252       -2.60564654759738
H           -1.90747215306913       -0.77884934403044       -2.33217746804933
H           -2.73025341280073        0.51498902669506       -2.48901148819096
12
 energy: -19.108186875944 gnorm: 0.014105436866 xtb: 6.7.1 (edcfbbe)
C           -4.07386087711948        0.61991846118960        0.17873728511008
S           -2.56376494733944        1.68947267417680       -0.01667470418299
H           -4.05580300412289       -0.13379507111547       -0.60174183893897
H           -4.04119358046884        0.17633308982628        1.16577476697289
H           -4.94223293289652        1.26078026220147        0.07265542189666
C           -1.35799393082292        0.49767195712845        0.30607817400135
H           -1.27447919390689        0.18627303914263        1.33167363460036
O           -2.48701682796058        2.04220540553433       -1.44283999268136
H           -0.45649517627006        0.52208961823998       -0.27897569801749
O           -2.78089374120417       -0.46039959303591       -2.65625903606890
H           -1.89844482821148       -0.82366143003912       -2.48193205684248
H           -2.72501441108031        0.49533755769196       -2.46213326260868
12
 energy: -19.108257808585 gnorm: 0.010001560952 xtb: 6.7.1 (edcfbbe)
C           -4.07626212292833        0.62093528190231        0.18131610458774
S           -2.56307879928026        1.68814527145818       -0.00384409409571
H           -4.05683757141908       -0.12784718800146       -0.60053096424489
H           -4.05341279617834        0.17385160467132        1.16487636630618
H           -4.93987232930916        1.26459078743084        0.07208418767494
C           -1.35449620131906        0.50417334863868        0.31516529866000
H           -1.26250893792438        0.20058515209327        1.33664445920989
O           -2.48374622380302        2.04438207983920       -1.42526690872489
H           -0.45932172772225        0.52656570470755       -0.27282646628629
O           -2.78377671600459       -0.47147336817506       -2.66387269923703
H           -1.90433869716353       -0.82430282104007       -2.51102600925742
H           -2.71954132835158        0.47262011741624       -2.47835658135206
12
 energy: -19.108400598546 gnorm: 0.006206763193 xtb: 6.7.1 (edcfbbe)
C           -4.07591992490671        0.61882164395772        0.18303020006757
S           -2.56592317324220        1.69005375863651       -0.01342096858119
H           -4.04806797196626       -0.14527371847424       -0.58800727441576
H           -4.05742228085280        0.18835013610008        1.17710566842045
H           -4.94202251389740        1.25961371725328        0.05521358333206
C           -1.35528563492513        0.51217065089453        0.34193711384452
H           -1.25803754416921        0.23832257069185        1.37801902212970
O           -2.47829676661204        2.01166217115757       -1.44854771826841
H           -0.46408623942013        0.51455372000741       -0.25917450543819
O           -2.78712088400339       -0.46567010671891       -2.68342865154989
H           -1.90625776131565       -0.82703163604483       -2.55996690018566
H           -2.71875275609265        0.47665306348000       -2.46839687611465
12
 energy: -19.108435445302 gnorm: 0.009371841453 xtb: 6.7.1 (edcfbbe)
C           -4.07725015929276        0.61954299779453        0.18517081466140
S           -2.56799343613633        1.69195610203784       -0.01220818431096
H           -4.04300893427212       -0.15203704505638       -0.57802586026509
H           -4.06480961646517        0.19927947165529        1.18342843325765
H           -4.94351481689394        1.25715747533054        0.04452873826217
C           -1.35438764159980        0.52450418471094        0.36515741308261
H           -1.25147641682904        0.27319729639348        1.40550100784928
O           -2.47108686564389        1.99545527008626       -1.45026094937718
H           -0.46776459397764        0.51134137226913       -0.24219422895325
O           -2.79410809386013       -0.47125443127926       -2.70244399115558
H           -1.90590567806313       -0.84299474853935       -2.63005951039028
H           -2.71588719836961        0.46607802553793       -2.45423098942018
12
 energy: -19.108487242944 gnorm: 0.004216904137 xtb: 6.7.1 (edcfbbe)
C           -4.07687796944988        0.61990610705147        0.18482090306889
S           -2.56766914333622        1.69162234500688       -0.01307669909549
H           -4.04336322743995       -0.15155502058377       -0.57800631918287
H           -4.06349036057931        0.19990061515664        1.18235028448586
H           -4.94335838473860        1.25617223298819        0.04468853547178
C           -1.35465792626124        0.52499076573481        0.36476743810317
H           -1.25039637322151        0.27457742396903        1.40318005487649
O           -2.46840021501434        1.99347844408013       -1.44974572106882
H           -0.46794958043010        0.51218882304422       -0.24112290086850
O           -2.79565249689813       -0.47205248936332       -2.70082645871417
H           -1.91171395454656       -0.84224770622179       -2.63271150515839
H           -2.71366381948771        0.46524443007845       -2.44995491867736
12
 energy: -19.108569083298 gnorm: 0.008835065721 xtb: 6.7.1 (edcfbbe)
C           -4.07455906859693        0.62174715863124        0.18534300977545
S           -2.56607179232953        1.69297149309764       -0.01732702870335
H           -4.03761127922021       -0.15677849836920       -0.57043382306885
H           -4.06332884399398        0.21110340799758        1.18630270499163
H           -4.94199041564826        1.25373819842531        0.03577781259202
C           -1.35558658568671        0.53114430980530        0.38145691607872
H           -1.24491191776523        0.30299435728412        1.42370991141915
O           -2.45424864985125        1.97290155290646       -1.45645926620337
H           -0.47113266556050        0.50576710565917       -0.22722876478058
O           -2.80947992916373       -0.47831652534319       -2.69689484213685
H           -1.91744565161140       -0.83481384458439       -2.68516041811892
H           -2.72082665197582        0.44976725543089       -2.44472351860443
12
 energy: -19.108632576515 gnorm: 0.011418656682 xtb: 6.7.1 (edcfbbe)
C           -4.07185040267690        0.62291020135645        0.18728456446441
S           -2.56658381809235        1.69787956533987       -0.02120636829081
H           -4.02475945880187       -0.16971725999444       -0.55392102601793
H           -4.06705003633550        0.23123080227010        1.19617674518303
H           -4.94184628615267        1.24695027829595        0.01715529219865
C           -1.35593834978335        0.54944998583972        0.42018707589677
H           -1.23578634389104        0.36450724467593        1.47244613421138
O           -2.43550463835509        1.93821912134999       -1.46654948832908
H           -0.47719943067390        0.49646873798813       -0.19737266711269
O           -2.82800539474066       -0.48915083596253       -2.71873461507020
H           -1.93296219817063       -0.84618140940334       -2.79446470674681
H           -2.71970709372953        0.42965953918503       -2.42663824714601
12
 energy: -19.108705191606 gnorm: 0.003808241363 xtb: 6.7.1 (edcfbbe)
C           -4.06871911502287        0.62309904479943        0.18641016877493
S           -2.56518697897504        1.70040340068352       -0.02333373581748
H           -4.02073748664993       -0.17000308204913       -0.55396842092983
H           -4.06152247002150        0.23221287843155        1.19605807249678
H           -4.94062960245547        1.24560340120638        0.01759457847366
C           -1.35523994166226        0.55115712622693        0.42073583302777
H           -1.23990648456408        0.36326581490039        1.47172329508028
O           -2.43327893987252        1.93870066447540       -1.46829268148564
H           -0.47418080248530        0.49811822704535       -0.19345931089106
O           -2.83273144192011       -0.49223774326645       -2.71811393574727
H           -1.94438706880890       -0.84733039763515       -2.79331407674122
H           -2.72067311896551        0.42923663612267       -2.42767709300021
12
 energy: -19.108805105522 gnorm: 0.005326147029 xtb: 6.7.1 (edcfbbe)
C           -4.06254802506950        0.62562954750098        0.18639485796636
S           -2.56156640852388        1.70594955160939       -0.02798851746728
H           -4.00875941938562       -0.17365210059550       -0.54584205547047
H           -4.05638450874141        0.24385310096099        1.19959775465966
H           -4.93695255846931        1.24286302777730        0.01083666627948
C           -1.35196903816119        0.56431547222867        0.44240755608426
H           -1.24250703366843        0.39203167117260        1.49440351948714
O           -2.41761223422950        1.92188540414676       -1.47435633943851
H           -0.46920350308591        0.49883140351975       -0.16628934783794
O           -2.85224718604160       -0.50870729681175       -2.72213030969316
H           -1.96513019817003       -0.85021070756052       -2.85822317049267
H           -2.73231333785705        0.40943689699221       -2.42444792083610
12
 energy: -19.108741592348 gnorm: 0.023628872258 xtb: 6.7.1 (edcfbbe)
C           -4.04511578449521        0.63170227218393        0.18666611417391
S           -2.54945209998581        1.71761064758734       -0.04283120137637
H           -3.97766047631638       -0.18283452428987       -0.52457749372309
H           -4.04249454118437        0.27220184824412        1.20740677129217
H           -4.92450291526940        1.23614193499121       -0.00525579330124
C           -1.34349994354256        0.59694738745192        0.49998696457258
H           -1.25060574702621        0.47873230073578        1.56628875304907
O           -2.37743321255289        1.87081097292844       -1.49494167518885
H           -0.45486073381669        0.49792893212911       -0.09357710803601
O           -2.90378326841470       -0.55168080186595       -2.73094659489980
H           -2.02395474340013       -0.85398905454164       -3.03011613750476
H           -2.76382998539901        0.35865405538644       -2.42373990581670
12
 energy: -19.109208434785 gnorm: 0.014980765673 xtb: 6.7.1 (edcfbbe)
C           -4.04637433692495        0.62873070562232        0.18650135750358
S           -2.54911857219732        1.71235330644182       -0.04033024960244
H           -3.98068479194861       -0.18517492276194       -0.52750015557252
H           -4.04542318807908        0.26769579296793        1.20711596542164
H           -4.92326755505541        1.23650865277060       -0.00702592466532
C           -1.34008539594198        0.59857183779020        0.50071017926812
H           -1.25302876615151        0.47220870770805        1.56444713113515
O           -2.37905082291959        1.87565044606368       -1.49199399905128
H           -0.44841322797203        0.50453439652357       -0.09024674582687
O           -2.89187666258631       -0.56327316146027       -2.67260408739249
H           -2.05530361371683       -0.84968228041603       -3.07010987363888
H           -2.74456651790977        0.37410248969090       -2.44460090433778
12
 energy: -19.109328699096 gnorm: 0.008005495609 xtb: 6.7.1 (edcfbbe)
C           -4.04597540435420        0.62605501278646        0.18325650440377
S           -2.54875587559089        1.70948347120913       -0.04025523565676
H           -3.97866749268923       -0.18730171379173       -0.53275924413979
H           -4.04771977437280        0.26453037725893        1.20392043677230
H           -4.92101925888664        1.23580962936529       -0.01312905205943
C           -1.33726856528756        0.60377735395492        0.49996418062555
H           -1.25874795135866        0.46735788718960        1.56161488024208
O           -2.37981993432281        1.88290199432031       -1.49147390211871
H           -0.44152300468806        0.51569760080709       -0.08651687668314
O           -2.89161509456646       -0.55716439381027       -2.67638724731716
H           -2.07240757962524       -0.86378741481332       -3.05337413130381
H           -2.73367351566087        0.37486616646443       -2.44049761952403
12
 energy: -19.109448570905 gnorm: 0.002156677591 xtb: 6.7.1 (edcfbbe)
C           -4.04402551981851        0.62476219202607        0.17977240012317
S           -2.54814452447849        1.71117242886288       -0.03888071927206
H           -3.97441499067120       -0.18768208959531       -0.53687249733192
H           -4.04805946963154        0.26209299562241        1.19987039221838
H           -4.91932199832717        1.23363558953909       -0.01782948214021
C           -1.33737197752557        0.60600153314407        0.49939742687871
H           -1.26400452058997        0.46260626836577        1.56081067445768
O           -2.37834617235695        1.88999738344858       -1.48957218319847
H           -0.43878276441575        0.52262999593078       -0.08327747823869
O           -2.89159527822022       -0.55963884967492       -2.65522492666938
H           -2.08762498801087       -0.86518934464079       -3.07916292667495
H           -2.72550124735719        0.37183786791220       -2.42466798691141
12
 energy: -19.109402641186 gnorm: 0.019128779181 xtb: 6.7.1 (edcfbbe)
C           -4.03934153562295        0.62125840149258        0.16977976672489
S           -2.54607075898252        1.71399509597340       -0.03618795875771
H           -3.96249234420128       -0.18970140698019       -0.54766459636354
H           -4.04984111159945        0.25690639532394        1.18898538408015
H           -4.91491589157555        1.22793020133312       -0.03299368901532
C           -1.33595210737348        0.61243521969055        0.49811614026737
H           -1.27912747640870        0.44799748310105        1.55820203105936
O           -2.37375768284164        1.90680241409921       -1.48555096440705
H           -0.42815632912002        0.54341362033292       -0.07228487043856
O           -2.88911852273583       -0.56768940773381       -2.60279921659863
H           -2.12918103992345       -0.86640817248740       -3.13334634993094
H           -2.70923865101862        0.36528612679547       -2.38989298337924
12
 energy: -19.109530769722 gnorm: 0.003017034690 xtb: 6.7.1 (edcfbbe)
C           -4.04058189118570        0.62248451809419        0.17250673082302
S           -2.54649356223530        1.71322785811548       -0.03794735515570
H           -3.96577639991201       -0.18967373293545       -0.54359378485973
H           -4.04919858472597        0.25963525806356        1.19229933156830
H           -4.91623284253227        1.22933468121266       -0.02937169372352
C           -1.33628564034706        0.61013287850015        0.49837573223737
H           -1.27459994789934        0.45257133757060        1.55892718696451
O           -2.37473408301312        1.89952044858169       -1.48785105568007
H           -0.43090160415182        0.53729606369310       -0.07496706287412
O           -2.89163570243598       -0.56293283285620       -2.62991728756625
H           -2.11040326069109       -0.86834560898215       -3.09723528558768
H           -2.72034993227382        0.36897510188321       -2.40686276290532
12
 energy: -19.109560768876 gnorm: 0.003204304264 xtb: 6.7.1 (edcfbbe)
C           -4.03932429336832        0.62149322305721        0.16941715561896
S           -2.54601236053935        1.71391740623533       -0.03790511638332
H           -3.96135559001745       -0.19105728635432       -0.54582199685324
H           -4.05010844842572        0.25939440113597        1.18943573642931
H           -4.91514778833353        1.22717233546863       -0.03526725753337
C           -1.33551780471454        0.61179468460333        0.49821571535651
H           -1.27949182911938        0.44767248174329        1.55819216376094
O           -2.37303338740608        1.90289612157789       -1.48744553239787
H           -0.42662864878466        0.54456412942017       -0.07023092184279
O           -2.89148145030860       -0.56463668935206       -2.61841090111438
H           -2.12108932834011       -0.86957568417816       -3.10388320513400
H           -2.71800252204574        0.36859084758357       -2.40193314666597
12
 energy: -19.109613512245 gnorm: 0.009527204714 xtb: 6.7.1 (edcfbbe)
C           -4.03383476389183        0.61754569389946        0.15701803051984
S           -2.54446023611930        1.71725584000854       -0.03839170267911
H           -3.94130962326856       -0.19876090405633       -0.55215848700940
H           -4.05492079245755        0.26161460793648        1.17907905430834
H           -4.91033278255924        1.21725597306220       -0.06239792171153
C           -1.33250425183247        0.61867321776513        0.49893236639668
H           -1.30153115046245        0.42683642103882        1.55591228835821
O           -2.36545824553820        1.91560545692855       -1.48638684239337
H           -0.40780300589303        0.57766874732489       -0.04696233181918
O           -2.88964280916108       -0.57263129353688       -2.57079698407018
H           -2.17005878547033       -0.87303577201830       -3.13990410977513
H           -2.70533700474954        0.36419798258829       -2.37958066688446
12
 energy: -19.109648991153 gnorm: 0.002575655828 xtb: 6.7.1 (edcfbbe)
C           -4.03425071671863        0.61814603039102        0.15860905283724
S           -2.54470838193997        1.71695047936266       -0.03906617651345
H           -3.94250095716871       -0.19935133826597       -0.54917071009517
H           -4.05508954519781        0.26383835982638        1.18121946395258
H           -4.91066659439586        1.21763834122061       -0.06140204693384
C           -1.33280669373914        0.61782388583107        0.49976795486072
H           -1.29994727527047        0.42915628133784        1.55664437610994
O           -2.36576518381395        1.91239347849681       -1.48728007369148
H           -0.40917957884308        0.57565955174997       -0.04688223610096
O           -2.88976192768677       -0.57157317275529       -2.58080451626412
H           -2.16447559088200       -0.87282882763306       -3.13226707529405
H           -2.70804100574718        0.36437290137880       -2.38500531962671
12
 energy: -19.109674259754 gnorm: 0.001488986696 xtb: 6.7.1 (edcfbbe)
C           -4.03276149209777        0.61749934713568        0.15671508655194
S           -2.54471838101451        1.71789990065752       -0.03980631153573
H           -3.93656308196620       -0.20367377407388       -0.54619467177924
H           -4.05748985101748        0.26861228864152        1.18113139788799
H           -4.90929249407848        1.21419045526272       -0.07037733653562
C           -1.33223419362038        0.61976707855209        0.50198148639223
H           -1.30664987197013        0.42487068368045        1.55760561770095
O           -2.36344420456777        1.91310769226518       -1.48771114285119
H           -0.40411326902368        0.58608020010360       -0.03721631485217
O           -2.88798148653429       -0.57408662281325       -2.57392212872423
H           -2.17941807017120       -0.87358475228018       -3.14606533849935
H           -2.70252705534171        0.36154347380940       -2.38177765051491
12
 energy: -19.109647010627 gnorm: 0.014144380948 xtb: 6.7.1 (edcfbbe)
C           -4.02660636841984        0.61541578124742        0.15157755367135
S           -2.54505675997782        1.72162190698369       -0.04271856857570
H           -3.91166193191395       -0.22445788287583       -0.52683397176016
H           -4.06910501628011        0.29426730097101        1.18512826537067
H           -4.90341927894891        1.19900965058778       -0.10884036746615
C           -1.33029650448357        0.62969327386779        0.51539645162134
H           -1.33626010483988        0.41097834351987        1.56640434826840
O           -2.35284491480988        1.91278643265542       -1.48954412700106
H           -0.38386700206729        0.62992972415755        0.00732122302974
O           -2.87602327578879       -0.58890066831872       -2.54717513554995
H           -2.24907609861111       -0.87271645750583       -3.22931833995950
H           -2.67297619526258        0.34459856565072       -2.36703463840844
12
 energy: -19.109739603078 gnorm: 0.003165983450 xtb: 6.7.1 (edcfbbe)
C           -4.02913427759189        0.61698605994903        0.15639200166100
S           -2.54542047449975        1.71999087571486       -0.04229313671482
H           -3.92112165327149       -0.21955970790648       -0.52656998886500
H           -4.06623148077108        0.29096240520006        1.18822303093804
H           -4.90567163656130        1.20387589637033       -0.09538100567692
C           -1.33152036215153        0.62669129012660        0.51429408257145
H           -1.32559348136239        0.42063551038109        1.56728550370077
O           -2.35611851527400        1.90783658943188       -1.48981596601366
H           -0.39266008331357        0.61317793445966       -0.00525327522650
O           -2.87814379339349       -0.58526474754867       -2.56698399156927
H           -2.22424306972393       -0.87089426493805       -3.20853900108158
H           -2.68133462348926        0.34778812970054       -2.37699556048292
12
 energy: -19.109756439953 gnorm: 0.002250744704 xtb: 6.7.1 (edcfbbe)
C           -4.02875805892447        0.61725088594104        0.15753559594190
S           -2.54518780936572        1.71982991509678       -0.04289306981613
H           -3.91947755026630       -0.22244401215675       -0.52115270564443
H           -4.06788147566998        0.29624033433315        1.19079887024595
H           -4.90505440680657        1.20250367811321       -0.09856010708009
C           -1.33180421772430        0.62842813564159        0.51828792580274
H           -1.32796460887129        0.42447599640556        1.57185468895987
O           -2.35418665486235        1.90372901807636       -1.49066426611972
H           -0.39216012534446        0.61437629900358        0.00024428542421
O           -2.87547334393607       -0.58889931210939       -2.57145216255004
H           -2.22927728335354       -0.86679034695287       -3.22254080358022
H           -2.67996791627865        0.34352537954860       -2.37709555834348
12
 energy: -19.109820062760 gnorm: 0.003823492519 xtb: 6.7.1 (edcfbbe)
C           -4.02658180837057        0.61763974865926        0.16202981088584
S           -2.54377786732434        1.71920099935595       -0.04567747403817
H           -3.90853329498118       -0.23835311345227       -0.49433210258038
H           -4.07752099626082        0.32251043923740        1.20264816014240
H           -4.90139566540658        1.19426561532324       -0.11821459001587
C           -1.33358866999496        0.63899820674514        0.54084095973617
H           -1.33999146726198        0.44861809811571        1.59724602967540
O           -2.34354265326433        1.88205278639710       -1.49488500910938
H           -0.38974745963783        0.61969250620140        0.03100343050989
O           -2.86102008514773       -0.60810681021317       -2.58970193214544
H           -2.26333036348077       -0.84511401450757       -3.30353305195148
H           -2.66816312027269        0.32082150907870       -2.37306153786853
12
 energy: -19.109846036680 gnorm: 0.004730028816 xtb: 6.7.1 (edcfbbe)
C           -4.02641868695831        0.61710873631817        0.16432909968283
S           -2.54308964856979        1.71813809193632       -0.04714025007334
H           -3.90364217074423       -0.24597173254887       -0.48167696467109
H           -4.08302535029836        0.33370031718704        1.20786680725684
H           -4.90006211738978        1.18993870823154       -0.12740304675830
C           -1.33495128111267        0.64594846657163        0.55532785173786
H           -1.34209213567484        0.47161461356624        1.61479948068514
O           -2.33781222940033        1.86674208639004       -1.49747398857536
H           -0.39109849848724        0.61491005491504        0.04531295936032
O           -2.85459631765148       -0.61645841282211       -2.60336557059033
H           -2.28104060595186       -0.83331847495285       -3.34412767310795
H           -2.65936440916493        0.30987351614870       -2.37208601170623
12
 energy: -19.109871615547 gnorm: 0.004383547312 xtb: 6.7.1 (edcfbbe)
C           -4.02786633572026        0.61545762089761        0.16588945540019
S           -2.54240835821271        1.71600084531528       -0.04834690944470
H           -3.90197504863194       -0.24980748319811       -0.47540660821078
H           -4.08755949415007        0.33697958432082        1.20978715266514
H           -4.89988127622270        1.18695019691002       -0.13156541933730
C           -1.33709404672917        0.65357663166044        0.57159797630222
H           -1.33491458894727        0.50982272734875        1.63660700463667
O           -2.33224675718949        1.84703183663299       -1.50013753365153
H           -0.39848703184457        0.59494975780786        0.05178151973406
O           -2.85173367718751       -0.62059929130052       -2.62191115322322
H           -2.29123827461598       -0.82040512147220       -3.37054282580774
H           -2.65178856195220        0.30226866601795       -2.37338996582268
12
 energy: -19.109891553883 gnorm: 0.004291618872 xtb: 6.7.1 (edcfbbe)
C           -4.02686052524778        0.61402816920016        0.16454128722135
S           -2.54153234860044        1.71554439153487       -0.05034505232618
H           -3.89481605604582       -0.25643779183500       -0.46890601024552
H           -4.09301351634550        0.34430369446437        1.21074172649721
H           -4.89775301161311        1.18183357571119       -0.14407899899000
C           -1.33794050084006        0.66013056405815        0.58561349991321
H           -1.33504025795110        0.53269867500952        1.65272236460601
O           -2.32432655658609        1.83295735678744       -1.50253936964624
H           -0.40043837303399        0.58892584875132        0.06565913068834
O           -2.84665961428268       -0.62888851721489       -2.62626371220275
H           -2.30943088335786       -0.80432334231168       -3.40300584558992
H           -2.64938180749947        0.29145334678546       -2.36977632668525
12
 energy: -19.109907517256 gnorm: 0.002372221924 xtb: 6.7.1 (edcfbbe)
C           -4.02616827165767        0.61281218996404        0.16092636404831
S           -2.54210927115314        1.71675458694205       -0.04960638337308
H           -3.89243653386106       -0.25592862479834       -0.47484615598576
H           -4.09311611929961        0.34018851243403        1.20645484180426
H           -4.89744139267649        1.18020995749142       -0.14737689065507
C           -1.33756996242984        0.66109576726302        0.58569843294822
H           -1.33343279062992        0.53347045651460        1.65167058711886
O           -2.32252164121663        1.83639513557060       -1.50076559125903
H           -0.40112106398342        0.59001327800935        0.06569936705208
O           -2.84928761512960       -0.62644338221227       -2.62053545344124
H           -2.31504932515565       -0.80810107977159       -3.39663897516368
H           -2.64693946421088        0.29175917353399       -2.36631744985359
12
 energy: -19.109930855664 gnorm: 0.002640854889 xtb: 6.7.1 (edcfbbe)
C           -4.02393304937253        0.60852142893014        0.15201569659105
S           -2.54287383266769        1.71906542848544       -0.04902850217778
H           -3.88249312073311       -0.25957608816910       -0.48330816265283
H           -4.09689800534886        0.33517185215602        1.19701642973323
H           -4.89529183995768        1.17222976525145       -0.16246107551494
C           -1.33765627284672        0.66991057166664        0.59818550921532
H           -1.33121316929096        0.55600208474427        1.66531960591381
O           -2.31172135689414        1.83374943437234       -1.49824629271984
H           -0.40363194838300        0.58779828770126        0.07628048329749
O           -2.85217576631015       -0.62765722478670       -2.61364696228854
H           -2.34434130781381       -0.80917530688776       -3.40725290422821
H           -2.63496378178533        0.28618573747689       -2.36051113192853
12
 energy: -19.109947655782 gnorm: 0.002051351148 xtb: 6.7.1 (edcfbbe)
C           -4.02102725166657        0.60342744856088        0.14123447011660
S           -2.54354500327476        1.72152960492870       -0.04823321881406
H           -3.87179088565031       -0.26229941405448       -0.49539594083010
H           -4.09948615417038        0.32691168570544        1.18480770528768
H           -4.89271638106430        1.16379346473282       -0.17751910211040
C           -1.33813403252947        0.67946591578740        0.61155299140794
H           -1.33005094937874        0.57952904300321        1.68049436611767
O           -2.29849570590920        1.83294201289891       -1.49513558975633
H           -0.40579819070798        0.58740266878499        0.08754405530113
O           -2.85634983744764       -0.62988899906276       -2.60363621487061
H           -2.37643214746915       -0.81304470051508       -3.41343094220591
H           -2.62336691213552        0.28245724017087       -2.35791988640347
12
 energy: -19.109952115980 gnorm: 0.002955726087 xtb: 6.7.1 (edcfbbe)
C           -4.01902263037695        0.60049877193141        0.13522873405478
S           -2.54369996354470        1.72257955047259       -0.04823570096160
H           -3.86440824079741       -0.26528584202606       -0.50010307515069
H           -4.10124717310085        0.32450271205412        1.17868206869457
H           -4.89090495147141        1.15835734675235       -0.18789876633545
C           -1.33897770110767        0.68663496268256        0.62249716905757
H           -1.33163631052838        0.59616192256367        1.69277755643449
O           -2.28893333705276        1.82963006532165       -1.49407345890089
H           -0.40636107578258        0.59002271759850        0.09893614736033
O           -2.85746164129665       -0.63299358443002       -2.60226328014519
H           -2.39997419689595       -0.81493386887581       -3.42640475108354
H           -2.61456622944878        0.27705121689594       -2.35477994978430
12
 energy: -19.109959375463 gnorm: 0.001071520406 xtb: 6.7.1 (edcfbbe)
C           -4.01724442134014        0.59877075319776        0.13007657561656
S           -2.54340129052718        1.72289860141451       -0.04840690967091
H           -3.86116442806950       -0.26458580704567       -0.50779266547874
H           -4.09942034794461        0.31907683162490        1.17241731924303
H           -4.88967800565756        1.15668935744191       -0.19125372277879
C           -1.33950174598697        0.68963706198038        0.62670250139937
H           -1.33425398965872        0.60009472810430        1.69714889382500
O           -2.28233154254372        1.83073568633572       -1.49329259414287
H           -0.40516707293274        0.59617407118956        0.10507555144672
O           -2.85927413548264       -0.63521942442883       -2.59702835015577
H           -2.41086161681156       -0.81861596345469       -3.42329756489974
H           -2.61489485444879        0.27657007458104       -2.35598634116380
12
 energy: -19.109968354360 gnorm: 0.002117463241 xtb: 6.7.1 (edcfbbe)
C           -4.01544547618422        0.59792950730282        0.12731846007887
S           -2.54230903782299        1.72201917555030       -0.05033019699887
H           -3.85792470192394       -0.26666895319639       -0.50847544379383
H           -4.09882650901548        0.32005824464376        1.17018557037048
H           -4.88800437343223        1.15477990958079       -0.19600858291110
C           -1.34001180570664        0.69400487099917        0.63494598309614
H           -1.34001118675837        0.60682814575080        1.70527101463381
O           -2.27542491187360        1.82383713237060       -1.49503277205120
H           -0.40219156162434        0.60454189250868        0.11927407585371
O           -2.85622219252493       -0.64128747019387       -2.59680449553937
H           -2.42621241402580       -0.81580732897931       -3.43618798262861
H           -2.61460928051161        0.27199084460354       -2.35979293687001
12
 energy: -19.109978620433 gnorm: 0.001710461034 xtb: 6.7.1 (edcfbbe)
C           -4.01452228555054        0.59901242953191        0.12879607713144
S           -2.54101514528138        1.72062398880119       -0.05290237456623
H           -3.85931418727323       -0.26727070845761       -0.50523738702305
H           -4.09658213742028        0.32324589411502        1.17243808732692
H           -4.88736006337387        1.15596763564686       -0.19371917478049
C           -1.34001859838429        0.69621851685591        0.63853031470744
H           -1.34882827010754        0.60438485837061        1.70824972788809
O           -2.27385718535827        1.81737084105254       -1.49806617739374
H           -0.39661300837665        0.61623600299708        0.13167631288375
O           -2.85166341750302       -0.64565660582225       -2.60304505218534
H           -2.43402105991289       -0.81551442074398       -3.44916510235464
H           -2.61339809286219        0.26760753859363       -2.36319255839414
12
 energy: -19.109985916031 gnorm: 0.002086062252 xtb: 6.7.1 (edcfbbe)
C           -4.01225870004318        0.59845168299786        0.12731111222747
S           -2.53953011501450        1.72059548162810       -0.05633953888934
H           -3.85704283632892       -0.26807948455498       -0.50662625778950
H           -4.09431749086407        0.32288997756818        1.17099527740217
H           -4.88571222208856        1.15444356494695       -0.19499916753736
C           -1.33976617154384        0.70212503460441        0.64573681725367
H           -1.36066407629647        0.60819016972058        1.71536940484276
O           -2.26868875562234        1.81053150592282       -1.50094623003265
H           -0.38983723813408        0.62914962556414        0.15024604387847
O           -2.84733897734803       -0.65161917707056       -2.60511742841698
H           -2.45561477979536       -0.81550537308697       -3.46526070484494
H           -2.60642208832486        0.26105296270038       -2.36600663485380
12
 energy: -19.109994314668 gnorm: 0.000703027195 xtb: 6.7.1 (edcfbbe)
C           -4.01241310528479        0.59826976011050        0.12790027270037
S           -2.54009033441633        1.72142742557802       -0.05653003881246
H           -3.85690169766948       -0.26790814100948       -0.50655240576377
H           -4.09381793398327        0.32247644190328        1.17153813796198
H           -4.88614568670105        1.15404215811265       -0.19411485825757
C           -1.33991110634374        0.70215610361698        0.64412364820471
H           -1.36087703130990        0.60805856736524        1.71359952063439
O           -2.27038273134625        1.81181329211394       -1.50115690413576
H           -0.39019195748904        0.62850104726149        0.14872978005274
O           -2.84733085488931       -0.65193574641640       -2.60486086044097
H           -2.46175572339104       -0.81168698667412       -3.46725670433380
H           -2.59737528858000        0.25701204897881       -2.36105689456990
12
 energy: -19.110006417125 gnorm: 0.000765948654 xtb: 6.7.1 (edcfbbe)
C           -4.01222974648306        0.59959494404247        0.12816224543840
S           -2.53813273279596        1.72195504967686       -0.05643542520456
H           -3.85740838733179       -0.26582075732753       -0.50760680080672
H           -4.09325649821704        0.32303361878194        1.17152315476579
H           -4.88541770361836        1.15649585351895       -0.19343178463431
C           -1.33959757263164        0.69850947139997        0.64200639638968
H           -1.36222578426814        0.60360879860058        1.71116143129114
O           -2.26877405640369        1.81317628198645       -1.50068198859049
H           -0.38991504862820        0.62161338153137        0.14772139709987
O           -2.83719964880083       -0.65596827481556       -2.59821737248865
H           -2.48372406040442       -0.79698907533095       -3.47661580979944
H           -2.58931221182108        0.25301667887637       -2.35322275022076
12
 energy: -19.110010101954 gnorm: 0.004071236635 xtb: 6.7.1 (edcfbbe)
C           -4.01258589408288        0.60203365337715        0.12919590371010
S           -2.53584665768501        1.72203453327876       -0.05549725037324
H           -3.85962868567350       -0.26286354456231       -0.50762744117549
H           -4.09232338716939        0.32439716088789        1.17220244127299
H           -4.88511501637289        1.16109991450275       -0.19039502161837
C           -1.33914073342503        0.69319622532881        0.63891055258141
H           -1.36229004377676        0.59532174450649        1.70796370815737
O           -2.26904441572513        1.81560369136654       -1.49984684623537
H           -0.39049852860137        0.61160862063474        0.14342046297619
O           -2.82131966170727       -0.66024564975287       -2.58893346407290
H           -2.51765059126144       -0.77793601410020       -3.49285579845875
H           -2.57174983592357        0.24797563547319       -2.34217455352400
12
 energy: -19.110015972997 gnorm: 0.001568627145 xtb: 6.7.1 (edcfbbe)
C           -4.01269084559246        0.60168556324112        0.12924727226725
S           -2.53645655961236        1.72174900992072       -0.05556696275124
H           -3.85955313298669       -0.26358997458146       -0.50696485271909
H           -4.09260337031086        0.32443104328808        1.17240092280814
H           -4.88536541265800        1.16038969751275       -0.19050934004986
C           -1.33930755433248        0.69429438097468        0.63957834541289
H           -1.36172410150524        0.59667666556017        1.70872924550775
O           -2.26956100939084        1.81487871665644       -1.50009249299324
H           -0.39081809731104        0.61352808938749        0.14343178066136
O           -2.82440693624862       -0.65880859173743       -2.59171220107919
H           -2.50984300989274       -0.78256486668414       -3.48898672077369
H           -2.57486342156292        0.24955623740252       -2.34519230305113
12
 energy: -19.110019935125 gnorm: 0.000340359710 xtb: 6.7.1 (edcfbbe)
C           -4.01295636192512        0.60272871344523        0.13015199152754
S           -2.53597037872141        1.72121203194674       -0.05479051718294
H           -3.86063536654852       -0.26284472413903       -0.50581411239861
H           -4.09304044782629        0.32542409456355        1.17338772402754
H           -4.88521720644021        1.16228642080208       -0.18913187095239
C           -1.33954896316517        0.69256590216289        0.63904683201760
H           -1.36039159466053        0.59387657904091        1.70812555716605
O           -2.27013117640870        1.81484800601875       -1.49970751379104
H           -0.39214664750108        0.61062396636482        0.14086624404658
O           -2.81942936182878       -0.65907722429042       -2.59117934943784
H           -2.51659670136214       -0.77916176422294       -3.49196559073936
H           -2.57112924501630        0.24974396924836       -2.34462670104320
