*** Saved NPZ with 8 atoms and 507 gridpoints.
*** Saved human-readable TXT: inp_data.txt
*** Saved NPZ with 3 atoms and 2 gridpoints.
*** Saved human-readable TXT: water_data.txt
Processing grid 0/506...
Processing grid 1/506...
Processing grid 2/506...
Processing grid 3/506...
Processing grid 4/506...
Processing grid 5/506...
Processing grid 6/506...
Processing grid 7/506...
Processing grid 8/506...
Processing grid 9/506...
Processing grid 10/506...
Processing grid 11/506...
Processing grid 12/506...
Processing grid 13/506...
Processing grid 14/506...
Processing grid 15/506...
Processing grid 16/506...
Processing grid 17/506...
Processing grid 18/506...
Processing grid 19/506...
Processing grid 20/506...
Processing grid 21/506...
Processing grid 22/506...
Processing grid 23/506...
Processing grid 24/506...
Processing grid 25/506...
Processing grid 26/506...
Processing grid 27/506...
Processing grid 28/506...
Processing grid 29/506...
Processing grid 30/506...
Processing grid 31/506...
Processing grid 32/506...
Processing grid 33/506...
Processing grid 34/506...
Processing grid 35/506...
Processing grid 36/506...
Processing grid 37/506...
Processing grid 38/506...
Processing grid 39/506...
Processing grid 40/506...
Processing grid 41/506...
Processing grid 42/506...
Processing grid 43/506...
Processing grid 44/506...
Processing grid 45/506...
Processing grid 46/506...
Processing grid 47/506...
Processing grid 48/506...
Processing grid 49/506...
Processing grid 50/506...
Processing grid 51/506...
Processing grid 52/506...
Processing grid 53/506...
Processing grid 54/506...
Processing grid 55/506...
Processing grid 56/506...
Processing grid 57/506...
Processing grid 58/506...
Processing grid 59/506...
Processing grid 60/506...
Processing grid 61/506...
Processing grid 62/506...
Processing grid 63/506...
Processing grid 64/506...
Processing grid 65/506...
Processing grid 66/506...
Processing grid 67/506...
Processing grid 68/506...
Processing grid 69/506...
Processing grid 70/506...
Processing grid 71/506...
Processing grid 72/506...
Processing grid 73/506...
Processing grid 74/506...
Processing grid 75/506...
Processing grid 76/506...
Processing grid 77/506...
Processing grid 78/506...
Processing grid 79/506...
Processing grid 80/506...
Processing grid 81/506...
Processing grid 82/506...
Processing grid 83/506...
Processing grid 84/506...
Processing grid 85/506...
Processing grid 86/506...
Processing grid 87/506...
Processing grid 88/506...
Processing grid 89/506...
Processing grid 90/506...
Processing grid 91/506...
Processing grid 92/506...
Processing grid 93/506...
Processing grid 94/506...
Processing grid 95/506...
Processing grid 96/506...
Processing grid 97/506...
Processing grid 98/506...
Processing grid 99/506...
Processing grid 100/506...
Processing grid 101/506...
Processing grid 102/506...
Processing grid 103/506...
Processing grid 104/506...
Processing grid 105/506...
Processing grid 106/506...
Processing grid 107/506...
Processing grid 108/506...
Processing grid 109/506...
Processing grid 110/506...
Processing grid 111/506...
Processing grid 112/506...
Processing grid 113/506...
Processing grid 114/506...
Processing grid 115/506...
Processing grid 116/506...
Processing grid 117/506...
Processing grid 118/506...
Processing grid 119/506...
Processing grid 120/506...
Processing grid 121/506...
Processing grid 122/506...
Processing grid 123/506...
Processing grid 124/506...
Processing grid 125/506...
Processing grid 126/506...
Processing grid 127/506...
Processing grid 128/506...
Processing grid 129/506...
Processing grid 130/506...
Processing grid 131/506...
Processing grid 132/506...
Processing grid 133/506...
Processing grid 134/506...
Processing grid 135/506...
Processing grid 136/506...
Processing grid 137/506...
Processing grid 138/506...
Processing grid 139/506...
Processing grid 140/506...
Processing grid 141/506...
Processing grid 142/506...
Processing grid 143/506...
Processing grid 144/506...
Processing grid 145/506...
Processing grid 146/506...
Processing grid 147/506...
Processing grid 148/506...
Processing grid 149/506...
Processing grid 150/506...
Processing grid 151/506...
Processing grid 152/506...
Processing grid 153/506...
Processing grid 154/506...
Processing grid 155/506...
Processing grid 156/506...
Processing grid 157/506...
Processing grid 158/506...
Processing grid 159/506...
Processing grid 160/506...
Processing grid 161/506...
Processing grid 162/506...
Processing grid 163/506...
Processing grid 164/506...
Processing grid 165/506...
Processing grid 166/506...
Processing grid 167/506...
Processing grid 168/506...
Processing grid 169/506...
Processing grid 170/506...
Processing grid 171/506...
Processing grid 172/506...
Processing grid 173/506...
Processing grid 174/506...
Processing grid 175/506...
Processing grid 176/506...
Processing grid 177/506...
Processing grid 178/506...
Processing grid 179/506...
Processing grid 180/506...
Processing grid 181/506...
Processing grid 182/506...
Processing grid 183/506...
Processing grid 184/506...
Processing grid 185/506...
Processing grid 186/506...
Processing grid 187/506...
Processing grid 188/506...
Processing grid 189/506...
Processing grid 190/506...
Processing grid 191/506...
Processing grid 192/506...
Processing grid 193/506...
Processing grid 194/506...
Processing grid 195/506...
Processing grid 196/506...
Processing grid 197/506...
Processing grid 198/506...
Processing grid 199/506...
Processing grid 200/506...
Processing grid 201/506...
Processing grid 202/506...
Processing grid 203/506...
Processing grid 204/506...
Processing grid 205/506...
Processing grid 206/506...
Processing grid 207/506...
Processing grid 208/506...
Processing grid 209/506...
Processing grid 210/506...
Processing grid 211/506...
Processing grid 212/506...
Processing grid 213/506...
Processing grid 214/506...
Processing grid 215/506...
Processing grid 216/506...
Processing grid 217/506...
Processing grid 218/506...
Processing grid 219/506...
Processing grid 220/506...
Processing grid 221/506...
Processing grid 222/506...
Processing grid 223/506...
Processing grid 224/506...
Processing grid 225/506...
Processing grid 226/506...
Processing grid 227/506...
Processing grid 228/506...
Processing grid 229/506...
Processing grid 230/506...
Processing grid 231/506...
Processing grid 232/506...
Processing grid 233/506...
Processing grid 234/506...
Processing grid 235/506...
Processing grid 236/506...
Processing grid 237/506...
Processing grid 238/506...
Processing grid 239/506...
Processing grid 240/506...
Processing grid 241/506...
Processing grid 242/506...
Processing grid 243/506...
Processing grid 244/506...
Processing grid 245/506...
Processing grid 246/506...
Processing grid 247/506...
Processing grid 248/506...
Processing grid 249/506...
Processing grid 250/506...
Processing grid 251/506...
Processing grid 252/506...
Processing grid 253/506...
Processing grid 254/506...
Processing grid 255/506...
Processing grid 256/506...
Processing grid 257/506...
Processing grid 258/506...
Processing grid 259/506...
Processing grid 260/506...
Processing grid 261/506...
Processing grid 262/506...
Processing grid 263/506...
Processing grid 264/506...
Processing grid 265/506...
Processing grid 266/506...
Processing grid 267/506...
Processing grid 268/506...
Processing grid 269/506...
Processing grid 270/506...
Processing grid 271/506...
Processing grid 272/506...
Processing grid 273/506...
Processing grid 274/506...
Processing grid 275/506...
Processing grid 276/506...
Processing grid 277/506...
Processing grid 278/506...
Processing grid 279/506...
Processing grid 280/506...
Processing grid 281/506...
Processing grid 282/506...
Processing grid 283/506...
Processing grid 284/506...
Processing grid 285/506...
Processing grid 286/506...
Processing grid 287/506...
Processing grid 288/506...
Processing grid 289/506...
Processing grid 290/506...
Processing grid 291/506...
Processing grid 292/506...
Processing grid 293/506...
Processing grid 294/506...
Processing grid 295/506...
Processing grid 296/506...
Processing grid 297/506...
Processing grid 298/506...
Processing grid 299/506...
Processing grid 300/506...
Processing grid 301/506...
Processing grid 302/506...
Processing grid 303/506...
Processing grid 304/506...
Processing grid 305/506...
Processing grid 306/506...
Processing grid 307/506...
Processing grid 308/506...
Processing grid 309/506...
Processing grid 310/506...
Processing grid 311/506...
Processing grid 312/506...
Processing grid 313/506...
Processing grid 314/506...
Processing grid 315/506...
Processing grid 316/506...
Processing grid 317/506...
Processing grid 318/506...
Processing grid 319/506...
Processing grid 320/506...
Processing grid 321/506...
Processing grid 322/506...
Processing grid 323/506...
Processing grid 324/506...
Processing grid 325/506...
Processing grid 326/506...
Processing grid 327/506...
Processing grid 328/506...
Processing grid 329/506...
Processing grid 330/506...
Processing grid 331/506...
Processing grid 332/506...
Processing grid 333/506...
Processing grid 334/506...
Processing grid 335/506...
Processing grid 336/506...
Processing grid 337/506...
Processing grid 338/506...
Processing grid 339/506...
Processing grid 340/506...
Processing grid 341/506...
Processing grid 342/506...
Processing grid 343/506...
Processing grid 344/506...
Processing grid 345/506...
Processing grid 346/506...
Processing grid 347/506...
Processing grid 348/506...
Processing grid 349/506...
Processing grid 350/506...
Processing grid 351/506...
Processing grid 352/506...
Processing grid 353/506...
Processing grid 354/506...
Processing grid 355/506...
Processing grid 356/506...
Processing grid 357/506...
Processing grid 358/506...
Processing grid 359/506...
Processing grid 360/506...
Processing grid 361/506...
Processing grid 362/506...
Processing grid 363/506...
Processing grid 364/506...
Processing grid 365/506...
Processing grid 366/506...
Processing grid 367/506...
Processing grid 368/506...
Processing grid 369/506...
Processing grid 370/506...
Processing grid 371/506...
Processing grid 372/506...
Processing grid 373/506...
Processing grid 374/506...
Processing grid 375/506...
Processing grid 376/506...
Processing grid 377/506...
Processing grid 378/506...
Processing grid 379/506...
Processing grid 380/506...
Processing grid 381/506...
Processing grid 382/506...
Processing grid 383/506...
Processing grid 384/506...
Processing grid 385/506...
Processing grid 386/506...
Processing grid 387/506...
Processing grid 388/506...
Processing grid 389/506...
Processing grid 390/506...
Processing grid 391/506...
Processing grid 392/506...
Processing grid 393/506...
Processing grid 394/506...
Processing grid 395/506...
Processing grid 396/506...
Processing grid 397/506...
Processing grid 398/506...
Processing grid 399/506...
Processing grid 400/506...
Processing grid 401/506...
Processing grid 402/506...
Processing grid 403/506...
Processing grid 404/506...
Processing grid 405/506...
Processing grid 406/506...
Processing grid 407/506...
Processing grid 408/506...
Processing grid 409/506...
Processing grid 410/506...
Processing grid 411/506...
Processing grid 412/506...
Processing grid 413/506...
Processing grid 414/506...
Processing grid 415/506...
Processing grid 416/506...
Processing grid 417/506...
Processing grid 418/506...
Processing grid 419/506...
Processing grid 420/506...
Processing grid 421/506...
Processing grid 422/506...
Processing grid 423/506...
Processing grid 424/506...
Processing grid 425/506...
Processing grid 426/506...
Processing grid 427/506...
Processing grid 428/506...
Processing grid 429/506...
Processing grid 430/506...
Processing grid 431/506...
Processing grid 432/506...
Processing grid 433/506...
Processing grid 434/506...
Processing grid 435/506...
Processing grid 436/506...
Processing grid 437/506...
Processing grid 438/506...
Processing grid 439/506...
Processing grid 440/506...
Processing grid 441/506...
Processing grid 442/506...
Processing grid 443/506...
Processing grid 444/506...
Processing grid 445/506...
Processing grid 446/506...
Processing grid 447/506...
Processing grid 448/506...
Processing grid 449/506...
Processing grid 450/506...
Processing grid 451/506...
Processing grid 452/506...
Processing grid 453/506...
Processing grid 454/506...
Processing grid 455/506...
Processing grid 456/506...
Processing grid 457/506...
Processing grid 458/506...
Processing grid 459/506...
Processing grid 460/506...
Processing grid 461/506...
Processing grid 462/506...
Processing grid 463/506...
Processing grid 464/506...
Processing grid 465/506...
Processing grid 466/506...
Processing grid 467/506...
Processing grid 468/506...
Processing grid 469/506...
Processing grid 470/506...
Processing grid 471/506...
Processing grid 472/506...
Processing grid 473/506...
Processing grid 474/506...
Processing grid 475/506...
Processing grid 476/506...
Processing grid 477/506...
Processing grid 478/506...
Processing grid 479/506...
Processing grid 480/506...
Processing grid 481/506...
Processing grid 482/506...
Processing grid 483/506...
Processing grid 484/506...
Processing grid 485/506...
Processing grid 486/506...
Processing grid 487/506...
Processing grid 488/506...
Processing grid 489/506...
Processing grid 490/506...
Processing grid 491/506...
Processing grid 492/506...
Processing grid 493/506...
Processing grid 494/506...
Processing grid 495/506...
Processing grid 496/506...
Processing grid 497/506...
Processing grid 498/506...
Processing grid 499/506...
Processing grid 500/506...
Processing grid 501/506...
Processing grid 502/506...
Processing grid 503/506...
Processing grid 504/506...
Processing grid 505/506...
Processing grid 506/506...
*** Saved all SP results to /home/altraj24/files/ethanethiol/molalign/OUT/tb_lite_results_shiftn0p3.json
Processing grid 0/506...
Processing grid 1/506...
Processing grid 2/506...
Processing grid 3/506...
Processing grid 4/506...
Processing grid 5/506...
Processing grid 6/506...
Processing grid 7/506...
Processing grid 8/506...
Processing grid 9/506...
Processing grid 10/506...
Processing grid 11/506...
Processing grid 12/506...
Processing grid 13/506...
Processing grid 14/506...
Processing grid 15/506...
Processing grid 16/506...
Processing grid 17/506...
Processing grid 18/506...
Processing grid 19/506...
Processing grid 20/506...
Processing grid 21/506...
Processing grid 22/506...
Processing grid 23/506...
Processing grid 24/506...
Processing grid 25/506...
Processing grid 26/506...
Processing grid 27/506...
Processing grid 28/506...
Processing grid 29/506...
Processing grid 30/506...
Processing grid 31/506...
Processing grid 32/506...
Processing grid 33/506...
Processing grid 34/506...
Processing grid 35/506...
Processing grid 36/506...
Processing grid 37/506...
Processing grid 38/506...
Processing grid 39/506...
Processing grid 40/506...
Processing grid 41/506...
Processing grid 42/506...
Processing grid 43/506...
Processing grid 44/506...
Processing grid 45/506...
Processing grid 46/506...
Processing grid 47/506...
Processing grid 48/506...
Processing grid 49/506...
Processing grid 50/506...
Processing grid 51/506...
Processing grid 52/506...
Processing grid 53/506...
Processing grid 54/506...
Processing grid 55/506...
Processing grid 56/506...
Processing grid 57/506...
Processing grid 58/506...
Processing grid 59/506...
Processing grid 60/506...
Processing grid 61/506...
Processing grid 62/506...
Processing grid 63/506...
Processing grid 64/506...
Processing grid 65/506...
Processing grid 66/506...
Processing grid 67/506...
Processing grid 68/506...
Processing grid 69/506...
Processing grid 70/506...
Processing grid 71/506...
Processing grid 72/506...
Processing grid 73/506...
Processing grid 74/506...
Processing grid 75/506...
Processing grid 76/506...
Processing grid 77/506...
Processing grid 78/506...
Processing grid 79/506...
Processing grid 80/506...
Processing grid 81/506...
Processing grid 82/506...
Processing grid 83/506...
Processing grid 84/506...
Processing grid 85/506...
Processing grid 86/506...
Processing grid 87/506...
Processing grid 88/506...
Processing grid 89/506...
Processing grid 90/506...
Processing grid 91/506...
Processing grid 92/506...
Processing grid 93/506...
Processing grid 94/506...
Processing grid 95/506...
Processing grid 96/506...
Processing grid 97/506...
Processing grid 98/506...
Processing grid 99/506...
Processing grid 100/506...
Processing grid 101/506...
Processing grid 102/506...
Processing grid 103/506...
Processing grid 104/506...
Processing grid 105/506...
Processing grid 106/506...
Processing grid 107/506...
Processing grid 108/506...
Processing grid 109/506...
Processing grid 110/506...
Processing grid 111/506...
Processing grid 112/506...
Processing grid 113/506...
Processing grid 114/506...
Processing grid 115/506...
Processing grid 116/506...
Processing grid 117/506...
Processing grid 118/506...
Processing grid 119/506...
Processing grid 120/506...
Processing grid 121/506...
Processing grid 122/506...
Processing grid 123/506...
Processing grid 124/506...
Processing grid 125/506...
Processing grid 126/506...
Processing grid 127/506...
Processing grid 128/506...
Processing grid 129/506...
Processing grid 130/506...
Processing grid 131/506...
Processing grid 132/506...
Processing grid 133/506...
Processing grid 134/506...
Processing grid 135/506...
Processing grid 136/506...
Processing grid 137/506...
Processing grid 138/506...
Processing grid 139/506...
Processing grid 140/506...
Processing grid 141/506...
Processing grid 142/506...
Processing grid 143/506...
Processing grid 144/506...
Processing grid 145/506...
Processing grid 146/506...
Processing grid 147/506...
Processing grid 148/506...
Processing grid 149/506...
Processing grid 150/506...
Processing grid 151/506...
Processing grid 152/506...
Processing grid 153/506...
Processing grid 154/506...
Processing grid 155/506...
Processing grid 156/506...
Processing grid 157/506...
Processing grid 158/506...
Processing grid 159/506...
Processing grid 160/506...
Processing grid 161/506...
Processing grid 162/506...
Processing grid 163/506...
Processing grid 164/506...
Processing grid 165/506...
Processing grid 166/506...
Processing grid 167/506...
Processing grid 168/506...
Processing grid 169/506...
Processing grid 170/506...
Processing grid 171/506...
Processing grid 172/506...
Processing grid 173/506...
Processing grid 174/506...
Processing grid 175/506...
Processing grid 176/506...
Processing grid 177/506...
Processing grid 178/506...
Processing grid 179/506...
Processing grid 180/506...
Processing grid 181/506...
Processing grid 182/506...
Processing grid 183/506...
Processing grid 184/506...
Processing grid 185/506...
Processing grid 186/506...
Processing grid 187/506...
Processing grid 188/506...
Processing grid 189/506...
Processing grid 190/506...
Processing grid 191/506...
Processing grid 192/506...
Processing grid 193/506...
Processing grid 194/506...
Processing grid 195/506...
Processing grid 196/506...
Processing grid 197/506...
Processing grid 198/506...
Processing grid 199/506...
Processing grid 200/506...
Processing grid 201/506...
Processing grid 202/506...
Processing grid 203/506...
Processing grid 204/506...
Processing grid 205/506...
Processing grid 206/506...
Processing grid 207/506...
Processing grid 208/506...
Processing grid 209/506...
Processing grid 210/506...
Processing grid 211/506...
Processing grid 212/506...
Processing grid 213/506...
Processing grid 214/506...
Processing grid 215/506...
Processing grid 216/506...
Processing grid 217/506...
Processing grid 218/506...
Processing grid 219/506...
Processing grid 220/506...
Processing grid 221/506...
Processing grid 222/506...
Processing grid 223/506...
Processing grid 224/506...
Processing grid 225/506...
Processing grid 226/506...
Processing grid 227/506...
Processing grid 228/506...
Processing grid 229/506...
Processing grid 230/506...
Processing grid 231/506...
Processing grid 232/506...
Processing grid 233/506...
Processing grid 234/506...
Processing grid 235/506...
Processing grid 236/506...
Processing grid 237/506...
Processing grid 238/506...
Processing grid 239/506...
Processing grid 240/506...
Processing grid 241/506...
Processing grid 242/506...
Processing grid 243/506...
Processing grid 244/506...
Processing grid 245/506...
Processing grid 246/506...
Processing grid 247/506...
Processing grid 248/506...
Processing grid 249/506...
Processing grid 250/506...
Processing grid 251/506...
Processing grid 252/506...
Processing grid 253/506...
Processing grid 254/506...
Processing grid 255/506...
Processing grid 256/506...
Processing grid 257/506...
Processing grid 258/506...
Processing grid 259/506...
Processing grid 260/506...
Processing grid 261/506...
Processing grid 262/506...
Processing grid 263/506...
Processing grid 264/506...
Processing grid 265/506...
Processing grid 266/506...
Processing grid 267/506...
Processing grid 268/506...
Processing grid 269/506...
Processing grid 270/506...
Processing grid 271/506...
Processing grid 272/506...
Processing grid 273/506...
Processing grid 274/506...
Processing grid 275/506...
Processing grid 276/506...
Processing grid 277/506...
Processing grid 278/506...
Processing grid 279/506...
Processing grid 280/506...
Processing grid 281/506...
Processing grid 282/506...
Processing grid 283/506...
Processing grid 284/506...
Processing grid 285/506...
Processing grid 286/506...
Processing grid 287/506...
Processing grid 288/506...
Processing grid 289/506...
Processing grid 290/506...
Processing grid 291/506...
Processing grid 292/506...
Processing grid 293/506...
Processing grid 294/506...
Processing grid 295/506...
Processing grid 296/506...
Processing grid 297/506...
Processing grid 298/506...
Processing grid 299/506...
Processing grid 300/506...
Processing grid 301/506...
Processing grid 302/506...
Processing grid 303/506...
Processing grid 304/506...
Processing grid 305/506...
Processing grid 306/506...
Processing grid 307/506...
Processing grid 308/506...
Processing grid 309/506...
Processing grid 310/506...
Processing grid 311/506...
Processing grid 312/506...
Processing grid 313/506...
Processing grid 314/506...
Processing grid 315/506...
Processing grid 316/506...
Processing grid 317/506...
Processing grid 318/506...
Processing grid 319/506...
Processing grid 320/506...
Processing grid 321/506...
Processing grid 322/506...
Processing grid 323/506...
Processing grid 324/506...
Processing grid 325/506...
Processing grid 326/506...
Processing grid 327/506...
Processing grid 328/506...
Processing grid 329/506...
Processing grid 330/506...
Processing grid 331/506...
Processing grid 332/506...
Processing grid 333/506...
Processing grid 334/506...
Processing grid 335/506...
Processing grid 336/506...
Processing grid 337/506...
Processing grid 338/506...
Processing grid 339/506...
Processing grid 340/506...
Processing grid 341/506...
Processing grid 342/506...
Processing grid 343/506...
Processing grid 344/506...
Processing grid 345/506...
Processing grid 346/506...
Processing grid 347/506...
Processing grid 348/506...
Processing grid 349/506...
Processing grid 350/506...
Processing grid 351/506...
Processing grid 352/506...
Processing grid 353/506...
Processing grid 354/506...
Processing grid 355/506...
Processing grid 356/506...
Processing grid 357/506...
Processing grid 358/506...
Processing grid 359/506...
Processing grid 360/506...
Processing grid 361/506...
Processing grid 362/506...
Processing grid 363/506...
Processing grid 364/506...
Processing grid 365/506...
Processing grid 366/506...
Processing grid 367/506...
Processing grid 368/506...
Processing grid 369/506...
Processing grid 370/506...
Processing grid 371/506...
Processing grid 372/506...
Processing grid 373/506...
Processing grid 374/506...
Processing grid 375/506...
Processing grid 376/506...
Processing grid 377/506...
Processing grid 378/506...
Processing grid 379/506...
Processing grid 380/506...
Processing grid 381/506...
Processing grid 382/506...
Processing grid 383/506...
Processing grid 384/506...
Processing grid 385/506...
Processing grid 386/506...
Processing grid 387/506...
Processing grid 388/506...
Processing grid 389/506...
Processing grid 390/506...
Processing grid 391/506...
Processing grid 392/506...
Processing grid 393/506...
Processing grid 394/506...
Processing grid 395/506...
Processing grid 396/506...
Processing grid 397/506...
Processing grid 398/506...
Processing grid 399/506...
Processing grid 400/506...
Processing grid 401/506...
Processing grid 402/506...
Processing grid 403/506...
Processing grid 404/506...
Processing grid 405/506...
Processing grid 406/506...
Processing grid 407/506...
Processing grid 408/506...
Processing grid 409/506...
Processing grid 410/506...
Processing grid 411/506...
Processing grid 412/506...
Processing grid 413/506...
Processing grid 414/506...
Processing grid 415/506...
Processing grid 416/506...
Processing grid 417/506...
Processing grid 418/506...
Processing grid 419/506...
Processing grid 420/506...
Processing grid 421/506...
Processing grid 422/506...
Processing grid 423/506...
Processing grid 424/506...
Processing grid 425/506...
Processing grid 426/506...
Processing grid 427/506...
Processing grid 428/506...
Processing grid 429/506...
Processing grid 430/506...
Processing grid 431/506...
Processing grid 432/506...
Processing grid 433/506...
Processing grid 434/506...
Processing grid 435/506...
Processing grid 436/506...
Processing grid 437/506...
Processing grid 438/506...
Processing grid 439/506...
Processing grid 440/506...
Processing grid 441/506...
Processing grid 442/506...
Processing grid 443/506...
Processing grid 444/506...
Processing grid 445/506...
Processing grid 446/506...
Processing grid 447/506...
Processing grid 448/506...
Processing grid 449/506...
Processing grid 450/506...
Processing grid 451/506...
Processing grid 452/506...
Processing grid 453/506...
Processing grid 454/506...
Processing grid 455/506...
Processing grid 456/506...
Processing grid 457/506...
Processing grid 458/506...
Processing grid 459/506...
Processing grid 460/506...
Processing grid 461/506...
Processing grid 462/506...
Processing grid 463/506...
Processing grid 464/506...
Processing grid 465/506...
Processing grid 466/506...
Processing grid 467/506...
Processing grid 468/506...
Processing grid 469/506...
Processing grid 470/506...
Processing grid 471/506...
Processing grid 472/506...
Processing grid 473/506...
Processing grid 474/506...
Processing grid 475/506...
Processing grid 476/506...
Processing grid 477/506...
Processing grid 478/506...
Processing grid 479/506...
Processing grid 480/506...
Processing grid 481/506...
Processing grid 482/506...
Processing grid 483/506...
Processing grid 484/506...
Processing grid 485/506...
Processing grid 486/506...
Processing grid 487/506...
Processing grid 488/506...
Processing grid 489/506...
Processing grid 490/506...
Processing grid 491/506...
Processing grid 492/506...
Processing grid 493/506...
Processing grid 494/506...
Processing grid 495/506...
Processing grid 496/506...
Processing grid 497/506...
Processing grid 498/506...
Processing grid 499/506...
Processing grid 500/506...
Processing grid 501/506...
Processing grid 502/506...
Processing grid 503/506...
Processing grid 504/506...
Processing grid 505/506...
Processing grid 506/506...
*** Saved all SP results to /home/altraj24/files/ethanethiol/molalign/OUT/tb_lite_results_shiftn0p25.json
Processing grid 0/506...
Processing grid 1/506...
Processing grid 2/506...
Processing grid 3/506...
Processing grid 4/506...
Processing grid 5/506...
Processing grid 6/506...
Processing grid 7/506...
Processing grid 8/506...
Processing grid 9/506...
Processing grid 10/506...
Processing grid 11/506...
Processing grid 12/506...
Processing grid 13/506...
Processing grid 14/506...
Processing grid 15/506...
Processing grid 16/506...
Processing grid 17/506...
Processing grid 18/506...
Processing grid 19/506...
Processing grid 20/506...
Processing grid 21/506...
Processing grid 22/506...
Processing grid 23/506...
Processing grid 24/506...
Processing grid 25/506...
Processing grid 26/506...
Processing grid 27/506...
Processing grid 28/506...
Processing grid 29/506...
Processing grid 30/506...
Processing grid 31/506...
Processing grid 32/506...
Processing grid 33/506...
Processing grid 34/506...
Processing grid 35/506...
Processing grid 36/506...
Processing grid 37/506...
Processing grid 38/506...
Processing grid 39/506...
Processing grid 40/506...
Processing grid 41/506...
Processing grid 42/506...
Processing grid 43/506...
Processing grid 44/506...
Processing grid 45/506...
Processing grid 46/506...
Processing grid 47/506...
Processing grid 48/506...
Processing grid 49/506...
Processing grid 50/506...
Processing grid 51/506...
Processing grid 52/506...
Processing grid 53/506...
Processing grid 54/506...
Processing grid 55/506...
Processing grid 56/506...
Processing grid 57/506...
Processing grid 58/506...
Processing grid 59/506...
Processing grid 60/506...
Processing grid 61/506...
Processing grid 62/506...
Processing grid 63/506...
Processing grid 64/506...
Processing grid 65/506...
Processing grid 66/506...
Processing grid 67/506...
Processing grid 68/506...
Processing grid 69/506...
Processing grid 70/506...
Processing grid 71/506...
Processing grid 72/506...
Processing grid 73/506...
Processing grid 74/506...
Processing grid 75/506...
Processing grid 76/506...
Processing grid 77/506...
Processing grid 78/506...
Processing grid 79/506...
Processing grid 80/506...
Processing grid 81/506...
Processing grid 82/506...
Processing grid 83/506...
Processing grid 84/506...
Processing grid 85/506...
Processing grid 86/506...
Processing grid 87/506...
Processing grid 88/506...
Processing grid 89/506...
Processing grid 90/506...
Processing grid 91/506...
Processing grid 92/506...
Processing grid 93/506...
Processing grid 94/506...
Processing grid 95/506...
Processing grid 96/506...
Processing grid 97/506...
Processing grid 98/506...
Processing grid 99/506...
Processing grid 100/506...
Processing grid 101/506...
Processing grid 102/506...
Processing grid 103/506...
Processing grid 104/506...
Processing grid 105/506...
Processing grid 106/506...
Processing grid 107/506...
Processing grid 108/506...
Processing grid 109/506...
Processing grid 110/506...
Processing grid 111/506...
Processing grid 112/506...
Processing grid 113/506...
Processing grid 114/506...
Processing grid 115/506...
Processing grid 116/506...
Processing grid 117/506...
Processing grid 118/506...
Processing grid 119/506...
Processing grid 120/506...
Processing grid 121/506...
Processing grid 122/506...
Processing grid 123/506...
Processing grid 124/506...
Processing grid 125/506...
Processing grid 126/506...
Processing grid 127/506...
Processing grid 128/506...
Processing grid 129/506...
Processing grid 130/506...
Processing grid 131/506...
Processing grid 132/506...
Processing grid 133/506...
Processing grid 134/506...
Processing grid 135/506...
Processing grid 136/506...
Processing grid 137/506...
Processing grid 138/506...
Processing grid 139/506...
Processing grid 140/506...
Processing grid 141/506...
Processing grid 142/506...
Processing grid 143/506...
Processing grid 144/506...
Processing grid 145/506...
Processing grid 146/506...
Processing grid 147/506...
Processing grid 148/506...
Processing grid 149/506...
Processing grid 150/506...
Processing grid 151/506...
Processing grid 152/506...
Processing grid 153/506...
Processing grid 154/506...
Processing grid 155/506...
Processing grid 156/506...
Processing grid 157/506...
Processing grid 158/506...
Processing grid 159/506...
Processing grid 160/506...
Processing grid 161/506...
Processing grid 162/506...
Processing grid 163/506...
Processing grid 164/506...
Processing grid 165/506...
Processing grid 166/506...
Processing grid 167/506...
Processing grid 168/506...
Processing grid 169/506...
Processing grid 170/506...
Processing grid 171/506...
Processing grid 172/506...
Processing grid 173/506...
Processing grid 174/506...
Processing grid 175/506...
Processing grid 176/506...
Processing grid 177/506...
Processing grid 178/506...
Processing grid 179/506...
Processing grid 180/506...
Processing grid 181/506...
Processing grid 182/506...
Processing grid 183/506...
Processing grid 184/506...
Processing grid 185/506...
Processing grid 186/506...
Processing grid 187/506...
Processing grid 188/506...
Processing grid 189/506...
Processing grid 190/506...
Processing grid 191/506...
Processing grid 192/506...
Processing grid 193/506...
Processing grid 194/506...
Processing grid 195/506...
Processing grid 196/506...
Processing grid 197/506...
Processing grid 198/506...
Processing grid 199/506...
Processing grid 200/506...
Processing grid 201/506...
Processing grid 202/506...
Processing grid 203/506...
Processing grid 204/506...
Processing grid 205/506...
Processing grid 206/506...
Processing grid 207/506...
Processing grid 208/506...
Processing grid 209/506...
Processing grid 210/506...
Processing grid 211/506...
Processing grid 212/506...
Processing grid 213/506...
Processing grid 214/506...
Processing grid 215/506...
Processing grid 216/506...
Processing grid 217/506...
Processing grid 218/506...
Processing grid 219/506...
Processing grid 220/506...
Processing grid 221/506...
Processing grid 222/506...
Processing grid 223/506...
Processing grid 224/506...
Processing grid 225/506...
Processing grid 226/506...
Processing grid 227/506...
Processing grid 228/506...
Processing grid 229/506...
Processing grid 230/506...
Processing grid 231/506...
Processing grid 232/506...
Processing grid 233/506...
Processing grid 234/506...
Processing grid 235/506...
Processing grid 236/506...
Processing grid 237/506...
Processing grid 238/506...
Processing grid 239/506...
Processing grid 240/506...
Processing grid 241/506...
Processing grid 242/506...
Processing grid 243/506...
Processing grid 244/506...
Processing grid 245/506...
Processing grid 246/506...
Processing grid 247/506...
Processing grid 248/506...
Processing grid 249/506...
Processing grid 250/506...
Processing grid 251/506...
Processing grid 252/506...
Processing grid 253/506...
Processing grid 254/506...
Processing grid 255/506...
Processing grid 256/506...
Processing grid 257/506...
Processing grid 258/506...
Processing grid 259/506...
Processing grid 260/506...
Processing grid 261/506...
Processing grid 262/506...
Processing grid 263/506...
Processing grid 264/506...
Processing grid 265/506...
Processing grid 266/506...
Processing grid 267/506...
Processing grid 268/506...
Processing grid 269/506...
Processing grid 270/506...
Processing grid 271/506...
Processing grid 272/506...
Processing grid 273/506...
Processing grid 274/506...
Processing grid 275/506...
Processing grid 276/506...
Processing grid 277/506...
Processing grid 278/506...
Processing grid 279/506...
Processing grid 280/506...
Processing grid 281/506...
Processing grid 282/506...
Processing grid 283/506...
Processing grid 284/506...
Processing grid 285/506...
Processing grid 286/506...
Processing grid 287/506...
Processing grid 288/506...
Processing grid 289/506...
Processing grid 290/506...
Processing grid 291/506...
Processing grid 292/506...
Processing grid 293/506...
Processing grid 294/506...
Processing grid 295/506...
Processing grid 296/506...
Processing grid 297/506...
Processing grid 298/506...
Processing grid 299/506...
Processing grid 300/506...
Processing grid 301/506...
Processing grid 302/506...
Processing grid 303/506...
Processing grid 304/506...
Processing grid 305/506...
Processing grid 306/506...
Processing grid 307/506...
Processing grid 308/506...
Processing grid 309/506...
Processing grid 310/506...
Processing grid 311/506...
Processing grid 312/506...
Processing grid 313/506...
Processing grid 314/506...
Processing grid 315/506...
Processing grid 316/506...
Processing grid 317/506...
Processing grid 318/506...
Processing grid 319/506...
Processing grid 320/506...
Processing grid 321/506...
Processing grid 322/506...
Processing grid 323/506...
Processing grid 324/506...
Processing grid 325/506...
Processing grid 326/506...
Processing grid 327/506...
Processing grid 328/506...
Processing grid 329/506...
Processing grid 330/506...
Processing grid 331/506...
Processing grid 332/506...
Processing grid 333/506...
Processing grid 334/506...
Processing grid 335/506...
Processing grid 336/506...
Processing grid 337/506...
Processing grid 338/506...
Processing grid 339/506...
Processing grid 340/506...
Processing grid 341/506...
Processing grid 342/506...
Processing grid 343/506...
Processing grid 344/506...
Processing grid 345/506...
Processing grid 346/506...
Processing grid 347/506...
Processing grid 348/506...
Processing grid 349/506...
Processing grid 350/506...
Processing grid 351/506...
Processing grid 352/506...
Processing grid 353/506...
Processing grid 354/506...
Processing grid 355/506...
Processing grid 356/506...
Processing grid 357/506...
Processing grid 358/506...
Processing grid 359/506...
Processing grid 360/506...
Processing grid 361/506...
Processing grid 362/506...
Processing grid 363/506...
Processing grid 364/506...
Processing grid 365/506...
Processing grid 366/506...
Processing grid 367/506...
Processing grid 368/506...
Processing grid 369/506...
Processing grid 370/506...
Processing grid 371/506...
Processing grid 372/506...
Processing grid 373/506...
Processing grid 374/506...
Processing grid 375/506...
Processing grid 376/506...
Processing grid 377/506...
Processing grid 378/506...
Processing grid 379/506...
Processing grid 380/506...
Processing grid 381/506...
Processing grid 382/506...
Processing grid 383/506...
Processing grid 384/506...
Processing grid 385/506...
Processing grid 386/506...
Processing grid 387/506...
Processing grid 388/506...
Processing grid 389/506...
Processing grid 390/506...
Processing grid 391/506...
Processing grid 392/506...
Processing grid 393/506...
Processing grid 394/506...
Processing grid 395/506...
Processing grid 396/506...
Processing grid 397/506...
Processing grid 398/506...
Processing grid 399/506...
Processing grid 400/506...
Processing grid 401/506...
Processing grid 402/506...
Processing grid 403/506...
Processing grid 404/506...
Processing grid 405/506...
Processing grid 406/506...
Processing grid 407/506...
Processing grid 408/506...
Processing grid 409/506...
Processing grid 410/506...
Processing grid 411/506...
Processing grid 412/506...
Processing grid 413/506...
Processing grid 414/506...
Processing grid 415/506...
Processing grid 416/506...
Processing grid 417/506...
Processing grid 418/506...
Processing grid 419/506...
Processing grid 420/506...
Processing grid 421/506...
Processing grid 422/506...
Processing grid 423/506...
Processing grid 424/506...
Processing grid 425/506...
Processing grid 426/506...
Processing grid 427/506...
Processing grid 428/506...
Processing grid 429/506...
Processing grid 430/506...
Processing grid 431/506...
Processing grid 432/506...
Processing grid 433/506...
Processing grid 434/506...
Processing grid 435/506...
Processing grid 436/506...
Processing grid 437/506...
Processing grid 438/506...
Processing grid 439/506...
Processing grid 440/506...
Processing grid 441/506...
Processing grid 442/506...
Processing grid 443/506...
Processing grid 444/506...
Processing grid 445/506...
Processing grid 446/506...
Processing grid 447/506...
Processing grid 448/506...
Processing grid 449/506...
Processing grid 450/506...
Processing grid 451/506...
Processing grid 452/506...
Processing grid 453/506...
Processing grid 454/506...
Processing grid 455/506...
Processing grid 456/506...
Processing grid 457/506...
Processing grid 458/506...
Processing grid 459/506...
Processing grid 460/506...
Processing grid 461/506...
Processing grid 462/506...
Processing grid 463/506...
Processing grid 464/506...
Processing grid 465/506...
Processing grid 466/506...
Processing grid 467/506...
Processing grid 468/506...
Processing grid 469/506...
Processing grid 470/506...
Processing grid 471/506...
Processing grid 472/506...
Processing grid 473/506...
Processing grid 474/506...
Processing grid 475/506...
Processing grid 476/506...
Processing grid 477/506...
Processing grid 478/506...
Processing grid 479/506...
Processing grid 480/506...
Processing grid 481/506...
Processing grid 482/506...
Processing grid 483/506...
Processing grid 484/506...
Processing grid 485/506...
Processing grid 486/506...
Processing grid 487/506...
Processing grid 488/506...
Processing grid 489/506...
Processing grid 490/506...
Processing grid 491/506...
Processing grid 492/506...
Processing grid 493/506...
Processing grid 494/506...
Processing grid 495/506...
Processing grid 496/506...
Processing grid 497/506...
Processing grid 498/506...
Processing grid 499/506...
Processing grid 500/506...
Processing grid 501/506...
Processing grid 502/506...
Processing grid 503/506...
Processing grid 504/506...
Processing grid 505/506...
Processing grid 506/506...
*** Saved all SP results to /home/altraj24/files/ethanethiol/molalign/OUT/tb_lite_results_shiftn0p2.json
Processing grid 0/506...
Processing grid 1/506...
Processing grid 2/506...
Processing grid 3/506...
Processing grid 4/506...
Processing grid 5/506...
Processing grid 6/506...
Processing grid 7/506...
Processing grid 8/506...
Processing grid 9/506...
Processing grid 10/506...
Processing grid 11/506...
Processing grid 12/506...
Processing grid 13/506...
Processing grid 14/506...
Processing grid 15/506...
Processing grid 16/506...
Processing grid 17/506...
Processing grid 18/506...
Processing grid 19/506...
Processing grid 20/506...
Processing grid 21/506...
Processing grid 22/506...
Processing grid 23/506...
Processing grid 24/506...
Processing grid 25/506...
Processing grid 26/506...
Processing grid 27/506...
Processing grid 28/506...
Processing grid 29/506...
Processing grid 30/506...
Processing grid 31/506...
Processing grid 32/506...
Processing grid 33/506...
Processing grid 34/506...
Processing grid 35/506...
Processing grid 36/506...
Processing grid 37/506...
Processing grid 38/506...
Processing grid 39/506...
Processing grid 40/506...
Processing grid 41/506...
Processing grid 42/506...
Processing grid 43/506...
Processing grid 44/506...
Processing grid 45/506...
Processing grid 46/506...
Processing grid 47/506...
Processing grid 48/506...
Processing grid 49/506...
Processing grid 50/506...
Processing grid 51/506...
Processing grid 52/506...
Processing grid 53/506...
Processing grid 54/506...
Processing grid 55/506...
Processing grid 56/506...
Processing grid 57/506...
Processing grid 58/506...
Processing grid 59/506...
Processing grid 60/506...
Processing grid 61/506...
Processing grid 62/506...
Processing grid 63/506...
Processing grid 64/506...
Processing grid 65/506...
Processing grid 66/506...
Processing grid 67/506...
Processing grid 68/506...
Processing grid 69/506...
Processing grid 70/506...
Processing grid 71/506...
Processing grid 72/506...
Processing grid 73/506...
Processing grid 74/506...
Processing grid 75/506...
Processing grid 76/506...
Processing grid 77/506...
Processing grid 78/506...
Processing grid 79/506...
Processing grid 80/506...
Processing grid 81/506...
Processing grid 82/506...
Processing grid 83/506...
Processing grid 84/506...
Processing grid 85/506...
Processing grid 86/506...
Processing grid 87/506...
Processing grid 88/506...
Processing grid 89/506...
Processing grid 90/506...
Processing grid 91/506...
Processing grid 92/506...
Processing grid 93/506...
Processing grid 94/506...
Processing grid 95/506...
Processing grid 96/506...
Processing grid 97/506...
Processing grid 98/506...
Processing grid 99/506...
Processing grid 100/506...
Processing grid 101/506...
Processing grid 102/506...
Processing grid 103/506...
Processing grid 104/506...
Processing grid 105/506...
Processing grid 106/506...
Processing grid 107/506...
Processing grid 108/506...
Processing grid 109/506...
Processing grid 110/506...
Processing grid 111/506...
Processing grid 112/506...
Processing grid 113/506...
Processing grid 114/506...
Processing grid 115/506...
Processing grid 116/506...
Processing grid 117/506...
Processing grid 118/506...
Processing grid 119/506...
Processing grid 120/506...
Processing grid 121/506...
Processing grid 122/506...
Processing grid 123/506...
Processing grid 124/506...
Processing grid 125/506...
Processing grid 126/506...
Processing grid 127/506...
Processing grid 128/506...
Processing grid 129/506...
Processing grid 130/506...
Processing grid 131/506...
Processing grid 132/506...
Processing grid 133/506...
Processing grid 134/506...
Processing grid 135/506...
Processing grid 136/506...
Processing grid 137/506...
Processing grid 138/506...
Processing grid 139/506...
Processing grid 140/506...
Processing grid 141/506...
Processing grid 142/506...
Processing grid 143/506...
Processing grid 144/506...
Processing grid 145/506...
Processing grid 146/506...
Processing grid 147/506...
Processing grid 148/506...
Processing grid 149/506...
Processing grid 150/506...
Processing grid 151/506...
Processing grid 152/506...
Processing grid 153/506...
Processing grid 154/506...
Processing grid 155/506...
Processing grid 156/506...
Processing grid 157/506...
Processing grid 158/506...
Processing grid 159/506...
Processing grid 160/506...
Processing grid 161/506...
Processing grid 162/506...
Processing grid 163/506...
Processing grid 164/506...
Processing grid 165/506...
Processing grid 166/506...
Processing grid 167/506...
Processing grid 168/506...
Processing grid 169/506...
Processing grid 170/506...
Processing grid 171/506...
Processing grid 172/506...
Processing grid 173/506...
Processing grid 174/506...
Processing grid 175/506...
Processing grid 176/506...
Processing grid 177/506...
Processing grid 178/506...
Processing grid 179/506...
Processing grid 180/506...
Processing grid 181/506...
Processing grid 182/506...
Processing grid 183/506...
Processing grid 184/506...
Processing grid 185/506...
Processing grid 186/506...
Processing grid 187/506...
Processing grid 188/506...
Processing grid 189/506...
Processing grid 190/506...
Processing grid 191/506...
Processing grid 192/506...
Processing grid 193/506...
Processing grid 194/506...
Processing grid 195/506...
Processing grid 196/506...
Processing grid 197/506...
Processing grid 198/506...
Processing grid 199/506...
Processing grid 200/506...
Processing grid 201/506...
Processing grid 202/506...
Processing grid 203/506...
Processing grid 204/506...
Processing grid 205/506...
Processing grid 206/506...
Processing grid 207/506...
Processing grid 208/506...
Processing grid 209/506...
Processing grid 210/506...
Processing grid 211/506...
Processing grid 212/506...
Processing grid 213/506...
Processing grid 214/506...
Processing grid 215/506...
Processing grid 216/506...
Processing grid 217/506...
Processing grid 218/506...
Processing grid 219/506...
Processing grid 220/506...
Processing grid 221/506...
Processing grid 222/506...
Processing grid 223/506...
Processing grid 224/506...
Processing grid 225/506...
Processing grid 226/506...
Processing grid 227/506...
Processing grid 228/506...
Processing grid 229/506...
Processing grid 230/506...
Processing grid 231/506...
Processing grid 232/506...
Processing grid 233/506...
Processing grid 234/506...
Processing grid 235/506...
Processing grid 236/506...
Processing grid 237/506...
Processing grid 238/506...
Processing grid 239/506...
Processing grid 240/506...
Processing grid 241/506...
Processing grid 242/506...
Processing grid 243/506...
Processing grid 244/506...
Processing grid 245/506...
Processing grid 246/506...
Processing grid 247/506...
Processing grid 248/506...
Processing grid 249/506...
Processing grid 250/506...
Processing grid 251/506...
Processing grid 252/506...
Processing grid 253/506...
Processing grid 254/506...
Processing grid 255/506...
Processing grid 256/506...
Processing grid 257/506...
Processing grid 258/506...
Processing grid 259/506...
Processing grid 260/506...
Processing grid 261/506...
Processing grid 262/506...
Processing grid 263/506...
Processing grid 264/506...
Processing grid 265/506...
Processing grid 266/506...
Processing grid 267/506...
Processing grid 268/506...
Processing grid 269/506...
Processing grid 270/506...
Processing grid 271/506...
Processing grid 272/506...
Processing grid 273/506...
Processing grid 274/506...
Processing grid 275/506...
Processing grid 276/506...
Processing grid 277/506...
Processing grid 278/506...
Processing grid 279/506...
Processing grid 280/506...
Processing grid 281/506...
Processing grid 282/506...
Processing grid 283/506...
Processing grid 284/506...
Processing grid 285/506...
Processing grid 286/506...
Processing grid 287/506...
Processing grid 288/506...
Processing grid 289/506...
Processing grid 290/506...
Processing grid 291/506...
Processing grid 292/506...
Processing grid 293/506...
Processing grid 294/506...
Processing grid 295/506...
Processing grid 296/506...
Processing grid 297/506...
Processing grid 298/506...
Processing grid 299/506...
Processing grid 300/506...
Processing grid 301/506...
Processing grid 302/506...
Processing grid 303/506...
Processing grid 304/506...
Processing grid 305/506...
Processing grid 306/506...
Processing grid 307/506...
Processing grid 308/506...
Processing grid 309/506...
Processing grid 310/506...
Processing grid 311/506...
Processing grid 312/506...
Processing grid 313/506...
Processing grid 314/506...
Processing grid 315/506...
Processing grid 316/506...
Processing grid 317/506...
Processing grid 318/506...
Processing grid 319/506...
Processing grid 320/506...
Processing grid 321/506...
Processing grid 322/506...
Processing grid 323/506...
Processing grid 324/506...
Processing grid 325/506...
Processing grid 326/506...
Processing grid 327/506...
Processing grid 328/506...
Processing grid 329/506...
Processing grid 330/506...
Processing grid 331/506...
Processing grid 332/506...
Processing grid 333/506...
Processing grid 334/506...
Processing grid 335/506...
Processing grid 336/506...
Processing grid 337/506...
Processing grid 338/506...
Processing grid 339/506...
Processing grid 340/506...
Processing grid 341/506...
Processing grid 342/506...
Processing grid 343/506...
Processing grid 344/506...
Processing grid 345/506...
Processing grid 346/506...
Processing grid 347/506...
Processing grid 348/506...
Processing grid 349/506...
Processing grid 350/506...
Processing grid 351/506...
Processing grid 352/506...
Processing grid 353/506...
Processing grid 354/506...
Processing grid 355/506...
Processing grid 356/506...
Processing grid 357/506...
Processing grid 358/506...
Processing grid 359/506...
Processing grid 360/506...
Processing grid 361/506...
Processing grid 362/506...
Processing grid 363/506...
Processing grid 364/506...
Processing grid 365/506...
Processing grid 366/506...
Processing grid 367/506...
Processing grid 368/506...
Processing grid 369/506...
Processing grid 370/506...
Processing grid 371/506...
Processing grid 372/506...
Processing grid 373/506...
Processing grid 374/506...
Processing grid 375/506...
Processing grid 376/506...
Processing grid 377/506...
Processing grid 378/506...
Processing grid 379/506...
Processing grid 380/506...
Processing grid 381/506...
Processing grid 382/506...
Processing grid 383/506...
Processing grid 384/506...
Processing grid 385/506...
Processing grid 386/506...
Processing grid 387/506...
Processing grid 388/506...
Processing grid 389/506...
Processing grid 390/506...
Processing grid 391/506...
Processing grid 392/506...
Processing grid 393/506...
Processing grid 394/506...
Processing grid 395/506...
Processing grid 396/506...
Processing grid 397/506...
Processing grid 398/506...
Processing grid 399/506...
Processing grid 400/506...
Processing grid 401/506...
Processing grid 402/506...
Processing grid 403/506...
Processing grid 404/506...
Processing grid 405/506...
Processing grid 406/506...
Processing grid 407/506...
Processing grid 408/506...
Processing grid 409/506...
Processing grid 410/506...
Processing grid 411/506...
Processing grid 412/506...
Processing grid 413/506...
Processing grid 414/506...
Processing grid 415/506...
Processing grid 416/506...
Processing grid 417/506...
Processing grid 418/506...
Processing grid 419/506...
Processing grid 420/506...
Processing grid 421/506...
Processing grid 422/506...
Processing grid 423/506...
Processing grid 424/506...
Processing grid 425/506...
Processing grid 426/506...
Processing grid 427/506...
Processing grid 428/506...
Processing grid 429/506...
Processing grid 430/506...
Processing grid 431/506...
Processing grid 432/506...
Processing grid 433/506...
Processing grid 434/506...
Processing grid 435/506...
Processing grid 436/506...
Processing grid 437/506...
Processing grid 438/506...
Processing grid 439/506...
Processing grid 440/506...
Processing grid 441/506...
Processing grid 442/506...
Processing grid 443/506...
Processing grid 444/506...
Processing grid 445/506...
Processing grid 446/506...
Processing grid 447/506...
Processing grid 448/506...
Processing grid 449/506...
Processing grid 450/506...
Processing grid 451/506...
Processing grid 452/506...
Processing grid 453/506...
Processing grid 454/506...
Processing grid 455/506...
Processing grid 456/506...
Processing grid 457/506...
Processing grid 458/506...
Processing grid 459/506...
Processing grid 460/506...
Processing grid 461/506...
Processing grid 462/506...
Processing grid 463/506...
Processing grid 464/506...
Processing grid 465/506...
Processing grid 466/506...
Processing grid 467/506...
Processing grid 468/506...
Processing grid 469/506...
Processing grid 470/506...
Processing grid 471/506...
Processing grid 472/506...
Processing grid 473/506...
Processing grid 474/506...
Processing grid 475/506...
Processing grid 476/506...
Processing grid 477/506...
Processing grid 478/506...
Processing grid 479/506...
Processing grid 480/506...
Processing grid 481/506...
Processing grid 482/506...
Processing grid 483/506...
Processing grid 484/506...
Processing grid 485/506...
Processing grid 486/506...
Processing grid 487/506...
Processing grid 488/506...
Processing grid 489/506...
Processing grid 490/506...
Processing grid 491/506...
Processing grid 492/506...
Processing grid 493/506...
Processing grid 494/506...
Processing grid 495/506...
Processing grid 496/506...
Processing grid 497/506...
Processing grid 498/506...
Processing grid 499/506...
Processing grid 500/506...
Processing grid 501/506...
Processing grid 502/506...
Processing grid 503/506...
Processing grid 504/506...
Processing grid 505/506...
Processing grid 506/506...
*** Saved all SP results to /home/altraj24/files/ethanethiol/molalign/OUT/tb_lite_results_shiftn0p15.json
Processing grid 0/506...
Processing grid 1/506...
Processing grid 2/506...
Processing grid 3/506...
Processing grid 4/506...
Processing grid 5/506...
Processing grid 6/506...
Processing grid 7/506...
Processing grid 8/506...
Processing grid 9/506...
Processing grid 10/506...
Processing grid 11/506...
Processing grid 12/506...
Processing grid 13/506...
Processing grid 14/506...
Processing grid 15/506...
Processing grid 16/506...
Processing grid 17/506...
Processing grid 18/506...
Processing grid 19/506...
Processing grid 20/506...
Processing grid 21/506...
Processing grid 22/506...
Processing grid 23/506...
Processing grid 24/506...
Processing grid 25/506...
Processing grid 26/506...
Processing grid 27/506...
Processing grid 28/506...
Processing grid 29/506...
Processing grid 30/506...
Processing grid 31/506...
Processing grid 32/506...
Processing grid 33/506...
Processing grid 34/506...
Processing grid 35/506...
Processing grid 36/506...
Processing grid 37/506...
Processing grid 38/506...
Processing grid 39/506...
Processing grid 40/506...
Processing grid 41/506...
Processing grid 42/506...
Processing grid 43/506...
Processing grid 44/506...
Processing grid 45/506...
Processing grid 46/506...
Processing grid 47/506...
Processing grid 48/506...
Processing grid 49/506...
Processing grid 50/506...
Processing grid 51/506...
Processing grid 52/506...
Processing grid 53/506...
Processing grid 54/506...
Processing grid 55/506...
Processing grid 56/506...
Processing grid 57/506...
Processing grid 58/506...
Processing grid 59/506...
Processing grid 60/506...
Processing grid 61/506...
Processing grid 62/506...
Processing grid 63/506...
Processing grid 64/506...
Processing grid 65/506...
Processing grid 66/506...
Processing grid 67/506...
Processing grid 68/506...
Processing grid 69/506...
Processing grid 70/506...
Processing grid 71/506...
Processing grid 72/506...
Processing grid 73/506...
Processing grid 74/506...
Processing grid 75/506...
Processing grid 76/506...
Processing grid 77/506...
Processing grid 78/506...
Processing grid 79/506...
Processing grid 80/506...
Processing grid 81/506...
Processing grid 82/506...
Processing grid 83/506...
Processing grid 84/506...
Processing grid 85/506...
Processing grid 86/506...
Processing grid 87/506...
Processing grid 88/506...
Processing grid 89/506...
Processing grid 90/506...
Processing grid 91/506...
Processing grid 92/506...
Processing grid 93/506...
Processing grid 94/506...
Processing grid 95/506...
Processing grid 96/506...
Processing grid 97/506...
Processing grid 98/506...
Processing grid 99/506...
Processing grid 100/506...
Processing grid 101/506...
Processing grid 102/506...
Processing grid 103/506...
Processing grid 104/506...
Processing grid 105/506...
Processing grid 106/506...
Processing grid 107/506...
Processing grid 108/506...
Processing grid 109/506...
Processing grid 110/506...
Processing grid 111/506...
Processing grid 112/506...
Processing grid 113/506...
Processing grid 114/506...
Processing grid 115/506...
Processing grid 116/506...
Processing grid 117/506...
Processing grid 118/506...
Processing grid 119/506...
Processing grid 120/506...
Processing grid 121/506...
Processing grid 122/506...
Processing grid 123/506...
Processing grid 124/506...
Processing grid 125/506...
Processing grid 126/506...
Processing grid 127/506...
Processing grid 128/506...
Processing grid 129/506...
Processing grid 130/506...
Processing grid 131/506...
Processing grid 132/506...
Processing grid 133/506...
Processing grid 134/506...
Processing grid 135/506...
Processing grid 136/506...
Processing grid 137/506...
Processing grid 138/506...
Processing grid 139/506...
Processing grid 140/506...
Processing grid 141/506...
Processing grid 142/506...
Processing grid 143/506...
Processing grid 144/506...
Processing grid 145/506...
Processing grid 146/506...
Processing grid 147/506...
Processing grid 148/506...
Processing grid 149/506...
Processing grid 150/506...
Processing grid 151/506...
Processing grid 152/506...
Processing grid 153/506...
Processing grid 154/506...
Processing grid 155/506...
Processing grid 156/506...
Processing grid 157/506...
Processing grid 158/506...
Processing grid 159/506...
Processing grid 160/506...
Processing grid 161/506...
Processing grid 162/506...
Processing grid 163/506...
Processing grid 164/506...
Processing grid 165/506...
Processing grid 166/506...
Processing grid 167/506...
Processing grid 168/506...
Processing grid 169/506...
Processing grid 170/506...
Processing grid 171/506...
Processing grid 172/506...
Processing grid 173/506...
Processing grid 174/506...
Processing grid 175/506...
Processing grid 176/506...
Processing grid 177/506...
Processing grid 178/506...
Processing grid 179/506...
Processing grid 180/506...
Processing grid 181/506...
Processing grid 182/506...
Processing grid 183/506...
Processing grid 184/506...
Processing grid 185/506...
Processing grid 186/506...
Processing grid 187/506...
Processing grid 188/506...
Processing grid 189/506...
Processing grid 190/506...
Processing grid 191/506...
Processing grid 192/506...
Processing grid 193/506...
Processing grid 194/506...
Processing grid 195/506...
Processing grid 196/506...
Processing grid 197/506...
Processing grid 198/506...
Processing grid 199/506...
Processing grid 200/506...
Processing grid 201/506...
Processing grid 202/506...
Processing grid 203/506...
Processing grid 204/506...
Processing grid 205/506...
Processing grid 206/506...
Processing grid 207/506...
Processing grid 208/506...
Processing grid 209/506...
Processing grid 210/506...
Processing grid 211/506...
Processing grid 212/506...
Processing grid 213/506...
Processing grid 214/506...
Processing grid 215/506...
Processing grid 216/506...
Processing grid 217/506...
Processing grid 218/506...
Processing grid 219/506...
Processing grid 220/506...
Processing grid 221/506...
Processing grid 222/506...
Processing grid 223/506...
Processing grid 224/506...
Processing grid 225/506...
Processing grid 226/506...
Processing grid 227/506...
Processing grid 228/506...
Processing grid 229/506...
Processing grid 230/506...
Processing grid 231/506...
Processing grid 232/506...
Processing grid 233/506...
Processing grid 234/506...
Processing grid 235/506...
Processing grid 236/506...
Processing grid 237/506...
Processing grid 238/506...
Processing grid 239/506...
Processing grid 240/506...
Processing grid 241/506...
Processing grid 242/506...
Processing grid 243/506...
Processing grid 244/506...
Processing grid 245/506...
Processing grid 246/506...
Processing grid 247/506...
Processing grid 248/506...
Processing grid 249/506...
Processing grid 250/506...
Processing grid 251/506...
Processing grid 252/506...
Processing grid 253/506...
Processing grid 254/506...
Processing grid 255/506...
Processing grid 256/506...
Processing grid 257/506...
Processing grid 258/506...
Processing grid 259/506...
Processing grid 260/506...
Processing grid 261/506...
Processing grid 262/506...
Processing grid 263/506...
Processing grid 264/506...
Processing grid 265/506...
Processing grid 266/506...
Processing grid 267/506...
Processing grid 268/506...
Processing grid 269/506...
Processing grid 270/506...
Processing grid 271/506...
Processing grid 272/506...
Processing grid 273/506...
Processing grid 274/506...
Processing grid 275/506...
Processing grid 276/506...
Processing grid 277/506...
Processing grid 278/506...
Processing grid 279/506...
Processing grid 280/506...
Processing grid 281/506...
Processing grid 282/506...
Processing grid 283/506...
Processing grid 284/506...
Processing grid 285/506...
Processing grid 286/506...
Processing grid 287/506...
Processing grid 288/506...
Processing grid 289/506...
Processing grid 290/506...
Processing grid 291/506...
Processing grid 292/506...
Processing grid 293/506...
Processing grid 294/506...
Processing grid 295/506...
Processing grid 296/506...
Processing grid 297/506...
Processing grid 298/506...
Processing grid 299/506...
Processing grid 300/506...
Processing grid 301/506...
Processing grid 302/506...
Processing grid 303/506...
Processing grid 304/506...
Processing grid 305/506...
Processing grid 306/506...
Processing grid 307/506...
Processing grid 308/506...
Processing grid 309/506...
Processing grid 310/506...
Processing grid 311/506...
Processing grid 312/506...
Processing grid 313/506...
Processing grid 314/506...
Processing grid 315/506...
Processing grid 316/506...
Processing grid 317/506...
Processing grid 318/506...
Processing grid 319/506...
Processing grid 320/506...
Processing grid 321/506...
Processing grid 322/506...
Processing grid 323/506...
Processing grid 324/506...
Processing grid 325/506...
Processing grid 326/506...
Processing grid 327/506...
Processing grid 328/506...
Processing grid 329/506...
Processing grid 330/506...
Processing grid 331/506...
Processing grid 332/506...
Processing grid 333/506...
Processing grid 334/506...
Processing grid 335/506...
Processing grid 336/506...
Processing grid 337/506...
Processing grid 338/506...
Processing grid 339/506...
Processing grid 340/506...
Processing grid 341/506...
Processing grid 342/506...
Processing grid 343/506...
Processing grid 344/506...
Processing grid 345/506...
Processing grid 346/506...
Processing grid 347/506...
Processing grid 348/506...
Processing grid 349/506...
Processing grid 350/506...
Processing grid 351/506...
Processing grid 352/506...
Processing grid 353/506...
Processing grid 354/506...
Processing grid 355/506...
Processing grid 356/506...
Processing grid 357/506...
Processing grid 358/506...
Processing grid 359/506...
Processing grid 360/506...
Processing grid 361/506...
Processing grid 362/506...
Processing grid 363/506...
Processing grid 364/506...
Processing grid 365/506...
Processing grid 366/506...
Processing grid 367/506...
Processing grid 368/506...
Processing grid 369/506...
Processing grid 370/506...
Processing grid 371/506...
Processing grid 372/506...
Processing grid 373/506...
Processing grid 374/506...
Processing grid 375/506...
Processing grid 376/506...
Processing grid 377/506...
Processing grid 378/506...
Processing grid 379/506...
Processing grid 380/506...
Processing grid 381/506...
Processing grid 382/506...
Processing grid 383/506...
Processing grid 384/506...
Processing grid 385/506...
Processing grid 386/506...
Processing grid 387/506...
Processing grid 388/506...
Processing grid 389/506...
Processing grid 390/506...
Processing grid 391/506...
Processing grid 392/506...
Processing grid 393/506...
Processing grid 394/506...
Processing grid 395/506...
Processing grid 396/506...
Processing grid 397/506...
Processing grid 398/506...
Processing grid 399/506...
Processing grid 400/506...
Processing grid 401/506...
Processing grid 402/506...
Processing grid 403/506...
Processing grid 404/506...
Processing grid 405/506...
Processing grid 406/506...
Processing grid 407/506...
Processing grid 408/506...
Processing grid 409/506...
Processing grid 410/506...
Processing grid 411/506...
Processing grid 412/506...
Processing grid 413/506...
Processing grid 414/506...
Processing grid 415/506...
Processing grid 416/506...
Processing grid 417/506...
Processing grid 418/506...
Processing grid 419/506...
Processing grid 420/506...
Processing grid 421/506...
Processing grid 422/506...
Processing grid 423/506...
Processing grid 424/506...
Processing grid 425/506...
Processing grid 426/506...
Processing grid 427/506...
Processing grid 428/506...
Processing grid 429/506...
Processing grid 430/506...
Processing grid 431/506...
Processing grid 432/506...
Processing grid 433/506...
Processing grid 434/506...
Processing grid 435/506...
Processing grid 436/506...
Processing grid 437/506...
Processing grid 438/506...
Processing grid 439/506...
Processing grid 440/506...
Processing grid 441/506...
Processing grid 442/506...
Processing grid 443/506...
Processing grid 444/506...
Processing grid 445/506...
Processing grid 446/506...
Processing grid 447/506...
Processing grid 448/506...
Processing grid 449/506...
Processing grid 450/506...
Processing grid 451/506...
Processing grid 452/506...
Processing grid 453/506...
Processing grid 454/506...
Processing grid 455/506...
Processing grid 456/506...
Processing grid 457/506...
Processing grid 458/506...
Processing grid 459/506...
Processing grid 460/506...
Processing grid 461/506...
Processing grid 462/506...
Processing grid 463/506...
Processing grid 464/506...
Processing grid 465/506...
Processing grid 466/506...
Processing grid 467/506...
Processing grid 468/506...
Processing grid 469/506...
Processing grid 470/506...
Processing grid 471/506...
Processing grid 472/506...
Processing grid 473/506...
Processing grid 474/506...
Processing grid 475/506...
Processing grid 476/506...
Processing grid 477/506...
Processing grid 478/506...
Processing grid 479/506...
Processing grid 480/506...
Processing grid 481/506...
Processing grid 482/506...
Processing grid 483/506...
Processing grid 484/506...
Processing grid 485/506...
Processing grid 486/506...
Processing grid 487/506...
Processing grid 488/506...
Processing grid 489/506...
Processing grid 490/506...
Processing grid 491/506...
Processing grid 492/506...
Processing grid 493/506...
Processing grid 494/506...
Processing grid 495/506...
Processing grid 496/506...
Processing grid 497/506...
Processing grid 498/506...
Processing grid 499/506...
Processing grid 500/506...
Processing grid 501/506...
Processing grid 502/506...
Processing grid 503/506...
Processing grid 504/506...
Processing grid 505/506...
Processing grid 506/506...
*** Saved all SP results to /home/altraj24/files/ethanethiol/molalign/OUT/tb_lite_results_shiftn0p1.json
Processing grid 0/506...
Processing grid 1/506...
Processing grid 2/506...
Processing grid 3/506...
Processing grid 4/506...
Processing grid 5/506...
Processing grid 6/506...
Processing grid 7/506...
Processing grid 8/506...
Processing grid 9/506...
Processing grid 10/506...
Processing grid 11/506...
Processing grid 12/506...
Processing grid 13/506...
Processing grid 14/506...
Processing grid 15/506...
Processing grid 16/506...
Processing grid 17/506...
Processing grid 18/506...
Processing grid 19/506...
Processing grid 20/506...
Processing grid 21/506...
Processing grid 22/506...
Processing grid 23/506...
Processing grid 24/506...
Processing grid 25/506...
Processing grid 26/506...
Processing grid 27/506...
Processing grid 28/506...
Processing grid 29/506...
Processing grid 30/506...
Processing grid 31/506...
Processing grid 32/506...
Processing grid 33/506...
Processing grid 34/506...
Processing grid 35/506...
Processing grid 36/506...
Processing grid 37/506...
Processing grid 38/506...
Processing grid 39/506...
Processing grid 40/506...
Processing grid 41/506...
Processing grid 42/506...
Processing grid 43/506...
Processing grid 44/506...
Processing grid 45/506...
Processing grid 46/506...
Processing grid 47/506...
Processing grid 48/506...
Processing grid 49/506...
Processing grid 50/506...
Processing grid 51/506...
Processing grid 52/506...
Processing grid 53/506...
Processing grid 54/506...
Processing grid 55/506...
Processing grid 56/506...
Processing grid 57/506...
Processing grid 58/506...
Processing grid 59/506...
Processing grid 60/506...
Processing grid 61/506...
Processing grid 62/506...
Processing grid 63/506...
Processing grid 64/506...
Processing grid 65/506...
Processing grid 66/506...
Processing grid 67/506...
Processing grid 68/506...
Processing grid 69/506...
Processing grid 70/506...
Processing grid 71/506...
Processing grid 72/506...
Processing grid 73/506...
Processing grid 74/506...
Processing grid 75/506...
Processing grid 76/506...
Processing grid 77/506...
Processing grid 78/506...
Processing grid 79/506...
Processing grid 80/506...
Processing grid 81/506...
Processing grid 82/506...
Processing grid 83/506...
Processing grid 84/506...
Processing grid 85/506...
Processing grid 86/506...
Processing grid 87/506...
Processing grid 88/506...
Processing grid 89/506...
Processing grid 90/506...
Processing grid 91/506...
Processing grid 92/506...
Processing grid 93/506...
Processing grid 94/506...
Processing grid 95/506...
Processing grid 96/506...
Processing grid 97/506...
Processing grid 98/506...
Processing grid 99/506...
Processing grid 100/506...
Processing grid 101/506...
Processing grid 102/506...
Processing grid 103/506...
Processing grid 104/506...
Processing grid 105/506...
Processing grid 106/506...
Processing grid 107/506...
Processing grid 108/506...
Processing grid 109/506...
Processing grid 110/506...
Processing grid 111/506...
Processing grid 112/506...
Processing grid 113/506...
Processing grid 114/506...
Processing grid 115/506...
Processing grid 116/506...
Processing grid 117/506...
Processing grid 118/506...
Processing grid 119/506...
Processing grid 120/506...
Processing grid 121/506...
Processing grid 122/506...
Processing grid 123/506...
Processing grid 124/506...
Processing grid 125/506...
Processing grid 126/506...
Processing grid 127/506...
Processing grid 128/506...
Processing grid 129/506...
Processing grid 130/506...
Processing grid 131/506...
Processing grid 132/506...
Processing grid 133/506...
Processing grid 134/506...
Processing grid 135/506...
Processing grid 136/506...
Processing grid 137/506...
Processing grid 138/506...
Processing grid 139/506...
Processing grid 140/506...
Processing grid 141/506...
Processing grid 142/506...
Processing grid 143/506...
Processing grid 144/506...
Processing grid 145/506...
Processing grid 146/506...
Processing grid 147/506...
Processing grid 148/506...
Processing grid 149/506...
Processing grid 150/506...
Processing grid 151/506...
Processing grid 152/506...
Processing grid 153/506...
Processing grid 154/506...
Processing grid 155/506...
Processing grid 156/506...
Processing grid 157/506...
Processing grid 158/506...
Processing grid 159/506...
Processing grid 160/506...
Processing grid 161/506...
Processing grid 162/506...
Processing grid 163/506...
Processing grid 164/506...
Processing grid 165/506...
Processing grid 166/506...
Processing grid 167/506...
Processing grid 168/506...
Processing grid 169/506...
Processing grid 170/506...
Processing grid 171/506...
Processing grid 172/506...
Processing grid 173/506...
Processing grid 174/506...
Processing grid 175/506...
Processing grid 176/506...
Processing grid 177/506...
Processing grid 178/506...
Processing grid 179/506...
Processing grid 180/506...
Processing grid 181/506...
Processing grid 182/506...
Processing grid 183/506...
Processing grid 184/506...
Processing grid 185/506...
Processing grid 186/506...
Processing grid 187/506...
Processing grid 188/506...
Processing grid 189/506...
Processing grid 190/506...
Processing grid 191/506...
Processing grid 192/506...
Processing grid 193/506...
Processing grid 194/506...
Processing grid 195/506...
Processing grid 196/506...
Processing grid 197/506...
Processing grid 198/506...
Processing grid 199/506...
Processing grid 200/506...
Processing grid 201/506...
Processing grid 202/506...
Processing grid 203/506...
Processing grid 204/506...
Processing grid 205/506...
Processing grid 206/506...
Processing grid 207/506...
Processing grid 208/506...
Processing grid 209/506...
Processing grid 210/506...
Processing grid 211/506...
Processing grid 212/506...
Processing grid 213/506...
Processing grid 214/506...
Processing grid 215/506...
Processing grid 216/506...
Processing grid 217/506...
Processing grid 218/506...
Processing grid 219/506...
Processing grid 220/506...
Processing grid 221/506...
Processing grid 222/506...
Processing grid 223/506...
Processing grid 224/506...
Processing grid 225/506...
Processing grid 226/506...
Processing grid 227/506...
Processing grid 228/506...
Processing grid 229/506...
Processing grid 230/506...
Processing grid 231/506...
Processing grid 232/506...
Processing grid 233/506...
Processing grid 234/506...
Processing grid 235/506...
Processing grid 236/506...
Processing grid 237/506...
Processing grid 238/506...
Processing grid 239/506...
Processing grid 240/506...
Processing grid 241/506...
Processing grid 242/506...
Processing grid 243/506...
Processing grid 244/506...
Processing grid 245/506...
Processing grid 246/506...
Processing grid 247/506...
Processing grid 248/506...
Processing grid 249/506...
Processing grid 250/506...
Processing grid 251/506...
Processing grid 252/506...
Processing grid 253/506...
Processing grid 254/506...
Processing grid 255/506...
Processing grid 256/506...
Processing grid 257/506...
Processing grid 258/506...
Processing grid 259/506...
Processing grid 260/506...
Processing grid 261/506...
Processing grid 262/506...
Processing grid 263/506...
Processing grid 264/506...
Processing grid 265/506...
Processing grid 266/506...
Processing grid 267/506...
Processing grid 268/506...
Processing grid 269/506...
Processing grid 270/506...
Processing grid 271/506...
Processing grid 272/506...
Processing grid 273/506...
Processing grid 274/506...
Processing grid 275/506...
Processing grid 276/506...
Processing grid 277/506...
Processing grid 278/506...
Processing grid 279/506...
Processing grid 280/506...
Processing grid 281/506...
Processing grid 282/506...
Processing grid 283/506...
Processing grid 284/506...
Processing grid 285/506...
Processing grid 286/506...
Processing grid 287/506...
Processing grid 288/506...
Processing grid 289/506...
Processing grid 290/506...
Processing grid 291/506...
Processing grid 292/506...
Processing grid 293/506...
Processing grid 294/506...
Processing grid 295/506...
Processing grid 296/506...
Processing grid 297/506...
Processing grid 298/506...
Processing grid 299/506...
Processing grid 300/506...
Processing grid 301/506...
Processing grid 302/506...
Processing grid 303/506...
Processing grid 304/506...
Processing grid 305/506...
Processing grid 306/506...
Processing grid 307/506...
Processing grid 308/506...
Processing grid 309/506...
Processing grid 310/506...
Processing grid 311/506...
Processing grid 312/506...
Processing grid 313/506...
Processing grid 314/506...
Processing grid 315/506...
Processing grid 316/506...
Processing grid 317/506...
Processing grid 318/506...
Processing grid 319/506...
Processing grid 320/506...
Processing grid 321/506...
Processing grid 322/506...
Processing grid 323/506...
Processing grid 324/506...
Processing grid 325/506...
Processing grid 326/506...
Processing grid 327/506...
Processing grid 328/506...
Processing grid 329/506...
Processing grid 330/506...
Processing grid 331/506...
Processing grid 332/506...
Processing grid 333/506...
Processing grid 334/506...
Processing grid 335/506...
Processing grid 336/506...
Processing grid 337/506...
Processing grid 338/506...
Processing grid 339/506...
Processing grid 340/506...
Processing grid 341/506...
Processing grid 342/506...
Processing grid 343/506...
Processing grid 344/506...
Processing grid 345/506...
Processing grid 346/506...
Processing grid 347/506...
Processing grid 348/506...
Processing grid 349/506...
Processing grid 350/506...
Processing grid 351/506...
Processing grid 352/506...
Processing grid 353/506...
Processing grid 354/506...
Processing grid 355/506...
Processing grid 356/506...
Processing grid 357/506...
Processing grid 358/506...
Processing grid 359/506...
Processing grid 360/506...
Processing grid 361/506...
Processing grid 362/506...
Processing grid 363/506...
Processing grid 364/506...
Processing grid 365/506...
Processing grid 366/506...
Processing grid 367/506...
Processing grid 368/506...
Processing grid 369/506...
Processing grid 370/506...
Processing grid 371/506...
Processing grid 372/506...
Processing grid 373/506...
Processing grid 374/506...
Processing grid 375/506...
Processing grid 376/506...
Processing grid 377/506...
Processing grid 378/506...
Processing grid 379/506...
Processing grid 380/506...
Processing grid 381/506...
Processing grid 382/506...
Processing grid 383/506...
Processing grid 384/506...
Processing grid 385/506...
Processing grid 386/506...
Processing grid 387/506...
Processing grid 388/506...
Processing grid 389/506...
Processing grid 390/506...
Processing grid 391/506...
Processing grid 392/506...
Processing grid 393/506...
Processing grid 394/506...
Processing grid 395/506...
Processing grid 396/506...
Processing grid 397/506...
Processing grid 398/506...
Processing grid 399/506...
Processing grid 400/506...
Processing grid 401/506...
Processing grid 402/506...
Processing grid 403/506...
Processing grid 404/506...
Processing grid 405/506...
Processing grid 406/506...
Processing grid 407/506...
Processing grid 408/506...
Processing grid 409/506...
Processing grid 410/506...
Processing grid 411/506...
Processing grid 412/506...
Processing grid 413/506...
Processing grid 414/506...
Processing grid 415/506...
Processing grid 416/506...
Processing grid 417/506...
Processing grid 418/506...
Processing grid 419/506...
Processing grid 420/506...
Processing grid 421/506...
Processing grid 422/506...
Processing grid 423/506...
Processing grid 424/506...
Processing grid 425/506...
Processing grid 426/506...
Processing grid 427/506...
Processing grid 428/506...
Processing grid 429/506...
Processing grid 430/506...
Processing grid 431/506...
Processing grid 432/506...
Processing grid 433/506...
Processing grid 434/506...
Processing grid 435/506...
Processing grid 436/506...
Processing grid 437/506...
Processing grid 438/506...
Processing grid 439/506...
Processing grid 440/506...
Processing grid 441/506...
Processing grid 442/506...
Processing grid 443/506...
Processing grid 444/506...
Processing grid 445/506...
Processing grid 446/506...
Processing grid 447/506...
Processing grid 448/506...
Processing grid 449/506...
Processing grid 450/506...
Processing grid 451/506...
Processing grid 452/506...
Processing grid 453/506...
Processing grid 454/506...
Processing grid 455/506...
Processing grid 456/506...
Processing grid 457/506...
Processing grid 458/506...
Processing grid 459/506...
Processing grid 460/506...
Processing grid 461/506...
Processing grid 462/506...
Processing grid 463/506...
Processing grid 464/506...
Processing grid 465/506...
Processing grid 466/506...
Processing grid 467/506...
Processing grid 468/506...
Processing grid 469/506...
Processing grid 470/506...
Processing grid 471/506...
Processing grid 472/506...
Processing grid 473/506...
Processing grid 474/506...
Processing grid 475/506...
Processing grid 476/506...
Processing grid 477/506...
Processing grid 478/506...
Processing grid 479/506...
Processing grid 480/506...
Processing grid 481/506...
Processing grid 482/506...
Processing grid 483/506...
Processing grid 484/506...
Processing grid 485/506...
Processing grid 486/506...
Processing grid 487/506...
Processing grid 488/506...
Processing grid 489/506...
Processing grid 490/506...
Processing grid 491/506...
Processing grid 492/506...
Processing grid 493/506...
Processing grid 494/506...
Processing grid 495/506...
Processing grid 496/506...
Processing grid 497/506...
Processing grid 498/506...
Processing grid 499/506...
Processing grid 500/506...
Processing grid 501/506...
Processing grid 502/506...
Processing grid 503/506...
Processing grid 504/506...
Processing grid 505/506...
Processing grid 506/506...
*** Saved all SP results to /home/altraj24/files/ethanethiol/molalign/OUT/tb_lite_results_shiftn0p05.json
Processing grid 0/506...
Processing grid 1/506...
Processing grid 2/506...
Processing grid 3/506...
Processing grid 4/506...
Processing grid 5/506...
Processing grid 6/506...
Processing grid 7/506...
Processing grid 8/506...
Processing grid 9/506...
Processing grid 10/506...
Processing grid 11/506...
Processing grid 12/506...
Processing grid 13/506...
Processing grid 14/506...
Processing grid 15/506...
Processing grid 16/506...
Processing grid 17/506...
Processing grid 18/506...
Processing grid 19/506...
Processing grid 20/506...
Processing grid 21/506...
Processing grid 22/506...
Processing grid 23/506...
Processing grid 24/506...
Processing grid 25/506...
Processing grid 26/506...
Processing grid 27/506...
Processing grid 28/506...
Processing grid 29/506...
Processing grid 30/506...
Processing grid 31/506...
Processing grid 32/506...
Processing grid 33/506...
Processing grid 34/506...
Processing grid 35/506...
Processing grid 36/506...
Processing grid 37/506...
Processing grid 38/506...
Processing grid 39/506...
Processing grid 40/506...
Processing grid 41/506...
Processing grid 42/506...
Processing grid 43/506...
Processing grid 44/506...
Processing grid 45/506...
Processing grid 46/506...
Processing grid 47/506...
Processing grid 48/506...
Processing grid 49/506...
Processing grid 50/506...
Processing grid 51/506...
Processing grid 52/506...
Processing grid 53/506...
Processing grid 54/506...
Processing grid 55/506...
Processing grid 56/506...
Processing grid 57/506...
Processing grid 58/506...
Processing grid 59/506...
Processing grid 60/506...
Processing grid 61/506...
Processing grid 62/506...
Processing grid 63/506...
Processing grid 64/506...
Processing grid 65/506...
Processing grid 66/506...
Processing grid 67/506...
Processing grid 68/506...
Processing grid 69/506...
Processing grid 70/506...
Processing grid 71/506...
Processing grid 72/506...
Processing grid 73/506...
Processing grid 74/506...
Processing grid 75/506...
Processing grid 76/506...
Processing grid 77/506...
Processing grid 78/506...
Processing grid 79/506...
Processing grid 80/506...
Processing grid 81/506...
Processing grid 82/506...
Processing grid 83/506...
Processing grid 84/506...
Processing grid 85/506...
Processing grid 86/506...
Processing grid 87/506...
Processing grid 88/506...
Processing grid 89/506...
Processing grid 90/506...
Processing grid 91/506...
Processing grid 92/506...
Processing grid 93/506...
Processing grid 94/506...
Processing grid 95/506...
Processing grid 96/506...
Processing grid 97/506...
Processing grid 98/506...
Processing grid 99/506...
Processing grid 100/506...
Processing grid 101/506...
Processing grid 102/506...
Processing grid 103/506...
Processing grid 104/506...
Processing grid 105/506...
Processing grid 106/506...
Processing grid 107/506...
Processing grid 108/506...
Processing grid 109/506...
Processing grid 110/506...
Processing grid 111/506...
Processing grid 112/506...
Processing grid 113/506...
Processing grid 114/506...
Processing grid 115/506...
Processing grid 116/506...
Processing grid 117/506...
Processing grid 118/506...
Processing grid 119/506...
Processing grid 120/506...
Processing grid 121/506...
Processing grid 122/506...
Processing grid 123/506...
Processing grid 124/506...
Processing grid 125/506...
Processing grid 126/506...
Processing grid 127/506...
Processing grid 128/506...
Processing grid 129/506...
Processing grid 130/506...
Processing grid 131/506...
Processing grid 132/506...
Processing grid 133/506...
Processing grid 134/506...
Processing grid 135/506...
Processing grid 136/506...
Processing grid 137/506...
Processing grid 138/506...
Processing grid 139/506...
Processing grid 140/506...
Processing grid 141/506...
Processing grid 142/506...
Processing grid 143/506...
Processing grid 144/506...
Processing grid 145/506...
Processing grid 146/506...
Processing grid 147/506...
Processing grid 148/506...
Processing grid 149/506...
Processing grid 150/506...
Processing grid 151/506...
Processing grid 152/506...
Processing grid 153/506...
Processing grid 154/506...
Processing grid 155/506...
Processing grid 156/506...
Processing grid 157/506...
Processing grid 158/506...
Processing grid 159/506...
Processing grid 160/506...
Processing grid 161/506...
Processing grid 162/506...
Processing grid 163/506...
Processing grid 164/506...
Processing grid 165/506...
Processing grid 166/506...
Processing grid 167/506...
Processing grid 168/506...
Processing grid 169/506...
Processing grid 170/506...
Processing grid 171/506...
Processing grid 172/506...
Processing grid 173/506...
Processing grid 174/506...
Processing grid 175/506...
Processing grid 176/506...
Processing grid 177/506...
Processing grid 178/506...
Processing grid 179/506...
Processing grid 180/506...
Processing grid 181/506...
Processing grid 182/506...
Processing grid 183/506...
Processing grid 184/506...
Processing grid 185/506...
Processing grid 186/506...
Processing grid 187/506...
Processing grid 188/506...
Processing grid 189/506...
Processing grid 190/506...
Processing grid 191/506...
Processing grid 192/506...
Processing grid 193/506...
Processing grid 194/506...
Processing grid 195/506...
Processing grid 196/506...
Processing grid 197/506...
Processing grid 198/506...
Processing grid 199/506...
Processing grid 200/506...
Processing grid 201/506...
Processing grid 202/506...
Processing grid 203/506...
Processing grid 204/506...
Processing grid 205/506...
Processing grid 206/506...
Processing grid 207/506...
Processing grid 208/506...
Processing grid 209/506...
Processing grid 210/506...
Processing grid 211/506...
Processing grid 212/506...
Processing grid 213/506...
Processing grid 214/506...
Processing grid 215/506...
Processing grid 216/506...
Processing grid 217/506...
Processing grid 218/506...
Processing grid 219/506...
Processing grid 220/506...
Processing grid 221/506...
Processing grid 222/506...
Processing grid 223/506...
Processing grid 224/506...
Processing grid 225/506...
Processing grid 226/506...
Processing grid 227/506...
Processing grid 228/506...
Processing grid 229/506...
Processing grid 230/506...
Processing grid 231/506...
Processing grid 232/506...
Processing grid 233/506...
Processing grid 234/506...
Processing grid 235/506...
Processing grid 236/506...
Processing grid 237/506...
Processing grid 238/506...
Processing grid 239/506...
Processing grid 240/506...
Processing grid 241/506...
Processing grid 242/506...
Processing grid 243/506...
Processing grid 244/506...
Processing grid 245/506...
Processing grid 246/506...
Processing grid 247/506...
Processing grid 248/506...
Processing grid 249/506...
Processing grid 250/506...
Processing grid 251/506...
Processing grid 252/506...
Processing grid 253/506...
Processing grid 254/506...
Processing grid 255/506...
Processing grid 256/506...
Processing grid 257/506...
Processing grid 258/506...
Processing grid 259/506...
Processing grid 260/506...
Processing grid 261/506...
Processing grid 262/506...
Processing grid 263/506...
Processing grid 264/506...
Processing grid 265/506...
Processing grid 266/506...
Processing grid 267/506...
Processing grid 268/506...
Processing grid 269/506...
Processing grid 270/506...
Processing grid 271/506...
Processing grid 272/506...
Processing grid 273/506...
Processing grid 274/506...
Processing grid 275/506...
Processing grid 276/506...
Processing grid 277/506...
Processing grid 278/506...
Processing grid 279/506...
Processing grid 280/506...
Processing grid 281/506...
Processing grid 282/506...
Processing grid 283/506...
Processing grid 284/506...
Processing grid 285/506...
Processing grid 286/506...
Processing grid 287/506...
Processing grid 288/506...
Processing grid 289/506...
Processing grid 290/506...
Processing grid 291/506...
Processing grid 292/506...
Processing grid 293/506...
Processing grid 294/506...
Processing grid 295/506...
Processing grid 296/506...
Processing grid 297/506...
Processing grid 298/506...
Processing grid 299/506...
Processing grid 300/506...
Processing grid 301/506...
Processing grid 302/506...
Processing grid 303/506...
Processing grid 304/506...
Processing grid 305/506...
Processing grid 306/506...
Processing grid 307/506...
Processing grid 308/506...
Processing grid 309/506...
Processing grid 310/506...
Processing grid 311/506...
Processing grid 312/506...
Processing grid 313/506...
Processing grid 314/506...
Processing grid 315/506...
Processing grid 316/506...
Processing grid 317/506...
Processing grid 318/506...
Processing grid 319/506...
Processing grid 320/506...
Processing grid 321/506...
Processing grid 322/506...
Processing grid 323/506...
Processing grid 324/506...
Processing grid 325/506...
Processing grid 326/506...
Processing grid 327/506...
Processing grid 328/506...
Processing grid 329/506...
Processing grid 330/506...
Processing grid 331/506...
Processing grid 332/506...
Processing grid 333/506...
Processing grid 334/506...
Processing grid 335/506...
Processing grid 336/506...
Processing grid 337/506...
Processing grid 338/506...
Processing grid 339/506...
Processing grid 340/506...
Processing grid 341/506...
Processing grid 342/506...
Processing grid 343/506...
Processing grid 344/506...
Processing grid 345/506...
Processing grid 346/506...
Processing grid 347/506...
Processing grid 348/506...
Processing grid 349/506...
Processing grid 350/506...
Processing grid 351/506...
Processing grid 352/506...
Processing grid 353/506...
Processing grid 354/506...
Processing grid 355/506...
Processing grid 356/506...
Processing grid 357/506...
Processing grid 358/506...
Processing grid 359/506...
Processing grid 360/506...
Processing grid 361/506...
Processing grid 362/506...
Processing grid 363/506...
Processing grid 364/506...
Processing grid 365/506...
Processing grid 366/506...
Processing grid 367/506...
Processing grid 368/506...
Processing grid 369/506...
Processing grid 370/506...
Processing grid 371/506...
Processing grid 372/506...
Processing grid 373/506...
Processing grid 374/506...
Processing grid 375/506...
Processing grid 376/506...
Processing grid 377/506...
Processing grid 378/506...
Processing grid 379/506...
Processing grid 380/506...
Processing grid 381/506...
Processing grid 382/506...
Processing grid 383/506...
Processing grid 384/506...
Processing grid 385/506...
Processing grid 386/506...
Processing grid 387/506...
Processing grid 388/506...
Processing grid 389/506...
Processing grid 390/506...
Processing grid 391/506...
Processing grid 392/506...
Processing grid 393/506...
Processing grid 394/506...
Processing grid 395/506...
Processing grid 396/506...
Processing grid 397/506...
Processing grid 398/506...
Processing grid 399/506...
Processing grid 400/506...
Processing grid 401/506...
Processing grid 402/506...
Processing grid 403/506...
Processing grid 404/506...
Processing grid 405/506...
Processing grid 406/506...
Processing grid 407/506...
Processing grid 408/506...
Processing grid 409/506...
Processing grid 410/506...
Processing grid 411/506...
Processing grid 412/506...
Processing grid 413/506...
Processing grid 414/506...
Processing grid 415/506...
Processing grid 416/506...
Processing grid 417/506...
Processing grid 418/506...
Processing grid 419/506...
Processing grid 420/506...
Processing grid 421/506...
Processing grid 422/506...
Processing grid 423/506...
Processing grid 424/506...
Processing grid 425/506...
Processing grid 426/506...
Processing grid 427/506...
Processing grid 428/506...
Processing grid 429/506...
Processing grid 430/506...
Processing grid 431/506...
Processing grid 432/506...
Processing grid 433/506...
Processing grid 434/506...
Processing grid 435/506...
Processing grid 436/506...
Processing grid 437/506...
Processing grid 438/506...
Processing grid 439/506...
Processing grid 440/506...
Processing grid 441/506...
Processing grid 442/506...
Processing grid 443/506...
Processing grid 444/506...
Processing grid 445/506...
Processing grid 446/506...
Processing grid 447/506...
Processing grid 448/506...
Processing grid 449/506...
Processing grid 450/506...
Processing grid 451/506...
Processing grid 452/506...
Processing grid 453/506...
Processing grid 454/506...
Processing grid 455/506...
Processing grid 456/506...
Processing grid 457/506...
Processing grid 458/506...
Processing grid 459/506...
Processing grid 460/506...
Processing grid 461/506...
Processing grid 462/506...
Processing grid 463/506...
Processing grid 464/506...
Processing grid 465/506...
Processing grid 466/506...
Processing grid 467/506...
Processing grid 468/506...
Processing grid 469/506...
Processing grid 470/506...
Processing grid 471/506...
Processing grid 472/506...
Processing grid 473/506...
Processing grid 474/506...
Processing grid 475/506...
Processing grid 476/506...
Processing grid 477/506...
Processing grid 478/506...
Processing grid 479/506...
Processing grid 480/506...
Processing grid 481/506...
Processing grid 482/506...
Processing grid 483/506...
Processing grid 484/506...
Processing grid 485/506...
Processing grid 486/506...
Processing grid 487/506...
Processing grid 488/506...
Processing grid 489/506...
Processing grid 490/506...
Processing grid 491/506...
Processing grid 492/506...
Processing grid 493/506...
Processing grid 494/506...
Processing grid 495/506...
Processing grid 496/506...
Processing grid 497/506...
Processing grid 498/506...
Processing grid 499/506...
Processing grid 500/506...
Processing grid 501/506...
Processing grid 502/506...
Processing grid 503/506...
Processing grid 504/506...
Processing grid 505/506...
Processing grid 506/506...
*** Saved all SP results to /home/altraj24/files/ethanethiol/molalign/OUT/tb_lite_results_original.json

*** Running: cpcm-reader /home/altraj24/files/ethanethiol/molalign/inp.cpcm inp

*** Running: cpcm-reader /home/altraj24/files/ethanethiol/molalign/water.cpcm water
*** Saved shifted NPZ (-0.3 ): /home/altraj24/files/ethanethiol/molalign/OUT/solute_data_shiftn0p3.npz
*** Saved shifted NPZ (-0.25 ): /home/altraj24/files/ethanethiol/molalign/OUT/solute_data_shiftn0p25.npz
*** Saved shifted NPZ (-0.2 ): /home/altraj24/files/ethanethiol/molalign/OUT/solute_data_shiftn0p2.npz
*** Saved shifted NPZ (-0.15 ): /home/altraj24/files/ethanethiol/molalign/OUT/solute_data_shiftn0p15.npz
*** Saved shifted NPZ (-0.1 ): /home/altraj24/files/ethanethiol/molalign/OUT/solute_data_shiftn0p1.npz
*** Saved shifted NPZ (-0.05 ): /home/altraj24/files/ethanethiol/molalign/OUT/solute_data_shiftn0p05.npz
*** Saved shifted NPZ (+0.0 ): /home/altraj24/files/ethanethiol/molalign/OUT/solute_data_original.npz

*** Running: align-grid-tb /home/altraj24/files/ethanethiol/molalign/OUT/solute_data_shiftn0p3.npz /home/altraj24/files/ethanethiol/molalign/OUT/water_data.npz 0,90,180,270 --charge -1 --out /home/altraj24/files/ethanethiol/molalign/OUT/tb_lite_results_shiftn0p3.json

*** Running: align-grid-tb /home/altraj24/files/ethanethiol/molalign/OUT/solute_data_shiftn0p25.npz /home/altraj24/files/ethanethiol/molalign/OUT/water_data.npz 0,90,180,270 --charge -1 --out /home/altraj24/files/ethanethiol/molalign/OUT/tb_lite_results_shiftn0p25.json

*** Running: align-grid-tb /home/altraj24/files/ethanethiol/molalign/OUT/solute_data_shiftn0p2.npz /home/altraj24/files/ethanethiol/molalign/OUT/water_data.npz 0,90,180,270 --charge -1 --out /home/altraj24/files/ethanethiol/molalign/OUT/tb_lite_results_shiftn0p2.json

*** Running: align-grid-tb /home/altraj24/files/ethanethiol/molalign/OUT/solute_data_shiftn0p15.npz /home/altraj24/files/ethanethiol/molalign/OUT/water_data.npz 0,90,180,270 --charge -1 --out /home/altraj24/files/ethanethiol/molalign/OUT/tb_lite_results_shiftn0p15.json

*** Running: align-grid-tb /home/altraj24/files/ethanethiol/molalign/OUT/solute_data_shiftn0p1.npz /home/altraj24/files/ethanethiol/molalign/OUT/water_data.npz 0,90,180,270 --charge -1 --out /home/altraj24/files/ethanethiol/molalign/OUT/tb_lite_results_shiftn0p1.json

*** Running: align-grid-tb /home/altraj24/files/ethanethiol/molalign/OUT/solute_data_shiftn0p05.npz /home/altraj24/files/ethanethiol/molalign/OUT/water_data.npz 0,90,180,270 --charge -1 --out /home/altraj24/files/ethanethiol/molalign/OUT/tb_lite_results_shiftn0p05.json

*** Running: align-grid-tb /home/altraj24/files/ethanethiol/molalign/OUT/solute_data_original.npz /home/altraj24/files/ethanethiol/molalign/OUT/water_data.npz 0,90,180,270 --charge -1 --out /home/altraj24/files/ethanethiol/molalign/OUT/tb_lite_results_original.json

*** All computations complete. Results saved in:
    /home/altraj24/files/ethanethiol/molalign/OUT/tb_lite_results_shiftn0p3.json
    /home/altraj24/files/ethanethiol/molalign/OUT/tb_lite_results_shiftn0p25.json
    /home/altraj24/files/ethanethiol/molalign/OUT/tb_lite_results_shiftn0p2.json
    /home/altraj24/files/ethanethiol/molalign/OUT/tb_lite_results_shiftn0p15.json
    /home/altraj24/files/ethanethiol/molalign/OUT/tb_lite_results_shiftn0p1.json
    /home/altraj24/files/ethanethiol/molalign/OUT/tb_lite_results_shiftn0p05.json
    /home/altraj24/files/ethanethiol/molalign/OUT/tb_lite_results_original.json
