6
 energy: -14.412836394596 gnorm: 0.186262871602 xtb: 6.7.1 (edcfbbe)
N           -6.63757600000000       -2.95397500000000        3.32841600000000
C           -5.52133800000000       -2.62563900000000        2.51452900000000
H           -5.73958800000000       -2.62011700000000        1.46292900000000
O           -7.71982500000000       -3.09838300000000        2.75362200000000
H           -4.59045300000000       -2.59457700000000        3.04934900000000
O           -6.42734300000000       -3.06693400000000        4.53896800000000
6
 energy: -14.426691143065 gnorm: 0.094953513849 xtb: 6.7.1 (edcfbbe)
N           -6.60004208596344       -2.96951786712308        3.30150815393248
C           -5.54257633558772       -2.64531214374483        2.53023059166193
H           -5.73571517069021       -2.61292133447753        1.47945642143872
O           -7.72833333463649       -3.08793319078573        2.74756930309489
H           -4.60510392825633       -2.58726173216852        3.04040941615729
O           -6.42435214486580       -3.05667873170031        4.54863911371469
6
 energy: -14.427770679604 gnorm: 0.064365643397 xtb: 6.7.1 (edcfbbe)
N           -6.57754428061780       -2.87818508901560        3.28357455664228
C           -5.56576188971933       -2.68485373124127        2.54764098900597
H           -5.72099689831138       -2.60847909560832        1.49102304193988
O           -7.73282616442918       -3.11805614546641        2.74986761841987
H           -4.61170786513175       -2.58311569487109        3.02286879415100
O           -6.42728590179057       -3.08693524379731        4.55283799984101
6
 energy: -14.430689245468 gnorm: 0.029498497590 xtb: 6.7.1 (edcfbbe)
N           -6.56942468860592       -2.97972780508211        3.27945815493709
C           -5.55497994183598       -2.70640124224601        2.54020356356286
H           -5.71040105702888       -2.58356427540435        1.48263813095210
O           -7.75031425090053       -3.08138344574049        2.76765946016434
H           -4.60078478422552       -2.55802277533762        3.01487096081022
O           -6.45021827740316       -3.05052545618941        4.56298272957338
6
 energy: -14.431098001712 gnorm: 0.030413330761 xtb: 6.7.1 (edcfbbe)
N           -6.58861180378509       -2.94316074306545        3.29272575510934
C           -5.54762982638900       -2.67581924993846        2.53435795027113
H           -5.70644896961385       -2.59965332570615        1.48018451715344
O           -7.74696990341552       -3.09887762458949        2.76825539688313
H           -4.59717449224718       -2.57311728488494        3.01236149489484
O           -6.44928800454936       -3.06899677181550        4.55992788568813
6
 energy: -14.431503167946 gnorm: 0.002517510074 xtb: 6.7.1 (edcfbbe)
N           -6.58003925543030       -2.94647102653703        3.28657638616757
C           -5.55259924800046       -2.68535809087184        2.53812432170751
H           -5.70577369181019       -2.59565766655101        1.48250046416903
O           -7.74735274841241       -3.09638397192299        2.77000699167839
H           -4.59919435725907       -2.56950471373375        3.01087200914831
O           -6.45116369908757       -3.06624953038338        4.55973282712919
6
 energy: -14.431512124951 gnorm: 0.001170054296 xtb: 6.7.1 (edcfbbe)
N           -6.57940302790908       -2.94800948238707        3.28614253984181
C           -5.55265683642934       -2.68563944532449        2.53818375363812
H           -5.70473583436208       -2.59492800121498        1.48219474999198
O           -7.74766916086086       -3.09615918515180        2.77188348492901
H           -4.59853519598150       -2.56918759991399        3.00990787290909
O           -6.45312294445714       -3.06570128600767        4.55950059869000
6
 energy: -14.431514267344 gnorm: 0.000398673488 xtb: 6.7.1 (edcfbbe)
N           -6.57925205510805       -2.94790056627040        3.28601396368468
C           -5.55254197611451       -2.68498322892656        2.53809054587301
H           -5.70356988183849       -2.59490308257260        1.48179434802089
O           -7.74774569416293       -3.09653690900213        2.77411706273039
H           -4.59774439221443       -2.56924798416365        3.00891541264644
O           -6.45526900056159       -3.06605322906466        4.55888166704460
