*** Saved NPZ with 2 atoms and 171 gridpoints.
*** Saved human-readable TXT: inp_data.txt
*** Saved NPZ with 3 atoms and 2 gridpoints.
*** Saved human-readable TXT: water_data.txt
Processing grid 0/170...
Processing grid 1/170...
Processing grid 2/170...
Processing grid 3/170...
Processing grid 4/170...
Processing grid 5/170...
Processing grid 6/170...
Processing grid 7/170...
Processing grid 8/170...
Processing grid 9/170...
Processing grid 10/170...
Processing grid 11/170...
Processing grid 12/170...
Processing grid 13/170...
Processing grid 14/170...
Processing grid 15/170...
Processing grid 16/170...
Processing grid 17/170...
Processing grid 18/170...
Processing grid 19/170...
Processing grid 20/170...
Processing grid 21/170...
Processing grid 22/170...
Processing grid 23/170...
Processing grid 24/170...
Processing grid 25/170...
Processing grid 26/170...
Processing grid 27/170...
Processing grid 28/170...
Processing grid 29/170...
Processing grid 30/170...
Processing grid 31/170...
Processing grid 32/170...
Processing grid 33/170...
Processing grid 34/170...
Processing grid 35/170...
Processing grid 36/170...
Processing grid 37/170...
Processing grid 38/170...
Processing grid 39/170...
Processing grid 40/170...
Processing grid 41/170...
Processing grid 42/170...
Processing grid 43/170...
Processing grid 44/170...
Processing grid 45/170...
Processing grid 46/170...
Processing grid 47/170...
Processing grid 48/170...
Processing grid 49/170...
Processing grid 50/170...
Processing grid 51/170...
Processing grid 52/170...
Processing grid 53/170...
Processing grid 54/170...
Processing grid 55/170...
Processing grid 56/170...
Processing grid 57/170...
Processing grid 58/170...
Processing grid 59/170...
Processing grid 60/170...
Processing grid 61/170...
Processing grid 62/170...
Processing grid 63/170...
Processing grid 64/170...
Processing grid 65/170...
Processing grid 66/170...
Processing grid 67/170...
Processing grid 68/170...
Processing grid 69/170...
Processing grid 70/170...
Processing grid 71/170...
Processing grid 72/170...
Processing grid 73/170...
Processing grid 74/170...
Processing grid 75/170...
Processing grid 76/170...
Processing grid 77/170...
Processing grid 78/170...
Processing grid 79/170...
Processing grid 80/170...
Processing grid 81/170...
Processing grid 82/170...
Processing grid 83/170...
Processing grid 84/170...
Processing grid 85/170...
Processing grid 86/170...
Processing grid 87/170...
Processing grid 88/170...
Processing grid 89/170...
Processing grid 90/170...
Processing grid 91/170...
Processing grid 92/170...
Processing grid 93/170...
Processing grid 94/170...
Processing grid 95/170...
Processing grid 96/170...
Processing grid 97/170...
Processing grid 98/170...
Processing grid 99/170...
Processing grid 100/170...
Processing grid 101/170...
Processing grid 102/170...
Processing grid 103/170...
Processing grid 104/170...
Processing grid 105/170...
Processing grid 106/170...
Processing grid 107/170...
Processing grid 108/170...
Processing grid 109/170...
Processing grid 110/170...
Processing grid 111/170...
Processing grid 112/170...
Processing grid 113/170...
Processing grid 114/170...
Processing grid 115/170...
Processing grid 116/170...
Processing grid 117/170...
Processing grid 118/170...
Processing grid 119/170...
Processing grid 120/170...
Processing grid 121/170...
Processing grid 122/170...
Processing grid 123/170...
Processing grid 124/170...
Processing grid 125/170...
Processing grid 126/170...
Processing grid 127/170...
Processing grid 128/170...
Processing grid 129/170...
Processing grid 130/170...
Processing grid 131/170...
Processing grid 132/170...
Processing grid 133/170...
Processing grid 134/170...
Processing grid 135/170...
Processing grid 136/170...
Processing grid 137/170...
Processing grid 138/170...
Processing grid 139/170...
Processing grid 140/170...
Processing grid 141/170...
Processing grid 142/170...
Processing grid 143/170...
Processing grid 144/170...
Processing grid 145/170...
Processing grid 146/170...
Processing grid 147/170...
Processing grid 148/170...
Processing grid 149/170...
Processing grid 150/170...
Processing grid 151/170...
Processing grid 152/170...
Processing grid 153/170...
Processing grid 154/170...
Processing grid 155/170...
Processing grid 156/170...
Processing grid 157/170...
Processing grid 158/170...
Processing grid 159/170...
Processing grid 160/170...
Processing grid 161/170...
Processing grid 162/170...
Processing grid 163/170...
Processing grid 164/170...
Processing grid 165/170...
Processing grid 166/170...
Processing grid 167/170...
Processing grid 168/170...
Processing grid 169/170...
Processing grid 170/170...
*** Saved all SP results to /home/altraj24/files/sulfide/molalign/OUT/tb_lite_results_shiftn0p3.json
Processing grid 0/170...
Processing grid 1/170...
Processing grid 2/170...
Processing grid 3/170...
Processing grid 4/170...
Processing grid 5/170...
Processing grid 6/170...
Processing grid 7/170...
Processing grid 8/170...
Processing grid 9/170...
Processing grid 10/170...
Processing grid 11/170...
Processing grid 12/170...
Processing grid 13/170...
Processing grid 14/170...
Processing grid 15/170...
Processing grid 16/170...
Processing grid 17/170...
Processing grid 18/170...
Processing grid 19/170...
Processing grid 20/170...
Processing grid 21/170...
Processing grid 22/170...
Processing grid 23/170...
Processing grid 24/170...
Processing grid 25/170...
Processing grid 26/170...
Processing grid 27/170...
Processing grid 28/170...
Processing grid 29/170...
Processing grid 30/170...
Processing grid 31/170...
Processing grid 32/170...
Processing grid 33/170...
Processing grid 34/170...
Processing grid 35/170...
Processing grid 36/170...
Processing grid 37/170...
Processing grid 38/170...
Processing grid 39/170...
Processing grid 40/170...
Processing grid 41/170...
Processing grid 42/170...
Processing grid 43/170...
Processing grid 44/170...
Processing grid 45/170...
Processing grid 46/170...
Processing grid 47/170...
Processing grid 48/170...
Processing grid 49/170...
Processing grid 50/170...
Processing grid 51/170...
Processing grid 52/170...
Processing grid 53/170...
Processing grid 54/170...
Processing grid 55/170...
Processing grid 56/170...
Processing grid 57/170...
Processing grid 58/170...
Processing grid 59/170...
Processing grid 60/170...
Processing grid 61/170...
Processing grid 62/170...
Processing grid 63/170...
Processing grid 64/170...
Processing grid 65/170...
Processing grid 66/170...
Processing grid 67/170...
Processing grid 68/170...
Processing grid 69/170...
Processing grid 70/170...
Processing grid 71/170...
Processing grid 72/170...
Processing grid 73/170...
Processing grid 74/170...
Processing grid 75/170...
Processing grid 76/170...
Processing grid 77/170...
Processing grid 78/170...
Processing grid 79/170...
Processing grid 80/170...
Processing grid 81/170...
Processing grid 82/170...
Processing grid 83/170...
Processing grid 84/170...
Processing grid 85/170...
Processing grid 86/170...
Processing grid 87/170...
Processing grid 88/170...
Processing grid 89/170...
Processing grid 90/170...
Processing grid 91/170...
Processing grid 92/170...
Processing grid 93/170...
Processing grid 94/170...
Processing grid 95/170...
Processing grid 96/170...
Processing grid 97/170...
Processing grid 98/170...
Processing grid 99/170...
Processing grid 100/170...
Processing grid 101/170...
Processing grid 102/170...
Processing grid 103/170...
Processing grid 104/170...
Processing grid 105/170...
Processing grid 106/170...
Processing grid 107/170...
Processing grid 108/170...
Processing grid 109/170...
Processing grid 110/170...
Processing grid 111/170...
Processing grid 112/170...
Processing grid 113/170...
Processing grid 114/170...
Processing grid 115/170...
Processing grid 116/170...
Processing grid 117/170...
Processing grid 118/170...
Processing grid 119/170...
Processing grid 120/170...
Processing grid 121/170...
Processing grid 122/170...
Processing grid 123/170...
Processing grid 124/170...
Processing grid 125/170...
Processing grid 126/170...
Processing grid 127/170...
Processing grid 128/170...
Processing grid 129/170...
Processing grid 130/170...
Processing grid 131/170...
Processing grid 132/170...
Processing grid 133/170...
Processing grid 134/170...
Processing grid 135/170...
Processing grid 136/170...
Processing grid 137/170...
Processing grid 138/170...
Processing grid 139/170...
Processing grid 140/170...
Processing grid 141/170...
Processing grid 142/170...
Processing grid 143/170...
Processing grid 144/170...
Processing grid 145/170...
Processing grid 146/170...
Processing grid 147/170...
Processing grid 148/170...
Processing grid 149/170...
Processing grid 150/170...
Processing grid 151/170...
Processing grid 152/170...
Processing grid 153/170...
Processing grid 154/170...
Processing grid 155/170...
Processing grid 156/170...
Processing grid 157/170...
Processing grid 158/170...
Processing grid 159/170...
Processing grid 160/170...
Processing grid 161/170...
Processing grid 162/170...
Processing grid 163/170...
Processing grid 164/170...
Processing grid 165/170...
Processing grid 166/170...
Processing grid 167/170...
Processing grid 168/170...
Processing grid 169/170...
Processing grid 170/170...
*** Saved all SP results to /home/altraj24/files/sulfide/molalign/OUT/tb_lite_results_shiftn0p25.json
Processing grid 0/170...
Processing grid 1/170...
Processing grid 2/170...
Processing grid 3/170...
Processing grid 4/170...
Processing grid 5/170...
Processing grid 6/170...
Processing grid 7/170...
Processing grid 8/170...
Processing grid 9/170...
Processing grid 10/170...
Processing grid 11/170...
Processing grid 12/170...
Processing grid 13/170...
Processing grid 14/170...
Processing grid 15/170...
Processing grid 16/170...
Processing grid 17/170...
Processing grid 18/170...
Processing grid 19/170...
Processing grid 20/170...
Processing grid 21/170...
Processing grid 22/170...
Processing grid 23/170...
Processing grid 24/170...
Processing grid 25/170...
Processing grid 26/170...
Processing grid 27/170...
Processing grid 28/170...
Processing grid 29/170...
Processing grid 30/170...
Processing grid 31/170...
Processing grid 32/170...
Processing grid 33/170...
Processing grid 34/170...
Processing grid 35/170...
Processing grid 36/170...
Processing grid 37/170...
Processing grid 38/170...
Processing grid 39/170...
Processing grid 40/170...
Processing grid 41/170...
Processing grid 42/170...
Processing grid 43/170...
Processing grid 44/170...
Processing grid 45/170...
Processing grid 46/170...
Processing grid 47/170...
Processing grid 48/170...
Processing grid 49/170...
Processing grid 50/170...
Processing grid 51/170...
Processing grid 52/170...
Processing grid 53/170...
Processing grid 54/170...
Processing grid 55/170...
Processing grid 56/170...
Processing grid 57/170...
Processing grid 58/170...
Processing grid 59/170...
Processing grid 60/170...
Processing grid 61/170...
Processing grid 62/170...
Processing grid 63/170...
Processing grid 64/170...
Processing grid 65/170...
Processing grid 66/170...
Processing grid 67/170...
Processing grid 68/170...
Processing grid 69/170...
Processing grid 70/170...
Processing grid 71/170...
Processing grid 72/170...
Processing grid 73/170...
Processing grid 74/170...
Processing grid 75/170...
Processing grid 76/170...
Processing grid 77/170...
Processing grid 78/170...
Processing grid 79/170...
Processing grid 80/170...
Processing grid 81/170...
Processing grid 82/170...
Processing grid 83/170...
Processing grid 84/170...
Processing grid 85/170...
Processing grid 86/170...
Processing grid 87/170...
Processing grid 88/170...
Processing grid 89/170...
Processing grid 90/170...
Processing grid 91/170...
Processing grid 92/170...
Processing grid 93/170...
Processing grid 94/170...
Processing grid 95/170...
Processing grid 96/170...
Processing grid 97/170...
Processing grid 98/170...
Processing grid 99/170...
Processing grid 100/170...
Processing grid 101/170...
Processing grid 102/170...
Processing grid 103/170...
Processing grid 104/170...
Processing grid 105/170...
Processing grid 106/170...
Processing grid 107/170...
Processing grid 108/170...
Processing grid 109/170...
Processing grid 110/170...
Processing grid 111/170...
Processing grid 112/170...
Processing grid 113/170...
Processing grid 114/170...
Processing grid 115/170...
Processing grid 116/170...
Processing grid 117/170...
Processing grid 118/170...
Processing grid 119/170...
Processing grid 120/170...
Processing grid 121/170...
Processing grid 122/170...
Processing grid 123/170...
Processing grid 124/170...
Processing grid 125/170...
Processing grid 126/170...
Processing grid 127/170...
Processing grid 128/170...
Processing grid 129/170...
Processing grid 130/170...
Processing grid 131/170...
Processing grid 132/170...
Processing grid 133/170...
Processing grid 134/170...
Processing grid 135/170...
Processing grid 136/170...
Processing grid 137/170...
Processing grid 138/170...
Processing grid 139/170...
Processing grid 140/170...
Processing grid 141/170...
Processing grid 142/170...
Processing grid 143/170...
Processing grid 144/170...
Processing grid 145/170...
Processing grid 146/170...
Processing grid 147/170...
Processing grid 148/170...
Processing grid 149/170...
Processing grid 150/170...
Processing grid 151/170...
Processing grid 152/170...
Processing grid 153/170...
Processing grid 154/170...
Processing grid 155/170...
Processing grid 156/170...
Processing grid 157/170...
Processing grid 158/170...
Processing grid 159/170...
Processing grid 160/170...
Processing grid 161/170...
Processing grid 162/170...
Processing grid 163/170...
Processing grid 164/170...
Processing grid 165/170...
Processing grid 166/170...
Processing grid 167/170...
Processing grid 168/170...
Processing grid 169/170...
Processing grid 170/170...
*** Saved all SP results to /home/altraj24/files/sulfide/molalign/OUT/tb_lite_results_shiftn0p2.json
Processing grid 0/170...
Processing grid 1/170...
Processing grid 2/170...
Processing grid 3/170...
Processing grid 4/170...
Processing grid 5/170...
Processing grid 6/170...
Processing grid 7/170...
Processing grid 8/170...
Processing grid 9/170...
Processing grid 10/170...
Processing grid 11/170...
Processing grid 12/170...
Processing grid 13/170...
Processing grid 14/170...
Processing grid 15/170...
Processing grid 16/170...
Processing grid 17/170...
Processing grid 18/170...
Processing grid 19/170...
Processing grid 20/170...
Processing grid 21/170...
Processing grid 22/170...
Processing grid 23/170...
Processing grid 24/170...
Processing grid 25/170...
Processing grid 26/170...
Processing grid 27/170...
Processing grid 28/170...
Processing grid 29/170...
Processing grid 30/170...
Processing grid 31/170...
Processing grid 32/170...
Processing grid 33/170...
Processing grid 34/170...
Processing grid 35/170...
Processing grid 36/170...
Processing grid 37/170...
Processing grid 38/170...
Processing grid 39/170...
Processing grid 40/170...
Processing grid 41/170...
Processing grid 42/170...
Processing grid 43/170...
Processing grid 44/170...
Processing grid 45/170...
Processing grid 46/170...
Processing grid 47/170...
Processing grid 48/170...
Processing grid 49/170...
Processing grid 50/170...
Processing grid 51/170...
Processing grid 52/170...
Processing grid 53/170...
Processing grid 54/170...
Processing grid 55/170...
Processing grid 56/170...
Processing grid 57/170...
Processing grid 58/170...
Processing grid 59/170...
Processing grid 60/170...
Processing grid 61/170...
Processing grid 62/170...
Processing grid 63/170...
Processing grid 64/170...
Processing grid 65/170...
Processing grid 66/170...
Processing grid 67/170...
Processing grid 68/170...
Processing grid 69/170...
Processing grid 70/170...
Processing grid 71/170...
Processing grid 72/170...
Processing grid 73/170...
Processing grid 74/170...
Processing grid 75/170...
Processing grid 76/170...
Processing grid 77/170...
Processing grid 78/170...
Processing grid 79/170...
Processing grid 80/170...
Processing grid 81/170...
Processing grid 82/170...
Processing grid 83/170...
Processing grid 84/170...
Processing grid 85/170...
Processing grid 86/170...
Processing grid 87/170...
Processing grid 88/170...
Processing grid 89/170...
Processing grid 90/170...
Processing grid 91/170...
Processing grid 92/170...
Processing grid 93/170...
Processing grid 94/170...
Processing grid 95/170...
Processing grid 96/170...
Processing grid 97/170...
Processing grid 98/170...
Processing grid 99/170...
Processing grid 100/170...
Processing grid 101/170...
Processing grid 102/170...
Processing grid 103/170...
Processing grid 104/170...
Processing grid 105/170...
Processing grid 106/170...
Processing grid 107/170...
Processing grid 108/170...
Processing grid 109/170...
Processing grid 110/170...
Processing grid 111/170...
Processing grid 112/170...
Processing grid 113/170...
Processing grid 114/170...
Processing grid 115/170...
Processing grid 116/170...
Processing grid 117/170...
Processing grid 118/170...
Processing grid 119/170...
Processing grid 120/170...
Processing grid 121/170...
Processing grid 122/170...
Processing grid 123/170...
Processing grid 124/170...
Processing grid 125/170...
Processing grid 126/170...
Processing grid 127/170...
Processing grid 128/170...
Processing grid 129/170...
Processing grid 130/170...
Processing grid 131/170...
Processing grid 132/170...
Processing grid 133/170...
Processing grid 134/170...
Processing grid 135/170...
Processing grid 136/170...
Processing grid 137/170...
Processing grid 138/170...
Processing grid 139/170...
Processing grid 140/170...
Processing grid 141/170...
Processing grid 142/170...
Processing grid 143/170...
Processing grid 144/170...
Processing grid 145/170...
Processing grid 146/170...
Processing grid 147/170...
Processing grid 148/170...
Processing grid 149/170...
Processing grid 150/170...
Processing grid 151/170...
Processing grid 152/170...
Processing grid 153/170...
Processing grid 154/170...
Processing grid 155/170...
Processing grid 156/170...
Processing grid 157/170...
Processing grid 158/170...
Processing grid 159/170...
Processing grid 160/170...
Processing grid 161/170...
Processing grid 162/170...
Processing grid 163/170...
Processing grid 164/170...
Processing grid 165/170...
Processing grid 166/170...
Processing grid 167/170...
Processing grid 168/170...
Processing grid 169/170...
Processing grid 170/170...
*** Saved all SP results to /home/altraj24/files/sulfide/molalign/OUT/tb_lite_results_shiftn0p15.json
Processing grid 0/170...
Processing grid 1/170...
Processing grid 2/170...
Processing grid 3/170...
Processing grid 4/170...
Processing grid 5/170...
Processing grid 6/170...
Processing grid 7/170...
Processing grid 8/170...
Processing grid 9/170...
Processing grid 10/170...
Processing grid 11/170...
Processing grid 12/170...
Processing grid 13/170...
Processing grid 14/170...
Processing grid 15/170...
Processing grid 16/170...
Processing grid 17/170...
Processing grid 18/170...
Processing grid 19/170...
Processing grid 20/170...
Processing grid 21/170...
Processing grid 22/170...
Processing grid 23/170...
Processing grid 24/170...
Processing grid 25/170...
Processing grid 26/170...
Processing grid 27/170...
Processing grid 28/170...
Processing grid 29/170...
Processing grid 30/170...
Processing grid 31/170...
Processing grid 32/170...
Processing grid 33/170...
Processing grid 34/170...
Processing grid 35/170...
Processing grid 36/170...
Processing grid 37/170...
Processing grid 38/170...
Processing grid 39/170...
Processing grid 40/170...
Processing grid 41/170...
Processing grid 42/170...
Processing grid 43/170...
Processing grid 44/170...
Processing grid 45/170...
Processing grid 46/170...
Processing grid 47/170...
Processing grid 48/170...
Processing grid 49/170...
Processing grid 50/170...
Processing grid 51/170...
Processing grid 52/170...
Processing grid 53/170...
Processing grid 54/170...
Processing grid 55/170...
Processing grid 56/170...
Processing grid 57/170...
Processing grid 58/170...
Processing grid 59/170...
Processing grid 60/170...
Processing grid 61/170...
Processing grid 62/170...
Processing grid 63/170...
Processing grid 64/170...
Processing grid 65/170...
Processing grid 66/170...
Processing grid 67/170...
Processing grid 68/170...
Processing grid 69/170...
Processing grid 70/170...
Processing grid 71/170...
Processing grid 72/170...
Processing grid 73/170...
Processing grid 74/170...
Processing grid 75/170...
Processing grid 76/170...
Processing grid 77/170...
Processing grid 78/170...
Processing grid 79/170...
Processing grid 80/170...
Processing grid 81/170...
Processing grid 82/170...
Processing grid 83/170...
Processing grid 84/170...
Processing grid 85/170...
Processing grid 86/170...
Processing grid 87/170...
Processing grid 88/170...
Processing grid 89/170...
Processing grid 90/170...
Processing grid 91/170...
Processing grid 92/170...
Processing grid 93/170...
Processing grid 94/170...
Processing grid 95/170...
Processing grid 96/170...
Processing grid 97/170...
Processing grid 98/170...
Processing grid 99/170...
Processing grid 100/170...
Processing grid 101/170...
Processing grid 102/170...
Processing grid 103/170...
Processing grid 104/170...
Processing grid 105/170...
Processing grid 106/170...
Processing grid 107/170...
Processing grid 108/170...
Processing grid 109/170...
Processing grid 110/170...
Processing grid 111/170...
Processing grid 112/170...
Processing grid 113/170...
Processing grid 114/170...
Processing grid 115/170...
Processing grid 116/170...
Processing grid 117/170...
Processing grid 118/170...
Processing grid 119/170...
Processing grid 120/170...
Processing grid 121/170...
Processing grid 122/170...
Processing grid 123/170...
Processing grid 124/170...
Processing grid 125/170...
Processing grid 126/170...
Processing grid 127/170...
Processing grid 128/170...
Processing grid 129/170...
Processing grid 130/170...
Processing grid 131/170...
Processing grid 132/170...
Processing grid 133/170...
Processing grid 134/170...
Processing grid 135/170...
Processing grid 136/170...
Processing grid 137/170...
Processing grid 138/170...
Processing grid 139/170...
Processing grid 140/170...
Processing grid 141/170...
Processing grid 142/170...
Processing grid 143/170...
Processing grid 144/170...
Processing grid 145/170...
Processing grid 146/170...
Processing grid 147/170...
Processing grid 148/170...
Processing grid 149/170...
Processing grid 150/170...
Processing grid 151/170...
Processing grid 152/170...
Processing grid 153/170...
Processing grid 154/170...
Processing grid 155/170...
Processing grid 156/170...
Processing grid 157/170...
Processing grid 158/170...
Processing grid 159/170...
Processing grid 160/170...
Processing grid 161/170...
Processing grid 162/170...
Processing grid 163/170...
Processing grid 164/170...
Processing grid 165/170...
Processing grid 166/170...
Processing grid 167/170...
Processing grid 168/170...
Processing grid 169/170...
Processing grid 170/170...
*** Saved all SP results to /home/altraj24/files/sulfide/molalign/OUT/tb_lite_results_shiftn0p1.json
Processing grid 0/170...
Processing grid 1/170...
Processing grid 2/170...
Processing grid 3/170...
Processing grid 4/170...
Processing grid 5/170...
Processing grid 6/170...
Processing grid 7/170...
Processing grid 8/170...
Processing grid 9/170...
Processing grid 10/170...
Processing grid 11/170...
Processing grid 12/170...
Processing grid 13/170...
Processing grid 14/170...
Processing grid 15/170...
Processing grid 16/170...
Processing grid 17/170...
Processing grid 18/170...
Processing grid 19/170...
Processing grid 20/170...
Processing grid 21/170...
Processing grid 22/170...
Processing grid 23/170...
Processing grid 24/170...
Processing grid 25/170...
Processing grid 26/170...
Processing grid 27/170...
Processing grid 28/170...
Processing grid 29/170...
Processing grid 30/170...
Processing grid 31/170...
Processing grid 32/170...
Processing grid 33/170...
Processing grid 34/170...
Processing grid 35/170...
Processing grid 36/170...
Processing grid 37/170...
Processing grid 38/170...
Processing grid 39/170...
Processing grid 40/170...
Processing grid 41/170...
Processing grid 42/170...
Processing grid 43/170...
Processing grid 44/170...
Processing grid 45/170...
Processing grid 46/170...
Processing grid 47/170...
Processing grid 48/170...
Processing grid 49/170...
Processing grid 50/170...
Processing grid 51/170...
Processing grid 52/170...
Processing grid 53/170...
Processing grid 54/170...
Processing grid 55/170...
Processing grid 56/170...
Processing grid 57/170...
Processing grid 58/170...
Processing grid 59/170...
Processing grid 60/170...
Processing grid 61/170...
Processing grid 62/170...
Processing grid 63/170...
Processing grid 64/170...
Processing grid 65/170...
Processing grid 66/170...
Processing grid 67/170...
Processing grid 68/170...
Processing grid 69/170...
Processing grid 70/170...
Processing grid 71/170...
Processing grid 72/170...
Processing grid 73/170...
Processing grid 74/170...
Processing grid 75/170...
Processing grid 76/170...
Processing grid 77/170...
Processing grid 78/170...
Processing grid 79/170...
Processing grid 80/170...
Processing grid 81/170...
Processing grid 82/170...
Processing grid 83/170...
Processing grid 84/170...
Processing grid 85/170...
Processing grid 86/170...
Processing grid 87/170...
Processing grid 88/170...
Processing grid 89/170...
Processing grid 90/170...
Processing grid 91/170...
Processing grid 92/170...
Processing grid 93/170...
Processing grid 94/170...
Processing grid 95/170...
Processing grid 96/170...
Processing grid 97/170...
Processing grid 98/170...
Processing grid 99/170...
Processing grid 100/170...
Processing grid 101/170...
Processing grid 102/170...
Processing grid 103/170...
Processing grid 104/170...
Processing grid 105/170...
Processing grid 106/170...
Processing grid 107/170...
Processing grid 108/170...
Processing grid 109/170...
Processing grid 110/170...
Processing grid 111/170...
Processing grid 112/170...
Processing grid 113/170...
Processing grid 114/170...
Processing grid 115/170...
Processing grid 116/170...
Processing grid 117/170...
Processing grid 118/170...
Processing grid 119/170...
Processing grid 120/170...
Processing grid 121/170...
Processing grid 122/170...
Processing grid 123/170...
Processing grid 124/170...
Processing grid 125/170...
Processing grid 126/170...
Processing grid 127/170...
Processing grid 128/170...
Processing grid 129/170...
Processing grid 130/170...
Processing grid 131/170...
Processing grid 132/170...
Processing grid 133/170...
Processing grid 134/170...
Processing grid 135/170...
Processing grid 136/170...
Processing grid 137/170...
Processing grid 138/170...
Processing grid 139/170...
Processing grid 140/170...
Processing grid 141/170...
Processing grid 142/170...
Processing grid 143/170...
Processing grid 144/170...
Processing grid 145/170...
Processing grid 146/170...
Processing grid 147/170...
Processing grid 148/170...
Processing grid 149/170...
Processing grid 150/170...
Processing grid 151/170...
Processing grid 152/170...
Processing grid 153/170...
Processing grid 154/170...
Processing grid 155/170...
Processing grid 156/170...
Processing grid 157/170...
Processing grid 158/170...
Processing grid 159/170...
Processing grid 160/170...
Processing grid 161/170...
Processing grid 162/170...
Processing grid 163/170...
Processing grid 164/170...
Processing grid 165/170...
Processing grid 166/170...
Processing grid 167/170...
Processing grid 168/170...
Processing grid 169/170...
Processing grid 170/170...
*** Saved all SP results to /home/altraj24/files/sulfide/molalign/OUT/tb_lite_results_shiftn0p05.json
Processing grid 0/170...
Processing grid 1/170...
Processing grid 2/170...
Processing grid 3/170...
Processing grid 4/170...
Processing grid 5/170...
Processing grid 6/170...
Processing grid 7/170...
Processing grid 8/170...
Processing grid 9/170...
Processing grid 10/170...
Processing grid 11/170...
Processing grid 12/170...
Processing grid 13/170...
Processing grid 14/170...
Processing grid 15/170...
Processing grid 16/170...
Processing grid 17/170...
Processing grid 18/170...
Processing grid 19/170...
Processing grid 20/170...
Processing grid 21/170...
Processing grid 22/170...
Processing grid 23/170...
Processing grid 24/170...
Processing grid 25/170...
Processing grid 26/170...
Processing grid 27/170...
Processing grid 28/170...
Processing grid 29/170...
Processing grid 30/170...
Processing grid 31/170...
Processing grid 32/170...
Processing grid 33/170...
Processing grid 34/170...
Processing grid 35/170...
Processing grid 36/170...
Processing grid 37/170...
Processing grid 38/170...
Processing grid 39/170...
Processing grid 40/170...
Processing grid 41/170...
Processing grid 42/170...
Processing grid 43/170...
Processing grid 44/170...
Processing grid 45/170...
Processing grid 46/170...
Processing grid 47/170...
Processing grid 48/170...
Processing grid 49/170...
Processing grid 50/170...
Processing grid 51/170...
Processing grid 52/170...
Processing grid 53/170...
Processing grid 54/170...
Processing grid 55/170...
Processing grid 56/170...
Processing grid 57/170...
Processing grid 58/170...
Processing grid 59/170...
Processing grid 60/170...
Processing grid 61/170...
Processing grid 62/170...
Processing grid 63/170...
Processing grid 64/170...
Processing grid 65/170...
Processing grid 66/170...
Processing grid 67/170...
Processing grid 68/170...
Processing grid 69/170...
Processing grid 70/170...
Processing grid 71/170...
Processing grid 72/170...
Processing grid 73/170...
Processing grid 74/170...
Processing grid 75/170...
Processing grid 76/170...
Processing grid 77/170...
Processing grid 78/170...
Processing grid 79/170...
Processing grid 80/170...
Processing grid 81/170...
Processing grid 82/170...
Processing grid 83/170...
Processing grid 84/170...
Processing grid 85/170...
Processing grid 86/170...
Processing grid 87/170...
Processing grid 88/170...
Processing grid 89/170...
Processing grid 90/170...
Processing grid 91/170...
Processing grid 92/170...
Processing grid 93/170...
Processing grid 94/170...
Processing grid 95/170...
Processing grid 96/170...
Processing grid 97/170...
Processing grid 98/170...
Processing grid 99/170...
Processing grid 100/170...
Processing grid 101/170...
Processing grid 102/170...
Processing grid 103/170...
Processing grid 104/170...
Processing grid 105/170...
Processing grid 106/170...
Processing grid 107/170...
Processing grid 108/170...
Processing grid 109/170...
Processing grid 110/170...
Processing grid 111/170...
Processing grid 112/170...
Processing grid 113/170...
Processing grid 114/170...
Processing grid 115/170...
Processing grid 116/170...
Processing grid 117/170...
Processing grid 118/170...
Processing grid 119/170...
Processing grid 120/170...
Processing grid 121/170...
Processing grid 122/170...
Processing grid 123/170...
Processing grid 124/170...
Processing grid 125/170...
Processing grid 126/170...
Processing grid 127/170...
Processing grid 128/170...
Processing grid 129/170...
Processing grid 130/170...
Processing grid 131/170...
Processing grid 132/170...
Processing grid 133/170...
Processing grid 134/170...
Processing grid 135/170...
Processing grid 136/170...
Processing grid 137/170...
Processing grid 138/170...
Processing grid 139/170...
Processing grid 140/170...
Processing grid 141/170...
Processing grid 142/170...
Processing grid 143/170...
Processing grid 144/170...
Processing grid 145/170...
Processing grid 146/170...
Processing grid 147/170...
Processing grid 148/170...
Processing grid 149/170...
Processing grid 150/170...
Processing grid 151/170...
Processing grid 152/170...
Processing grid 153/170...
Processing grid 154/170...
Processing grid 155/170...
Processing grid 156/170...
Processing grid 157/170...
Processing grid 158/170...
Processing grid 159/170...
Processing grid 160/170...
Processing grid 161/170...
Processing grid 162/170...
Processing grid 163/170...
Processing grid 164/170...
Processing grid 165/170...
Processing grid 166/170...
Processing grid 167/170...
Processing grid 168/170...
Processing grid 169/170...
Processing grid 170/170...
*** Saved all SP results to /home/altraj24/files/sulfide/molalign/OUT/tb_lite_results_original.json

*** Running: cpcm-reader /home/altraj24/files/sulfide/molalign/inp.cpcm inp

*** Running: cpcm-reader /home/altraj24/files/sulfide/molalign/water.cpcm water
*** Saved shifted NPZ (-0.3 Å): /home/altraj24/files/sulfide/molalign/OUT/solute_data_shiftn0p3.npz
*** Saved shifted NPZ (-0.25 Å): /home/altraj24/files/sulfide/molalign/OUT/solute_data_shiftn0p25.npz
*** Saved shifted NPZ (-0.2 Å): /home/altraj24/files/sulfide/molalign/OUT/solute_data_shiftn0p2.npz
*** Saved shifted NPZ (-0.15 Å): /home/altraj24/files/sulfide/molalign/OUT/solute_data_shiftn0p15.npz
*** Saved shifted NPZ (-0.1 Å): /home/altraj24/files/sulfide/molalign/OUT/solute_data_shiftn0p1.npz
*** Saved shifted NPZ (-0.05 Å): /home/altraj24/files/sulfide/molalign/OUT/solute_data_shiftn0p05.npz
*** Saved shifted NPZ (+0.0 Å): /home/altraj24/files/sulfide/molalign/OUT/solute_data_original.npz

*** Running: align-grid-tb /home/altraj24/files/sulfide/molalign/OUT/solute_data_shiftn0p3.npz /home/altraj24/files/sulfide/molalign/OUT/water_data.npz 0,90,180,270 --charge -1 --out /home/altraj24/files/sulfide/molalign/OUT/tb_lite_results_shiftn0p3.json

*** Running: align-grid-tb /home/altraj24/files/sulfide/molalign/OUT/solute_data_shiftn0p25.npz /home/altraj24/files/sulfide/molalign/OUT/water_data.npz 0,90,180,270 --charge -1 --out /home/altraj24/files/sulfide/molalign/OUT/tb_lite_results_shiftn0p25.json

*** Running: align-grid-tb /home/altraj24/files/sulfide/molalign/OUT/solute_data_shiftn0p2.npz /home/altraj24/files/sulfide/molalign/OUT/water_data.npz 0,90,180,270 --charge -1 --out /home/altraj24/files/sulfide/molalign/OUT/tb_lite_results_shiftn0p2.json

*** Running: align-grid-tb /home/altraj24/files/sulfide/molalign/OUT/solute_data_shiftn0p15.npz /home/altraj24/files/sulfide/molalign/OUT/water_data.npz 0,90,180,270 --charge -1 --out /home/altraj24/files/sulfide/molalign/OUT/tb_lite_results_shiftn0p15.json

*** Running: align-grid-tb /home/altraj24/files/sulfide/molalign/OUT/solute_data_shiftn0p1.npz /home/altraj24/files/sulfide/molalign/OUT/water_data.npz 0,90,180,270 --charge -1 --out /home/altraj24/files/sulfide/molalign/OUT/tb_lite_results_shiftn0p1.json

*** Running: align-grid-tb /home/altraj24/files/sulfide/molalign/OUT/solute_data_shiftn0p05.npz /home/altraj24/files/sulfide/molalign/OUT/water_data.npz 0,90,180,270 --charge -1 --out /home/altraj24/files/sulfide/molalign/OUT/tb_lite_results_shiftn0p05.json

*** Running: align-grid-tb /home/altraj24/files/sulfide/molalign/OUT/solute_data_original.npz /home/altraj24/files/sulfide/molalign/OUT/water_data.npz 0,90,180,270 --charge -1 --out /home/altraj24/files/sulfide/molalign/OUT/tb_lite_results_original.json

*** All computations complete. Results saved in:
    /home/altraj24/files/sulfide/molalign/OUT/tb_lite_results_shiftn0p3.json
    /home/altraj24/files/sulfide/molalign/OUT/tb_lite_results_shiftn0p25.json
    /home/altraj24/files/sulfide/molalign/OUT/tb_lite_results_shiftn0p2.json
    /home/altraj24/files/sulfide/molalign/OUT/tb_lite_results_shiftn0p15.json
    /home/altraj24/files/sulfide/molalign/OUT/tb_lite_results_shiftn0p1.json
    /home/altraj24/files/sulfide/molalign/OUT/tb_lite_results_shiftn0p05.json
    /home/altraj24/files/sulfide/molalign/OUT/tb_lite_results_original.json
