*** Saved NPZ with 2 atoms and 182 gridpoints.
*** Saved human-readable TXT: inp_data.txt
*** Saved NPZ with 3 atoms and 2 gridpoints.
*** Saved human-readable TXT: water_data.txt
Processing grid 0/181...
Processing grid 1/181...
Processing grid 2/181...
Processing grid 3/181...
Processing grid 4/181...
Processing grid 5/181...
Processing grid 6/181...
Processing grid 7/181...
Processing grid 8/181...
Processing grid 9/181...
Processing grid 10/181...
Processing grid 11/181...
Processing grid 12/181...
Processing grid 13/181...
Processing grid 14/181...
Processing grid 15/181...
Processing grid 16/181...
Processing grid 17/181...
Processing grid 18/181...
Processing grid 19/181...
Processing grid 20/181...
Processing grid 21/181...
Processing grid 22/181...
Processing grid 23/181...
Processing grid 24/181...
Processing grid 25/181...
Processing grid 26/181...
Processing grid 27/181...
Processing grid 28/181...
Processing grid 29/181...
Processing grid 30/181...
Processing grid 31/181...
Processing grid 32/181...
Processing grid 33/181...
Processing grid 34/181...
Processing grid 35/181...
Processing grid 36/181...
Processing grid 37/181...
Processing grid 38/181...
Processing grid 39/181...
Processing grid 40/181...
Processing grid 41/181...
Processing grid 42/181...
Processing grid 43/181...
Processing grid 44/181...
Processing grid 45/181...
Processing grid 46/181...
Processing grid 47/181...
Processing grid 48/181...
Processing grid 49/181...
Processing grid 50/181...
Processing grid 51/181...
Processing grid 52/181...
Processing grid 53/181...
Processing grid 54/181...
Processing grid 55/181...
Processing grid 56/181...
Processing grid 57/181...
Processing grid 58/181...
Processing grid 59/181...
Processing grid 60/181...
Processing grid 61/181...
Processing grid 62/181...
Processing grid 63/181...
Processing grid 64/181...
Processing grid 65/181...
Processing grid 66/181...
Processing grid 67/181...
Processing grid 68/181...
Processing grid 69/181...
Processing grid 70/181...
Processing grid 71/181...
Processing grid 72/181...
Processing grid 73/181...
Processing grid 74/181...
Processing grid 75/181...
Processing grid 76/181...
Processing grid 77/181...
Processing grid 78/181...
Processing grid 79/181...
Processing grid 80/181...
Processing grid 81/181...
Processing grid 82/181...
Processing grid 83/181...
Processing grid 84/181...
Processing grid 85/181...
Processing grid 86/181...
Processing grid 87/181...
Processing grid 88/181...
Processing grid 89/181...
Processing grid 90/181...
Processing grid 91/181...
Processing grid 92/181...
Processing grid 93/181...
Processing grid 94/181...
Processing grid 95/181...
Processing grid 96/181...
Processing grid 97/181...
Processing grid 98/181...
Processing grid 99/181...
Processing grid 100/181...
Processing grid 101/181...
Processing grid 102/181...
Processing grid 103/181...
Processing grid 104/181...
Processing grid 105/181...
Processing grid 106/181...
Processing grid 107/181...
Processing grid 108/181...
Processing grid 109/181...
Processing grid 110/181...
Processing grid 111/181...
Processing grid 112/181...
Processing grid 113/181...
Processing grid 114/181...
Processing grid 115/181...
Processing grid 116/181...
Processing grid 117/181...
Processing grid 118/181...
Processing grid 119/181...
Processing grid 120/181...
Processing grid 121/181...
Processing grid 122/181...
Processing grid 123/181...
Processing grid 124/181...
Processing grid 125/181...
Processing grid 126/181...
Processing grid 127/181...
Processing grid 128/181...
Processing grid 129/181...
Processing grid 130/181...
Processing grid 131/181...
Processing grid 132/181...
Processing grid 133/181...
Processing grid 134/181...
Processing grid 135/181...
Processing grid 136/181...
Processing grid 137/181...
Processing grid 138/181...
Processing grid 139/181...
Processing grid 140/181...
Processing grid 141/181...
Processing grid 142/181...
Processing grid 143/181...
Processing grid 144/181...
Processing grid 145/181...
Processing grid 146/181...
Processing grid 147/181...
Processing grid 148/181...
Processing grid 149/181...
Processing grid 150/181...
Processing grid 151/181...
Processing grid 152/181...
Processing grid 153/181...
Processing grid 154/181...
Processing grid 155/181...
Processing grid 156/181...
Processing grid 157/181...
Processing grid 158/181...
Processing grid 159/181...
Processing grid 160/181...
Processing grid 161/181...
Processing grid 162/181...
Processing grid 163/181...
Processing grid 164/181...
Processing grid 165/181...
Processing grid 166/181...
Processing grid 167/181...
Processing grid 168/181...
Processing grid 169/181...
Processing grid 170/181...
Processing grid 171/181...
Processing grid 172/181...
Processing grid 173/181...
Processing grid 174/181...
Processing grid 175/181...
Processing grid 176/181...
Processing grid 177/181...
Processing grid 178/181...
Processing grid 179/181...
Processing grid 180/181...
Processing grid 181/181...
*** Saved all SP results to /home/altraj24/files/hydroperoxylradical/molalign/OUT/tb_lite_results_shiftn0p3.json
Processing grid 0/181...
Processing grid 1/181...
Processing grid 2/181...
Processing grid 3/181...
Processing grid 4/181...
Processing grid 5/181...
Processing grid 6/181...
Processing grid 7/181...
Processing grid 8/181...
Processing grid 9/181...
Processing grid 10/181...
Processing grid 11/181...
Processing grid 12/181...
Processing grid 13/181...
Processing grid 14/181...
Processing grid 15/181...
Processing grid 16/181...
Processing grid 17/181...
Processing grid 18/181...
Processing grid 19/181...
Processing grid 20/181...
Processing grid 21/181...
Processing grid 22/181...
Processing grid 23/181...
Processing grid 24/181...
Processing grid 25/181...
Processing grid 26/181...
Processing grid 27/181...
Processing grid 28/181...
Processing grid 29/181...
Processing grid 30/181...
Processing grid 31/181...
Processing grid 32/181...
Processing grid 33/181...
Processing grid 34/181...
Processing grid 35/181...
Processing grid 36/181...
Processing grid 37/181...
Processing grid 38/181...
Processing grid 39/181...
Processing grid 40/181...
Processing grid 41/181...
Processing grid 42/181...
Processing grid 43/181...
Processing grid 44/181...
Processing grid 45/181...
Processing grid 46/181...
Processing grid 47/181...
Processing grid 48/181...
Processing grid 49/181...
Processing grid 50/181...
Processing grid 51/181...
Processing grid 52/181...
Processing grid 53/181...
Processing grid 54/181...
Processing grid 55/181...
Processing grid 56/181...
Processing grid 57/181...
Processing grid 58/181...
Processing grid 59/181...
Processing grid 60/181...
Processing grid 61/181...
Processing grid 62/181...
Processing grid 63/181...
Processing grid 64/181...
Processing grid 65/181...
Processing grid 66/181...
Processing grid 67/181...
Processing grid 68/181...
Processing grid 69/181...
Processing grid 70/181...
Processing grid 71/181...
Processing grid 72/181...
Processing grid 73/181...
Processing grid 74/181...
Processing grid 75/181...
Processing grid 76/181...
Processing grid 77/181...
Processing grid 78/181...
Processing grid 79/181...
Processing grid 80/181...
Processing grid 81/181...
Processing grid 82/181...
Processing grid 83/181...
Processing grid 84/181...
Processing grid 85/181...
Processing grid 86/181...
Processing grid 87/181...
Processing grid 88/181...
Processing grid 89/181...
Processing grid 90/181...
Processing grid 91/181...
Processing grid 92/181...
Processing grid 93/181...
Processing grid 94/181...
Processing grid 95/181...
Processing grid 96/181...
Processing grid 97/181...
Processing grid 98/181...
Processing grid 99/181...
Processing grid 100/181...
Processing grid 101/181...
Processing grid 102/181...
Processing grid 103/181...
Processing grid 104/181...
Processing grid 105/181...
Processing grid 106/181...
Processing grid 107/181...
Processing grid 108/181...
Processing grid 109/181...
Processing grid 110/181...
Processing grid 111/181...
Processing grid 112/181...
Processing grid 113/181...
Processing grid 114/181...
Processing grid 115/181...
Processing grid 116/181...
Processing grid 117/181...
Processing grid 118/181...
Processing grid 119/181...
Processing grid 120/181...
Processing grid 121/181...
Processing grid 122/181...
Processing grid 123/181...
Processing grid 124/181...
Processing grid 125/181...
Processing grid 126/181...
Processing grid 127/181...
Processing grid 128/181...
Processing grid 129/181...
Processing grid 130/181...
Processing grid 131/181...
Processing grid 132/181...
Processing grid 133/181...
Processing grid 134/181...
Processing grid 135/181...
Processing grid 136/181...
Processing grid 137/181...
Processing grid 138/181...
Processing grid 139/181...
Processing grid 140/181...
Processing grid 141/181...
Processing grid 142/181...
Processing grid 143/181...
Processing grid 144/181...
Processing grid 145/181...
Processing grid 146/181...
Processing grid 147/181...
Processing grid 148/181...
Processing grid 149/181...
Processing grid 150/181...
Processing grid 151/181...
Processing grid 152/181...
Processing grid 153/181...
Processing grid 154/181...
Processing grid 155/181...
Processing grid 156/181...
Processing grid 157/181...
Processing grid 158/181...
Processing grid 159/181...
Processing grid 160/181...
Processing grid 161/181...
Processing grid 162/181...
Processing grid 163/181...
Processing grid 164/181...
Processing grid 165/181...
Processing grid 166/181...
Processing grid 167/181...
Processing grid 168/181...
Processing grid 169/181...
Processing grid 170/181...
Processing grid 171/181...
Processing grid 172/181...
Processing grid 173/181...
Processing grid 174/181...
Processing grid 175/181...
Processing grid 176/181...
Processing grid 177/181...
Processing grid 178/181...
Processing grid 179/181...
Processing grid 180/181...
Processing grid 181/181...
*** Saved all SP results to /home/altraj24/files/hydroperoxylradical/molalign/OUT/tb_lite_results_shiftn0p25.json
Processing grid 0/181...
Processing grid 1/181...
Processing grid 2/181...
Processing grid 3/181...
Processing grid 4/181...
Processing grid 5/181...
Processing grid 6/181...
Processing grid 7/181...
Processing grid 8/181...
Processing grid 9/181...
Processing grid 10/181...
Processing grid 11/181...
Processing grid 12/181...
Processing grid 13/181...
Processing grid 14/181...
Processing grid 15/181...
Processing grid 16/181...
Processing grid 17/181...
Processing grid 18/181...
Processing grid 19/181...
Processing grid 20/181...
Processing grid 21/181...
Processing grid 22/181...
Processing grid 23/181...
Processing grid 24/181...
Processing grid 25/181...
Processing grid 26/181...
Processing grid 27/181...
Processing grid 28/181...
Processing grid 29/181...
Processing grid 30/181...
Processing grid 31/181...
Processing grid 32/181...
Processing grid 33/181...
Processing grid 34/181...
Processing grid 35/181...
Processing grid 36/181...
Processing grid 37/181...
Processing grid 38/181...
Processing grid 39/181...
Processing grid 40/181...
Processing grid 41/181...
Processing grid 42/181...
Processing grid 43/181...
Processing grid 44/181...
Processing grid 45/181...
Processing grid 46/181...
Processing grid 47/181...
Processing grid 48/181...
Processing grid 49/181...
Processing grid 50/181...
Processing grid 51/181...
Processing grid 52/181...
Processing grid 53/181...
Processing grid 54/181...
Processing grid 55/181...
Processing grid 56/181...
Processing grid 57/181...
Processing grid 58/181...
Processing grid 59/181...
Processing grid 60/181...
Processing grid 61/181...
Processing grid 62/181...
Processing grid 63/181...
Processing grid 64/181...
Processing grid 65/181...
Processing grid 66/181...
Processing grid 67/181...
Processing grid 68/181...
Processing grid 69/181...
Processing grid 70/181...
Processing grid 71/181...
Processing grid 72/181...
Processing grid 73/181...
Processing grid 74/181...
Processing grid 75/181...
Processing grid 76/181...
Processing grid 77/181...
Processing grid 78/181...
Processing grid 79/181...
Processing grid 80/181...
Processing grid 81/181...
Processing grid 82/181...
Processing grid 83/181...
Processing grid 84/181...
Processing grid 85/181...
Processing grid 86/181...
Processing grid 87/181...
Processing grid 88/181...
Processing grid 89/181...
Processing grid 90/181...
Processing grid 91/181...
Processing grid 92/181...
Processing grid 93/181...
Processing grid 94/181...
Processing grid 95/181...
Processing grid 96/181...
Processing grid 97/181...
Processing grid 98/181...
Processing grid 99/181...
Processing grid 100/181...
Processing grid 101/181...
Processing grid 102/181...
Processing grid 103/181...
Processing grid 104/181...
Processing grid 105/181...
Processing grid 106/181...
Processing grid 107/181...
Processing grid 108/181...
Processing grid 109/181...
Processing grid 110/181...
Processing grid 111/181...
Processing grid 112/181...
Processing grid 113/181...
Processing grid 114/181...
Processing grid 115/181...
Processing grid 116/181...
Processing grid 117/181...
Processing grid 118/181...
Processing grid 119/181...
Processing grid 120/181...
Processing grid 121/181...
Processing grid 122/181...
Processing grid 123/181...
Processing grid 124/181...
Processing grid 125/181...
Processing grid 126/181...
Processing grid 127/181...
Processing grid 128/181...
Processing grid 129/181...
Processing grid 130/181...
Processing grid 131/181...
Processing grid 132/181...
Processing grid 133/181...
Processing grid 134/181...
Processing grid 135/181...
Processing grid 136/181...
Processing grid 137/181...
Processing grid 138/181...
Processing grid 139/181...
Processing grid 140/181...
Processing grid 141/181...
Processing grid 142/181...
Processing grid 143/181...
Processing grid 144/181...
Processing grid 145/181...
Processing grid 146/181...
Processing grid 147/181...
Processing grid 148/181...
Processing grid 149/181...
Processing grid 150/181...
Processing grid 151/181...
Processing grid 152/181...
Processing grid 153/181...
Processing grid 154/181...
Processing grid 155/181...
Processing grid 156/181...
Processing grid 157/181...
Processing grid 158/181...
Processing grid 159/181...
Processing grid 160/181...
Processing grid 161/181...
Processing grid 162/181...
Processing grid 163/181...
Processing grid 164/181...
Processing grid 165/181...
Processing grid 166/181...
Processing grid 167/181...
Processing grid 168/181...
Processing grid 169/181...
Processing grid 170/181...
Processing grid 171/181...
Processing grid 172/181...
Processing grid 173/181...
Processing grid 174/181...
Processing grid 175/181...
Processing grid 176/181...
Processing grid 177/181...
Processing grid 178/181...
Processing grid 179/181...
Processing grid 180/181...
Processing grid 181/181...
*** Saved all SP results to /home/altraj24/files/hydroperoxylradical/molalign/OUT/tb_lite_results_shiftn0p2.json
Processing grid 0/181...
Processing grid 1/181...
Processing grid 2/181...
Processing grid 3/181...
Processing grid 4/181...
Processing grid 5/181...
Processing grid 6/181...
Processing grid 7/181...
Processing grid 8/181...
Processing grid 9/181...
Processing grid 10/181...
Processing grid 11/181...
Processing grid 12/181...
Processing grid 13/181...
Processing grid 14/181...
Processing grid 15/181...
Processing grid 16/181...
Processing grid 17/181...
Processing grid 18/181...
Processing grid 19/181...
Processing grid 20/181...
Processing grid 21/181...
Processing grid 22/181...
Processing grid 23/181...
Processing grid 24/181...
Processing grid 25/181...
Processing grid 26/181...
Processing grid 27/181...
Processing grid 28/181...
Processing grid 29/181...
Processing grid 30/181...
Processing grid 31/181...
Processing grid 32/181...
Processing grid 33/181...
Processing grid 34/181...
Processing grid 35/181...
Processing grid 36/181...
Processing grid 37/181...
Processing grid 38/181...
Processing grid 39/181...
Processing grid 40/181...
Processing grid 41/181...
Processing grid 42/181...
Processing grid 43/181...
Processing grid 44/181...
Processing grid 45/181...
Processing grid 46/181...
Processing grid 47/181...
Processing grid 48/181...
Processing grid 49/181...
Processing grid 50/181...
Processing grid 51/181...
Processing grid 52/181...
Processing grid 53/181...
Processing grid 54/181...
Processing grid 55/181...
Processing grid 56/181...
Processing grid 57/181...
Processing grid 58/181...
Processing grid 59/181...
Processing grid 60/181...
Processing grid 61/181...
Processing grid 62/181...
Processing grid 63/181...
Processing grid 64/181...
Processing grid 65/181...
Processing grid 66/181...
Processing grid 67/181...
Processing grid 68/181...
Processing grid 69/181...
Processing grid 70/181...
Processing grid 71/181...
Processing grid 72/181...
Processing grid 73/181...
Processing grid 74/181...
Processing grid 75/181...
Processing grid 76/181...
Processing grid 77/181...
Processing grid 78/181...
Processing grid 79/181...
Processing grid 80/181...
Processing grid 81/181...
Processing grid 82/181...
Processing grid 83/181...
Processing grid 84/181...
Processing grid 85/181...
Processing grid 86/181...
Processing grid 87/181...
Processing grid 88/181...
Processing grid 89/181...
Processing grid 90/181...
Processing grid 91/181...
Processing grid 92/181...
Processing grid 93/181...
Processing grid 94/181...
Processing grid 95/181...
Processing grid 96/181...
Processing grid 97/181...
Processing grid 98/181...
Processing grid 99/181...
Processing grid 100/181...
Processing grid 101/181...
Processing grid 102/181...
Processing grid 103/181...
Processing grid 104/181...
Processing grid 105/181...
Processing grid 106/181...
Processing grid 107/181...
Processing grid 108/181...
Processing grid 109/181...
Processing grid 110/181...
Processing grid 111/181...
Processing grid 112/181...
Processing grid 113/181...
Processing grid 114/181...
Processing grid 115/181...
Processing grid 116/181...
Processing grid 117/181...
Processing grid 118/181...
Processing grid 119/181...
Processing grid 120/181...
Processing grid 121/181...
Processing grid 122/181...
Processing grid 123/181...
Processing grid 124/181...
Processing grid 125/181...
Processing grid 126/181...
Processing grid 127/181...
Processing grid 128/181...
Processing grid 129/181...
Processing grid 130/181...
Processing grid 131/181...
Processing grid 132/181...
Processing grid 133/181...
Processing grid 134/181...
Processing grid 135/181...
Processing grid 136/181...
Processing grid 137/181...
Processing grid 138/181...
Processing grid 139/181...
Processing grid 140/181...
Processing grid 141/181...
Processing grid 142/181...
Processing grid 143/181...
Processing grid 144/181...
Processing grid 145/181...
Processing grid 146/181...
Processing grid 147/181...
Processing grid 148/181...
Processing grid 149/181...
Processing grid 150/181...
Processing grid 151/181...
Processing grid 152/181...
Processing grid 153/181...
Processing grid 154/181...
Processing grid 155/181...
Processing grid 156/181...
Processing grid 157/181...
Processing grid 158/181...
Processing grid 159/181...
Processing grid 160/181...
Processing grid 161/181...
Processing grid 162/181...
Processing grid 163/181...
Processing grid 164/181...
Processing grid 165/181...
Processing grid 166/181...
Processing grid 167/181...
Processing grid 168/181...
Processing grid 169/181...
Processing grid 170/181...
Processing grid 171/181...
Processing grid 172/181...
Processing grid 173/181...
Processing grid 174/181...
Processing grid 175/181...
Processing grid 176/181...
Processing grid 177/181...
Processing grid 178/181...
Processing grid 179/181...
Processing grid 180/181...
Processing grid 181/181...
*** Saved all SP results to /home/altraj24/files/hydroperoxylradical/molalign/OUT/tb_lite_results_shiftn0p15.json
Processing grid 0/181...
Processing grid 1/181...
Processing grid 2/181...
Processing grid 3/181...
Processing grid 4/181...
Processing grid 5/181...
Processing grid 6/181...
Processing grid 7/181...
Processing grid 8/181...
Processing grid 9/181...
Processing grid 10/181...
Processing grid 11/181...
Processing grid 12/181...
Processing grid 13/181...
Processing grid 14/181...
Processing grid 15/181...
Processing grid 16/181...
Processing grid 17/181...
Processing grid 18/181...
Processing grid 19/181...
Processing grid 20/181...
Processing grid 21/181...
Processing grid 22/181...
Processing grid 23/181...
Processing grid 24/181...
Processing grid 25/181...
Processing grid 26/181...
Processing grid 27/181...
Processing grid 28/181...
Processing grid 29/181...
Processing grid 30/181...
Processing grid 31/181...
Processing grid 32/181...
Processing grid 33/181...
Processing grid 34/181...
Processing grid 35/181...
Processing grid 36/181...
Processing grid 37/181...
Processing grid 38/181...
Processing grid 39/181...
Processing grid 40/181...
Processing grid 41/181...
Processing grid 42/181...
Processing grid 43/181...
Processing grid 44/181...
Processing grid 45/181...
Processing grid 46/181...
Processing grid 47/181...
Processing grid 48/181...
Processing grid 49/181...
Processing grid 50/181...
Processing grid 51/181...
Processing grid 52/181...
Processing grid 53/181...
Processing grid 54/181...
Processing grid 55/181...
Processing grid 56/181...
Processing grid 57/181...
Processing grid 58/181...
Processing grid 59/181...
Processing grid 60/181...
Processing grid 61/181...
Processing grid 62/181...
Processing grid 63/181...
Processing grid 64/181...
Processing grid 65/181...
Processing grid 66/181...
Processing grid 67/181...
Processing grid 68/181...
Processing grid 69/181...
Processing grid 70/181...
Processing grid 71/181...
Processing grid 72/181...
Processing grid 73/181...
Processing grid 74/181...
Processing grid 75/181...
Processing grid 76/181...
Processing grid 77/181...
Processing grid 78/181...
Processing grid 79/181...
Processing grid 80/181...
Processing grid 81/181...
Processing grid 82/181...
Processing grid 83/181...
Processing grid 84/181...
Processing grid 85/181...
Processing grid 86/181...
Processing grid 87/181...
Processing grid 88/181...
Processing grid 89/181...
Processing grid 90/181...
Processing grid 91/181...
Processing grid 92/181...
Processing grid 93/181...
Processing grid 94/181...
Processing grid 95/181...
Processing grid 96/181...
Processing grid 97/181...
Processing grid 98/181...
Processing grid 99/181...
Processing grid 100/181...
Processing grid 101/181...
Processing grid 102/181...
Processing grid 103/181...
Processing grid 104/181...
Processing grid 105/181...
Processing grid 106/181...
Processing grid 107/181...
Processing grid 108/181...
Processing grid 109/181...
Processing grid 110/181...
Processing grid 111/181...
Processing grid 112/181...
Processing grid 113/181...
Processing grid 114/181...
Processing grid 115/181...
Processing grid 116/181...
Processing grid 117/181...
Processing grid 118/181...
Processing grid 119/181...
Processing grid 120/181...
Processing grid 121/181...
Processing grid 122/181...
Processing grid 123/181...
Processing grid 124/181...
Processing grid 125/181...
Processing grid 126/181...
Processing grid 127/181...
Processing grid 128/181...
Processing grid 129/181...
Processing grid 130/181...
Processing grid 131/181...
Processing grid 132/181...
Processing grid 133/181...
Processing grid 134/181...
Processing grid 135/181...
Processing grid 136/181...
Processing grid 137/181...
Processing grid 138/181...
Processing grid 139/181...
Processing grid 140/181...
Processing grid 141/181...
Processing grid 142/181...
Processing grid 143/181...
Processing grid 144/181...
Processing grid 145/181...
Processing grid 146/181...
Processing grid 147/181...
Processing grid 148/181...
Processing grid 149/181...
Processing grid 150/181...
Processing grid 151/181...
Processing grid 152/181...
Processing grid 153/181...
Processing grid 154/181...
Processing grid 155/181...
Processing grid 156/181...
Processing grid 157/181...
Processing grid 158/181...
Processing grid 159/181...
Processing grid 160/181...
Processing grid 161/181...
Processing grid 162/181...
Processing grid 163/181...
Processing grid 164/181...
Processing grid 165/181...
Processing grid 166/181...
Processing grid 167/181...
Processing grid 168/181...
Processing grid 169/181...
Processing grid 170/181...
Processing grid 171/181...
Processing grid 172/181...
Processing grid 173/181...
Processing grid 174/181...
Processing grid 175/181...
Processing grid 176/181...
Processing grid 177/181...
Processing grid 178/181...
Processing grid 179/181...
Processing grid 180/181...
Processing grid 181/181...
*** Saved all SP results to /home/altraj24/files/hydroperoxylradical/molalign/OUT/tb_lite_results_shiftn0p1.json
Processing grid 0/181...
Processing grid 1/181...
Processing grid 2/181...
Processing grid 3/181...
Processing grid 4/181...
Processing grid 5/181...
Processing grid 6/181...
Processing grid 7/181...
Processing grid 8/181...
Processing grid 9/181...
Processing grid 10/181...
Processing grid 11/181...
Processing grid 12/181...
Processing grid 13/181...
Processing grid 14/181...
Processing grid 15/181...
Processing grid 16/181...
Processing grid 17/181...
Processing grid 18/181...
Processing grid 19/181...
Processing grid 20/181...
Processing grid 21/181...
Processing grid 22/181...
Processing grid 23/181...
Processing grid 24/181...
Processing grid 25/181...
Processing grid 26/181...
Processing grid 27/181...
Processing grid 28/181...
Processing grid 29/181...
Processing grid 30/181...
Processing grid 31/181...
Processing grid 32/181...
Processing grid 33/181...
Processing grid 34/181...
Processing grid 35/181...
Processing grid 36/181...
Processing grid 37/181...
Processing grid 38/181...
Processing grid 39/181...
Processing grid 40/181...
Processing grid 41/181...
Processing grid 42/181...
Processing grid 43/181...
Processing grid 44/181...
Processing grid 45/181...
Processing grid 46/181...
Processing grid 47/181...
Processing grid 48/181...
Processing grid 49/181...
Processing grid 50/181...
Processing grid 51/181...
Processing grid 52/181...
Processing grid 53/181...
Processing grid 54/181...
Processing grid 55/181...
Processing grid 56/181...
Processing grid 57/181...
Processing grid 58/181...
Processing grid 59/181...
Processing grid 60/181...
Processing grid 61/181...
Processing grid 62/181...
Processing grid 63/181...
Processing grid 64/181...
Processing grid 65/181...
Processing grid 66/181...
Processing grid 67/181...
Processing grid 68/181...
Processing grid 69/181...
Processing grid 70/181...
Processing grid 71/181...
Processing grid 72/181...
Processing grid 73/181...
Processing grid 74/181...
Processing grid 75/181...
Processing grid 76/181...
Processing grid 77/181...
Processing grid 78/181...
Processing grid 79/181...
Processing grid 80/181...
Processing grid 81/181...
Processing grid 82/181...
Processing grid 83/181...
Processing grid 84/181...
Processing grid 85/181...
Processing grid 86/181...
Processing grid 87/181...
Processing grid 88/181...
Processing grid 89/181...
Processing grid 90/181...
Processing grid 91/181...
Processing grid 92/181...
Processing grid 93/181...
Processing grid 94/181...
Processing grid 95/181...
Processing grid 96/181...
Processing grid 97/181...
Processing grid 98/181...
Processing grid 99/181...
Processing grid 100/181...
Processing grid 101/181...
Processing grid 102/181...
Processing grid 103/181...
Processing grid 104/181...
Processing grid 105/181...
Processing grid 106/181...
Processing grid 107/181...
Processing grid 108/181...
Processing grid 109/181...
Processing grid 110/181...
Processing grid 111/181...
Processing grid 112/181...
Processing grid 113/181...
Processing grid 114/181...
Processing grid 115/181...
Processing grid 116/181...
Processing grid 117/181...
Processing grid 118/181...
Processing grid 119/181...
Processing grid 120/181...
Processing grid 121/181...
Processing grid 122/181...
Processing grid 123/181...
Processing grid 124/181...
Processing grid 125/181...
Processing grid 126/181...
Processing grid 127/181...
Processing grid 128/181...
Processing grid 129/181...
Processing grid 130/181...
Processing grid 131/181...
Processing grid 132/181...
Processing grid 133/181...
Processing grid 134/181...
Processing grid 135/181...
Processing grid 136/181...
Processing grid 137/181...
Processing grid 138/181...
Processing grid 139/181...
Processing grid 140/181...
Processing grid 141/181...
Processing grid 142/181...
Processing grid 143/181...
Processing grid 144/181...
Processing grid 145/181...
Processing grid 146/181...
Processing grid 147/181...
Processing grid 148/181...
Processing grid 149/181...
Processing grid 150/181...
Processing grid 151/181...
Processing grid 152/181...
Processing grid 153/181...
Processing grid 154/181...
Processing grid 155/181...
Processing grid 156/181...
Processing grid 157/181...
Processing grid 158/181...
Processing grid 159/181...
Processing grid 160/181...
Processing grid 161/181...
Processing grid 162/181...
Processing grid 163/181...
Processing grid 164/181...
Processing grid 165/181...
Processing grid 166/181...
Processing grid 167/181...
Processing grid 168/181...
Processing grid 169/181...
Processing grid 170/181...
Processing grid 171/181...
Processing grid 172/181...
Processing grid 173/181...
Processing grid 174/181...
Processing grid 175/181...
Processing grid 176/181...
Processing grid 177/181...
Processing grid 178/181...
Processing grid 179/181...
Processing grid 180/181...
Processing grid 181/181...
*** Saved all SP results to /home/altraj24/files/hydroperoxylradical/molalign/OUT/tb_lite_results_shiftn0p05.json
Processing grid 0/181...
Processing grid 1/181...
Processing grid 2/181...
Processing grid 3/181...
Processing grid 4/181...
Processing grid 5/181...
Processing grid 6/181...
Processing grid 7/181...
Processing grid 8/181...
Processing grid 9/181...
Processing grid 10/181...
Processing grid 11/181...
Processing grid 12/181...
Processing grid 13/181...
Processing grid 14/181...
Processing grid 15/181...
Processing grid 16/181...
Processing grid 17/181...
Processing grid 18/181...
Processing grid 19/181...
Processing grid 20/181...
Processing grid 21/181...
Processing grid 22/181...
Processing grid 23/181...
Processing grid 24/181...
Processing grid 25/181...
Processing grid 26/181...
Processing grid 27/181...
Processing grid 28/181...
Processing grid 29/181...
Processing grid 30/181...
Processing grid 31/181...
Processing grid 32/181...
Processing grid 33/181...
Processing grid 34/181...
Processing grid 35/181...
Processing grid 36/181...
Processing grid 37/181...
Processing grid 38/181...
Processing grid 39/181...
Processing grid 40/181...
Processing grid 41/181...
Processing grid 42/181...
Processing grid 43/181...
Processing grid 44/181...
Processing grid 45/181...
Processing grid 46/181...
Processing grid 47/181...
Processing grid 48/181...
Processing grid 49/181...
Processing grid 50/181...
Processing grid 51/181...
Processing grid 52/181...
Processing grid 53/181...
Processing grid 54/181...
Processing grid 55/181...
Processing grid 56/181...
Processing grid 57/181...
Processing grid 58/181...
Processing grid 59/181...
Processing grid 60/181...
Processing grid 61/181...
Processing grid 62/181...
Processing grid 63/181...
Processing grid 64/181...
Processing grid 65/181...
Processing grid 66/181...
Processing grid 67/181...
Processing grid 68/181...
Processing grid 69/181...
Processing grid 70/181...
Processing grid 71/181...
Processing grid 72/181...
Processing grid 73/181...
Processing grid 74/181...
Processing grid 75/181...
Processing grid 76/181...
Processing grid 77/181...
Processing grid 78/181...
Processing grid 79/181...
Processing grid 80/181...
Processing grid 81/181...
Processing grid 82/181...
Processing grid 83/181...
Processing grid 84/181...
Processing grid 85/181...
Processing grid 86/181...
Processing grid 87/181...
Processing grid 88/181...
Processing grid 89/181...
Processing grid 90/181...
Processing grid 91/181...
Processing grid 92/181...
Processing grid 93/181...
Processing grid 94/181...
Processing grid 95/181...
Processing grid 96/181...
Processing grid 97/181...
Processing grid 98/181...
Processing grid 99/181...
Processing grid 100/181...
Processing grid 101/181...
Processing grid 102/181...
Processing grid 103/181...
Processing grid 104/181...
Processing grid 105/181...
Processing grid 106/181...
Processing grid 107/181...
Processing grid 108/181...
Processing grid 109/181...
Processing grid 110/181...
Processing grid 111/181...
Processing grid 112/181...
Processing grid 113/181...
Processing grid 114/181...
Processing grid 115/181...
Processing grid 116/181...
Processing grid 117/181...
Processing grid 118/181...
Processing grid 119/181...
Processing grid 120/181...
Processing grid 121/181...
Processing grid 122/181...
Processing grid 123/181...
Processing grid 124/181...
Processing grid 125/181...
Processing grid 126/181...
Processing grid 127/181...
Processing grid 128/181...
Processing grid 129/181...
Processing grid 130/181...
Processing grid 131/181...
Processing grid 132/181...
Processing grid 133/181...
Processing grid 134/181...
Processing grid 135/181...
Processing grid 136/181...
Processing grid 137/181...
Processing grid 138/181...
Processing grid 139/181...
Processing grid 140/181...
Processing grid 141/181...
Processing grid 142/181...
Processing grid 143/181...
Processing grid 144/181...
Processing grid 145/181...
Processing grid 146/181...
Processing grid 147/181...
Processing grid 148/181...
Processing grid 149/181...
Processing grid 150/181...
Processing grid 151/181...
Processing grid 152/181...
Processing grid 153/181...
Processing grid 154/181...
Processing grid 155/181...
Processing grid 156/181...
Processing grid 157/181...
Processing grid 158/181...
Processing grid 159/181...
Processing grid 160/181...
Processing grid 161/181...
Processing grid 162/181...
Processing grid 163/181...
Processing grid 164/181...
Processing grid 165/181...
Processing grid 166/181...
Processing grid 167/181...
Processing grid 168/181...
Processing grid 169/181...
Processing grid 170/181...
Processing grid 171/181...
Processing grid 172/181...
Processing grid 173/181...
Processing grid 174/181...
Processing grid 175/181...
Processing grid 176/181...
Processing grid 177/181...
Processing grid 178/181...
Processing grid 179/181...
Processing grid 180/181...
Processing grid 181/181...
*** Saved all SP results to /home/altraj24/files/hydroperoxylradical/molalign/OUT/tb_lite_results_original.json

*** Running: cpcm-reader /home/altraj24/files/hydroperoxylradical/molalign/inp.cpcm inp

*** Running: cpcm-reader /home/altraj24/files/hydroperoxylradical/molalign/water.cpcm water
*** Saved shifted NPZ (-0.3 Å): /home/altraj24/files/hydroperoxylradical/molalign/OUT/solute_data_shiftn0p3.npz
*** Saved shifted NPZ (-0.25 Å): /home/altraj24/files/hydroperoxylradical/molalign/OUT/solute_data_shiftn0p25.npz
*** Saved shifted NPZ (-0.2 Å): /home/altraj24/files/hydroperoxylradical/molalign/OUT/solute_data_shiftn0p2.npz
*** Saved shifted NPZ (-0.15 Å): /home/altraj24/files/hydroperoxylradical/molalign/OUT/solute_data_shiftn0p15.npz
*** Saved shifted NPZ (-0.1 Å): /home/altraj24/files/hydroperoxylradical/molalign/OUT/solute_data_shiftn0p1.npz
*** Saved shifted NPZ (-0.05 Å): /home/altraj24/files/hydroperoxylradical/molalign/OUT/solute_data_shiftn0p05.npz
*** Saved shifted NPZ (+0.0 Å): /home/altraj24/files/hydroperoxylradical/molalign/OUT/solute_data_original.npz

*** Running: align-grid-tb /home/altraj24/files/hydroperoxylradical/molalign/OUT/solute_data_shiftn0p3.npz /home/altraj24/files/hydroperoxylradical/molalign/OUT/water_data.npz 0,90,180,270 --charge -1 --out /home/altraj24/files/hydroperoxylradical/molalign/OUT/tb_lite_results_shiftn0p3.json

*** Running: align-grid-tb /home/altraj24/files/hydroperoxylradical/molalign/OUT/solute_data_shiftn0p25.npz /home/altraj24/files/hydroperoxylradical/molalign/OUT/water_data.npz 0,90,180,270 --charge -1 --out /home/altraj24/files/hydroperoxylradical/molalign/OUT/tb_lite_results_shiftn0p25.json

*** Running: align-grid-tb /home/altraj24/files/hydroperoxylradical/molalign/OUT/solute_data_shiftn0p2.npz /home/altraj24/files/hydroperoxylradical/molalign/OUT/water_data.npz 0,90,180,270 --charge -1 --out /home/altraj24/files/hydroperoxylradical/molalign/OUT/tb_lite_results_shiftn0p2.json

*** Running: align-grid-tb /home/altraj24/files/hydroperoxylradical/molalign/OUT/solute_data_shiftn0p15.npz /home/altraj24/files/hydroperoxylradical/molalign/OUT/water_data.npz 0,90,180,270 --charge -1 --out /home/altraj24/files/hydroperoxylradical/molalign/OUT/tb_lite_results_shiftn0p15.json

*** Running: align-grid-tb /home/altraj24/files/hydroperoxylradical/molalign/OUT/solute_data_shiftn0p1.npz /home/altraj24/files/hydroperoxylradical/molalign/OUT/water_data.npz 0,90,180,270 --charge -1 --out /home/altraj24/files/hydroperoxylradical/molalign/OUT/tb_lite_results_shiftn0p1.json

*** Running: align-grid-tb /home/altraj24/files/hydroperoxylradical/molalign/OUT/solute_data_shiftn0p05.npz /home/altraj24/files/hydroperoxylradical/molalign/OUT/water_data.npz 0,90,180,270 --charge -1 --out /home/altraj24/files/hydroperoxylradical/molalign/OUT/tb_lite_results_shiftn0p05.json

*** Running: align-grid-tb /home/altraj24/files/hydroperoxylradical/molalign/OUT/solute_data_original.npz /home/altraj24/files/hydroperoxylradical/molalign/OUT/water_data.npz 0,90,180,270 --charge -1 --out /home/altraj24/files/hydroperoxylradical/molalign/OUT/tb_lite_results_original.json

*** All computations complete. Results saved in:
    /home/altraj24/files/hydroperoxylradical/molalign/OUT/tb_lite_results_shiftn0p3.json
    /home/altraj24/files/hydroperoxylradical/molalign/OUT/tb_lite_results_shiftn0p25.json
    /home/altraj24/files/hydroperoxylradical/molalign/OUT/tb_lite_results_shiftn0p2.json
    /home/altraj24/files/hydroperoxylradical/molalign/OUT/tb_lite_results_shiftn0p15.json
    /home/altraj24/files/hydroperoxylradical/molalign/OUT/tb_lite_results_shiftn0p1.json
    /home/altraj24/files/hydroperoxylradical/molalign/OUT/tb_lite_results_shiftn0p05.json
    /home/altraj24/files/hydroperoxylradical/molalign/OUT/tb_lite_results_original.json
